2024-04-22 15:57:01,087 [INFO] Activator:176 - 


2024-04-22 15:57:01,097 [INFO] Activator:177 - !SESSION log4j initialized
2024-04-22 15:57:04,972 [INFO] LogOutputStream:77 - [STDOUT_REDIRECT] 
2024-04-22 15:57:07,347 [INFO] ApplicationProperties:184 - Using Application install path: C:\ST\STM32CubeIDE_1.8.0\STM32CubeIDE\plugins\com.st.stm32cube.common.mx_6.11.0.202403141607
2024-04-22 15:57:07,362 [INFO] DbMcusXml:78 - Set database path to: C:\ST\STM32CubeIDE_1.8.0\STM32CubeIDE\plugins\com.st.stm32cube.common.mx_6.11.0.202403141607\\db\/mcu/
2024-04-22 15:57:07,362 [INFO] ApiDb:274 - Set plugin database path to: C:\ST\STM32CubeIDE_1.8.0\STM32CubeIDE\plugins\com.st.stm32cube.common.mx_6.11.0.202403141607\\db\/plugins/boardmanager/
2024-04-22 15:57:07,362 [WARN] ApiDb:259 - Overriding images path with different value:  => C:\ST\STM32CubeIDE_1.8.0\STM32CubeIDE\plugins\com.st.stm32cube.common.mx_6.11.0.202403141607\\db\/plugins/mcufinder/images/
2024-04-22 15:57:07,375 [INFO] ApiDb:250 - Set database path to: C:\Users\aordu\.stmcufinder\plugins\mcufinder//mcu/
2024-04-22 15:57:07,376 [INFO] DbMcusAds:125 - Set database path to: C:\Users\aordu\.stmcufinder\plugins\mcufinder//mcu/
2024-04-22 15:57:07,378 [INFO] CrossReferenceDbSqlite:203 - Set database path to: C:\Users\aordu\.stmcufinder\plugins\mcufinder//mcu/cs/
2024-04-22 15:57:07,489 [INFO] RulesReader:64 - Compatibility file has been processed (297 Rules)
2024-04-22 15:57:07,563 [INFO] DbMcusXml:78 - Set database path to: C:\ST\STM32CubeIDE_1.8.0\STM32CubeIDE\plugins\com.st.stm32cube.common.mx_6.11.0.202403141607\\db\/mcu/
2024-04-22 15:57:07,563 [INFO] ApiDb:274 - Set plugin database path to: C:\ST\STM32CubeIDE_1.8.0\STM32CubeIDE\plugins\com.st.stm32cube.common.mx_6.11.0.202403141607\\db\/plugins/boardmanager/
2024-04-22 15:57:07,563 [INFO] ApiDb:261 - Set plugin images path to: C:\ST\STM32CubeIDE_1.8.0\STM32CubeIDE\plugins\com.st.stm32cube.common.mx_6.11.0.202403141607\\db\/plugins/mcufinder/images/
2024-04-22 15:57:07,563 [WARN] DbFile:41 - Overriding database path with different value: C:\Users\aordu\.stmcufinder\plugins\mcufinder/ => C:\Users\aordu\.stmcufinder\plugins\mcufinder
2024-04-22 15:57:07,564 [INFO] ApiDb:250 - Set database path to: C:\Users\aordu\.stmcufinder\plugins\mcufinder//mcu/
2024-04-22 15:57:07,564 [WARN] DbFile:41 - Overriding database path with different value: C:\Users\aordu\.stmcufinder\plugins\mcufinder/ => C:\Users\aordu\.stmcufinder\plugins\mcufinder
2024-04-22 15:57:07,564 [INFO] DbMcusAds:125 - Set database path to: C:\Users\aordu\.stmcufinder\plugins\mcufinder//mcu/
2024-04-22 15:57:07,564 [WARN] DbFile:41 - Overriding database path with different value: C:\Users\aordu\.stmcufinder\plugins\mcufinder/ => C:\Users\aordu\.stmcufinder\plugins\mcufinder
2024-04-22 15:57:07,564 [WARN] DbFile:41 - Overriding database path with different value: C:\Users\aordu\.stmcufinder\plugins\mcufinder/ => C:\Users\aordu\.stmcufinder\plugins\mcufinder
2024-04-22 15:57:07,564 [INFO] CrossReferenceDbSqlite:203 - Set database path to: C:\Users\aordu\.stmcufinder\plugins\mcufinder//mcu/cs/
2024-04-22 15:57:07,640 [INFO] MainPanel:264 - HeapMemory: 268435456
2024-04-22 15:57:07,733 [INFO] DbMcusXml:78 - Set database path to: C:\ST\STM32CubeIDE_1.8.0\STM32CubeIDE\plugins\com.st.stm32cube.common.mx_6.11.0.202403141607\\db\/mcu/
2024-04-22 15:57:07,733 [INFO] ApiDb:274 - Set plugin database path to: C:\ST\STM32CubeIDE_1.8.0\STM32CubeIDE\plugins\com.st.stm32cube.common.mx_6.11.0.202403141607\\db\/plugins/boardmanager/
2024-04-22 15:57:07,733 [INFO] ApiDb:261 - Set plugin images path to: C:\ST\STM32CubeIDE_1.8.0\STM32CubeIDE\plugins\com.st.stm32cube.common.mx_6.11.0.202403141607\\db\/plugins/mcufinder/images/
2024-04-22 15:57:07,733 [WARN] DbFile:41 - Overriding database path with different value: C:\Users\aordu\.stmcufinder\plugins\mcufinder/ => C:\Users\aordu\.stmcufinder\plugins\mcufinder
2024-04-22 15:57:07,733 [INFO] ApiDb:250 - Set database path to: C:\Users\aordu\.stmcufinder\plugins\mcufinder//mcu/
2024-04-22 15:57:07,733 [WARN] DbFile:41 - Overriding database path with different value: C:\Users\aordu\.stmcufinder\plugins\mcufinder/ => C:\Users\aordu\.stmcufinder\plugins\mcufinder
2024-04-22 15:57:07,733 [INFO] DbMcusAds:125 - Set database path to: C:\Users\aordu\.stmcufinder\plugins\mcufinder//mcu/
2024-04-22 15:57:07,733 [WARN] DbFile:41 - Overriding database path with different value: C:\Users\aordu\.stmcufinder\plugins\mcufinder/ => C:\Users\aordu\.stmcufinder\plugins\mcufinder
2024-04-22 15:57:07,734 [WARN] DbFile:41 - Overriding database path with different value: C:\Users\aordu\.stmcufinder\plugins\mcufinder/ => C:\Users\aordu\.stmcufinder\plugins\mcufinder
2024-04-22 15:57:07,734 [INFO] CrossReferenceDbSqlite:203 - Set database path to: C:\Users\aordu\.stmcufinder\plugins\mcufinder//mcu/cs/
2024-04-22 15:57:07,751 [INFO] ApplicationProperties:184 - Using Application install path: C:\ST\STM32CubeIDE_1.8.0\STM32CubeIDE\plugins\com.st.stm32cube.common.mx_6.11.0.202403141607
2024-04-22 15:57:07,753 [INFO] PluginManage:196 - Search for loadable plugins [exclusion list=, ]
2024-04-22 15:57:07,754 [INFO] PluginManage:310 - Check plugin analytics
2024-04-22 15:57:07,937 [INFO] AnalyticsPlugin:253 - Accepted Software Licenses: STM32CubeMX.6.7.0
2024-04-22 15:57:07,937 [INFO] AnalyticsPlugin:255 - Accepted CMSIS Pack Licenses: 
2024-04-22 15:57:07,938 [INFO] AnalyticsPlugin:257 - Accepted Firmware Licenses: FW.G4.1.5.0
2024-04-22 15:57:07,939 [INFO] PluginManage:359 - Loaded plugin analytics (category:tool,tabindex:-1)
2024-04-22 15:57:07,940 [INFO] PluginManage:310 - Check plugin cadmodel
2024-04-22 15:57:07,956 [INFO] CADModel:105 - Init CAD model plugin
2024-04-22 15:57:07,956 [INFO] PluginManage:359 - Loaded plugin cadmodel (category:power,tabindex:5)
2024-04-22 15:57:07,956 [INFO] PluginManage:310 - Check plugin clock
2024-04-22 15:57:07,976 [INFO] PluginManage:359 - Loaded plugin clock (category:base,tabindex:2)
2024-04-22 15:57:07,976 [INFO] PluginManage:310 - Check plugin ddr
2024-04-22 15:57:07,979 [INFO] PluginManage:359 - Loaded plugin ddr (category:tool,tabindex:6)
2024-04-22 15:57:07,979 [INFO] PluginManage:310 - Check plugin filemanager
2024-04-22 15:57:08,108 [INFO] PluginManage:359 - Loaded plugin filemanager (category:base,tabindex:10)
2024-04-22 15:57:08,108 [INFO] PluginManage:310 - Check plugin ipmanager
2024-04-22 15:57:08,114 [INFO] PluginManage:359 - Loaded plugin ipmanager (category:base,tabindex:5)
2024-04-22 15:57:08,115 [INFO] PluginManage:310 - Check plugin lpbam
2024-04-22 15:57:08,131 [INFO] PluginManage:359 - Loaded plugin lpbam (category:base,tabindex:0)
2024-04-22 15:57:08,131 [INFO] PluginManage:310 - Check plugin memorymap
2024-04-22 15:57:08,154 [INFO] PluginManage:359 - Loaded plugin memorymap (category:base,tabindex:4)
2024-04-22 15:57:08,154 [INFO] PluginManage:310 - Check plugin pinoutandconfiguration
2024-04-22 15:57:08,172 [INFO] PluginManage:359 - Loaded plugin pinoutandconfiguration (category:base,tabindex:1)
2024-04-22 15:57:08,172 [INFO] PluginManage:310 - Check plugin pinoutconfig
2024-04-22 15:57:08,262 [WARN] SupportedApi:132 - Cannot load RTOS API schema: s4s-elt-must-match.1: The content of 'definitions' must match (annotation?, (simpleType | complexType)?, (unique | key | keyref)*)). A problem was found starting at: attribute.
2024-04-22 15:57:08,413 [INFO] PluginManage:359 - Loaded plugin pinoutconfig (category:base,tabindex:0)
2024-04-22 15:57:08,413 [INFO] PluginManage:310 - Check plugin power
2024-04-22 15:57:08,430 [INFO] PluginManage:359 - Loaded plugin power (category:power,tabindex:4)
2024-04-22 15:57:08,431 [INFO] PluginManage:310 - Check plugin projectmanager
2024-04-22 15:57:08,448 [INFO] PluginManage:359 - Loaded plugin projectmanager (category:projectmanager,tabindex:3)
2024-04-22 15:57:08,448 [INFO] PluginManage:310 - Check plugin thirdparty
2024-04-22 15:57:08,686 [INFO] McuFinderGlobals:63 - Set McuFinder mode to 2 (CubeIDE integrated)
2024-04-22 15:57:08,725 [INFO] PluginManage:359 - Loaded plugin thirdparty (category:base,tabindex:-1)
2024-04-22 15:57:08,725 [WARN] IntegrityCheckThread:84 - waiting for thirdparty lock release [integrity check]
2024-04-22 15:57:08,726 [INFO] IntegrityCheckThread:86 - entering critical section [integrity check]
2024-04-22 15:57:08,726 [INFO] PluginManage:310 - Check plugin tools
2024-04-22 15:57:08,726 [INFO] ThirdPartyUpdaterWithRetryManager:70 - Updater plugin not ready yet. [1/15]
2024-04-22 15:57:08,761 [INFO] PluginManage:359 - Loaded plugin tools (category:base,tabindex:7)
2024-04-22 15:57:08,762 [INFO] PluginManage:310 - Check plugin tutovideos
2024-04-22 15:57:08,933 [INFO] PluginManage:359 - Loaded plugin tutovideos (category:base,tabindex:-1)
2024-04-22 15:57:08,933 [INFO] PluginManage:310 - Check plugin updater
2024-04-22 15:57:08,945 [INFO] PluginManage:359 - Loaded plugin updater (category:base,tabindex:12)
2024-04-22 15:57:08,945 [INFO] PluginManage:310 - Check plugin userauth
2024-04-22 15:57:08,951 [INFO] UserAuth:114 - Init User Auth plugin
2024-04-22 15:57:08,951 [INFO] PluginManage:359 - Loaded plugin userauth (category:base,tabindex:14)
2024-04-22 15:57:08,952 [INFO] PluginManage:283 - PluginManage : Loaded plugins [17]
2024-04-22 15:57:09,168 [INFO] PinOutPanel:1561 - setPackage(No Configuration,No Configuration)
2024-04-22 15:57:09,244 [INFO] CADModel:165 - CPN selected for project level
2024-04-22 15:57:09,244 [INFO] CADModel:114 - Register for checkConnection events
2024-04-22 15:57:09,270 [INFO] IPUIPlugin:80 - create IPUIPlugin
2024-04-22 15:57:09,270 [INFO] PluginManager:220 - loadIPPluginJar : add adc
2024-04-22 15:57:09,302 [INFO] IPUIPlugin:80 - create IPUIPlugin
2024-04-22 15:57:09,302 [INFO] PluginManager:220 - loadIPPluginJar : add aes
2024-04-22 15:57:09,338 [INFO] IPUIPlugin:80 - create IPUIPlugin
2024-04-22 15:57:09,338 [INFO] PluginManager:220 - loadIPPluginJar : add can
2024-04-22 15:57:09,358 [INFO] IPUIPlugin:80 - create IPUIPlugin
2024-04-22 15:57:09,358 [INFO] PluginManager:220 - loadIPPluginJar : add comp
2024-04-22 15:57:09,385 [INFO] IPUIPlugin:80 - create IPUIPlugin
2024-04-22 15:57:09,386 [INFO] PluginManager:220 - loadIPPluginJar : add cryp
2024-04-22 15:57:09,413 [INFO] IPUIPlugin:80 - create IPUIPlugin
2024-04-22 15:57:09,413 [INFO] PluginManager:220 - loadIPPluginJar : add dfsdm
2024-04-22 15:57:09,426 [INFO] IPUIPlugin:80 - create IPUIPlugin
2024-04-22 15:57:09,426 [INFO] PluginManager:220 - loadIPPluginJar : add dma
2024-04-22 15:57:09,468 [INFO] IPUIPlugin:80 - create IPUIPlugin
2024-04-22 15:57:09,468 [INFO] PluginManager:220 - loadIPPluginJar : add dma3
2024-04-22 15:57:09,511 [INFO] IPUIPlugin:80 - create IPUIPlugin
2024-04-22 15:57:09,512 [INFO] PluginManager:220 - loadIPPluginJar : add extmemmanager
2024-04-22 15:57:09,529 [INFO] IPUIPlugin:80 - create IPUIPlugin
2024-04-22 15:57:09,529 [INFO] PluginManager:220 - loadIPPluginJar : add fatfs
2024-04-22 15:57:09,568 [INFO] IPUIPlugin:80 - create IPUIPlugin
2024-04-22 15:57:09,568 [INFO] PluginManager:220 - loadIPPluginJar : add fmc
2024-04-22 15:57:09,582 [INFO] IPUIPlugin:80 - create IPUIPlugin
2024-04-22 15:57:09,583 [INFO] PluginManager:220 - loadIPPluginJar : add freertos
2024-04-22 15:57:09,611 [INFO] IPUIPlugin:80 - create IPUIPlugin
2024-04-22 15:57:09,611 [INFO] PluginManager:220 - loadIPPluginJar : add genericplugin
2024-04-22 15:57:09,688 [INFO] IPUIPlugin:80 - create IPUIPlugin
2024-04-22 15:57:09,689 [INFO] PluginManager:220 - loadIPPluginJar : add gfxmmu
2024-04-22 15:57:09,797 [INFO] IPUIPlugin:80 - create IPUIPlugin
2024-04-22 15:57:09,797 [INFO] PluginManager:220 - loadIPPluginJar : add gic
2024-04-22 15:57:09,809 [INFO] IPUIPlugin:80 - create IPUIPlugin
2024-04-22 15:57:09,809 [INFO] PluginManager:220 - loadIPPluginJar : add gpio
2024-04-22 15:57:09,888 [INFO] IPUIPlugin:80 - create IPUIPlugin
2024-04-22 15:57:09,888 [INFO] PluginManager:220 - loadIPPluginJar : add gtzc
2024-04-22 15:57:09,917 [INFO] IPUIPlugin:80 - create IPUIPlugin
2024-04-22 15:57:09,917 [INFO] PluginManager:220 - loadIPPluginJar : add hash
2024-04-22 15:57:09,965 [INFO] IPUIPlugin:80 - create IPUIPlugin
2024-04-22 15:57:09,965 [INFO] PluginManager:220 - loadIPPluginJar : add i2c
2024-04-22 15:57:10,000 [INFO] IPUIPlugin:80 - create IPUIPlugin
2024-04-22 15:57:10,000 [INFO] PluginManager:220 - loadIPPluginJar : add i2s
2024-04-22 15:57:10,037 [INFO] IPUIPlugin:80 - create IPUIPlugin
2024-04-22 15:57:10,037 [INFO] PluginManager:220 - loadIPPluginJar : add i3c
2024-04-22 15:57:10,122 [INFO] IPUIPlugin:80 - create IPUIPlugin
2024-04-22 15:57:10,123 [INFO] PluginManager:220 - loadIPPluginJar : add ipddr
2024-04-22 15:57:10,205 [INFO] IPUIPlugin:80 - create IPUIPlugin
2024-04-22 15:57:10,205 [INFO] PluginManager:220 - loadIPPluginJar : add linkedlist
2024-04-22 15:57:10,236 [INFO] IPUIPlugin:80 - create IPUIPlugin
2024-04-22 15:57:10,236 [INFO] PluginManager:220 - loadIPPluginJar : add lorawan
2024-04-22 15:57:10,267 [INFO] IPUIPlugin:80 - create IPUIPlugin
2024-04-22 15:57:10,267 [INFO] PluginManager:220 - loadIPPluginJar : add ltdc
2024-04-22 15:57:10,280 [INFO] IPUIPlugin:80 - create IPUIPlugin
2024-04-22 15:57:10,280 [INFO] PluginManager:220 - loadIPPluginJar : add mdma
2024-04-22 15:57:10,292 [INFO] IPUIPlugin:80 - create IPUIPlugin
2024-04-22 15:57:10,292 [INFO] PluginManager:220 - loadIPPluginJar : add nvic
2024-04-22 15:57:10,322 [INFO] IPUIPlugin:80 - create IPUIPlugin
2024-04-22 15:57:10,322 [INFO] PluginManager:220 - loadIPPluginJar : add opamp
2024-04-22 15:57:10,372 [INFO] IPUIPlugin:80 - create IPUIPlugin
2024-04-22 15:57:10,373 [INFO] PluginManager:220 - loadIPPluginJar : add openamp
2024-04-22 15:57:10,409 [INFO] IPUIPlugin:80 - create IPUIPlugin
2024-04-22 15:57:10,409 [INFO] PluginManager:220 - loadIPPluginJar : add pdm2pcm
2024-04-22 15:57:10,421 [INFO] IPUIPlugin:80 - create IPUIPlugin
2024-04-22 15:57:10,423 [INFO] PluginManager:220 - loadIPPluginJar : add plateformsettings
2024-04-22 15:57:10,442 [INFO] IPUIPlugin:80 - create IPUIPlugin
2024-04-22 15:57:10,442 [INFO] PluginManager:220 - loadIPPluginJar : add quadspi
2024-04-22 15:57:10,455 [INFO] IPUIPlugin:80 - create IPUIPlugin
2024-04-22 15:57:10,455 [INFO] PluginManager:220 - loadIPPluginJar : add resmgrutility
2024-04-22 15:57:10,494 [INFO] IPUIPlugin:80 - create IPUIPlugin
2024-04-22 15:57:10,494 [INFO] PluginManager:220 - loadIPPluginJar : add sai
2024-04-22 15:57:10,528 [INFO] IPUIPlugin:80 - create IPUIPlugin
2024-04-22 15:57:10,528 [INFO] PluginManager:220 - loadIPPluginJar : add spi
2024-04-22 15:57:10,588 [INFO] IPUIPlugin:80 - create IPUIPlugin
2024-04-22 15:57:10,588 [INFO] PluginManager:220 - loadIPPluginJar : add stm32_wpan
2024-04-22 15:57:10,607 [INFO] IPUIPlugin:80 - create IPUIPlugin
2024-04-22 15:57:10,607 [INFO] PluginManager:220 - loadIPPluginJar : add tim
2024-04-22 15:57:10,658 [INFO] IPUIPlugin:80 - create IPUIPlugin
2024-04-22 15:57:10,658 [INFO] PluginManager:220 - loadIPPluginJar : add touchsensing
2024-04-22 15:57:10,682 [INFO] IPUIPlugin:80 - create IPUIPlugin
2024-04-22 15:57:10,682 [INFO] PluginManager:220 - loadIPPluginJar : add tracer_emb
2024-04-22 15:57:10,702 [INFO] IPUIPlugin:80 - create IPUIPlugin
2024-04-22 15:57:10,702 [INFO] PluginManager:220 - loadIPPluginJar : add ts
2024-04-22 15:57:10,720 [INFO] IPUIPlugin:80 - create IPUIPlugin
2024-04-22 15:57:10,720 [INFO] PluginManager:220 - loadIPPluginJar : add tsc
2024-04-22 15:57:10,741 [INFO] IPUIPlugin:80 - create IPUIPlugin
2024-04-22 15:57:10,741 [INFO] PluginManager:220 - loadIPPluginJar : add ucpd
2024-04-22 15:57:10,776 [INFO] IPUIPlugin:80 - create IPUIPlugin
2024-04-22 15:57:10,776 [INFO] PluginManager:220 - loadIPPluginJar : add usart
2024-04-22 15:57:10,814 [INFO] IPUIPlugin:80 - create IPUIPlugin
2024-04-22 15:57:10,814 [INFO] PluginManager:220 - loadIPPluginJar : add usbx
2024-04-22 15:57:10,935 [INFO] CADModel:165 - CPN selected for project level
2024-04-22 15:57:10,935 [INFO] CADModel:114 - Register for checkConnection events
2024-04-22 15:57:10,935 [FATAL] Updater:308 - Updater called before beeing initialized
2024-04-22 15:57:10,936 [ERROR] CADModel:125 - Updater not yet initialized, retry later 
2024-04-22 15:57:11,051 [INFO] CADModel:165 - CPN selected for project level
2024-04-22 15:57:11,051 [INFO] CADModel:114 - Register for checkConnection events
2024-04-22 15:57:11,051 [FATAL] Updater:308 - Updater called before beeing initialized
2024-04-22 15:57:11,051 [ERROR] CADModel:125 - Updater not yet initialized, retry later 
2024-04-22 15:57:11,054 [FATAL] Updater:308 - Updater called before beeing initialized
2024-04-22 15:57:11,155 [FATAL] Updater:308 - Updater called before beeing initialized
2024-04-22 15:57:11,164 [INFO] DbMcusAds:53 - JSON generation date=Wed Nov 29 13:52:27 MSK 2023 (1701255147349)
2024-04-22 15:57:11,165 [FATAL] Updater:308 - Updater called before beeing initialized
2024-04-22 15:57:11,237 [WARN] DetailPanel:346 - Failed to get advertising image, set to default
2024-04-22 15:57:11,309 [FATAL] Updater:308 - Updater called before beeing initialized
2024-04-22 15:57:11,311 [FATAL] Updater:308 - Updater called before beeing initialized
2024-04-22 15:57:11,312 [FATAL] Updater:308 - Updater called before beeing initialized
2024-04-22 15:57:11,312 [WARN] DetailPanel:346 - Failed to get advertising image, set to default
2024-04-22 15:57:11,312 [FATAL] Updater:308 - Updater called before beeing initialized
2024-04-22 15:57:11,368 [ERROR] Updater:1120 - MainUpdater not yet initialized. External WinMGr cannot be set.
2024-04-22 15:57:11,378 [INFO] Updater:1056 - Updater Version found : 6.11.0
2024-04-22 15:57:11,395 [INFO] ApplicationProperties:184 - Using Application install path: C:\ST\STM32CubeIDE_1.8.0\STM32CubeIDE\plugins\com.st.stm32cube.common.mx_6.11.0.202403141607
2024-04-22 15:57:11,727 [INFO] ThirdPartyUpdaterWithRetryManager:70 - Updater plugin not ready yet. [2/15]
2024-04-22 15:57:11,756 [ERROR] CheckConnectionManager:249 - Problem, Http access forbiden
2024-04-22 15:57:11,758 [INFO] MainUpdater:2873 - connection check result : 22
2024-04-22 15:57:11,759 [INFO] MainUpdater:290 - Updater Check For Update Now.
2024-04-22 15:57:11,759 [INFO] MicroXplorer:498 - Change Database Version : DB.6.0.110
2024-04-22 15:57:11,772 [INFO] McuFinderGlobals:63 - Set McuFinder mode to 2 (CubeIDE integrated)
2024-04-22 15:57:11,786 [INFO] UserAuth:415 - Internet connection configuration mode: 2
2024-04-22 15:57:11,975 [INFO] CheckServerUpdateThread:120 - End of CheckServer Thread
2024-04-22 15:57:12,055 [ERROR] CheckConnectionManager:249 - Problem, Http access forbiden
2024-04-22 15:57:12,056 [INFO] MainUpdater:2873 - connection check result : 22
2024-04-22 15:57:14,903 [WARN] PackLoader:240 - Cannot read IP mode file for STMicroelectronics.X-CUBE-SMBUS.2.1.0
2024-04-22 15:57:14,917 [WARN] PackLoader:240 - Cannot read IP mode file for STMicroelectronics.X-CUBE-TOUCHGFX.4.23.2
2024-04-22 15:57:14,954 [WARN] PackLoader:240 - Cannot read IP mode file for STMicroelectronics.X-CUBE-AZRTOS-F7.1.1.0
2024-04-22 15:57:14,969 [WARN] PackLoader:240 - Cannot read IP mode file for STMicroelectronics.FP-SNS-FLIGHT1.5.0.2
2024-04-22 15:57:14,990 [WARN] PackLoader:240 - Cannot read IP mode file for STMicroelectronics.X-CUBE-DISPLAY.3.0.0
2024-04-22 15:57:15,010 [WARN] PackLoader:240 - Cannot read IP mode file for STMicroelectronics.X-CUBE-BLE1.7.0.0
2024-04-22 15:57:15,025 [WARN] PackLoader:240 - Cannot read IP mode file for emotas.I-CUBE-CANOPEN.1.3.0
2024-04-22 15:57:15,047 [WARN] PackLoader:240 - Cannot read IP mode file for STMicroelectronics.X-CUBE-BLEMGR.3.1.0
2024-04-22 15:57:15,063 [WARN] PackLoader:240 - Cannot read IP mode file for STMicroelectronics.FP-SNS-SMARTAG2.1.2.0
2024-04-22 15:57:15,086 [INFO] LogOutputStream:77 - [STDOUT_REDIRECT] 1 : Invalid condition id : UX_CORESTACK_Condition cause : null
2024-04-22 15:57:15,087 [INFO] LogOutputStream:77 - [STDOUT_REDIRECT] 1 : Invalid condition id : UX_CORESTACK_Condition cause : null
2024-04-22 15:57:15,089 [INFO] LogOutputStream:77 - [STDOUT_REDIRECT] 1 : Invalid condition id : UX_CORESTACK_Condition cause : null
2024-04-22 15:57:15,090 [INFO] LogOutputStream:77 - [STDOUT_REDIRECT] 1 : Invalid condition id : UX_CORESTACK_Condition cause : null
2024-04-22 15:57:15,091 [INFO] LogOutputStream:77 - [STDOUT_REDIRECT] 1 : Invalid condition id : UX_CORESTACK_Condition cause : null
2024-04-22 15:57:15,095 [WARN] PackLoader:240 - Cannot read IP mode file for STMicroelectronics.X-CUBE-AZRTOS-WL.2.0.0
2024-04-22 15:57:15,111 [WARN] PackLoader:240 - Cannot read IP mode file for STMicroelectronics.FP-SNS-MOTENV1.5.0.0
2024-04-22 15:57:15,129 [WARN] PackLoader:240 - Cannot read IP mode file for WES.I-CUBE-Cesium.1.3.0
2024-04-22 15:57:15,140 [WARN] PackLoader:240 - Cannot read IP mode file for STMicroelectronics.X-CUBE-BLE2.3.3.0
2024-04-22 15:57:15,153 [WARN] PackLoader:240 - Cannot read IP mode file for STMicroelectronics.X-CUBE-TCPP.4.1.0
2024-04-22 15:57:15,166 [WARN] PackLoader:240 - Cannot read IP mode file for STMicroelectronics.X-CUBE-ALGOBUILD.1.3.0
2024-04-22 15:57:15,193 [WARN] PackLoader:240 - Cannot read IP mode file for STMicroelectronics.X-CUBE-AZRTOS-G0.1.1.0
2024-04-22 15:57:15,211 [WARN] PackLoader:240 - Cannot read IP mode file for STMicroelectronics.X-CUBE-SAFEA1.1.2.2
2024-04-22 15:57:15,227 [WARN] PackLoader:240 - Cannot read IP mode file for STMicroelectronics.X-CUBE-NFC4.3.0.0
2024-04-22 15:57:15,239 [WARN] PackLoader:240 - Cannot read IP mode file for wolfSSL.I-CUBE-wolfSSL.5.7.0
2024-04-22 15:57:15,252 [WARN] PackLoader:240 - Cannot read IP mode file for STMicroelectronics.FP-ATR-SIGFOX1.3.2.0
2024-04-22 15:57:15,264 [WARN] PackLoader:240 - Cannot read IP mode file for STMicroelectronics.X-CUBE-EEPRMA1.5.1.0
2024-04-22 15:57:15,278 [WARN] PackLoader:240 - Cannot read IP mode file for ITTIA_DB.I-CUBE-ITTIADB.8.9.0
2024-04-22 15:57:15,324 [WARN] PackLoader:240 - Cannot read IP mode file for SEGGER.I-CUBE-embOS.1.3.1
2024-04-22 15:57:15,378 [WARN] PackLoader:240 - Cannot read IP mode file for STMicroelectronics.X-CUBE-GNSS1.6.0.0
2024-04-22 15:57:15,409 [WARN] PackLoader:240 - Cannot read IP mode file for STMicroelectronics.X-CUBE-AZRTOS-F4.1.1.0
2024-04-22 15:57:15,438 [WARN] PackLoader:240 - Cannot read IP mode file for STMicroelectronics.X-CUBE-AZRTOS-L5.2.0.0
2024-04-22 15:57:15,454 [WARN] PackLoader:240 - Cannot read IP mode file for STMicroelectronics.X-CUBE-NFC6.3.1.0
2024-04-22 15:57:15,471 [WARN] PackLoader:240 - Cannot read IP mode file for STMicroelectronics.X-CUBE-NFC7.1.0.1
2024-04-22 15:57:15,485 [WARN] PackLoader:240 - Cannot read IP mode file for STMicroelectronics.X-CUBE-AI.8.1.0
2024-04-22 15:57:15,513 [WARN] ConditionMgr:438 - getConditionDescription Invalid condition id : LAN8742 Phy interface Condition cause : null
2024-04-22 15:57:15,514 [WARN] PackLoader:240 - Cannot read IP mode file for STMicroelectronics.X-CUBE-AZRTOS-L4.2.0.0
2024-04-22 15:57:15,515 [WARN] ConditionMgr:1039 - genDependencies : Invalid condition id : LAN8742 Phy interface Condition cause : null
2024-04-22 15:57:15,515 [WARN] ConditionMgr:1039 - genDependencies : Invalid condition id : LAN8742 Phy interface Condition cause : null
2024-04-22 15:57:15,516 [WARN] ConditionMgr:1039 - genDependencies : Invalid condition id : LAN8742 Phy interface Condition cause : null
2024-04-22 15:57:15,532 [WARN] PackLoader:240 - Cannot read IP mode file for STMicroelectronics.X-CUBE-SFXS2LP1.4.0.0
2024-04-22 15:57:15,555 [WARN] ConditionMgr:438 - getConditionDescription Invalid condition id : UX DEVICE CLASS RTOS Condition cause : null
2024-04-22 15:57:15,555 [WARN] ConditionMgr:438 - getConditionDescription Invalid condition id : UX DEVICE CLASS RTOS Condition cause : null
2024-04-22 15:57:15,557 [WARN] PackLoader:240 - Cannot read IP mode file for STMicroelectronics.X-CUBE-AZRTOS-WB.2.0.0
2024-04-22 15:57:15,558 [WARN] ConditionMgr:1039 - genDependencies : Invalid condition id : UX DEVICE CLASS RTOS Condition cause : null
2024-04-22 15:57:15,558 [WARN] ConditionMgr:1039 - genDependencies : Invalid condition id : UX DEVICE CLASS RTOS Condition cause : null
2024-04-22 15:57:15,559 [WARN] ConditionMgr:1039 - genDependencies : Invalid condition id : UX DEVICE CLASS RTOS Condition cause : null
2024-04-22 15:57:15,559 [WARN] ConditionMgr:1039 - genDependencies : Invalid condition id : UX DEVICE CLASS RTOS Condition cause : null
2024-04-22 15:57:15,559 [WARN] ConditionMgr:1039 - genDependencies : Invalid condition id : UX DEVICE CLASS RTOS Condition cause : null
2024-04-22 15:57:15,581 [WARN] PackLoader:240 - Cannot read IP mode file for STMicroelectronics.X-CUBE-SUBG2.5.0.0
2024-04-22 15:57:15,611 [WARN] PackLoader:240 - Cannot read IP mode file for STMicroelectronics.X-CUBE-AZRTOS-G4.2.0.0
2024-04-22 15:57:15,627 [WARN] PackLoader:240 - Cannot read IP mode file for STMicroelectronics.FP-SNS-MOTENVWB1.1.3.1
2024-04-22 15:57:15,641 [WARN] PackLoader:240 - Cannot read IP mode file for STMicroelectronics.X-CUBE-ISPU.2.0.0
2024-04-22 15:57:15,699 [WARN] PackLoader:240 - Cannot read IP mode file for STMicroelectronics.X-CUBE-MEMS1.10.0.0
2024-04-22 15:57:15,795 [WARN] PackLoader:240 - Cannot read IP mode file for STMicroelectronics.X-CUBE-FREERTOS.1.1.0
2024-04-22 15:57:15,808 [WARN] PackLoader:240 - Cannot read IP mode file for portGmbH.I-Cube-SoM-uGOAL.1.1.0
2024-04-22 15:57:15,821 [WARN] PackLoader:240 - Cannot read IP mode file for STMicroelectronics.X-CUBE-ALS.1.0.1
2024-04-22 15:57:15,834 [WARN] PackLoader:240 - Cannot read IP mode file for STMicroelectronics.FP-ATR-ASTRA1.2.0.0
2024-04-22 15:57:15,856 [WARN] PackLoader:240 - Cannot read IP mode file for STMicroelectronics.X-CUBE-TOF1.3.4.1
2024-04-22 15:57:15,894 [WARN] PackLoader:240 - Cannot read IP mode file for STMicroelectronics.X-CUBE-AZRTOS-H7.3.2.0
2024-04-22 15:57:15,916 [WARN] PackLoader:240 - Cannot read IP mode file for Infineon.AIROC-Wi-Fi-Bluetooth-STM32.1.6.0
2024-04-22 15:57:15,919 [INFO] ThirdParty:978 - Integrity check success = true
2024-04-22 15:57:15,919 [INFO] IntegrityCheckThread:100 - exiting critical section [integrity check]
2024-04-22 15:57:15,919 [INFO] IntegrityCheckThread:103 - End integrity checks thread
2024-04-22 15:57:39,506 [ERROR] CheckConnectionManager:249 - Problem, Http access forbiden
2024-04-22 15:57:39,508 [INFO] MainUpdater:2873 - connection check result : 22
2024-04-22 15:57:39,567 [ERROR] CheckConnectionManager:249 - Problem, Http access forbiden
2024-04-22 15:57:39,568 [INFO] MainUpdater:2873 - connection check result : 22
2024-04-22 15:57:41,645 [ERROR] CheckConnectionManager:249 - Problem, Http access forbiden
2024-04-22 15:57:41,647 [INFO] MainUpdater:2873 - connection check result : 22
2024-04-22 15:57:41,708 [ERROR] CheckConnectionManager:249 - Problem, Http access forbiden
2024-04-22 15:57:41,708 [INFO] MainUpdater:2873 - connection check result : 22
2024-04-22 15:57:56,263 [ERROR] CheckConnectionManager:249 - Problem, Http access forbiden
2024-04-22 15:57:56,264 [INFO] MainUpdater:2873 - connection check result : 22
2024-04-22 15:57:58,428 [INFO] ApiDb:581 - Connected to CubeFinder SQLite database (C:\Users\aordu\.stmcufinder\plugins\mcufinder\mcu\cube-finder-db.db)
2024-04-22 15:57:58,499 [INFO] ApiDb:668 - CubeFinder database Data Model version=2.1
2024-04-22 15:57:58,500 [INFO] ApiDb:669 - CubeFinder database Configuration version=3.0.39
2024-04-22 15:57:58,500 [INFO] ApiDb:670 - CubeFinder database generation date=2024-03-25 (1711369621)
2024-04-22 15:57:58,500 [INFO] ApiDb:671 - CubeFinder database FW Pack versions=[FP-ATR-ASTRA1_V2.0.0, FP-SNS-FLIGHT1_V5.0.1, FP-SNS-FLIGHT1_V5.0.2, FP-SNS-MOTENV1_V4.3.1, FP-SNS-MOTENV1_V4.3.2, FP-SNS-MOTENVWB1_V1.3.1, FP-SNS-SMARTAG2_V1.2.0, STM32Cube_FW_C0_V1.1.0, STM32Cube_FW_F4_V1.28.0, STM32Cube_FW_F7_V1.17.0, STM32Cube_FW_G0_V1.6.2, STM32Cube_FW_G4_V1.5.2, STM32Cube_FW_H5_V0.5.1, STM32Cube_FW_H5_V1.1.1, STM32Cube_FW_H5_V1.2.0, STM32Cube_FW_H5_V1.2.0RC4, STM32Cube_FW_H7RS_V1.0.0, STM32Cube_FW_H7RS_V1.0.0RC4, STM32Cube_FW_H7_V1.11.0, STM32Cube_FW_L0_V1.12.2, STM32Cube_FW_L5_V1.5.1, STM32Cube_FW_U0_V1.0.0, STM32Cube_FW_U0_V1.0.0RC1, STM32Cube_FW_U5_V1.3.0RC4, STM32Cube_FW_U5_V1.5.0, STM32Cube_FW_U5_V1.5.0RC1, STM32Cube_FW_WBA_V1.0.0RC1, STM32Cube_FW_WBA_V1.2.0, STM32Cube_FW_WBA_V1.2.0RC2, STM32Cube_FW_WBA_V1.3.0, STM32Cube_FW_WBA_V1.3.0RC1, STM32Cube_FW_WB_V1.15.0RC1, STM32Cube_FW_WB_V1.16.0, STM32Cube_FW_WB_V1.16.0RC2, STM32Cube_FW_WB_V1.18.0, STM32Cube_FW_WB_V1.19.0, STM32Cube_FW_WL_V1.3.0, X-CUBE-ALGOBUILD_V1.3.0, X-CUBE-ALS_V1.0.1, X-CUBE-AZRTOS-F4_V1.1.0, X-CUBE-AZRTOS-F7_V1.1.0, X-CUBE-AZRTOS-G0_V1.1.0, X-CUBE-AZRTOS-G4_V2.0.0, X-CUBE-AZRTOS-H7_V3.2.0, X-CUBE-AZRTOS-L4_V1.0.0, X-CUBE-AZRTOS-L4_V2.0.0, X-CUBE-AZRTOS-L5_V1.1.0, X-CUBE-AZRTOS-WB_V2.0.0, X-CUBE-AZRTOS-WL_V2.0.0, X-CUBE-BLE1_V7.0.0, X-CUBE-BLE2_V3.3.0, X-CUBE-BLEMGR_V3.1.0, X-CUBE-EEPRMA1_V4.1.0, X-CUBE-EEPRMA1_V5.1.0, X-CUBE-FREERTOS_V1.1.0, X-CUBE-GNSS1_V6.0.0, X-CUBE-MEMS1_V10.0.0, X-CUBE-MEMS1_V9.1.0, X-CUBE-MEMS1_V9.4.0, X-CUBE-MEMS1_V9.6.0, X-CUBE-NFC4_V3.0.0, X-CUBE-NFC7_V1.0.1, X-CUBE-SFXS2LP1_V4.0.0, X-CUBE-SUBG2_V5.0.0, X-CUBE-TOF1_V3.4.0]
2024-04-22 15:57:58,632 [INFO] DbBoardsSqlite:226 - include board P-NUCLEO-WB55-NUCLEO as a kit item of type 'Nucleo-64'
2024-04-22 15:57:58,637 [INFO] DbBoardsSqlite:226 - include board P-NUCLEO-WB55-USBDONGLE as a kit item of type 'Nucleo USB Dongle'
2024-04-22 15:57:58,638 [INFO] DbBoardsSqlite:226 - include board STEVAL-IDP005V1 as a kit item of type 'Evaluation Board'
2024-04-22 15:57:58,638 [INFO] DbBoardsSqlite:226 - include board STEVAL-IDP005V2 as a kit item of type 'Evaluation Board'
2024-04-22 15:57:58,889 [INFO] ApiDb:240 - Found 483 in-development CPN: [B-G473E-ZEST1S, B-WB1M-WPAN1, B-WL5M-SUBG1, NUCLEO-C031C6, NUCLEO-H503RB, NUCLEO-H533RE, NUCLEO-H563ZI, NUCLEO-H7S3L8, NUCLEO-U031R8, NUCLEO-U083RC, NUCLEO-U545RE-Q, NUCLEO-U5A5ZJ-Q, NUCLEO-WBA52CG, NUCLEO-WBA55CG, STEVAL-PROTEUS1, STEVAL-SMARTAG2, STEVAL-STWINBX1, STM320518-EVAL, STM32C0116-DK, STM32C011D6Y3TR, STM32C011D6Y6TR, STM32C011F4P3, STM32C011F4P6, STM32C011F4U3, STM32C011F4U6TR, STM32C011F6P3, STM32C011F6P6, STM32C011F6U3, STM32C011F6U6TR, STM32C011J4M3, STM32C011J4M6, STM32C011J6M3, STM32C011J6M6, STM32C0316-DK, STM32C031C4T3, STM32C031C4T6, STM32C031C4U3, STM32C031C4U6, STM32C031C6T3, STM32C031C6T6, STM32C031C6U3, STM32C031C6U6, STM32C031F4P3, STM32C031F4P6, STM32C031F6P3, STM32C031F6P6, STM32C031G4U3, STM32C031G4U6, STM32C031G6U3, STM32C031G6U6, STM32C031K4T3, STM32C031K4T6, STM32C031K4U3, STM32C031K4U6, STM32C031K6T3, STM32C031K6T6, STM32C031K6U3, STM32C031K6U6, STM32G071K8TXN, STM32G071K8UXN, STM32G081GBU6N, STM32G081KBT6N, STM32G081KBUXN, STM32G0B1CCT6N, STM32G0B1KCT6, STM32G0B1NEY6TR, STM32G0B1RCT6N, STM32G0C1CCT6, STM32G0C1CCT6N, STM32G0C1CCU6N, STM32G0C1CET6N, STM32G0C1CEU6N, STM32G0C1KCT6, STM32G0C1NEY6TR, STM32G0C1RCI6N, STM32G0C1RCT6N, STM32G0C1REI6N, STM32G0C1RET6N, STM32G0C1VCI6, STM32G0C1VEI6, STM32G471CCT6, STM32G471CCU6, STM32G471CET3, STM32G471CET6, STM32G471CEU3, STM32G471CEU6, STM32G471MCT6, STM32G471MET3, STM32G471MET6, STM32G471MEY6TR, STM32G471QCT6, STM32G471QET3, STM32G471RCT6, STM32G471RET3, STM32G471RET6, STM32G471VCH6, STM32G471VCI6, STM32G471VCT6, STM32G471VEH3, STM32G471VEH6, STM32G471VEI3, STM32G471VEI6, STM32G471VET3, STM32G471VET6, STM32G474CCT6, STM32H503CBT6, STM32H503CBU6, STM32H503EBY6TR, STM32H503KBU6, STM32H503RBT6, STM32H523CCT6, STM32H523CCU6, STM32H523CET6, STM32H523CEU6, STM32H523HEY6TR, STM32H523RCT6, STM32H523RET6, STM32H523VCI6, STM32H523VCT6, STM32H523VEI6, STM32H523VET6, STM32H523ZCJ6, STM32H523ZCT6, STM32H523ZEJ6, STM32H523ZET6, STM32H533CET6, STM32H533CEU6, STM32H533HEY6TR, STM32H533RET6, STM32H533VEI6, STM32H533VET6, STM32H533ZEJ6, STM32H533ZET6, STM32H562AGI6, STM32H562AII6, STM32H562IGK6, STM32H562IGT6, STM32H562IIK6, STM32H562IIT6, STM32H562RGT6, STM32H562RGV6, STM32H562RIT6, STM32H562RIV6, STM32H562VGT6, STM32H562VIT6, STM32H562ZGT6, STM32H562ZIT6, STM32H563AGI6, STM32H563AII3Q, STM32H563AII6, STM32H563IGK6, STM32H563IGT6, STM32H563IIK3Q, STM32H563IIK6, STM32H563IIT3Q, STM32H563IIT6, STM32H563MIY3QTR, STM32H563RGT6, STM32H563RGV6, STM32H563RIT6, STM32H563RIV6, STM32H563VGT6, STM32H563VIT3Q, STM32H563VIT6, STM32H563ZGT6, STM32H563ZIT3Q, STM32H563ZIT6, STM32H573AII3Q, STM32H573AII6, STM32H573I-DK, STM32H573IIK3Q, STM32H573IIK6, STM32H573IIT3Q, STM32H573IIT6, STM32H573MIY3QTR, STM32H573RIT6, STM32H573RIV6, STM32H573VIT3Q, STM32H573VIT6, STM32H573ZIT3Q, STM32H573ZIT6, STM32H7R3A8I6, STM32H7R3I8K6, STM32H7R3I8T6, STM32H7R3L8H6, STM32H7R3L8H6H, STM32H7R3R8V6, STM32H7R3V8H6, STM32H7R3V8T6, STM32H7R3V8Y6, STM32H7R3Z8J6, STM32H7R3Z8T6, STM32H7R7A8I6, STM32H7R7I8K6, STM32H7R7I8T6, STM32H7R7L8H6, STM32H7R7L8H6H, STM32H7R7Z8J6, STM32H7S3A8I6, STM32H7S3I8K6, STM32H7S3I8T6, STM32H7S3L8H6, STM32H7S3L8H6H, STM32H7S3R8V6, STM32H7S3V8H6, STM32H7S3V8T6, STM32H7S3V8Y6, STM32H7S3Z8J6, STM32H7S3Z8T6, STM32H7S78-DK, STM32H7S7A8I6, STM32H7S7I8K6, STM32H7S7I8T6, STM32H7S7L8H6, STM32H7S7L8H6H, STM32H7S7Z8J6, STM32L4R5QGI6STR, STM32MP131AAE3, STM32MP131AAF3, STM32MP131AAG3, STM32MP131CAE3, STM32MP131CAF3, STM32MP131CAG3, STM32MP131DAE7, STM32MP131DAF7, STM32MP131DAG7, STM32MP131FAE7, STM32MP131FAF7, STM32MP131FAG7, STM32MP133AAE3, STM32MP133AAF3, STM32MP133AAG3, STM32MP133CAE3, STM32MP133CAF3, STM32MP133CAG3, STM32MP133DAE7, STM32MP133DAF7, STM32MP133DAG7, STM32MP133FAE7, STM32MP133FAF7, STM32MP133FAG7, STM32MP135AAE3, STM32MP135AAF3, STM32MP135AAG3, STM32MP135CAE3, STM32MP135CAF3, STM32MP135CAG3, STM32MP135DAE7, STM32MP135DAF7, STM32MP135DAG7, STM32MP135F-DK, STM32MP135FAE7, STM32MP135FAF7, STM32MP135FAF7T, STM32MP135FAF7U, STM32MP135FAG7, STM32U031C6T6, STM32U031C6U6, STM32U031C8T6, STM32U031C8U6, STM32U031F4P6, STM32U031F6P6, STM32U031F8P6, STM32U031G6Y6TR, STM32U031G8Y6TR, STM32U031K4U6, STM32U031K6U6, STM32U031K8U6, STM32U031R6I6, STM32U031R6T6, STM32U031R8I6, STM32U031R8T6, STM32U073C8T6, STM32U073C8U6, STM32U073CBT6, STM32U073CBU6, STM32U073CCT6, STM32U073CCU6, STM32U073H8Y6TR, STM32U073HBY6TR, STM32U073HCY6TR, STM32U073K8U6, STM32U073KBU6, STM32U073KCU6, STM32U073M8I6, STM32U073M8T6, STM32U073MBI6, STM32U073MBT6, STM32U073MCI6, STM32U073MCT6, STM32U073R8I6, STM32U073R8T6, STM32U073RBI6, STM32U073RBT6, STM32U073RCI6, STM32U073RCT6, STM32U083C-DK, STM32U083CCT6, STM32U083CCU6, STM32U083HCY6TR, STM32U083KCU6, STM32U083MCI6, STM32U083MCT6, STM32U083RCI6, STM32U083RCT6, STM32U535CBT6, STM32U535CBT6Q, STM32U535CBU6, STM32U535CBU6Q, STM32U535CCT6, STM32U535CCT6Q, STM32U535CCU6, STM32U535CCU6Q, STM32U535CET6, STM32U535CET6Q, STM32U535CEU6, STM32U535CEU6Q, STM32U535JEY6QTR, STM32U535NCY6QTR, STM32U535NEY6QTR, STM32U535RBI6, STM32U535RBI6Q, STM32U535RBT6, STM32U535RBT6Q, STM32U535RCI6, STM32U535RCI6Q, STM32U535RCT6, STM32U535RCT6Q, STM32U535REI6, STM32U535REI6Q, STM32U535RET6, STM32U535RET6Q, STM32U535VCI6, STM32U535VCI6Q, STM32U535VCT6, STM32U535VCT6Q, STM32U535VEI6, STM32U535VEI6Q, STM32U535VET6, STM32U535VET6Q, STM32U545CET6, STM32U545CET6Q, STM32U545CEU6, STM32U545CEU6Q, STM32U545JEY6QTR, STM32U545NEY6QTR, STM32U545REI6, STM32U545REI6Q, STM32U545RET6, STM32U545RET6Q, STM32U545VEI6, STM32U545VEI6Q, STM32U545VET6, STM32U545VET6Q, STM32U595AIH6, STM32U595AIH6Q, STM32U595AJH6, STM32U595AJH6Q, STM32U595QII6, STM32U595QII6Q, STM32U595QJI6, STM32U595QJI6Q, STM32U595RIT6, STM32U595RIT6Q, STM32U595RJT6, STM32U595RJT6Q, STM32U595VIT6, STM32U595VIT6Q, STM32U595VJT6, STM32U595VJT6Q, STM32U595ZIT6, STM32U595ZIT6Q, STM32U595ZIY6QTR, STM32U595ZJT6, STM32U595ZJT6Q, STM32U595ZJY6QTR, STM32U599BJY6QTR, STM32U599NIH6Q, STM32U599NJH6Q, STM32U599VIT6Q, STM32U599VJT6, STM32U599VJT6Q, STM32U599ZIT6Q, STM32U599ZIY6QTR, STM32U599ZJT6Q, STM32U599ZJY6QTR, STM32U5A5AJH6, STM32U5A5AJH6Q, STM32U5A5QII3Q , STM32U5A5QJI6, STM32U5A5QJI6Q, STM32U5A5RJT6, STM32U5A5RJT6Q, STM32U5A5VJT6, STM32U5A5VJT6Q, STM32U5A5ZJT6, STM32U5A5ZJT6Q, STM32U5A5ZJY6QTR, STM32U5A9BJY6QTR, STM32U5A9J-DK, STM32U5A9NJH6Q, STM32U5A9VJT6Q, STM32U5A9ZJT6Q, STM32U5A9ZJY6QTR, STM32U5F7VIT6, STM32U5F7VIT6Q, STM32U5F7VJT6, STM32U5F7VJT6Q, STM32U5F9BJY6QTR, STM32U5F9NJH6Q, STM32U5F9VIT6Q, STM32U5F9VJT6Q, STM32U5F9ZIJ6QTR, STM32U5F9ZIT6Q, STM32U5F9ZJJ6QTR, STM32U5F9ZJT6Q, STM32U5G7VJT6, STM32U5G7VJT6Q, STM32U5G9BJY6QTR, STM32U5G9J-DK1, STM32U5G9J-DK2, STM32U5G9NJH6Q, STM32U5G9VJT6Q, STM32U5G9ZJJ6QTR, STM32U5G9ZJT6Q, STM32WB1MMCH6, STM32WBA50KEU6, STM32WBA50KEU6TR, STM32WBA50KGU6, STM32WBA50KGU6TR, STM32WBA52CEU6, STM32WBA52CEU6TR, STM32WBA52CEU7, STM32WBA52CEU7TR, STM32WBA52CGU6, STM32WBA52CGU6TR, STM32WBA52CGU6U, STM32WBA52CGU7, STM32WBA52CGU7TR, STM32WBA52KEU6, STM32WBA52KEU6TR, STM32WBA52KGU6, STM32WBA52KGU6TR, STM32WBA54CEU6, STM32WBA54CEU6TR, STM32WBA54CEU7, STM32WBA54CEU7TR, STM32WBA54CGU6, STM32WBA54CGU6TR, STM32WBA54CGU7, STM32WBA54CGU7TR, STM32WBA54KEU6, STM32WBA54KEU6TR, STM32WBA54KEU7, STM32WBA54KEU7TR, STM32WBA54KGU6, STM32WBA54KGU6TR, STM32WBA54KGU7, STM32WBA54KGU7TR, STM32WBA55CEU6, STM32WBA55CEU6TR, STM32WBA55CEU7, STM32WBA55CEU7TR, STM32WBA55CGU6, STM32WBA55CGU6TR, STM32WBA55CGU6U, STM32WBA55CGU7, STM32WBA55CGU7TR, STM32WBA55G-DK1, STM32WBA55HEF6, STM32WBA55HEF7, STM32WBA55HGF6, STM32WBA55HGF7, STM32WBA55UEI6, STM32WBA55UEI6TR, STM32WBA55UEI7, STM32WBA55UEI7TR, STM32WBA55UGI6, STM32WBA55UGI6TR, STM32WBA55UGI7, STM32WBA55UGI7TR, STM32WL5MOCH6, STM32WL5MOCH6TR]
2024-04-22 15:57:58,988 [INFO] BoardInfo:889 - No configuration file found for board P-NUCLEO-WB55
2024-04-22 15:57:58,988 [INFO] DbBoards:161 - Kit is not supported: P-NUCLEO-WB55
2024-04-22 15:57:58,992 [INFO] BoardInfo:889 - No configuration file found for board STEVAL-BFA001V1B
2024-04-22 15:57:58,992 [INFO] DbBoards:161 - Kit is not supported: STEVAL-BFA001V1B
2024-04-22 15:57:58,993 [INFO] BoardInfo:889 - No configuration file found for board STEVAL-BFA001V2B
2024-04-22 15:57:58,993 [INFO] DbBoards:161 - Kit is not supported: STEVAL-BFA001V2B
2024-04-22 15:57:59,092 [INFO] DbBoards:168 - Found 199 boards, 196 are supported
2024-04-22 15:57:59,092 [INFO] DbBoards:169 - Found 199 boards, 8 of them is supported for  Bsp
2024-04-22 15:57:59,095 [INFO] ApiDb:668 - CubeFinder database Data Model version=2.1
2024-04-22 15:57:59,095 [INFO] ApiDb:669 - CubeFinder database Configuration version=3.0.39
2024-04-22 15:57:59,095 [INFO] ApiDb:670 - CubeFinder database generation date=2024-03-25 (1711369621)
2024-04-22 15:57:59,095 [INFO] ApiDb:671 - CubeFinder database FW Pack versions=[FP-ATR-ASTRA1_V2.0.0, FP-SNS-FLIGHT1_V5.0.1, FP-SNS-FLIGHT1_V5.0.2, FP-SNS-MOTENV1_V4.3.1, FP-SNS-MOTENV1_V4.3.2, FP-SNS-MOTENVWB1_V1.3.1, FP-SNS-SMARTAG2_V1.2.0, STM32Cube_FW_C0_V1.1.0, STM32Cube_FW_F4_V1.28.0, STM32Cube_FW_F7_V1.17.0, STM32Cube_FW_G0_V1.6.2, STM32Cube_FW_G4_V1.5.2, STM32Cube_FW_H5_V0.5.1, STM32Cube_FW_H5_V1.1.1, STM32Cube_FW_H5_V1.2.0, STM32Cube_FW_H5_V1.2.0RC4, STM32Cube_FW_H7RS_V1.0.0, STM32Cube_FW_H7RS_V1.0.0RC4, STM32Cube_FW_H7_V1.11.0, STM32Cube_FW_L0_V1.12.2, STM32Cube_FW_L5_V1.5.1, STM32Cube_FW_U0_V1.0.0, STM32Cube_FW_U0_V1.0.0RC1, STM32Cube_FW_U5_V1.3.0RC4, STM32Cube_FW_U5_V1.5.0, STM32Cube_FW_U5_V1.5.0RC1, STM32Cube_FW_WBA_V1.0.0RC1, STM32Cube_FW_WBA_V1.2.0, STM32Cube_FW_WBA_V1.2.0RC2, STM32Cube_FW_WBA_V1.3.0, STM32Cube_FW_WBA_V1.3.0RC1, STM32Cube_FW_WB_V1.15.0RC1, STM32Cube_FW_WB_V1.16.0, STM32Cube_FW_WB_V1.16.0RC2, STM32Cube_FW_WB_V1.18.0, STM32Cube_FW_WB_V1.19.0, STM32Cube_FW_WL_V1.3.0, X-CUBE-ALGOBUILD_V1.3.0, X-CUBE-ALS_V1.0.1, X-CUBE-AZRTOS-F4_V1.1.0, X-CUBE-AZRTOS-F7_V1.1.0, X-CUBE-AZRTOS-G0_V1.1.0, X-CUBE-AZRTOS-G4_V2.0.0, X-CUBE-AZRTOS-H7_V3.2.0, X-CUBE-AZRTOS-L4_V1.0.0, X-CUBE-AZRTOS-L4_V2.0.0, X-CUBE-AZRTOS-L5_V1.1.0, X-CUBE-AZRTOS-WB_V2.0.0, X-CUBE-AZRTOS-WL_V2.0.0, X-CUBE-BLE1_V7.0.0, X-CUBE-BLE2_V3.3.0, X-CUBE-BLEMGR_V3.1.0, X-CUBE-EEPRMA1_V4.1.0, X-CUBE-EEPRMA1_V5.1.0, X-CUBE-FREERTOS_V1.1.0, X-CUBE-GNSS1_V6.0.0, X-CUBE-MEMS1_V10.0.0, X-CUBE-MEMS1_V9.1.0, X-CUBE-MEMS1_V9.4.0, X-CUBE-MEMS1_V9.6.0, X-CUBE-NFC4_V3.0.0, X-CUBE-NFC7_V1.0.1, X-CUBE-SFXS2LP1_V4.0.0, X-CUBE-SUBG2_V5.0.0, X-CUBE-TOF1_V3.4.0]
2024-04-22 15:58:01,030 [INFO] ApiDb:240 - Found 483 in-development CPN: [B-G473E-ZEST1S, B-WB1M-WPAN1, B-WL5M-SUBG1, NUCLEO-C031C6, NUCLEO-H503RB, NUCLEO-H533RE, NUCLEO-H563ZI, NUCLEO-H7S3L8, NUCLEO-U031R8, NUCLEO-U083RC, NUCLEO-U545RE-Q, NUCLEO-U5A5ZJ-Q, NUCLEO-WBA52CG, NUCLEO-WBA55CG, STEVAL-PROTEUS1, STEVAL-SMARTAG2, STEVAL-STWINBX1, STM320518-EVAL, STM32C0116-DK, STM32C011D6Y3TR, STM32C011D6Y6TR, STM32C011F4P3, STM32C011F4P6, STM32C011F4U3, STM32C011F4U6TR, STM32C011F6P3, STM32C011F6P6, STM32C011F6U3, STM32C011F6U6TR, STM32C011J4M3, STM32C011J4M6, STM32C011J6M3, STM32C011J6M6, STM32C0316-DK, STM32C031C4T3, STM32C031C4T6, STM32C031C4U3, STM32C031C4U6, STM32C031C6T3, STM32C031C6T6, STM32C031C6U3, STM32C031C6U6, STM32C031F4P3, STM32C031F4P6, STM32C031F6P3, STM32C031F6P6, STM32C031G4U3, STM32C031G4U6, STM32C031G6U3, STM32C031G6U6, STM32C031K4T3, STM32C031K4T6, STM32C031K4U3, STM32C031K4U6, STM32C031K6T3, STM32C031K6T6, STM32C031K6U3, STM32C031K6U6, STM32G071K8TXN, STM32G071K8UXN, STM32G081GBU6N, STM32G081KBT6N, STM32G081KBUXN, STM32G0B1CCT6N, STM32G0B1KCT6, STM32G0B1NEY6TR, STM32G0B1RCT6N, STM32G0C1CCT6, STM32G0C1CCT6N, STM32G0C1CCU6N, STM32G0C1CET6N, STM32G0C1CEU6N, STM32G0C1KCT6, STM32G0C1NEY6TR, STM32G0C1RCI6N, STM32G0C1RCT6N, STM32G0C1REI6N, STM32G0C1RET6N, STM32G0C1VCI6, STM32G0C1VEI6, STM32G471CCT6, STM32G471CCU6, STM32G471CET3, STM32G471CET6, STM32G471CEU3, STM32G471CEU6, STM32G471MCT6, STM32G471MET3, STM32G471MET6, STM32G471MEY6TR, STM32G471QCT6, STM32G471QET3, STM32G471RCT6, STM32G471RET3, STM32G471RET6, STM32G471VCH6, STM32G471VCI6, STM32G471VCT6, STM32G471VEH3, STM32G471VEH6, STM32G471VEI3, STM32G471VEI6, STM32G471VET3, STM32G471VET6, STM32G474CCT6, STM32H503CBT6, STM32H503CBU6, STM32H503EBY6TR, STM32H503KBU6, STM32H503RBT6, STM32H523CCT6, STM32H523CCU6, STM32H523CET6, STM32H523CEU6, STM32H523HEY6TR, STM32H523RCT6, STM32H523RET6, STM32H523VCI6, STM32H523VCT6, STM32H523VEI6, STM32H523VET6, STM32H523ZCJ6, STM32H523ZCT6, STM32H523ZEJ6, STM32H523ZET6, STM32H533CET6, STM32H533CEU6, STM32H533HEY6TR, STM32H533RET6, STM32H533VEI6, STM32H533VET6, STM32H533ZEJ6, STM32H533ZET6, STM32H562AGI6, STM32H562AII6, STM32H562IGK6, STM32H562IGT6, STM32H562IIK6, STM32H562IIT6, STM32H562RGT6, STM32H562RGV6, STM32H562RIT6, STM32H562RIV6, STM32H562VGT6, STM32H562VIT6, STM32H562ZGT6, STM32H562ZIT6, STM32H563AGI6, STM32H563AII3Q, STM32H563AII6, STM32H563IGK6, STM32H563IGT6, STM32H563IIK3Q, STM32H563IIK6, STM32H563IIT3Q, STM32H563IIT6, STM32H563MIY3QTR, STM32H563RGT6, STM32H563RGV6, STM32H563RIT6, STM32H563RIV6, STM32H563VGT6, STM32H563VIT3Q, STM32H563VIT6, STM32H563ZGT6, STM32H563ZIT3Q, STM32H563ZIT6, STM32H573AII3Q, STM32H573AII6, STM32H573I-DK, STM32H573IIK3Q, STM32H573IIK6, STM32H573IIT3Q, STM32H573IIT6, STM32H573MIY3QTR, STM32H573RIT6, STM32H573RIV6, STM32H573VIT3Q, STM32H573VIT6, STM32H573ZIT3Q, STM32H573ZIT6, STM32H7R3A8I6, STM32H7R3I8K6, STM32H7R3I8T6, STM32H7R3L8H6, STM32H7R3L8H6H, STM32H7R3R8V6, STM32H7R3V8H6, STM32H7R3V8T6, STM32H7R3V8Y6, STM32H7R3Z8J6, STM32H7R3Z8T6, STM32H7R7A8I6, STM32H7R7I8K6, STM32H7R7I8T6, STM32H7R7L8H6, STM32H7R7L8H6H, STM32H7R7Z8J6, STM32H7S3A8I6, STM32H7S3I8K6, STM32H7S3I8T6, STM32H7S3L8H6, STM32H7S3L8H6H, STM32H7S3R8V6, STM32H7S3V8H6, STM32H7S3V8T6, STM32H7S3V8Y6, STM32H7S3Z8J6, STM32H7S3Z8T6, STM32H7S78-DK, STM32H7S7A8I6, STM32H7S7I8K6, STM32H7S7I8T6, STM32H7S7L8H6, STM32H7S7L8H6H, STM32H7S7Z8J6, STM32L4R5QGI6STR, STM32MP131AAE3, STM32MP131AAF3, STM32MP131AAG3, STM32MP131CAE3, STM32MP131CAF3, STM32MP131CAG3, STM32MP131DAE7, STM32MP131DAF7, STM32MP131DAG7, STM32MP131FAE7, STM32MP131FAF7, STM32MP131FAG7, STM32MP133AAE3, STM32MP133AAF3, STM32MP133AAG3, STM32MP133CAE3, STM32MP133CAF3, STM32MP133CAG3, STM32MP133DAE7, STM32MP133DAF7, STM32MP133DAG7, STM32MP133FAE7, STM32MP133FAF7, STM32MP133FAG7, STM32MP135AAE3, STM32MP135AAF3, STM32MP135AAG3, STM32MP135CAE3, STM32MP135CAF3, STM32MP135CAG3, STM32MP135DAE7, STM32MP135DAF7, STM32MP135DAG7, STM32MP135F-DK, STM32MP135FAE7, STM32MP135FAF7, STM32MP135FAF7T, STM32MP135FAF7U, STM32MP135FAG7, STM32U031C6T6, STM32U031C6U6, STM32U031C8T6, STM32U031C8U6, STM32U031F4P6, STM32U031F6P6, STM32U031F8P6, STM32U031G6Y6TR, STM32U031G8Y6TR, STM32U031K4U6, STM32U031K6U6, STM32U031K8U6, STM32U031R6I6, STM32U031R6T6, STM32U031R8I6, STM32U031R8T6, STM32U073C8T6, STM32U073C8U6, STM32U073CBT6, STM32U073CBU6, STM32U073CCT6, STM32U073CCU6, STM32U073H8Y6TR, STM32U073HBY6TR, STM32U073HCY6TR, STM32U073K8U6, STM32U073KBU6, STM32U073KCU6, STM32U073M8I6, STM32U073M8T6, STM32U073MBI6, STM32U073MBT6, STM32U073MCI6, STM32U073MCT6, STM32U073R8I6, STM32U073R8T6, STM32U073RBI6, STM32U073RBT6, STM32U073RCI6, STM32U073RCT6, STM32U083C-DK, STM32U083CCT6, STM32U083CCU6, STM32U083HCY6TR, STM32U083KCU6, STM32U083MCI6, STM32U083MCT6, STM32U083RCI6, STM32U083RCT6, STM32U535CBT6, STM32U535CBT6Q, STM32U535CBU6, STM32U535CBU6Q, STM32U535CCT6, STM32U535CCT6Q, STM32U535CCU6, STM32U535CCU6Q, STM32U535CET6, STM32U535CET6Q, STM32U535CEU6, STM32U535CEU6Q, STM32U535JEY6QTR, STM32U535NCY6QTR, STM32U535NEY6QTR, STM32U535RBI6, STM32U535RBI6Q, STM32U535RBT6, STM32U535RBT6Q, STM32U535RCI6, STM32U535RCI6Q, STM32U535RCT6, STM32U535RCT6Q, STM32U535REI6, STM32U535REI6Q, STM32U535RET6, STM32U535RET6Q, STM32U535VCI6, STM32U535VCI6Q, STM32U535VCT6, STM32U535VCT6Q, STM32U535VEI6, STM32U535VEI6Q, STM32U535VET6, STM32U535VET6Q, STM32U545CET6, STM32U545CET6Q, STM32U545CEU6, STM32U545CEU6Q, STM32U545JEY6QTR, STM32U545NEY6QTR, STM32U545REI6, STM32U545REI6Q, STM32U545RET6, STM32U545RET6Q, STM32U545VEI6, STM32U545VEI6Q, STM32U545VET6, STM32U545VET6Q, STM32U595AIH6, STM32U595AIH6Q, STM32U595AJH6, STM32U595AJH6Q, STM32U595QII6, STM32U595QII6Q, STM32U595QJI6, STM32U595QJI6Q, STM32U595RIT6, STM32U595RIT6Q, STM32U595RJT6, STM32U595RJT6Q, STM32U595VIT6, STM32U595VIT6Q, STM32U595VJT6, STM32U595VJT6Q, STM32U595ZIT6, STM32U595ZIT6Q, STM32U595ZIY6QTR, STM32U595ZJT6, STM32U595ZJT6Q, STM32U595ZJY6QTR, STM32U599BJY6QTR, STM32U599NIH6Q, STM32U599NJH6Q, STM32U599VIT6Q, STM32U599VJT6, STM32U599VJT6Q, STM32U599ZIT6Q, STM32U599ZIY6QTR, STM32U599ZJT6Q, STM32U599ZJY6QTR, STM32U5A5AJH6, STM32U5A5AJH6Q, STM32U5A5QII3Q , STM32U5A5QJI6, STM32U5A5QJI6Q, STM32U5A5RJT6, STM32U5A5RJT6Q, STM32U5A5VJT6, STM32U5A5VJT6Q, STM32U5A5ZJT6, STM32U5A5ZJT6Q, STM32U5A5ZJY6QTR, STM32U5A9BJY6QTR, STM32U5A9J-DK, STM32U5A9NJH6Q, STM32U5A9VJT6Q, STM32U5A9ZJT6Q, STM32U5A9ZJY6QTR, STM32U5F7VIT6, STM32U5F7VIT6Q, STM32U5F7VJT6, STM32U5F7VJT6Q, STM32U5F9BJY6QTR, STM32U5F9NJH6Q, STM32U5F9VIT6Q, STM32U5F9VJT6Q, STM32U5F9ZIJ6QTR, STM32U5F9ZIT6Q, STM32U5F9ZJJ6QTR, STM32U5F9ZJT6Q, STM32U5G7VJT6, STM32U5G7VJT6Q, STM32U5G9BJY6QTR, STM32U5G9J-DK1, STM32U5G9J-DK2, STM32U5G9NJH6Q, STM32U5G9VJT6Q, STM32U5G9ZJJ6QTR, STM32U5G9ZJT6Q, STM32WB1MMCH6, STM32WBA50KEU6, STM32WBA50KEU6TR, STM32WBA50KGU6, STM32WBA50KGU6TR, STM32WBA52CEU6, STM32WBA52CEU6TR, STM32WBA52CEU7, STM32WBA52CEU7TR, STM32WBA52CGU6, STM32WBA52CGU6TR, STM32WBA52CGU6U, STM32WBA52CGU7, STM32WBA52CGU7TR, STM32WBA52KEU6, STM32WBA52KEU6TR, STM32WBA52KGU6, STM32WBA52KGU6TR, STM32WBA54CEU6, STM32WBA54CEU6TR, STM32WBA54CEU7, STM32WBA54CEU7TR, STM32WBA54CGU6, STM32WBA54CGU6TR, STM32WBA54CGU7, STM32WBA54CGU7TR, STM32WBA54KEU6, STM32WBA54KEU6TR, STM32WBA54KEU7, STM32WBA54KEU7TR, STM32WBA54KGU6, STM32WBA54KGU6TR, STM32WBA54KGU7, STM32WBA54KGU7TR, STM32WBA55CEU6, STM32WBA55CEU6TR, STM32WBA55CEU7, STM32WBA55CEU7TR, STM32WBA55CGU6, STM32WBA55CGU6TR, STM32WBA55CGU6U, STM32WBA55CGU7, STM32WBA55CGU7TR, STM32WBA55G-DK1, STM32WBA55HEF6, STM32WBA55HEF7, STM32WBA55HGF6, STM32WBA55HGF7, STM32WBA55UEI6, STM32WBA55UEI6TR, STM32WBA55UEI7, STM32WBA55UEI7TR, STM32WBA55UGI6, STM32WBA55UGI6TR, STM32WBA55UGI7, STM32WBA55UGI7TR, STM32WL5MOCH6, STM32WL5MOCH6TR]
2024-04-22 15:58:01,038 [INFO] DbMcus:218 - Found 4094 MCUs, 4094 are supported
2024-04-22 15:58:01,045 [INFO] ApiDb:423 - Load user favorites file C:\Users\aordu/.stm32cubeide/favorites.mcus.txt: 3 item(s)
2024-04-22 15:58:01,046 [INFO] ApiDb:427 - User favorites MCUs=[STM32F401CCU6, STM32F767ZIT6, STM32L152RCT6]
2024-04-22 15:58:01,046 [INFO] DbMcus:224 - Set 3 / 3 favorites MCUs
2024-04-22 15:58:01,348 [INFO] ApiDb:423 - Load user favorites file C:\Users\aordu/.stm32cubeide/favorites.boards.txt: 0 item(s)
2024-04-22 15:58:01,349 [INFO] ApiDb:427 - User favorites Boards=[]
2024-04-22 15:58:01,349 [INFO] DbBoards:198 - Set 0 / 0 favorites Boards
2024-04-22 15:58:01,349 [INFO] McuFinderGlobals:76 - Set McuFinderConnectedMode to false
2024-04-22 15:58:01,357 [INFO] MultiScanPanel:200 - Auto-refresh data requested => check proxy status ongoing
2024-04-22 15:58:01,357 [INFO] MultiScanPanel:204 - Proxy status is invalid
2024-04-22 15:58:01,360 [INFO] FinderPluginLoader:95 - Searching for filters in installed packs
2024-04-22 15:58:02,747 [INFO] DetailPanel:341 - Set advertising image to C:/Users/aordu/STM32Cube/Repository/\en.prom-stm32wl3-mcu-finder.jpg
2024-04-22 15:59:37,500 [INFO] MultiScanPanel:200 - Auto-refresh data requested => check proxy status ongoing
2024-04-22 15:59:37,501 [INFO] MultiScanPanel:204 - Proxy status is invalid
2024-04-22 15:59:37,578 [INFO] DetailPanel:341 - Set advertising image to C:/Users/aordu/STM32Cube/Repository/\en.prom-stm32wl3-mcu-finder.jpg
2024-04-22 15:59:37,588 [INFO] DbBoards:642 - Loading board mini-images...
2024-04-22 15:59:39,161 [INFO] DbBoards:665 - Loaded 199 board mini-images
2024-04-22 15:59:53,244 [INFO] MultiScanPanel:200 - Auto-refresh data requested => check proxy status ongoing
2024-04-22 15:59:53,244 [INFO] MultiScanPanel:204 - Proxy status is invalid
2024-04-22 15:59:53,247 [INFO] ApiDb:668 - CubeFinder database Data Model version=2.1
2024-04-22 15:59:53,247 [INFO] ApiDb:669 - CubeFinder database Configuration version=3.0.39
2024-04-22 15:59:53,247 [INFO] ApiDb:670 - CubeFinder database generation date=2024-03-25 (1711369621)
2024-04-22 15:59:53,247 [INFO] ApiDb:671 - CubeFinder database FW Pack versions=[FP-ATR-ASTRA1_V2.0.0, FP-SNS-FLIGHT1_V5.0.1, FP-SNS-FLIGHT1_V5.0.2, FP-SNS-MOTENV1_V4.3.1, FP-SNS-MOTENV1_V4.3.2, FP-SNS-MOTENVWB1_V1.3.1, FP-SNS-SMARTAG2_V1.2.0, STM32Cube_FW_C0_V1.1.0, STM32Cube_FW_F4_V1.28.0, STM32Cube_FW_F7_V1.17.0, STM32Cube_FW_G0_V1.6.2, STM32Cube_FW_G4_V1.5.2, STM32Cube_FW_H5_V0.5.1, STM32Cube_FW_H5_V1.1.1, STM32Cube_FW_H5_V1.2.0, STM32Cube_FW_H5_V1.2.0RC4, STM32Cube_FW_H7RS_V1.0.0, STM32Cube_FW_H7RS_V1.0.0RC4, STM32Cube_FW_H7_V1.11.0, STM32Cube_FW_L0_V1.12.2, STM32Cube_FW_L5_V1.5.1, STM32Cube_FW_U0_V1.0.0, STM32Cube_FW_U0_V1.0.0RC1, STM32Cube_FW_U5_V1.3.0RC4, STM32Cube_FW_U5_V1.5.0, STM32Cube_FW_U5_V1.5.0RC1, STM32Cube_FW_WBA_V1.0.0RC1, STM32Cube_FW_WBA_V1.2.0, STM32Cube_FW_WBA_V1.2.0RC2, STM32Cube_FW_WBA_V1.3.0, STM32Cube_FW_WBA_V1.3.0RC1, STM32Cube_FW_WB_V1.15.0RC1, STM32Cube_FW_WB_V1.16.0, STM32Cube_FW_WB_V1.16.0RC2, STM32Cube_FW_WB_V1.18.0, STM32Cube_FW_WB_V1.19.0, STM32Cube_FW_WL_V1.3.0, X-CUBE-ALGOBUILD_V1.3.0, X-CUBE-ALS_V1.0.1, X-CUBE-AZRTOS-F4_V1.1.0, X-CUBE-AZRTOS-F7_V1.1.0, X-CUBE-AZRTOS-G0_V1.1.0, X-CUBE-AZRTOS-G4_V2.0.0, X-CUBE-AZRTOS-H7_V3.2.0, X-CUBE-AZRTOS-L4_V1.0.0, X-CUBE-AZRTOS-L4_V2.0.0, X-CUBE-AZRTOS-L5_V1.1.0, X-CUBE-AZRTOS-WB_V2.0.0, X-CUBE-AZRTOS-WL_V2.0.0, X-CUBE-BLE1_V7.0.0, X-CUBE-BLE2_V3.3.0, X-CUBE-BLEMGR_V3.1.0, X-CUBE-EEPRMA1_V4.1.0, X-CUBE-EEPRMA1_V5.1.0, X-CUBE-FREERTOS_V1.1.0, X-CUBE-GNSS1_V6.0.0, X-CUBE-MEMS1_V10.0.0, X-CUBE-MEMS1_V9.1.0, X-CUBE-MEMS1_V9.4.0, X-CUBE-MEMS1_V9.6.0, X-CUBE-NFC4_V3.0.0, X-CUBE-NFC7_V1.0.1, X-CUBE-SFXS2LP1_V4.0.0, X-CUBE-SUBG2_V5.0.0, X-CUBE-TOF1_V3.4.0]
2024-04-22 15:59:53,867 [ERROR] DbExamplesSqlite:437 - Missing JSON key: board_cpn
2024-04-22 15:59:53,867 [ERROR] DbExamplesSqlite:437 - Missing JSON key: board_cpn
2024-04-22 15:59:53,867 [ERROR] DbExamplesSqlite:437 - Missing JSON key: board_cpn
2024-04-22 15:59:53,867 [ERROR] DbExamplesSqlite:437 - Missing JSON key: board_cpn
2024-04-22 15:59:53,952 [INFO] DbExamplesSqlite:395 - Ignored 60 examples not supported by CubeIDE
2024-04-22 15:59:53,953 [INFO] DbExamplesSqlite:396 - Found 8152 examples active
2024-04-22 15:59:53,953 [INFO] DbExamplesSqlite:397 - Found 871 examples obsolete
2024-04-22 15:59:53,953 [INFO] DbExamplesSqlite:398 - Found 0 examples under development
2024-04-22 15:59:53,953 [INFO] DbExamplesSqlite:399 - Found 10 examples not building
2024-04-22 15:59:53,954 [INFO] DbExamples:125 - Found 8102 examples
2024-04-22 15:59:53,976 [ERROR] DbExamples:208 - Found 48 examples with invalid data (board or MCU)
2024-04-22 15:59:53,976 [INFO] DbExamples:222 - Found 101 boards with related examples
2024-04-22 15:59:53,977 [INFO] DbExamples:235 - Found 85 MCUs with related examples
2024-04-22 15:59:53,994 [INFO] ApiDb:423 - Load user favorites file C:\Users\aordu/.stm32cubeide/favorites.examples.txt: 0 item(s)
2024-04-22 15:59:53,994 [INFO] ApiDb:427 - User favorites Examples=[]
2024-04-22 15:59:53,995 [INFO] DbExamples:250 - Set 0 / 0 favorites Examples
2024-04-22 15:59:54,268 [INFO] SoftwarePacks:127 - Download is needed for SW pack 'FP-ATR-ASTRA1_V2.0.0'
2024-04-22 15:59:54,268 [INFO] SoftwarePacks:127 - Download is needed for SW pack 'FP-SNS-FLIGHT1_V5.0.2'
2024-04-22 15:59:54,268 [INFO] SoftwarePacks:127 - Download is needed for SW pack 'FP-SNS-MOTENV1_V4.3.2'
2024-04-22 15:59:54,268 [INFO] SoftwarePacks:127 - Download is needed for SW pack 'FP-SNS-MOTENVWB1_V1.3.1'
2024-04-22 15:59:54,268 [INFO] SoftwarePacks:127 - Download is needed for SW pack 'FP-SNS-SMARTAG2_V1.2.0'
2024-04-22 15:59:54,287 [INFO] SoftwarePacks:127 - Download is needed for SW pack 'STM32Cube_FW_C0_V1.1.0'
2024-04-22 15:59:54,304 [INFO] SoftwarePacks:131 - Found SW pack 'STM32Cube_FW_F4_V1.28.0' up-to-date on disk.
2024-04-22 15:59:54,320 [INFO] SoftwarePacks:131 - Found SW pack 'STM32Cube_FW_F7_V1.17.0' up-to-date on disk.
2024-04-22 15:59:54,334 [INFO] SoftwarePacks:127 - Download is needed for SW pack 'STM32Cube_FW_G0_V1.6.2'
2024-04-22 15:59:54,351 [INFO] SoftwarePacks:131 - Found SW pack 'STM32Cube_FW_G4_V1.5.2' up-to-date on disk.
2024-04-22 15:59:54,367 [INFO] SoftwarePacks:127 - Download is needed for SW pack 'STM32Cube_FW_H5_V1.2.0'
2024-04-22 15:59:54,382 [INFO] SoftwarePacks:127 - Download is needed for SW pack 'STM32Cube_FW_H7RS_V1.0.0'
2024-04-22 15:59:54,415 [INFO] SoftwarePacks:127 - Download is needed for SW pack 'STM32Cube_FW_H7_V1.11.0'
2024-04-22 15:59:54,435 [INFO] SoftwarePacks:127 - Download is needed for SW pack 'STM32Cube_FW_L0_V1.12.2'
2024-04-22 15:59:54,455 [INFO] SoftwarePacks:127 - Download is needed for SW pack 'STM32Cube_FW_L5_V1.5.1'
2024-04-22 15:59:54,474 [INFO] SoftwarePacks:127 - Download is needed for SW pack 'STM32Cube_FW_U0_V1.0.0'
2024-04-22 15:59:54,493 [INFO] SoftwarePacks:127 - Download is needed for SW pack 'STM32Cube_FW_U5_V1.5.0'
2024-04-22 15:59:54,511 [INFO] SoftwarePacks:127 - Download is needed for SW pack 'STM32Cube_FW_WBA_V1.3.0'
2024-04-22 15:59:54,532 [INFO] SoftwarePacks:127 - Download is needed for SW pack 'STM32Cube_FW_WB_V1.19.0'
2024-04-22 15:59:54,552 [INFO] SoftwarePacks:127 - Download is needed for SW pack 'STM32Cube_FW_WL_V1.3.0'
2024-04-22 15:59:54,553 [INFO] SoftwarePacks:127 - Download is needed for SW pack 'X-CUBE-ALGOBUILD_V1.3.0'
2024-04-22 15:59:54,553 [INFO] SoftwarePacks:127 - Download is needed for SW pack 'X-CUBE-ALS_V1.0.1'
2024-04-22 15:59:54,553 [INFO] SoftwarePacks:127 - Download is needed for SW pack 'X-CUBE-AZRTOS-F4_V1.1.0'
2024-04-22 15:59:54,553 [INFO] SoftwarePacks:127 - Download is needed for SW pack 'X-CUBE-AZRTOS-F7_V1.1.0'
2024-04-22 15:59:54,553 [INFO] SoftwarePacks:127 - Download is needed for SW pack 'X-CUBE-AZRTOS-G0_V1.1.0'
2024-04-22 15:59:54,553 [INFO] SoftwarePacks:127 - Download is needed for SW pack 'X-CUBE-AZRTOS-G4_V2.0.0'
2024-04-22 15:59:54,553 [INFO] SoftwarePacks:127 - Download is needed for SW pack 'X-CUBE-AZRTOS-H7_V3.2.0'
2024-04-22 15:59:54,553 [INFO] SoftwarePacks:127 - Download is needed for SW pack 'X-CUBE-AZRTOS-L4_V2.0.0'
2024-04-22 15:59:54,553 [INFO] SoftwarePacks:127 - Download is needed for SW pack 'X-CUBE-AZRTOS-L5_V1.1.0'
2024-04-22 15:59:54,553 [INFO] SoftwarePacks:127 - Download is needed for SW pack 'X-CUBE-AZRTOS-WB_V2.0.0'
2024-04-22 15:59:54,554 [INFO] SoftwarePacks:127 - Download is needed for SW pack 'X-CUBE-AZRTOS-WL_V2.0.0'
2024-04-22 15:59:54,554 [INFO] SoftwarePacks:127 - Download is needed for SW pack 'X-CUBE-BLE1_V7.0.0'
2024-04-22 15:59:54,554 [INFO] SoftwarePacks:127 - Download is needed for SW pack 'X-CUBE-BLE2_V3.3.0'
2024-04-22 15:59:54,554 [INFO] SoftwarePacks:127 - Download is needed for SW pack 'X-CUBE-BLEMGR_V3.1.0'
2024-04-22 15:59:54,554 [INFO] SoftwarePacks:127 - Download is needed for SW pack 'X-CUBE-EEPRMA1_V5.1.0'
2024-04-22 15:59:54,554 [INFO] SoftwarePacks:127 - Download is needed for SW pack 'X-CUBE-FREERTOS_V1.1.0'
2024-04-22 15:59:54,554 [INFO] SoftwarePacks:127 - Download is needed for SW pack 'X-CUBE-GNSS1_V6.0.0'
2024-04-22 15:59:54,554 [INFO] SoftwarePacks:127 - Download is needed for SW pack 'X-CUBE-MEMS1_V10.0.0'
2024-04-22 15:59:54,554 [INFO] SoftwarePacks:127 - Download is needed for SW pack 'X-CUBE-NFC4_V3.0.0'
2024-04-22 15:59:54,554 [INFO] SoftwarePacks:127 - Download is needed for SW pack 'X-CUBE-NFC7_V1.0.1'
2024-04-22 15:59:54,554 [INFO] SoftwarePacks:127 - Download is needed for SW pack 'X-CUBE-SFXS2LP1_V4.0.0'
2024-04-22 15:59:54,554 [INFO] SoftwarePacks:127 - Download is needed for SW pack 'X-CUBE-SUBG2_V5.0.0'
2024-04-22 15:59:54,555 [INFO] SoftwarePacks:127 - Download is needed for SW pack 'X-CUBE-TOF1_V3.4.0'
2024-04-22 15:59:55,546 [INFO] DetailPanel:341 - Set advertising image to C:/Users/aordu/STM32Cube/Repository/\en.prom-stm32wl3-mcu-finder.jpg
2024-04-22 15:59:57,152 [INFO] McuFinderGlobals:76 - Set McuFinderConnectedMode to true
2024-04-22 15:59:57,154 [INFO] ApiDb:448 - Save user favorites file C:\Users\aordu/.stm32cubeide/favorites.mcus.txt: 3 item(s)
2024-04-22 15:59:57,154 [INFO] ApiDb:452 - User favorites MCUs=[STM32F401CCU6, STM32F767ZIT6, STM32L152RCT6]
2024-04-22 15:59:57,156 [INFO] ApiDb:448 - Save user favorites file C:\Users\aordu/.stm32cubeide/favorites.boards.txt: 0 item(s)
2024-04-22 15:59:57,156 [INFO] ApiDb:452 - User favorites Boards=[]
2024-04-22 15:59:57,158 [INFO] ApiDb:448 - Save user favorites file C:\Users\aordu/.stm32cubeide/favorites.examples.txt: 0 item(s)
2024-04-22 15:59:57,158 [INFO] ApiDb:452 - User favorites Examples=[]
