2024-04-20 19:08:27,211 [INFO] Activator:176 - 


2024-04-20 19:08:27,213 [INFO] Activator:177 - !SESSION log4j initialized
2024-04-20 19:08:30,173 [INFO] LogOutputStream:77 - [STDOUT_REDIRECT] 
2024-04-20 19:08:31,885 [INFO] ApplicationProperties:184 - Using Application install path: C:\ST\STM32CubeIDE_1.8.0\STM32CubeIDE\plugins\com.st.stm32cube.common.mx_6.11.0.202403141607
2024-04-20 19:08:31,903 [INFO] DbMcusXml:78 - Set database path to: C:\ST\STM32CubeIDE_1.8.0\STM32CubeIDE\plugins\com.st.stm32cube.common.mx_6.11.0.202403141607\\db\/mcu/
2024-04-20 19:08:31,904 [INFO] ApiDb:274 - Set plugin database path to: C:\ST\STM32CubeIDE_1.8.0\STM32CubeIDE\plugins\com.st.stm32cube.common.mx_6.11.0.202403141607\\db\/plugins/boardmanager/
2024-04-20 19:08:31,905 [WARN] ApiDb:259 - Overriding images path with different value:  => C:\ST\STM32CubeIDE_1.8.0\STM32CubeIDE\plugins\com.st.stm32cube.common.mx_6.11.0.202403141607\\db\/plugins/mcufinder/images/
2024-04-20 19:08:31,911 [INFO] ApiDb:250 - Set database path to: C:\Users\aordu\.stmcufinder\plugins\mcufinder//mcu/
2024-04-20 19:08:31,912 [INFO] DbMcusAds:125 - Set database path to: C:\Users\aordu\.stmcufinder\plugins\mcufinder//mcu/
2024-04-20 19:08:31,914 [INFO] CrossReferenceDbSqlite:203 - Set database path to: C:\Users\aordu\.stmcufinder\plugins\mcufinder//mcu/cs/
2024-04-20 19:08:32,031 [INFO] RulesReader:64 - Compatibility file has been processed (297 Rules)
2024-04-20 19:08:32,111 [INFO] DbMcusXml:78 - Set database path to: C:\ST\STM32CubeIDE_1.8.0\STM32CubeIDE\plugins\com.st.stm32cube.common.mx_6.11.0.202403141607\\db\/mcu/
2024-04-20 19:08:32,111 [INFO] ApiDb:274 - Set plugin database path to: C:\ST\STM32CubeIDE_1.8.0\STM32CubeIDE\plugins\com.st.stm32cube.common.mx_6.11.0.202403141607\\db\/plugins/boardmanager/
2024-04-20 19:08:32,112 [INFO] ApiDb:261 - Set plugin images path to: C:\ST\STM32CubeIDE_1.8.0\STM32CubeIDE\plugins\com.st.stm32cube.common.mx_6.11.0.202403141607\\db\/plugins/mcufinder/images/
2024-04-20 19:08:32,112 [WARN] DbFile:41 - Overriding database path with different value: C:\Users\aordu\.stmcufinder\plugins\mcufinder/ => C:\Users\aordu\.stmcufinder\plugins\mcufinder
2024-04-20 19:08:32,112 [INFO] ApiDb:250 - Set database path to: C:\Users\aordu\.stmcufinder\plugins\mcufinder//mcu/
2024-04-20 19:08:32,112 [WARN] DbFile:41 - Overriding database path with different value: C:\Users\aordu\.stmcufinder\plugins\mcufinder/ => C:\Users\aordu\.stmcufinder\plugins\mcufinder
2024-04-20 19:08:32,112 [INFO] DbMcusAds:125 - Set database path to: C:\Users\aordu\.stmcufinder\plugins\mcufinder//mcu/
2024-04-20 19:08:32,112 [WARN] DbFile:41 - Overriding database path with different value: C:\Users\aordu\.stmcufinder\plugins\mcufinder/ => C:\Users\aordu\.stmcufinder\plugins\mcufinder
2024-04-20 19:08:32,112 [WARN] DbFile:41 - Overriding database path with different value: C:\Users\aordu\.stmcufinder\plugins\mcufinder/ => C:\Users\aordu\.stmcufinder\plugins\mcufinder
2024-04-20 19:08:32,112 [INFO] CrossReferenceDbSqlite:203 - Set database path to: C:\Users\aordu\.stmcufinder\plugins\mcufinder//mcu/cs/
2024-04-20 19:08:32,182 [INFO] MainPanel:264 - HeapMemory: 268435456
2024-04-20 19:08:32,244 [INFO] DbMcusXml:78 - Set database path to: C:\ST\STM32CubeIDE_1.8.0\STM32CubeIDE\plugins\com.st.stm32cube.common.mx_6.11.0.202403141607\\db\/mcu/
2024-04-20 19:08:32,244 [INFO] ApiDb:274 - Set plugin database path to: C:\ST\STM32CubeIDE_1.8.0\STM32CubeIDE\plugins\com.st.stm32cube.common.mx_6.11.0.202403141607\\db\/plugins/boardmanager/
2024-04-20 19:08:32,244 [INFO] ApiDb:261 - Set plugin images path to: C:\ST\STM32CubeIDE_1.8.0\STM32CubeIDE\plugins\com.st.stm32cube.common.mx_6.11.0.202403141607\\db\/plugins/mcufinder/images/
2024-04-20 19:08:32,245 [WARN] DbFile:41 - Overriding database path with different value: C:\Users\aordu\.stmcufinder\plugins\mcufinder/ => C:\Users\aordu\.stmcufinder\plugins\mcufinder
2024-04-20 19:08:32,245 [INFO] ApiDb:250 - Set database path to: C:\Users\aordu\.stmcufinder\plugins\mcufinder//mcu/
2024-04-20 19:08:32,245 [WARN] DbFile:41 - Overriding database path with different value: C:\Users\aordu\.stmcufinder\plugins\mcufinder/ => C:\Users\aordu\.stmcufinder\plugins\mcufinder
2024-04-20 19:08:32,245 [INFO] DbMcusAds:125 - Set database path to: C:\Users\aordu\.stmcufinder\plugins\mcufinder//mcu/
2024-04-20 19:08:32,245 [WARN] DbFile:41 - Overriding database path with different value: C:\Users\aordu\.stmcufinder\plugins\mcufinder/ => C:\Users\aordu\.stmcufinder\plugins\mcufinder
2024-04-20 19:08:32,245 [WARN] DbFile:41 - Overriding database path with different value: C:\Users\aordu\.stmcufinder\plugins\mcufinder/ => C:\Users\aordu\.stmcufinder\plugins\mcufinder
2024-04-20 19:08:32,245 [INFO] CrossReferenceDbSqlite:203 - Set database path to: C:\Users\aordu\.stmcufinder\plugins\mcufinder//mcu/cs/
2024-04-20 19:08:32,265 [INFO] ApplicationProperties:184 - Using Application install path: C:\ST\STM32CubeIDE_1.8.0\STM32CubeIDE\plugins\com.st.stm32cube.common.mx_6.11.0.202403141607
2024-04-20 19:08:32,266 [INFO] PluginManage:196 - Search for loadable plugins [exclusion list=, ]
2024-04-20 19:08:32,268 [INFO] PluginManage:310 - Check plugin analytics
2024-04-20 19:08:32,447 [INFO] AnalyticsPlugin:253 - Accepted Software Licenses: STM32CubeMX.6.7.0
2024-04-20 19:08:32,447 [INFO] AnalyticsPlugin:255 - Accepted CMSIS Pack Licenses: 
2024-04-20 19:08:32,447 [INFO] AnalyticsPlugin:257 - Accepted Firmware Licenses: FW.G4.1.5.0
2024-04-20 19:08:32,449 [INFO] PluginManage:359 - Loaded plugin analytics (category:tool,tabindex:-1)
2024-04-20 19:08:32,450 [INFO] PluginManage:310 - Check plugin cadmodel
2024-04-20 19:08:32,454 [INFO] CADModel:105 - Init CAD model plugin
2024-04-20 19:08:32,454 [INFO] PluginManage:359 - Loaded plugin cadmodel (category:power,tabindex:5)
2024-04-20 19:08:32,454 [INFO] PluginManage:310 - Check plugin clock
2024-04-20 19:08:32,463 [INFO] PluginManage:359 - Loaded plugin clock (category:base,tabindex:2)
2024-04-20 19:08:32,463 [INFO] PluginManage:310 - Check plugin ddr
2024-04-20 19:08:32,466 [INFO] PluginManage:359 - Loaded plugin ddr (category:tool,tabindex:6)
2024-04-20 19:08:32,466 [INFO] PluginManage:310 - Check plugin filemanager
2024-04-20 19:08:32,619 [INFO] PluginManage:359 - Loaded plugin filemanager (category:base,tabindex:10)
2024-04-20 19:08:32,619 [INFO] PluginManage:310 - Check plugin ipmanager
2024-04-20 19:08:32,626 [INFO] PluginManage:359 - Loaded plugin ipmanager (category:base,tabindex:5)
2024-04-20 19:08:32,627 [INFO] PluginManage:310 - Check plugin lpbam
2024-04-20 19:08:32,638 [INFO] PluginManage:359 - Loaded plugin lpbam (category:base,tabindex:0)
2024-04-20 19:08:32,638 [INFO] PluginManage:310 - Check plugin memorymap
2024-04-20 19:08:32,649 [INFO] PluginManage:359 - Loaded plugin memorymap (category:base,tabindex:4)
2024-04-20 19:08:32,649 [INFO] PluginManage:310 - Check plugin pinoutandconfiguration
2024-04-20 19:08:32,655 [INFO] PluginManage:359 - Loaded plugin pinoutandconfiguration (category:base,tabindex:1)
2024-04-20 19:08:32,655 [INFO] PluginManage:310 - Check plugin pinoutconfig
2024-04-20 19:08:32,776 [WARN] SupportedApi:132 - Cannot load RTOS API schema: s4s-elt-must-match.1: The content of 'definitions' must match (annotation?, (simpleType | complexType)?, (unique | key | keyref)*)). A problem was found starting at: attribute.
2024-04-20 19:08:32,928 [INFO] PluginManage:359 - Loaded plugin pinoutconfig (category:base,tabindex:0)
2024-04-20 19:08:32,929 [INFO] PluginManage:310 - Check plugin power
2024-04-20 19:08:32,937 [INFO] PluginManage:359 - Loaded plugin power (category:power,tabindex:4)
2024-04-20 19:08:32,937 [INFO] PluginManage:310 - Check plugin projectmanager
2024-04-20 19:08:32,953 [INFO] PluginManage:359 - Loaded plugin projectmanager (category:projectmanager,tabindex:3)
2024-04-20 19:08:32,953 [INFO] PluginManage:310 - Check plugin thirdparty
2024-04-20 19:08:33,069 [INFO] PluginManage:359 - Loaded plugin thirdparty (category:base,tabindex:-1)
2024-04-20 19:08:33,069 [WARN] IntegrityCheckThread:84 - waiting for thirdparty lock release [integrity check]
2024-04-20 19:08:33,069 [INFO] PluginManage:310 - Check plugin tools
2024-04-20 19:08:33,069 [INFO] IntegrityCheckThread:86 - entering critical section [integrity check]
2024-04-20 19:08:33,069 [INFO] ThirdPartyUpdaterWithRetryManager:70 - Updater plugin not ready yet. [1/15]
2024-04-20 19:08:33,073 [INFO] PluginManage:359 - Loaded plugin tools (category:base,tabindex:7)
2024-04-20 19:08:33,073 [INFO] PluginManage:310 - Check plugin tutovideos
2024-04-20 19:08:33,220 [INFO] PluginManage:359 - Loaded plugin tutovideos (category:base,tabindex:-1)
2024-04-20 19:08:33,220 [INFO] PluginManage:310 - Check plugin updater
2024-04-20 19:08:33,229 [INFO] PluginManage:359 - Loaded plugin updater (category:base,tabindex:12)
2024-04-20 19:08:33,229 [INFO] PluginManage:310 - Check plugin userauth
2024-04-20 19:08:33,234 [INFO] UserAuth:114 - Init User Auth plugin
2024-04-20 19:08:33,234 [INFO] PluginManage:359 - Loaded plugin userauth (category:base,tabindex:14)
2024-04-20 19:08:33,235 [INFO] PluginManage:283 - PluginManage : Loaded plugins [17]
2024-04-20 19:08:33,426 [INFO] PinOutPanel:1561 - setPackage(No Configuration,No Configuration)
2024-04-20 19:08:33,498 [INFO] CADModel:165 - CPN selected for project level
2024-04-20 19:08:33,498 [INFO] CADModel:114 - Register for checkConnection events
2024-04-20 19:08:33,514 [INFO] IPUIPlugin:80 - create IPUIPlugin
2024-04-20 19:08:33,515 [INFO] PluginManager:220 - loadIPPluginJar : add adc
2024-04-20 19:08:33,517 [INFO] IPUIPlugin:80 - create IPUIPlugin
2024-04-20 19:08:33,517 [INFO] PluginManager:220 - loadIPPluginJar : add aes
2024-04-20 19:08:33,519 [INFO] IPUIPlugin:80 - create IPUIPlugin
2024-04-20 19:08:33,520 [INFO] PluginManager:220 - loadIPPluginJar : add can
2024-04-20 19:08:33,521 [INFO] IPUIPlugin:80 - create IPUIPlugin
2024-04-20 19:08:33,521 [INFO] PluginManager:220 - loadIPPluginJar : add comp
2024-04-20 19:08:33,523 [INFO] IPUIPlugin:80 - create IPUIPlugin
2024-04-20 19:08:33,523 [INFO] PluginManager:220 - loadIPPluginJar : add cryp
2024-04-20 19:08:33,525 [INFO] IPUIPlugin:80 - create IPUIPlugin
2024-04-20 19:08:33,525 [INFO] PluginManager:220 - loadIPPluginJar : add dfsdm
2024-04-20 19:08:33,530 [INFO] IPUIPlugin:80 - create IPUIPlugin
2024-04-20 19:08:33,531 [INFO] PluginManager:220 - loadIPPluginJar : add dma
2024-04-20 19:08:33,533 [INFO] IPUIPlugin:80 - create IPUIPlugin
2024-04-20 19:08:33,533 [INFO] PluginManager:220 - loadIPPluginJar : add dma3
2024-04-20 19:08:33,536 [INFO] IPUIPlugin:80 - create IPUIPlugin
2024-04-20 19:08:33,536 [INFO] PluginManager:220 - loadIPPluginJar : add extmemmanager
2024-04-20 19:08:33,537 [INFO] IPUIPlugin:80 - create IPUIPlugin
2024-04-20 19:08:33,537 [INFO] PluginManager:220 - loadIPPluginJar : add fatfs
2024-04-20 19:08:33,542 [INFO] IPUIPlugin:80 - create IPUIPlugin
2024-04-20 19:08:33,542 [INFO] PluginManager:220 - loadIPPluginJar : add fmc
2024-04-20 19:08:33,547 [INFO] IPUIPlugin:80 - create IPUIPlugin
2024-04-20 19:08:33,547 [INFO] PluginManager:220 - loadIPPluginJar : add freertos
2024-04-20 19:08:33,548 [INFO] IPUIPlugin:80 - create IPUIPlugin
2024-04-20 19:08:33,548 [INFO] PluginManager:220 - loadIPPluginJar : add genericplugin
2024-04-20 19:08:33,551 [INFO] IPUIPlugin:80 - create IPUIPlugin
2024-04-20 19:08:33,551 [INFO] PluginManager:220 - loadIPPluginJar : add gfxmmu
2024-04-20 19:08:33,555 [INFO] IPUIPlugin:80 - create IPUIPlugin
2024-04-20 19:08:33,556 [INFO] PluginManager:220 - loadIPPluginJar : add gic
2024-04-20 19:08:33,559 [INFO] IPUIPlugin:80 - create IPUIPlugin
2024-04-20 19:08:33,560 [INFO] PluginManager:220 - loadIPPluginJar : add gpio
2024-04-20 19:08:33,562 [INFO] IPUIPlugin:80 - create IPUIPlugin
2024-04-20 19:08:33,562 [INFO] PluginManager:220 - loadIPPluginJar : add gtzc
2024-04-20 19:08:33,564 [INFO] IPUIPlugin:80 - create IPUIPlugin
2024-04-20 19:08:33,564 [INFO] PluginManager:220 - loadIPPluginJar : add hash
2024-04-20 19:08:33,567 [INFO] IPUIPlugin:80 - create IPUIPlugin
2024-04-20 19:08:33,567 [INFO] PluginManager:220 - loadIPPluginJar : add i2c
2024-04-20 19:08:33,569 [INFO] IPUIPlugin:80 - create IPUIPlugin
2024-04-20 19:08:33,569 [INFO] PluginManager:220 - loadIPPluginJar : add i2s
2024-04-20 19:08:33,571 [INFO] IPUIPlugin:80 - create IPUIPlugin
2024-04-20 19:08:33,572 [INFO] PluginManager:220 - loadIPPluginJar : add i3c
2024-04-20 19:08:33,575 [INFO] IPUIPlugin:80 - create IPUIPlugin
2024-04-20 19:08:33,575 [INFO] PluginManager:220 - loadIPPluginJar : add ipddr
2024-04-20 19:08:33,583 [INFO] IPUIPlugin:80 - create IPUIPlugin
2024-04-20 19:08:33,583 [INFO] PluginManager:220 - loadIPPluginJar : add linkedlist
2024-04-20 19:08:33,586 [INFO] IPUIPlugin:80 - create IPUIPlugin
2024-04-20 19:08:33,586 [INFO] PluginManager:220 - loadIPPluginJar : add lorawan
2024-04-20 19:08:33,588 [INFO] IPUIPlugin:80 - create IPUIPlugin
2024-04-20 19:08:33,588 [INFO] PluginManager:220 - loadIPPluginJar : add ltdc
2024-04-20 19:08:33,593 [INFO] IPUIPlugin:80 - create IPUIPlugin
2024-04-20 19:08:33,593 [INFO] PluginManager:220 - loadIPPluginJar : add mdma
2024-04-20 19:08:33,597 [INFO] IPUIPlugin:80 - create IPUIPlugin
2024-04-20 19:08:33,597 [INFO] PluginManager:220 - loadIPPluginJar : add nvic
2024-04-20 19:08:33,599 [INFO] IPUIPlugin:80 - create IPUIPlugin
2024-04-20 19:08:33,600 [INFO] PluginManager:220 - loadIPPluginJar : add opamp
2024-04-20 19:08:33,602 [INFO] IPUIPlugin:80 - create IPUIPlugin
2024-04-20 19:08:33,602 [INFO] PluginManager:220 - loadIPPluginJar : add openamp
2024-04-20 19:08:33,605 [INFO] IPUIPlugin:80 - create IPUIPlugin
2024-04-20 19:08:33,605 [INFO] PluginManager:220 - loadIPPluginJar : add pdm2pcm
2024-04-20 19:08:33,611 [INFO] IPUIPlugin:80 - create IPUIPlugin
2024-04-20 19:08:33,613 [INFO] PluginManager:220 - loadIPPluginJar : add plateformsettings
2024-04-20 19:08:33,615 [INFO] IPUIPlugin:80 - create IPUIPlugin
2024-04-20 19:08:33,615 [INFO] PluginManager:220 - loadIPPluginJar : add quadspi
2024-04-20 19:08:33,618 [INFO] IPUIPlugin:80 - create IPUIPlugin
2024-04-20 19:08:33,618 [INFO] PluginManager:220 - loadIPPluginJar : add resmgrutility
2024-04-20 19:08:33,621 [INFO] IPUIPlugin:80 - create IPUIPlugin
2024-04-20 19:08:33,621 [INFO] PluginManager:220 - loadIPPluginJar : add sai
2024-04-20 19:08:33,623 [INFO] IPUIPlugin:80 - create IPUIPlugin
2024-04-20 19:08:33,623 [INFO] PluginManager:220 - loadIPPluginJar : add spi
2024-04-20 19:08:33,629 [INFO] IPUIPlugin:80 - create IPUIPlugin
2024-04-20 19:08:33,629 [INFO] PluginManager:220 - loadIPPluginJar : add stm32_wpan
2024-04-20 19:08:33,630 [INFO] IPUIPlugin:80 - create IPUIPlugin
2024-04-20 19:08:33,631 [INFO] PluginManager:220 - loadIPPluginJar : add tim
2024-04-20 19:08:33,633 [INFO] IPUIPlugin:80 - create IPUIPlugin
2024-04-20 19:08:33,634 [INFO] PluginManager:220 - loadIPPluginJar : add touchsensing
2024-04-20 19:08:33,635 [INFO] IPUIPlugin:80 - create IPUIPlugin
2024-04-20 19:08:33,636 [INFO] PluginManager:220 - loadIPPluginJar : add tracer_emb
2024-04-20 19:08:33,637 [INFO] IPUIPlugin:80 - create IPUIPlugin
2024-04-20 19:08:33,637 [INFO] PluginManager:220 - loadIPPluginJar : add ts
2024-04-20 19:08:33,639 [INFO] IPUIPlugin:80 - create IPUIPlugin
2024-04-20 19:08:33,639 [INFO] PluginManager:220 - loadIPPluginJar : add tsc
2024-04-20 19:08:33,640 [INFO] IPUIPlugin:80 - create IPUIPlugin
2024-04-20 19:08:33,641 [INFO] PluginManager:220 - loadIPPluginJar : add ucpd
2024-04-20 19:08:33,643 [INFO] IPUIPlugin:80 - create IPUIPlugin
2024-04-20 19:08:33,643 [INFO] PluginManager:220 - loadIPPluginJar : add usart
2024-04-20 19:08:33,646 [INFO] IPUIPlugin:80 - create IPUIPlugin
2024-04-20 19:08:33,646 [INFO] PluginManager:220 - loadIPPluginJar : add usbx
2024-04-20 19:08:33,771 [INFO] CADModel:165 - CPN selected for project level
2024-04-20 19:08:33,772 [INFO] CADModel:114 - Register for checkConnection events
2024-04-20 19:08:33,772 [FATAL] Updater:308 - Updater called before beeing initialized
2024-04-20 19:08:33,772 [ERROR] CADModel:125 - Updater not yet initialized, retry later 
2024-04-20 19:08:33,907 [INFO] CADModel:165 - CPN selected for project level
2024-04-20 19:08:33,907 [INFO] CADModel:114 - Register for checkConnection events
2024-04-20 19:08:33,907 [FATAL] Updater:308 - Updater called before beeing initialized
2024-04-20 19:08:33,907 [ERROR] CADModel:125 - Updater not yet initialized, retry later 
2024-04-20 19:08:33,911 [FATAL] Updater:308 - Updater called before beeing initialized
2024-04-20 19:08:34,001 [FATAL] Updater:308 - Updater called before beeing initialized
2024-04-20 19:08:34,005 [INFO] DbMcusAds:53 - JSON generation date=Wed Nov 29 13:52:27 MSK 2023 (1701255147349)
2024-04-20 19:08:34,006 [FATAL] Updater:308 - Updater called before beeing initialized
2024-04-20 19:08:34,040 [WARN] DetailPanel:346 - Failed to get advertising image, set to default
2024-04-20 19:08:34,133 [FATAL] Updater:308 - Updater called before beeing initialized
2024-04-20 19:08:34,134 [FATAL] Updater:308 - Updater called before beeing initialized
2024-04-20 19:08:34,135 [FATAL] Updater:308 - Updater called before beeing initialized
2024-04-20 19:08:34,135 [WARN] DetailPanel:346 - Failed to get advertising image, set to default
2024-04-20 19:08:34,135 [FATAL] Updater:308 - Updater called before beeing initialized
2024-04-20 19:08:34,183 [ERROR] Updater:1120 - MainUpdater not yet initialized. External WinMGr cannot be set.
2024-04-20 19:08:34,185 [INFO] Updater:1056 - Updater Version found : 6.11.0
2024-04-20 19:08:34,205 [INFO] ApplicationProperties:184 - Using Application install path: C:\ST\STM32CubeIDE_1.8.0\STM32CubeIDE\plugins\com.st.stm32cube.common.mx_6.11.0.202403141607
2024-04-20 19:08:34,495 [ERROR] CheckConnectionManager:249 - Problem, Http access forbiden
2024-04-20 19:08:34,499 [INFO] MainUpdater:2873 - connection check result : 22
2024-04-20 19:08:34,500 [INFO] MainUpdater:290 - Updater Check For Update Now.
2024-04-20 19:08:34,500 [INFO] MicroXplorer:498 - Change Database Version : DB.6.0.110
2024-04-20 19:08:34,507 [INFO] McuFinderGlobals:63 - Set McuFinder mode to 2 (CubeIDE integrated)
2024-04-20 19:08:34,520 [INFO] UserAuth:415 - Internet connection configuration mode: 2
2024-04-20 19:08:34,701 [INFO] CheckServerUpdateThread:120 - End of CheckServer Thread
2024-04-20 19:08:36,221 [WARN] PackLoader:240 - Cannot read IP mode file for STMicroelectronics.X-CUBE-SMBUS.2.1.0
2024-04-20 19:08:36,229 [WARN] PackLoader:240 - Cannot read IP mode file for STMicroelectronics.X-CUBE-TOUCHGFX.4.23.2
2024-04-20 19:08:36,265 [WARN] PackLoader:240 - Cannot read IP mode file for STMicroelectronics.X-CUBE-AZRTOS-F7.1.1.0
2024-04-20 19:08:36,277 [WARN] PackLoader:240 - Cannot read IP mode file for STMicroelectronics.FP-SNS-FLIGHT1.5.0.2
2024-04-20 19:08:36,287 [WARN] PackLoader:240 - Cannot read IP mode file for STMicroelectronics.X-CUBE-DISPLAY.3.0.0
2024-04-20 19:08:36,301 [WARN] PackLoader:240 - Cannot read IP mode file for STMicroelectronics.X-CUBE-BLE1.7.0.0
2024-04-20 19:08:36,308 [WARN] PackLoader:240 - Cannot read IP mode file for emotas.I-CUBE-CANOPEN.1.3.0
2024-04-20 19:08:36,327 [WARN] PackLoader:240 - Cannot read IP mode file for STMicroelectronics.X-CUBE-BLEMGR.3.1.0
2024-04-20 19:08:36,338 [WARN] PackLoader:240 - Cannot read IP mode file for STMicroelectronics.FP-SNS-SMARTAG2.1.2.0
2024-04-20 19:08:36,353 [INFO] LogOutputStream:77 - [STDOUT_REDIRECT] 1 : Invalid condition id : UX_CORESTACK_Condition cause : null
2024-04-20 19:08:36,353 [INFO] LogOutputStream:77 - [STDOUT_REDIRECT] 1 : Invalid condition id : UX_CORESTACK_Condition cause : null
2024-04-20 19:08:36,355 [INFO] LogOutputStream:77 - [STDOUT_REDIRECT] 1 : Invalid condition id : UX_CORESTACK_Condition cause : null
2024-04-20 19:08:36,356 [INFO] LogOutputStream:77 - [STDOUT_REDIRECT] 1 : Invalid condition id : UX_CORESTACK_Condition cause : null
2024-04-20 19:08:36,358 [INFO] LogOutputStream:77 - [STDOUT_REDIRECT] 1 : Invalid condition id : UX_CORESTACK_Condition cause : null
2024-04-20 19:08:36,364 [WARN] PackLoader:240 - Cannot read IP mode file for STMicroelectronics.X-CUBE-AZRTOS-WL.2.0.0
2024-04-20 19:08:36,371 [WARN] PackLoader:240 - Cannot read IP mode file for STMicroelectronics.FP-SNS-MOTENV1.5.0.0
2024-04-20 19:08:36,382 [WARN] PackLoader:240 - Cannot read IP mode file for WES.I-CUBE-Cesium.1.3.0
2024-04-20 19:08:36,388 [WARN] PackLoader:240 - Cannot read IP mode file for STMicroelectronics.X-CUBE-BLE2.3.3.0
2024-04-20 19:08:36,395 [WARN] PackLoader:240 - Cannot read IP mode file for STMicroelectronics.X-CUBE-TCPP.4.1.0
2024-04-20 19:08:36,405 [WARN] PackLoader:240 - Cannot read IP mode file for STMicroelectronics.X-CUBE-ALGOBUILD.1.3.0
2024-04-20 19:08:36,424 [WARN] PackLoader:240 - Cannot read IP mode file for STMicroelectronics.X-CUBE-AZRTOS-G0.1.1.0
2024-04-20 19:08:36,434 [WARN] PackLoader:240 - Cannot read IP mode file for STMicroelectronics.X-CUBE-SAFEA1.1.2.2
2024-04-20 19:08:36,439 [WARN] PackLoader:240 - Cannot read IP mode file for STMicroelectronics.X-CUBE-NFC4.3.0.0
2024-04-20 19:08:36,444 [WARN] PackLoader:240 - Cannot read IP mode file for wolfSSL.I-CUBE-wolfSSL.5.7.0
2024-04-20 19:08:36,448 [WARN] PackLoader:240 - Cannot read IP mode file for STMicroelectronics.FP-ATR-SIGFOX1.3.2.0
2024-04-20 19:08:36,454 [WARN] PackLoader:240 - Cannot read IP mode file for STMicroelectronics.X-CUBE-EEPRMA1.5.1.0
2024-04-20 19:08:36,461 [WARN] PackLoader:240 - Cannot read IP mode file for ITTIA_DB.I-CUBE-ITTIADB.8.9.0
2024-04-20 19:08:36,498 [WARN] PackLoader:240 - Cannot read IP mode file for SEGGER.I-CUBE-embOS.1.3.1
2024-04-20 19:08:36,558 [WARN] PackLoader:240 - Cannot read IP mode file for STMicroelectronics.X-CUBE-GNSS1.6.0.0
2024-04-20 19:08:36,595 [WARN] PackLoader:240 - Cannot read IP mode file for STMicroelectronics.X-CUBE-AZRTOS-F4.1.1.0
2024-04-20 19:08:36,617 [WARN] PackLoader:240 - Cannot read IP mode file for STMicroelectronics.X-CUBE-AZRTOS-L5.2.0.0
2024-04-20 19:08:36,627 [WARN] PackLoader:240 - Cannot read IP mode file for STMicroelectronics.X-CUBE-NFC6.3.1.0
2024-04-20 19:08:36,635 [WARN] PackLoader:240 - Cannot read IP mode file for STMicroelectronics.X-CUBE-NFC7.1.0.1
2024-04-20 19:08:36,642 [WARN] PackLoader:240 - Cannot read IP mode file for STMicroelectronics.X-CUBE-AI.8.1.0
2024-04-20 19:08:36,662 [WARN] ConditionMgr:438 - getConditionDescription Invalid condition id : LAN8742 Phy interface Condition cause : null
2024-04-20 19:08:36,663 [WARN] PackLoader:240 - Cannot read IP mode file for STMicroelectronics.X-CUBE-AZRTOS-L4.2.0.0
2024-04-20 19:08:36,665 [WARN] ConditionMgr:1039 - genDependencies : Invalid condition id : LAN8742 Phy interface Condition cause : null
2024-04-20 19:08:36,665 [WARN] ConditionMgr:1039 - genDependencies : Invalid condition id : LAN8742 Phy interface Condition cause : null
2024-04-20 19:08:36,666 [WARN] ConditionMgr:1039 - genDependencies : Invalid condition id : LAN8742 Phy interface Condition cause : null
2024-04-20 19:08:36,674 [WARN] PackLoader:240 - Cannot read IP mode file for STMicroelectronics.X-CUBE-SFXS2LP1.4.0.0
2024-04-20 19:08:36,690 [WARN] ConditionMgr:438 - getConditionDescription Invalid condition id : UX DEVICE CLASS RTOS Condition cause : null
2024-04-20 19:08:36,691 [WARN] ConditionMgr:438 - getConditionDescription Invalid condition id : UX DEVICE CLASS RTOS Condition cause : null
2024-04-20 19:08:36,693 [WARN] PackLoader:240 - Cannot read IP mode file for STMicroelectronics.X-CUBE-AZRTOS-WB.2.0.0
2024-04-20 19:08:36,694 [WARN] ConditionMgr:1039 - genDependencies : Invalid condition id : UX DEVICE CLASS RTOS Condition cause : null
2024-04-20 19:08:36,694 [WARN] ConditionMgr:1039 - genDependencies : Invalid condition id : UX DEVICE CLASS RTOS Condition cause : null
2024-04-20 19:08:36,695 [WARN] ConditionMgr:1039 - genDependencies : Invalid condition id : UX DEVICE CLASS RTOS Condition cause : null
2024-04-20 19:08:36,695 [WARN] ConditionMgr:1039 - genDependencies : Invalid condition id : UX DEVICE CLASS RTOS Condition cause : null
2024-04-20 19:08:36,695 [WARN] ConditionMgr:1039 - genDependencies : Invalid condition id : UX DEVICE CLASS RTOS Condition cause : null
2024-04-20 19:08:36,703 [WARN] PackLoader:240 - Cannot read IP mode file for STMicroelectronics.X-CUBE-SUBG2.5.0.0
2024-04-20 19:08:36,727 [WARN] PackLoader:240 - Cannot read IP mode file for STMicroelectronics.X-CUBE-AZRTOS-G4.2.0.0
2024-04-20 19:08:36,732 [WARN] PackLoader:240 - Cannot read IP mode file for STMicroelectronics.FP-SNS-MOTENVWB1.1.3.1
2024-04-20 19:08:36,737 [WARN] PackLoader:240 - Cannot read IP mode file for STMicroelectronics.X-CUBE-ISPU.2.0.0
2024-04-20 19:08:36,772 [WARN] PackLoader:240 - Cannot read IP mode file for STMicroelectronics.X-CUBE-MEMS1.10.0.0
2024-04-20 19:08:36,869 [WARN] PackLoader:240 - Cannot read IP mode file for STMicroelectronics.X-CUBE-FREERTOS.1.1.0
2024-04-20 19:08:36,875 [WARN] PackLoader:240 - Cannot read IP mode file for portGmbH.I-Cube-SoM-uGOAL.1.1.0
2024-04-20 19:08:36,880 [WARN] PackLoader:240 - Cannot read IP mode file for STMicroelectronics.X-CUBE-ALS.1.0.1
2024-04-20 19:08:36,885 [WARN] PackLoader:240 - Cannot read IP mode file for STMicroelectronics.FP-ATR-ASTRA1.2.0.0
2024-04-20 19:08:36,895 [WARN] PackLoader:240 - Cannot read IP mode file for STMicroelectronics.X-CUBE-TOF1.3.4.1
2024-04-20 19:08:36,931 [WARN] PackLoader:240 - Cannot read IP mode file for STMicroelectronics.X-CUBE-AZRTOS-H7.3.2.0
2024-04-20 19:08:36,947 [WARN] PackLoader:240 - Cannot read IP mode file for Infineon.AIROC-Wi-Fi-Bluetooth-STM32.1.6.0
2024-04-20 19:08:36,953 [INFO] ThirdParty:978 - Integrity check success = true
2024-04-20 19:08:36,954 [INFO] IntegrityCheckThread:100 - exiting critical section [integrity check]
2024-04-20 19:08:36,954 [INFO] IntegrityCheckThread:103 - End integrity checks thread
