2024-05-13 11:33:28,454 [INFO] Activator:176 - 


2024-05-13 11:33:28,461 [INFO] Activator:177 - !SESSION log4j initialized
2024-05-13 11:33:37,497 [INFO] LogOutputStream:77 - [STDOUT_REDIRECT] 
2024-05-13 11:33:41,879 [INFO] ApplicationProperties:184 - Using Application install path: C:\ST\STM32CubeIDE_1.8.0\STM32CubeIDE\plugins\com.st.stm32cube.common.mx_6.11.0.202403141607
2024-05-13 11:33:41,902 [INFO] DbMcusXml:78 - Set database path to: C:\ST\STM32CubeIDE_1.8.0\STM32CubeIDE\plugins\com.st.stm32cube.common.mx_6.11.0.202403141607\\db\/mcu/
2024-05-13 11:33:41,903 [INFO] ApiDb:274 - Set plugin database path to: C:\ST\STM32CubeIDE_1.8.0\STM32CubeIDE\plugins\com.st.stm32cube.common.mx_6.11.0.202403141607\\db\/plugins/boardmanager/
2024-05-13 11:33:41,903 [WARN] ApiDb:259 - Overriding images path with different value:  => C:\ST\STM32CubeIDE_1.8.0\STM32CubeIDE\plugins\com.st.stm32cube.common.mx_6.11.0.202403141607\\db\/plugins/mcufinder/images/
2024-05-13 11:33:41,922 [INFO] ApiDb:250 - Set database path to: C:\Users\aordu\.stmcufinder\plugins\mcufinder//mcu/
2024-05-13 11:33:41,924 [INFO] DbMcusAds:125 - Set database path to: C:\Users\aordu\.stmcufinder\plugins\mcufinder//mcu/
2024-05-13 11:33:41,925 [INFO] CrossReferenceDbSqlite:203 - Set database path to: C:\Users\aordu\.stmcufinder\plugins\mcufinder//mcu/cs/
2024-05-13 11:33:42,068 [INFO] RulesReader:64 - Compatibility file has been processed (297 Rules)
2024-05-13 11:33:42,169 [INFO] DbMcusXml:78 - Set database path to: C:\ST\STM32CubeIDE_1.8.0\STM32CubeIDE\plugins\com.st.stm32cube.common.mx_6.11.0.202403141607\\db\/mcu/
2024-05-13 11:33:42,170 [INFO] ApiDb:274 - Set plugin database path to: C:\ST\STM32CubeIDE_1.8.0\STM32CubeIDE\plugins\com.st.stm32cube.common.mx_6.11.0.202403141607\\db\/plugins/boardmanager/
2024-05-13 11:33:42,170 [INFO] ApiDb:261 - Set plugin images path to: C:\ST\STM32CubeIDE_1.8.0\STM32CubeIDE\plugins\com.st.stm32cube.common.mx_6.11.0.202403141607\\db\/plugins/mcufinder/images/
2024-05-13 11:33:42,170 [WARN] DbFile:41 - Overriding database path with different value: C:\Users\aordu\.stmcufinder\plugins\mcufinder/ => C:\Users\aordu\.stmcufinder\plugins\mcufinder
2024-05-13 11:33:42,170 [INFO] ApiDb:250 - Set database path to: C:\Users\aordu\.stmcufinder\plugins\mcufinder//mcu/
2024-05-13 11:33:42,170 [WARN] DbFile:41 - Overriding database path with different value: C:\Users\aordu\.stmcufinder\plugins\mcufinder/ => C:\Users\aordu\.stmcufinder\plugins\mcufinder
2024-05-13 11:33:42,170 [INFO] DbMcusAds:125 - Set database path to: C:\Users\aordu\.stmcufinder\plugins\mcufinder//mcu/
2024-05-13 11:33:42,170 [WARN] DbFile:41 - Overriding database path with different value: C:\Users\aordu\.stmcufinder\plugins\mcufinder/ => C:\Users\aordu\.stmcufinder\plugins\mcufinder
2024-05-13 11:33:42,170 [WARN] DbFile:41 - Overriding database path with different value: C:\Users\aordu\.stmcufinder\plugins\mcufinder/ => C:\Users\aordu\.stmcufinder\plugins\mcufinder
2024-05-13 11:33:42,170 [INFO] CrossReferenceDbSqlite:203 - Set database path to: C:\Users\aordu\.stmcufinder\plugins\mcufinder//mcu/cs/
2024-05-13 11:33:42,268 [INFO] MainPanel:264 - HeapMemory: 268435456
2024-05-13 11:33:42,393 [INFO] DbMcusXml:78 - Set database path to: C:\ST\STM32CubeIDE_1.8.0\STM32CubeIDE\plugins\com.st.stm32cube.common.mx_6.11.0.202403141607\\db\/mcu/
2024-05-13 11:33:42,393 [INFO] ApiDb:274 - Set plugin database path to: C:\ST\STM32CubeIDE_1.8.0\STM32CubeIDE\plugins\com.st.stm32cube.common.mx_6.11.0.202403141607\\db\/plugins/boardmanager/
2024-05-13 11:33:42,393 [INFO] ApiDb:261 - Set plugin images path to: C:\ST\STM32CubeIDE_1.8.0\STM32CubeIDE\plugins\com.st.stm32cube.common.mx_6.11.0.202403141607\\db\/plugins/mcufinder/images/
2024-05-13 11:33:42,393 [WARN] DbFile:41 - Overriding database path with different value: C:\Users\aordu\.stmcufinder\plugins\mcufinder/ => C:\Users\aordu\.stmcufinder\plugins\mcufinder
2024-05-13 11:33:42,394 [INFO] ApiDb:250 - Set database path to: C:\Users\aordu\.stmcufinder\plugins\mcufinder//mcu/
2024-05-13 11:33:42,394 [WARN] DbFile:41 - Overriding database path with different value: C:\Users\aordu\.stmcufinder\plugins\mcufinder/ => C:\Users\aordu\.stmcufinder\plugins\mcufinder
2024-05-13 11:33:42,394 [INFO] DbMcusAds:125 - Set database path to: C:\Users\aordu\.stmcufinder\plugins\mcufinder//mcu/
2024-05-13 11:33:42,394 [WARN] DbFile:41 - Overriding database path with different value: C:\Users\aordu\.stmcufinder\plugins\mcufinder/ => C:\Users\aordu\.stmcufinder\plugins\mcufinder
2024-05-13 11:33:42,394 [WARN] DbFile:41 - Overriding database path with different value: C:\Users\aordu\.stmcufinder\plugins\mcufinder/ => C:\Users\aordu\.stmcufinder\plugins\mcufinder
2024-05-13 11:33:42,394 [INFO] CrossReferenceDbSqlite:203 - Set database path to: C:\Users\aordu\.stmcufinder\plugins\mcufinder//mcu/cs/
2024-05-13 11:33:42,421 [INFO] ApplicationProperties:184 - Using Application install path: C:\ST\STM32CubeIDE_1.8.0\STM32CubeIDE\plugins\com.st.stm32cube.common.mx_6.11.0.202403141607
2024-05-13 11:33:42,424 [INFO] PluginManage:196 - Search for loadable plugins [exclusion list=, ]
2024-05-13 11:33:42,426 [INFO] PluginManage:310 - Check plugin analytics
2024-05-13 11:33:42,667 [INFO] AnalyticsPlugin:253 - Accepted Software Licenses: STM32CubeMX.6.7.0
2024-05-13 11:33:42,667 [INFO] AnalyticsPlugin:255 - Accepted CMSIS Pack Licenses: 
2024-05-13 11:33:42,667 [INFO] AnalyticsPlugin:257 - Accepted Firmware Licenses: FW.G4.1.5.0
2024-05-13 11:33:42,670 [INFO] PluginManage:359 - Loaded plugin analytics (category:tool,tabindex:-1)
2024-05-13 11:33:42,670 [INFO] PluginManage:310 - Check plugin cadmodel
2024-05-13 11:33:42,687 [INFO] CADModel:105 - Init CAD model plugin
2024-05-13 11:33:42,688 [INFO] PluginManage:359 - Loaded plugin cadmodel (category:power,tabindex:5)
2024-05-13 11:33:42,688 [INFO] PluginManage:310 - Check plugin clock
2024-05-13 11:33:42,712 [INFO] PluginManage:359 - Loaded plugin clock (category:base,tabindex:2)
2024-05-13 11:33:42,712 [INFO] PluginManage:310 - Check plugin ddr
2024-05-13 11:33:42,715 [INFO] PluginManage:359 - Loaded plugin ddr (category:tool,tabindex:6)
2024-05-13 11:33:42,715 [INFO] PluginManage:310 - Check plugin filemanager
2024-05-13 11:33:42,891 [INFO] PluginManage:359 - Loaded plugin filemanager (category:base,tabindex:10)
2024-05-13 11:33:42,891 [INFO] PluginManage:310 - Check plugin ipmanager
2024-05-13 11:33:42,901 [INFO] PluginManage:359 - Loaded plugin ipmanager (category:base,tabindex:5)
2024-05-13 11:33:42,901 [INFO] PluginManage:310 - Check plugin lpbam
2024-05-13 11:33:42,935 [INFO] PluginManage:359 - Loaded plugin lpbam (category:base,tabindex:0)
2024-05-13 11:33:42,936 [INFO] PluginManage:310 - Check plugin memorymap
2024-05-13 11:33:42,987 [INFO] PluginManage:359 - Loaded plugin memorymap (category:base,tabindex:4)
2024-05-13 11:33:42,988 [INFO] PluginManage:310 - Check plugin pinoutandconfiguration
2024-05-13 11:33:43,021 [INFO] PluginManage:359 - Loaded plugin pinoutandconfiguration (category:base,tabindex:1)
2024-05-13 11:33:43,022 [INFO] PluginManage:310 - Check plugin pinoutconfig
2024-05-13 11:33:43,202 [WARN] SupportedApi:132 - Cannot load RTOS API schema: s4s-elt-must-match.1: The content of 'definitions' must match (annotation?, (simpleType | complexType)?, (unique | key | keyref)*)). A problem was found starting at: attribute.
2024-05-13 11:33:43,444 [INFO] PluginManage:359 - Loaded plugin pinoutconfig (category:base,tabindex:0)
2024-05-13 11:33:43,445 [INFO] PluginManage:310 - Check plugin power
2024-05-13 11:33:43,469 [INFO] PluginManage:359 - Loaded plugin power (category:power,tabindex:4)
2024-05-13 11:33:43,469 [INFO] PluginManage:310 - Check plugin projectmanager
2024-05-13 11:33:43,490 [INFO] PluginManage:359 - Loaded plugin projectmanager (category:projectmanager,tabindex:3)
2024-05-13 11:33:43,490 [INFO] PluginManage:310 - Check plugin thirdparty
2024-05-13 11:33:43,854 [INFO] PluginManage:359 - Loaded plugin thirdparty (category:base,tabindex:-1)
2024-05-13 11:33:43,854 [WARN] IntegrityCheckThread:84 - waiting for thirdparty lock release [integrity check]
2024-05-13 11:33:43,854 [INFO] PluginManage:310 - Check plugin tools
2024-05-13 11:33:43,856 [INFO] IntegrityCheckThread:86 - entering critical section [integrity check]
2024-05-13 11:33:43,856 [INFO] ThirdPartyUpdaterWithRetryManager:70 - Updater plugin not ready yet. [1/15]
2024-05-13 11:33:43,908 [INFO] PluginManage:359 - Loaded plugin tools (category:base,tabindex:7)
2024-05-13 11:33:43,909 [INFO] PluginManage:310 - Check plugin tutovideos
2024-05-13 11:33:44,226 [INFO] PluginManage:359 - Loaded plugin tutovideos (category:base,tabindex:-1)
2024-05-13 11:33:44,226 [INFO] PluginManage:310 - Check plugin updater
2024-05-13 11:33:44,239 [INFO] PluginManage:359 - Loaded plugin updater (category:base,tabindex:12)
2024-05-13 11:33:44,240 [INFO] PluginManage:310 - Check plugin userauth
2024-05-13 11:33:44,248 [INFO] UserAuth:114 - Init User Auth plugin
2024-05-13 11:33:44,248 [INFO] PluginManage:359 - Loaded plugin userauth (category:base,tabindex:14)
2024-05-13 11:33:44,249 [INFO] PluginManage:283 - PluginManage : Loaded plugins [17]
2024-05-13 11:33:44,661 [INFO] PinOutPanel:1561 - setPackage(No Configuration,No Configuration)
2024-05-13 11:33:44,766 [INFO] CADModel:165 - CPN selected for project level
2024-05-13 11:33:44,766 [INFO] CADModel:114 - Register for checkConnection events
2024-05-13 11:33:44,799 [INFO] IPUIPlugin:80 - create IPUIPlugin
2024-05-13 11:33:44,800 [INFO] PluginManager:220 - loadIPPluginJar : add adc
2024-05-13 11:33:44,841 [INFO] IPUIPlugin:80 - create IPUIPlugin
2024-05-13 11:33:44,841 [INFO] PluginManager:220 - loadIPPluginJar : add aes
2024-05-13 11:33:44,893 [INFO] IPUIPlugin:80 - create IPUIPlugin
2024-05-13 11:33:44,894 [INFO] PluginManager:220 - loadIPPluginJar : add can
2024-05-13 11:33:44,920 [INFO] IPUIPlugin:80 - create IPUIPlugin
2024-05-13 11:33:44,920 [INFO] PluginManager:220 - loadIPPluginJar : add comp
2024-05-13 11:33:44,959 [INFO] IPUIPlugin:80 - create IPUIPlugin
2024-05-13 11:33:44,959 [INFO] PluginManager:220 - loadIPPluginJar : add cryp
2024-05-13 11:33:45,001 [INFO] IPUIPlugin:80 - create IPUIPlugin
2024-05-13 11:33:45,001 [INFO] PluginManager:220 - loadIPPluginJar : add dfsdm
2024-05-13 11:33:45,022 [INFO] IPUIPlugin:80 - create IPUIPlugin
2024-05-13 11:33:45,022 [INFO] PluginManager:220 - loadIPPluginJar : add dma
2024-05-13 11:33:45,086 [INFO] IPUIPlugin:80 - create IPUIPlugin
2024-05-13 11:33:45,086 [INFO] PluginManager:220 - loadIPPluginJar : add dma3
2024-05-13 11:33:45,134 [INFO] IPUIPlugin:80 - create IPUIPlugin
2024-05-13 11:33:45,135 [INFO] PluginManager:220 - loadIPPluginJar : add extmemmanager
2024-05-13 11:33:45,159 [INFO] IPUIPlugin:80 - create IPUIPlugin
2024-05-13 11:33:45,159 [INFO] PluginManager:220 - loadIPPluginJar : add fatfs
2024-05-13 11:33:45,215 [INFO] IPUIPlugin:80 - create IPUIPlugin
2024-05-13 11:33:45,216 [INFO] PluginManager:220 - loadIPPluginJar : add fmc
2024-05-13 11:33:45,235 [INFO] IPUIPlugin:80 - create IPUIPlugin
2024-05-13 11:33:45,235 [INFO] PluginManager:220 - loadIPPluginJar : add freertos
2024-05-13 11:33:45,262 [INFO] IPUIPlugin:80 - create IPUIPlugin
2024-05-13 11:33:45,262 [INFO] PluginManager:220 - loadIPPluginJar : add genericplugin
2024-05-13 11:33:45,367 [INFO] IPUIPlugin:80 - create IPUIPlugin
2024-05-13 11:33:45,367 [INFO] PluginManager:220 - loadIPPluginJar : add gfxmmu
2024-05-13 11:33:45,503 [INFO] IPUIPlugin:80 - create IPUIPlugin
2024-05-13 11:33:45,504 [INFO] PluginManager:220 - loadIPPluginJar : add gic
2024-05-13 11:33:45,522 [INFO] IPUIPlugin:80 - create IPUIPlugin
2024-05-13 11:33:45,522 [INFO] PluginManager:220 - loadIPPluginJar : add gpio
2024-05-13 11:33:45,628 [INFO] IPUIPlugin:80 - create IPUIPlugin
2024-05-13 11:33:45,629 [INFO] PluginManager:220 - loadIPPluginJar : add gtzc
2024-05-13 11:33:45,664 [INFO] IPUIPlugin:80 - create IPUIPlugin
2024-05-13 11:33:45,664 [INFO] PluginManager:220 - loadIPPluginJar : add hash
2024-05-13 11:33:45,813 [INFO] IPUIPlugin:80 - create IPUIPlugin
2024-05-13 11:33:45,813 [INFO] PluginManager:220 - loadIPPluginJar : add i2c
2024-05-13 11:33:45,855 [INFO] IPUIPlugin:80 - create IPUIPlugin
2024-05-13 11:33:45,855 [INFO] PluginManager:220 - loadIPPluginJar : add i2s
2024-05-13 11:33:45,901 [INFO] IPUIPlugin:80 - create IPUIPlugin
2024-05-13 11:33:45,901 [INFO] PluginManager:220 - loadIPPluginJar : add i3c
2024-05-13 11:33:46,007 [INFO] IPUIPlugin:80 - create IPUIPlugin
2024-05-13 11:33:46,007 [INFO] PluginManager:220 - loadIPPluginJar : add ipddr
2024-05-13 11:33:46,117 [INFO] IPUIPlugin:80 - create IPUIPlugin
2024-05-13 11:33:46,117 [INFO] PluginManager:220 - loadIPPluginJar : add linkedlist
2024-05-13 11:33:46,162 [INFO] IPUIPlugin:80 - create IPUIPlugin
2024-05-13 11:33:46,162 [INFO] PluginManager:220 - loadIPPluginJar : add lorawan
2024-05-13 11:33:46,205 [INFO] IPUIPlugin:80 - create IPUIPlugin
2024-05-13 11:33:46,205 [INFO] PluginManager:220 - loadIPPluginJar : add ltdc
2024-05-13 11:33:46,222 [INFO] IPUIPlugin:80 - create IPUIPlugin
2024-05-13 11:33:46,222 [INFO] PluginManager:220 - loadIPPluginJar : add mdma
2024-05-13 11:33:46,236 [INFO] IPUIPlugin:80 - create IPUIPlugin
2024-05-13 11:33:46,236 [INFO] PluginManager:220 - loadIPPluginJar : add nvic
2024-05-13 11:33:46,277 [INFO] IPUIPlugin:80 - create IPUIPlugin
2024-05-13 11:33:46,277 [INFO] PluginManager:220 - loadIPPluginJar : add opamp
2024-05-13 11:33:46,339 [INFO] IPUIPlugin:80 - create IPUIPlugin
2024-05-13 11:33:46,339 [INFO] PluginManager:220 - loadIPPluginJar : add openamp
2024-05-13 11:33:46,390 [INFO] IPUIPlugin:80 - create IPUIPlugin
2024-05-13 11:33:46,390 [INFO] PluginManager:220 - loadIPPluginJar : add pdm2pcm
2024-05-13 11:33:46,408 [INFO] IPUIPlugin:80 - create IPUIPlugin
2024-05-13 11:33:46,411 [INFO] PluginManager:220 - loadIPPluginJar : add plateformsettings
2024-05-13 11:33:46,438 [INFO] IPUIPlugin:80 - create IPUIPlugin
2024-05-13 11:33:46,438 [INFO] PluginManager:220 - loadIPPluginJar : add quadspi
2024-05-13 11:33:46,453 [INFO] IPUIPlugin:80 - create IPUIPlugin
2024-05-13 11:33:46,453 [INFO] PluginManager:220 - loadIPPluginJar : add resmgrutility
2024-05-13 11:33:46,506 [INFO] IPUIPlugin:80 - create IPUIPlugin
2024-05-13 11:33:46,506 [INFO] PluginManager:220 - loadIPPluginJar : add sai
2024-05-13 11:33:46,549 [INFO] IPUIPlugin:80 - create IPUIPlugin
2024-05-13 11:33:46,549 [INFO] PluginManager:220 - loadIPPluginJar : add spi
2024-05-13 11:33:46,653 [INFO] IPUIPlugin:80 - create IPUIPlugin
2024-05-13 11:33:46,653 [INFO] PluginManager:220 - loadIPPluginJar : add stm32_wpan
2024-05-13 11:33:46,680 [INFO] IPUIPlugin:80 - create IPUIPlugin
2024-05-13 11:33:46,681 [INFO] PluginManager:220 - loadIPPluginJar : add tim
2024-05-13 11:33:46,749 [INFO] IPUIPlugin:80 - create IPUIPlugin
2024-05-13 11:33:46,749 [INFO] PluginManager:220 - loadIPPluginJar : add touchsensing
2024-05-13 11:33:46,777 [INFO] IPUIPlugin:80 - create IPUIPlugin
2024-05-13 11:33:46,777 [INFO] PluginManager:220 - loadIPPluginJar : add tracer_emb
2024-05-13 11:33:46,833 [INFO] IPUIPlugin:80 - create IPUIPlugin
2024-05-13 11:33:46,833 [INFO] PluginManager:220 - loadIPPluginJar : add ts
2024-05-13 11:33:46,859 [INFO] ThirdPartyUpdaterWithRetryManager:70 - Updater plugin not ready yet. [2/15]
2024-05-13 11:33:46,861 [INFO] IPUIPlugin:80 - create IPUIPlugin
2024-05-13 11:33:46,861 [INFO] PluginManager:220 - loadIPPluginJar : add tsc
2024-05-13 11:33:46,888 [INFO] IPUIPlugin:80 - create IPUIPlugin
2024-05-13 11:33:46,888 [INFO] PluginManager:220 - loadIPPluginJar : add ucpd
2024-05-13 11:33:46,943 [INFO] IPUIPlugin:80 - create IPUIPlugin
2024-05-13 11:33:46,943 [INFO] PluginManager:220 - loadIPPluginJar : add usart
2024-05-13 11:33:47,007 [INFO] IPUIPlugin:80 - create IPUIPlugin
2024-05-13 11:33:47,007 [INFO] PluginManager:220 - loadIPPluginJar : add usbx
2024-05-13 11:33:47,156 [INFO] CADModel:165 - CPN selected for project level
2024-05-13 11:33:47,156 [INFO] CADModel:114 - Register for checkConnection events
2024-05-13 11:33:47,156 [FATAL] Updater:308 - Updater called before beeing initialized
2024-05-13 11:33:47,156 [ERROR] CADModel:125 - Updater not yet initialized, retry later 
2024-05-13 11:33:47,390 [INFO] CADModel:165 - CPN selected for project level
2024-05-13 11:33:47,390 [INFO] CADModel:114 - Register for checkConnection events
2024-05-13 11:33:47,390 [FATAL] Updater:308 - Updater called before beeing initialized
2024-05-13 11:33:47,390 [ERROR] CADModel:125 - Updater not yet initialized, retry later 
2024-05-13 11:33:47,395 [FATAL] Updater:308 - Updater called before beeing initialized
2024-05-13 11:33:47,533 [FATAL] Updater:308 - Updater called before beeing initialized
2024-05-13 11:33:47,547 [INFO] DbMcusAds:53 - JSON generation date=Wed Nov 29 13:52:27 MSK 2023 (1701255147349)
2024-05-13 11:33:47,547 [FATAL] Updater:308 - Updater called before beeing initialized
2024-05-13 11:33:47,662 [WARN] DetailPanel:346 - Failed to get advertising image, set to default
2024-05-13 11:33:47,829 [FATAL] Updater:308 - Updater called before beeing initialized
2024-05-13 11:33:47,832 [FATAL] Updater:308 - Updater called before beeing initialized
2024-05-13 11:33:47,833 [FATAL] Updater:308 - Updater called before beeing initialized
2024-05-13 11:33:47,833 [WARN] DetailPanel:346 - Failed to get advertising image, set to default
2024-05-13 11:33:47,833 [FATAL] Updater:308 - Updater called before beeing initialized
2024-05-13 11:33:47,917 [ERROR] Updater:1120 - MainUpdater not yet initialized. External WinMGr cannot be set.
2024-05-13 11:33:47,929 [INFO] Updater:1056 - Updater Version found : 6.11.0
2024-05-13 11:33:47,955 [INFO] ApplicationProperties:184 - Using Application install path: C:\ST\STM32CubeIDE_1.8.0\STM32CubeIDE\plugins\com.st.stm32cube.common.mx_6.11.0.202403141607
2024-05-13 11:33:48,662 [ERROR] CheckConnectionManager:249 - Problem, Http access forbiden
2024-05-13 11:33:48,670 [INFO] MainUpdater:2873 - connection check result : 22
2024-05-13 11:33:48,672 [INFO] MainUpdater:290 - Updater Check For Update Now.
2024-05-13 11:33:48,673 [INFO] MicroXplorer:498 - Change Database Version : DB.6.0.110
2024-05-13 11:33:48,710 [INFO] McuFinderGlobals:63 - Set McuFinder mode to 2 (CubeIDE integrated)
2024-05-13 11:33:48,741 [INFO] UserAuth:415 - Internet connection configuration mode: 2
2024-05-13 11:33:48,974 [INFO] CheckServerUpdateThread:120 - End of CheckServer Thread
2024-05-13 11:33:50,069 [WARN] PackLoader:240 - Cannot read IP mode file for STMicroelectronics.FP-SNS-MOTENVWB1.1.4.0
2024-05-13 11:33:50,092 [WARN] PackLoader:240 - Cannot read IP mode file for STMicroelectronics.X-CUBE-SMBUS.2.1.0
2024-05-13 11:33:50,120 [WARN] PackLoader:240 - Cannot read IP mode file for STMicroelectronics.X-CUBE-TOUCHGFX.4.23.2
2024-05-13 11:33:50,174 [WARN] PackLoader:240 - Cannot read IP mode file for STMicroelectronics.X-CUBE-AZRTOS-F7.1.1.0
2024-05-13 11:33:50,198 [WARN] PackLoader:240 - Cannot read IP mode file for STMicroelectronics.FP-SNS-FLIGHT1.5.0.2
2024-05-13 11:33:50,219 [WARN] PackLoader:240 - Cannot read IP mode file for STMicroelectronics.X-CUBE-DISPLAY.3.0.0
2024-05-13 11:33:50,242 [WARN] PackLoader:240 - Cannot read IP mode file for STMicroelectronics.X-CUBE-BLE1.7.0.0
2024-05-13 11:33:50,263 [WARN] PackLoader:240 - Cannot read IP mode file for emotas.I-CUBE-CANOPEN.1.3.0
2024-05-13 11:33:50,372 [WARN] PackLoader:240 - Cannot read IP mode file for STMicroelectronics.X-CUBE-BLEMGR.3.1.0
2024-05-13 11:33:50,390 [WARN] PackLoader:240 - Cannot read IP mode file for STMicroelectronics.FP-SNS-SMARTAG2.1.2.0
2024-05-13 11:33:50,413 [INFO] LogOutputStream:77 - [STDOUT_REDIRECT] 1 : Invalid condition id : UX_CORESTACK_Condition cause : null
2024-05-13 11:33:50,413 [INFO] LogOutputStream:77 - [STDOUT_REDIRECT] 1 : Invalid condition id : UX_CORESTACK_Condition cause : null
2024-05-13 11:33:50,414 [INFO] LogOutputStream:77 - [STDOUT_REDIRECT] 1 : Invalid condition id : UX_CORESTACK_Condition cause : null
2024-05-13 11:33:50,417 [INFO] LogOutputStream:77 - [STDOUT_REDIRECT] 1 : Invalid condition id : UX_CORESTACK_Condition cause : null
2024-05-13 11:33:50,418 [INFO] LogOutputStream:77 - [STDOUT_REDIRECT] 1 : Invalid condition id : UX_CORESTACK_Condition cause : null
2024-05-13 11:33:50,422 [WARN] PackLoader:240 - Cannot read IP mode file for STMicroelectronics.X-CUBE-AZRTOS-WL.2.0.0
2024-05-13 11:33:50,440 [WARN] PackLoader:240 - Cannot read IP mode file for STMicroelectronics.FP-SNS-MOTENV1.5.0.0
2024-05-13 11:33:50,470 [WARN] PackLoader:240 - Cannot read IP mode file for WES.I-CUBE-Cesium.1.3.0
2024-05-13 11:33:50,486 [WARN] PackLoader:240 - Cannot read IP mode file for STMicroelectronics.X-CUBE-BLE2.3.3.0
2024-05-13 11:33:50,508 [WARN] PackLoader:240 - Cannot read IP mode file for STMicroelectronics.X-CUBE-TCPP.4.1.0
2024-05-13 11:33:50,531 [WARN] PackLoader:240 - Cannot read IP mode file for STMicroelectronics.X-CUBE-ALGOBUILD.1.3.0
2024-05-13 11:33:50,573 [WARN] PackLoader:240 - Cannot read IP mode file for STMicroelectronics.X-CUBE-AZRTOS-G0.1.1.0
2024-05-13 11:33:50,596 [WARN] PackLoader:240 - Cannot read IP mode file for STMicroelectronics.X-CUBE-SAFEA1.1.2.2
2024-05-13 11:33:50,618 [WARN] PackLoader:240 - Cannot read IP mode file for STMicroelectronics.X-CUBE-NFC4.3.0.0
2024-05-13 11:33:50,634 [WARN] PackLoader:240 - Cannot read IP mode file for wolfSSL.I-CUBE-wolfSSL.5.7.0
2024-05-13 11:33:50,656 [WARN] PackLoader:240 - Cannot read IP mode file for STMicroelectronics.FP-ATR-SIGFOX1.3.2.0
2024-05-13 11:33:50,680 [WARN] PackLoader:240 - Cannot read IP mode file for STMicroelectronics.X-CUBE-EEPRMA1.5.1.0
2024-05-13 11:33:50,703 [WARN] PackLoader:240 - Cannot read IP mode file for ITTIA_DB.I-CUBE-ITTIADB.8.9.0
2024-05-13 11:33:50,748 [WARN] PackLoader:240 - Cannot read IP mode file for SEGGER.I-CUBE-embOS.1.3.1
2024-05-13 11:33:50,815 [WARN] PackLoader:240 - Cannot read IP mode file for STMicroelectronics.X-CUBE-GNSS1.6.0.0
2024-05-13 11:33:50,850 [WARN] PackLoader:240 - Cannot read IP mode file for STMicroelectronics.X-CUBE-AZRTOS-F4.1.1.0
2024-05-13 11:33:50,866 [WARN] PackLoader:240 - Cannot read IP mode file for STMicroelectronics.X-CUBE-FREERTOS.1.2.0
2024-05-13 11:33:50,905 [WARN] PackLoader:240 - Cannot read IP mode file for STMicroelectronics.X-CUBE-AZRTOS-L5.2.0.0
2024-05-13 11:33:50,928 [WARN] PackLoader:240 - Cannot read IP mode file for STMicroelectronics.X-CUBE-NFC6.3.1.0
2024-05-13 11:33:50,952 [WARN] PackLoader:240 - Cannot read IP mode file for STMicroelectronics.X-CUBE-AI.9.0.0
2024-05-13 11:33:50,970 [WARN] PackLoader:240 - Cannot read IP mode file for STMicroelectronics.X-CUBE-NFC7.1.0.1
2024-05-13 11:33:50,988 [WARN] PackLoader:240 - Cannot read IP mode file for STMicroelectronics.X-CUBE-AI.8.1.0
2024-05-13 11:33:51,046 [WARN] ConditionMgr:438 - getConditionDescription Invalid condition id : LAN8742 Phy interface Condition cause : null
2024-05-13 11:33:51,048 [WARN] PackLoader:240 - Cannot read IP mode file for STMicroelectronics.X-CUBE-AZRTOS-L4.2.0.0
2024-05-13 11:33:51,050 [WARN] ConditionMgr:1039 - genDependencies : Invalid condition id : LAN8742 Phy interface Condition cause : null
2024-05-13 11:33:51,050 [WARN] ConditionMgr:1039 - genDependencies : Invalid condition id : LAN8742 Phy interface Condition cause : null
2024-05-13 11:33:51,051 [WARN] ConditionMgr:1039 - genDependencies : Invalid condition id : LAN8742 Phy interface Condition cause : null
2024-05-13 11:33:51,079 [WARN] PackLoader:240 - Cannot read IP mode file for STMicroelectronics.X-CUBE-SFXS2LP1.4.0.0
2024-05-13 11:33:51,113 [WARN] ConditionMgr:438 - getConditionDescription Invalid condition id : UX DEVICE CLASS RTOS Condition cause : null
2024-05-13 11:33:51,113 [WARN] ConditionMgr:438 - getConditionDescription Invalid condition id : UX DEVICE CLASS RTOS Condition cause : null
2024-05-13 11:33:51,116 [WARN] PackLoader:240 - Cannot read IP mode file for STMicroelectronics.X-CUBE-AZRTOS-WB.2.0.0
2024-05-13 11:33:51,117 [WARN] ConditionMgr:1039 - genDependencies : Invalid condition id : UX DEVICE CLASS RTOS Condition cause : null
2024-05-13 11:33:51,117 [WARN] ConditionMgr:1039 - genDependencies : Invalid condition id : UX DEVICE CLASS RTOS Condition cause : null
2024-05-13 11:33:51,119 [WARN] ConditionMgr:1039 - genDependencies : Invalid condition id : UX DEVICE CLASS RTOS Condition cause : null
2024-05-13 11:33:51,119 [WARN] ConditionMgr:1039 - genDependencies : Invalid condition id : UX DEVICE CLASS RTOS Condition cause : null
2024-05-13 11:33:51,120 [WARN] ConditionMgr:1039 - genDependencies : Invalid condition id : UX DEVICE CLASS RTOS Condition cause : null
2024-05-13 11:33:51,155 [WARN] PackLoader:240 - Cannot read IP mode file for STMicroelectronics.X-CUBE-SUBG2.5.0.0
2024-05-13 11:33:51,197 [WARN] PackLoader:240 - Cannot read IP mode file for STMicroelectronics.X-CUBE-AZRTOS-G4.2.0.0
2024-05-13 11:33:51,219 [WARN] PackLoader:240 - Cannot read IP mode file for STMicroelectronics.FP-SNS-MOTENVWB1.1.3.1
2024-05-13 11:33:51,237 [WARN] PackLoader:240 - Cannot read IP mode file for STMicroelectronics.X-CUBE-ISPU.2.0.0
2024-05-13 11:33:51,290 [WARN] PackLoader:240 - Cannot read IP mode file for STMicroelectronics.X-CUBE-MEMS1.10.0.0
2024-05-13 11:33:51,421 [WARN] PackLoader:240 - Cannot read IP mode file for STMicroelectronics.X-CUBE-FREERTOS.1.1.0
2024-05-13 11:33:51,444 [WARN] PackLoader:240 - Cannot read IP mode file for portGmbH.I-Cube-SoM-uGOAL.1.1.0
2024-05-13 11:33:51,460 [WARN] PackLoader:240 - Cannot read IP mode file for STMicroelectronics.X-CUBE-ALS.1.0.1
2024-05-13 11:33:51,495 [WARN] PackLoader:240 - Cannot read IP mode file for STMicroelectronics.X-CUBE-AZRTOS-H7RS.1.0.0
2024-05-13 11:33:51,511 [WARN] PackLoader:240 - Cannot read IP mode file for STMicroelectronics.FP-ATR-ASTRA1.2.0.0
2024-05-13 11:33:51,535 [WARN] PackLoader:240 - Cannot read IP mode file for STMicroelectronics.X-CUBE-TOF1.3.4.1
2024-05-13 11:33:51,581 [WARN] PackLoader:240 - Cannot read IP mode file for STMicroelectronics.X-CUBE-AZRTOS-H7.3.2.0
2024-05-13 11:33:51,622 [WARN] PackLoader:240 - Cannot read IP mode file for Infineon.AIROC-Wi-Fi-Bluetooth-STM32.1.6.0
2024-05-13 11:33:51,628 [INFO] ThirdParty:978 - Integrity check success = true
2024-05-13 11:33:51,628 [INFO] IntegrityCheckThread:100 - exiting critical section [integrity check]
2024-05-13 11:33:51,629 [INFO] IntegrityCheckThread:103 - End integrity checks thread
