2024-04-29 01:05:51,650 [ERROR] LogOutputStream:75 - [STDERR_REDIRECT] Exception in thread "AWT-EventQueue-0" org.eclipse.swt.SWTException: Device is disposed
2024-04-29 01:05:51,666 [ERROR] LogOutputStream:75 - [STDERR_REDIRECT] 	at org.eclipse.swt.SWT.error(SWT.java:4918)
2024-04-29 01:05:51,667 [ERROR] LogOutputStream:75 - [STDERR_REDIRECT] 	at org.eclipse.swt.SWT.error(SWT.java:4833)
2024-04-29 01:05:51,669 [ERROR] LogOutputStream:75 - [STDERR_REDIRECT] 	at org.eclipse.swt.SWT.error(SWT.java:4804)
2024-04-29 01:05:51,670 [ERROR] LogOutputStream:75 - [STDERR_REDIRECT] 	at org.eclipse.swt.widgets.Display.error(Display.java:1278)
2024-04-29 01:05:51,671 [ERROR] LogOutputStream:75 - [STDERR_REDIRECT] 	at org.eclipse.swt.widgets.Display.asyncExec(Display.java:774)
2024-04-29 01:05:51,673 [ERROR] LogOutputStream:75 - [STDERR_REDIRECT] 	at com.st.stm32cube.common.mx.oss.core.awtswtbridge.AwtEnvironment$2.run(AwtEnvironment.java:168)
2024-04-29 01:05:51,675 [ERROR] LogOutputStream:75 - [STDERR_REDIRECT] 	at java.desktop/java.awt.event.InvocationEvent.dispatch(InvocationEvent.java:318)
2024-04-29 01:05:51,677 [ERROR] LogOutputStream:75 - [STDERR_REDIRECT] 	at java.desktop/java.awt.EventQueue.dispatchEventImpl(EventQueue.java:773)
2024-04-29 01:05:51,678 [ERROR] LogOutputStream:75 - [STDERR_REDIRECT] 	at java.desktop/java.awt.EventQueue$4.run(EventQueue.java:720)
2024-04-29 01:05:51,680 [ERROR] LogOutputStream:75 - [STDERR_REDIRECT] 	at java.desktop/java.awt.EventQueue$4.run(EventQueue.java:714)
2024-04-29 01:05:51,681 [ERROR] LogOutputStream:75 - [STDERR_REDIRECT] 	at java.base/java.security.AccessController.doPrivileged(AccessController.java:399)
2024-04-29 01:05:51,683 [ERROR] LogOutputStream:75 - [STDERR_REDIRECT] 	at java.base/java.security.ProtectionDomain$JavaSecurityAccessImpl.doIntersectionPrivilege(ProtectionDomain.java:86)
2024-04-29 01:05:51,684 [ERROR] LogOutputStream:75 - [STDERR_REDIRECT] 	at java.desktop/java.awt.EventQueue.dispatchEvent(EventQueue.java:742)
2024-04-29 01:05:51,686 [ERROR] LogOutputStream:75 - [STDERR_REDIRECT] 	at java.desktop/java.awt.EventDispatchThread.pumpOneEventForFilters(EventDispatchThread.java:203)
2024-04-29 01:05:51,688 [ERROR] LogOutputStream:75 - [STDERR_REDIRECT] 	at java.desktop/java.awt.EventDispatchThread.pumpEventsForFilter(EventDispatchThread.java:124)
2024-04-29 01:05:51,689 [ERROR] LogOutputStream:75 - [STDERR_REDIRECT] 	at java.desktop/java.awt.EventDispatchThread.pumpEventsForHierarchy(EventDispatchThread.java:113)
2024-04-29 01:05:51,691 [ERROR] LogOutputStream:75 - [STDERR_REDIRECT] 	at java.desktop/java.awt.EventDispatchThread.pumpEvents(EventDispatchThread.java:109)
2024-04-29 01:05:51,693 [ERROR] LogOutputStream:75 - [STDERR_REDIRECT] 	at java.desktop/java.awt.EventDispatchThread.pumpEvents(EventDispatchThread.java:101)
2024-04-29 01:05:51,694 [ERROR] LogOutputStream:75 - [STDERR_REDIRECT] 	at java.desktop/java.awt.EventDispatchThread.run(EventDispatchThread.java:90)
2024-04-29 01:05:51,886 [ERROR] LogOutputStream:75 - [STDERR_REDIRECT] 
2024-04-29 12:25:53,965 [INFO] Activator:176 - 


2024-04-29 12:25:53,967 [INFO] Activator:177 - !SESSION log4j initialized
2024-04-29 12:26:05,020 [INFO] LogOutputStream:77 - [STDOUT_REDIRECT] 
2024-04-29 12:26:10,782 [INFO] ApplicationProperties:184 - Using Application install path: C:\ST\STM32CubeIDE_1.8.0\STM32CubeIDE\plugins\com.st.stm32cube.common.mx_6.11.0.202403141607
2024-04-29 12:26:10,808 [INFO] DbMcusXml:78 - Set database path to: C:\ST\STM32CubeIDE_1.8.0\STM32CubeIDE\plugins\com.st.stm32cube.common.mx_6.11.0.202403141607\\db\/mcu/
2024-04-29 12:26:10,808 [INFO] ApiDb:274 - Set plugin database path to: C:\ST\STM32CubeIDE_1.8.0\STM32CubeIDE\plugins\com.st.stm32cube.common.mx_6.11.0.202403141607\\db\/plugins/boardmanager/
2024-04-29 12:26:10,809 [WARN] ApiDb:259 - Overriding images path with different value:  => C:\ST\STM32CubeIDE_1.8.0\STM32CubeIDE\plugins\com.st.stm32cube.common.mx_6.11.0.202403141607\\db\/plugins/mcufinder/images/
2024-04-29 12:26:10,836 [INFO] ApiDb:250 - Set database path to: C:\Users\aordu\.stmcufinder\plugins\mcufinder//mcu/
2024-04-29 12:26:10,839 [INFO] DbMcusAds:125 - Set database path to: C:\Users\aordu\.stmcufinder\plugins\mcufinder//mcu/
2024-04-29 12:26:10,843 [INFO] CrossReferenceDbSqlite:203 - Set database path to: C:\Users\aordu\.stmcufinder\plugins\mcufinder//mcu/cs/
2024-04-29 12:26:11,029 [INFO] RulesReader:64 - Compatibility file has been processed (297 Rules)
2024-04-29 12:26:11,136 [INFO] DbMcusXml:78 - Set database path to: C:\ST\STM32CubeIDE_1.8.0\STM32CubeIDE\plugins\com.st.stm32cube.common.mx_6.11.0.202403141607\\db\/mcu/
2024-04-29 12:26:11,136 [INFO] ApiDb:274 - Set plugin database path to: C:\ST\STM32CubeIDE_1.8.0\STM32CubeIDE\plugins\com.st.stm32cube.common.mx_6.11.0.202403141607\\db\/plugins/boardmanager/
2024-04-29 12:26:11,136 [INFO] ApiDb:261 - Set plugin images path to: C:\ST\STM32CubeIDE_1.8.0\STM32CubeIDE\plugins\com.st.stm32cube.common.mx_6.11.0.202403141607\\db\/plugins/mcufinder/images/
2024-04-29 12:26:11,136 [WARN] DbFile:41 - Overriding database path with different value: C:\Users\aordu\.stmcufinder\plugins\mcufinder/ => C:\Users\aordu\.stmcufinder\plugins\mcufinder
2024-04-29 12:26:11,136 [INFO] ApiDb:250 - Set database path to: C:\Users\aordu\.stmcufinder\plugins\mcufinder//mcu/
2024-04-29 12:26:11,136 [WARN] DbFile:41 - Overriding database path with different value: C:\Users\aordu\.stmcufinder\plugins\mcufinder/ => C:\Users\aordu\.stmcufinder\plugins\mcufinder
2024-04-29 12:26:11,137 [INFO] DbMcusAds:125 - Set database path to: C:\Users\aordu\.stmcufinder\plugins\mcufinder//mcu/
2024-04-29 12:26:11,137 [WARN] DbFile:41 - Overriding database path with different value: C:\Users\aordu\.stmcufinder\plugins\mcufinder/ => C:\Users\aordu\.stmcufinder\plugins\mcufinder
2024-04-29 12:26:11,137 [WARN] DbFile:41 - Overriding database path with different value: C:\Users\aordu\.stmcufinder\plugins\mcufinder/ => C:\Users\aordu\.stmcufinder\plugins\mcufinder
2024-04-29 12:26:11,137 [INFO] CrossReferenceDbSqlite:203 - Set database path to: C:\Users\aordu\.stmcufinder\plugins\mcufinder//mcu/cs/
2024-04-29 12:26:11,241 [INFO] MainPanel:264 - HeapMemory: 268435456
2024-04-29 12:26:11,357 [INFO] DbMcusXml:78 - Set database path to: C:\ST\STM32CubeIDE_1.8.0\STM32CubeIDE\plugins\com.st.stm32cube.common.mx_6.11.0.202403141607\\db\/mcu/
2024-04-29 12:26:11,358 [INFO] ApiDb:274 - Set plugin database path to: C:\ST\STM32CubeIDE_1.8.0\STM32CubeIDE\plugins\com.st.stm32cube.common.mx_6.11.0.202403141607\\db\/plugins/boardmanager/
2024-04-29 12:26:11,358 [INFO] ApiDb:261 - Set plugin images path to: C:\ST\STM32CubeIDE_1.8.0\STM32CubeIDE\plugins\com.st.stm32cube.common.mx_6.11.0.202403141607\\db\/plugins/mcufinder/images/
2024-04-29 12:26:11,358 [WARN] DbFile:41 - Overriding database path with different value: C:\Users\aordu\.stmcufinder\plugins\mcufinder/ => C:\Users\aordu\.stmcufinder\plugins\mcufinder
2024-04-29 12:26:11,358 [INFO] ApiDb:250 - Set database path to: C:\Users\aordu\.stmcufinder\plugins\mcufinder//mcu/
2024-04-29 12:26:11,358 [WARN] DbFile:41 - Overriding database path with different value: C:\Users\aordu\.stmcufinder\plugins\mcufinder/ => C:\Users\aordu\.stmcufinder\plugins\mcufinder
2024-04-29 12:26:11,358 [INFO] DbMcusAds:125 - Set database path to: C:\Users\aordu\.stmcufinder\plugins\mcufinder//mcu/
2024-04-29 12:26:11,358 [WARN] DbFile:41 - Overriding database path with different value: C:\Users\aordu\.stmcufinder\plugins\mcufinder/ => C:\Users\aordu\.stmcufinder\plugins\mcufinder
2024-04-29 12:26:11,359 [WARN] DbFile:41 - Overriding database path with different value: C:\Users\aordu\.stmcufinder\plugins\mcufinder/ => C:\Users\aordu\.stmcufinder\plugins\mcufinder
2024-04-29 12:26:11,359 [INFO] CrossReferenceDbSqlite:203 - Set database path to: C:\Users\aordu\.stmcufinder\plugins\mcufinder//mcu/cs/
2024-04-29 12:26:11,384 [INFO] ApplicationProperties:184 - Using Application install path: C:\ST\STM32CubeIDE_1.8.0\STM32CubeIDE\plugins\com.st.stm32cube.common.mx_6.11.0.202403141607
2024-04-29 12:26:11,386 [INFO] PluginManage:196 - Search for loadable plugins [exclusion list=, ]
2024-04-29 12:26:11,388 [INFO] PluginManage:310 - Check plugin analytics
2024-04-29 12:26:11,615 [INFO] AnalyticsPlugin:253 - Accepted Software Licenses: STM32CubeMX.6.7.0
2024-04-29 12:26:11,615 [INFO] AnalyticsPlugin:255 - Accepted CMSIS Pack Licenses: 
2024-04-29 12:26:11,615 [INFO] AnalyticsPlugin:257 - Accepted Firmware Licenses: FW.G4.1.5.0
2024-04-29 12:26:11,619 [INFO] PluginManage:359 - Loaded plugin analytics (category:tool,tabindex:-1)
2024-04-29 12:26:11,620 [INFO] PluginManage:310 - Check plugin cadmodel
2024-04-29 12:26:11,643 [INFO] CADModel:105 - Init CAD model plugin
2024-04-29 12:26:11,644 [INFO] PluginManage:359 - Loaded plugin cadmodel (category:power,tabindex:5)
2024-04-29 12:26:11,644 [INFO] PluginManage:310 - Check plugin clock
2024-04-29 12:26:11,672 [INFO] PluginManage:359 - Loaded plugin clock (category:base,tabindex:2)
2024-04-29 12:26:11,673 [INFO] PluginManage:310 - Check plugin ddr
2024-04-29 12:26:11,675 [INFO] PluginManage:359 - Loaded plugin ddr (category:tool,tabindex:6)
2024-04-29 12:26:11,675 [INFO] PluginManage:310 - Check plugin filemanager
2024-04-29 12:26:11,895 [INFO] PluginManage:359 - Loaded plugin filemanager (category:base,tabindex:10)
2024-04-29 12:26:11,896 [INFO] PluginManage:310 - Check plugin ipmanager
2024-04-29 12:26:11,910 [INFO] PluginManage:359 - Loaded plugin ipmanager (category:base,tabindex:5)
2024-04-29 12:26:11,910 [INFO] PluginManage:310 - Check plugin lpbam
2024-04-29 12:26:11,939 [INFO] PluginManage:359 - Loaded plugin lpbam (category:base,tabindex:0)
2024-04-29 12:26:11,940 [INFO] PluginManage:310 - Check plugin memorymap
2024-04-29 12:26:11,976 [INFO] PluginManage:359 - Loaded plugin memorymap (category:base,tabindex:4)
2024-04-29 12:26:11,976 [INFO] PluginManage:310 - Check plugin pinoutandconfiguration
2024-04-29 12:26:12,001 [INFO] PluginManage:359 - Loaded plugin pinoutandconfiguration (category:base,tabindex:1)
2024-04-29 12:26:12,001 [INFO] PluginManage:310 - Check plugin pinoutconfig
2024-04-29 12:26:12,176 [WARN] SupportedApi:132 - Cannot load RTOS API schema: s4s-elt-must-match.1: The content of 'definitions' must match (annotation?, (simpleType | complexType)?, (unique | key | keyref)*)). A problem was found starting at: attribute.
2024-04-29 12:26:12,384 [INFO] PluginManage:359 - Loaded plugin pinoutconfig (category:base,tabindex:0)
2024-04-29 12:26:12,384 [INFO] PluginManage:310 - Check plugin power
2024-04-29 12:26:12,418 [INFO] PluginManage:359 - Loaded plugin power (category:power,tabindex:4)
2024-04-29 12:26:12,418 [INFO] PluginManage:310 - Check plugin projectmanager
2024-04-29 12:26:12,440 [INFO] PluginManage:359 - Loaded plugin projectmanager (category:projectmanager,tabindex:3)
2024-04-29 12:26:12,441 [INFO] PluginManage:310 - Check plugin thirdparty
2024-04-29 12:26:12,837 [INFO] PluginManage:359 - Loaded plugin thirdparty (category:base,tabindex:-1)
2024-04-29 12:26:12,837 [WARN] IntegrityCheckThread:84 - waiting for thirdparty lock release [integrity check]
2024-04-29 12:26:12,838 [INFO] PluginManage:310 - Check plugin tools
2024-04-29 12:26:12,838 [INFO] IntegrityCheckThread:86 - entering critical section [integrity check]
2024-04-29 12:26:12,838 [INFO] ThirdPartyUpdaterWithRetryManager:70 - Updater plugin not ready yet. [1/15]
2024-04-29 12:26:12,889 [INFO] PluginManage:359 - Loaded plugin tools (category:base,tabindex:7)
2024-04-29 12:26:12,890 [INFO] PluginManage:310 - Check plugin tutovideos
2024-04-29 12:26:13,159 [INFO] PluginManage:359 - Loaded plugin tutovideos (category:base,tabindex:-1)
2024-04-29 12:26:13,159 [INFO] PluginManage:310 - Check plugin updater
2024-04-29 12:26:13,174 [INFO] PluginManage:359 - Loaded plugin updater (category:base,tabindex:12)
2024-04-29 12:26:13,174 [INFO] PluginManage:310 - Check plugin userauth
2024-04-29 12:26:13,181 [INFO] UserAuth:114 - Init User Auth plugin
2024-04-29 12:26:13,181 [INFO] PluginManage:359 - Loaded plugin userauth (category:base,tabindex:14)
2024-04-29 12:26:13,182 [INFO] PluginManage:283 - PluginManage : Loaded plugins [17]
2024-04-29 12:26:13,443 [INFO] PinOutPanel:1561 - setPackage(No Configuration,No Configuration)
2024-04-29 12:26:13,535 [INFO] CADModel:165 - CPN selected for project level
2024-04-29 12:26:13,535 [INFO] CADModel:114 - Register for checkConnection events
2024-04-29 12:26:13,567 [INFO] IPUIPlugin:80 - create IPUIPlugin
2024-04-29 12:26:13,567 [INFO] PluginManager:220 - loadIPPluginJar : add adc
2024-04-29 12:26:13,613 [INFO] IPUIPlugin:80 - create IPUIPlugin
2024-04-29 12:26:13,613 [INFO] PluginManager:220 - loadIPPluginJar : add aes
2024-04-29 12:26:13,664 [INFO] IPUIPlugin:80 - create IPUIPlugin
2024-04-29 12:26:13,664 [INFO] PluginManager:220 - loadIPPluginJar : add can
2024-04-29 12:26:13,691 [INFO] IPUIPlugin:80 - create IPUIPlugin
2024-04-29 12:26:13,692 [INFO] PluginManager:220 - loadIPPluginJar : add comp
2024-04-29 12:26:13,731 [INFO] IPUIPlugin:80 - create IPUIPlugin
2024-04-29 12:26:13,732 [INFO] PluginManager:220 - loadIPPluginJar : add cryp
2024-04-29 12:26:13,773 [INFO] IPUIPlugin:80 - create IPUIPlugin
2024-04-29 12:26:13,773 [INFO] PluginManager:220 - loadIPPluginJar : add dfsdm
2024-04-29 12:26:13,792 [INFO] IPUIPlugin:80 - create IPUIPlugin
2024-04-29 12:26:13,793 [INFO] PluginManager:220 - loadIPPluginJar : add dma
2024-04-29 12:26:13,852 [INFO] IPUIPlugin:80 - create IPUIPlugin
2024-04-29 12:26:13,853 [INFO] PluginManager:220 - loadIPPluginJar : add dma3
2024-04-29 12:26:13,911 [INFO] IPUIPlugin:80 - create IPUIPlugin
2024-04-29 12:26:13,911 [INFO] PluginManager:220 - loadIPPluginJar : add extmemmanager
2024-04-29 12:26:13,937 [INFO] IPUIPlugin:80 - create IPUIPlugin
2024-04-29 12:26:13,938 [INFO] PluginManager:220 - loadIPPluginJar : add fatfs
2024-04-29 12:26:14,000 [INFO] IPUIPlugin:80 - create IPUIPlugin
2024-04-29 12:26:14,000 [INFO] PluginManager:220 - loadIPPluginJar : add fmc
2024-04-29 12:26:14,027 [INFO] IPUIPlugin:80 - create IPUIPlugin
2024-04-29 12:26:14,027 [INFO] PluginManager:220 - loadIPPluginJar : add freertos
2024-04-29 12:26:14,054 [INFO] IPUIPlugin:80 - create IPUIPlugin
2024-04-29 12:26:14,054 [INFO] PluginManager:220 - loadIPPluginJar : add genericplugin
2024-04-29 12:26:14,166 [INFO] IPUIPlugin:80 - create IPUIPlugin
2024-04-29 12:26:14,167 [INFO] PluginManager:220 - loadIPPluginJar : add gfxmmu
2024-04-29 12:26:14,334 [INFO] IPUIPlugin:80 - create IPUIPlugin
2024-04-29 12:26:14,334 [INFO] PluginManager:220 - loadIPPluginJar : add gic
2024-04-29 12:26:14,353 [INFO] IPUIPlugin:80 - create IPUIPlugin
2024-04-29 12:26:14,353 [INFO] PluginManager:220 - loadIPPluginJar : add gpio
2024-04-29 12:26:14,485 [INFO] IPUIPlugin:80 - create IPUIPlugin
2024-04-29 12:26:14,485 [INFO] PluginManager:220 - loadIPPluginJar : add gtzc
2024-04-29 12:26:14,533 [INFO] IPUIPlugin:80 - create IPUIPlugin
2024-04-29 12:26:14,533 [INFO] PluginManager:220 - loadIPPluginJar : add hash
2024-04-29 12:26:14,600 [INFO] IPUIPlugin:80 - create IPUIPlugin
2024-04-29 12:26:14,600 [INFO] PluginManager:220 - loadIPPluginJar : add i2c
2024-04-29 12:26:14,650 [INFO] IPUIPlugin:80 - create IPUIPlugin
2024-04-29 12:26:14,651 [INFO] PluginManager:220 - loadIPPluginJar : add i2s
2024-04-29 12:26:14,706 [INFO] IPUIPlugin:80 - create IPUIPlugin
2024-04-29 12:26:14,706 [INFO] PluginManager:220 - loadIPPluginJar : add i3c
2024-04-29 12:26:14,830 [INFO] IPUIPlugin:80 - create IPUIPlugin
2024-04-29 12:26:14,830 [INFO] PluginManager:220 - loadIPPluginJar : add ipddr
2024-04-29 12:26:14,952 [INFO] IPUIPlugin:80 - create IPUIPlugin
2024-04-29 12:26:14,953 [INFO] PluginManager:220 - loadIPPluginJar : add linkedlist
2024-04-29 12:26:14,996 [INFO] IPUIPlugin:80 - create IPUIPlugin
2024-04-29 12:26:14,996 [INFO] PluginManager:220 - loadIPPluginJar : add lorawan
2024-04-29 12:26:15,047 [INFO] IPUIPlugin:80 - create IPUIPlugin
2024-04-29 12:26:15,047 [INFO] PluginManager:220 - loadIPPluginJar : add ltdc
2024-04-29 12:26:15,064 [INFO] IPUIPlugin:80 - create IPUIPlugin
2024-04-29 12:26:15,064 [INFO] PluginManager:220 - loadIPPluginJar : add mdma
2024-04-29 12:26:15,079 [INFO] IPUIPlugin:80 - create IPUIPlugin
2024-04-29 12:26:15,079 [INFO] PluginManager:220 - loadIPPluginJar : add nvic
2024-04-29 12:26:15,127 [INFO] IPUIPlugin:80 - create IPUIPlugin
2024-04-29 12:26:15,127 [INFO] PluginManager:220 - loadIPPluginJar : add opamp
2024-04-29 12:26:15,207 [INFO] IPUIPlugin:80 - create IPUIPlugin
2024-04-29 12:26:15,208 [INFO] PluginManager:220 - loadIPPluginJar : add openamp
2024-04-29 12:26:15,272 [INFO] IPUIPlugin:80 - create IPUIPlugin
2024-04-29 12:26:15,272 [INFO] PluginManager:220 - loadIPPluginJar : add pdm2pcm
2024-04-29 12:26:15,295 [INFO] IPUIPlugin:80 - create IPUIPlugin
2024-04-29 12:26:15,299 [INFO] PluginManager:220 - loadIPPluginJar : add plateformsettings
2024-04-29 12:26:15,338 [INFO] IPUIPlugin:80 - create IPUIPlugin
2024-04-29 12:26:15,338 [INFO] PluginManager:220 - loadIPPluginJar : add quadspi
2024-04-29 12:26:15,355 [INFO] IPUIPlugin:80 - create IPUIPlugin
2024-04-29 12:26:15,355 [INFO] PluginManager:220 - loadIPPluginJar : add resmgrutility
2024-04-29 12:26:15,416 [INFO] IPUIPlugin:80 - create IPUIPlugin
2024-04-29 12:26:15,416 [INFO] PluginManager:220 - loadIPPluginJar : add sai
2024-04-29 12:26:15,463 [INFO] IPUIPlugin:80 - create IPUIPlugin
2024-04-29 12:26:15,463 [INFO] PluginManager:220 - loadIPPluginJar : add spi
2024-04-29 12:26:15,546 [INFO] IPUIPlugin:80 - create IPUIPlugin
2024-04-29 12:26:15,546 [INFO] PluginManager:220 - loadIPPluginJar : add stm32_wpan
2024-04-29 12:26:15,572 [INFO] IPUIPlugin:80 - create IPUIPlugin
2024-04-29 12:26:15,572 [INFO] PluginManager:220 - loadIPPluginJar : add tim
2024-04-29 12:26:15,645 [INFO] IPUIPlugin:80 - create IPUIPlugin
2024-04-29 12:26:15,646 [INFO] PluginManager:220 - loadIPPluginJar : add touchsensing
2024-04-29 12:26:15,673 [INFO] IPUIPlugin:80 - create IPUIPlugin
2024-04-29 12:26:15,673 [INFO] PluginManager:220 - loadIPPluginJar : add tracer_emb
2024-04-29 12:26:15,699 [INFO] IPUIPlugin:80 - create IPUIPlugin
2024-04-29 12:26:15,699 [INFO] PluginManager:220 - loadIPPluginJar : add ts
2024-04-29 12:26:15,724 [INFO] IPUIPlugin:80 - create IPUIPlugin
2024-04-29 12:26:15,724 [INFO] PluginManager:220 - loadIPPluginJar : add tsc
2024-04-29 12:26:15,757 [INFO] IPUIPlugin:80 - create IPUIPlugin
2024-04-29 12:26:15,757 [INFO] PluginManager:220 - loadIPPluginJar : add ucpd
2024-04-29 12:26:15,808 [INFO] IPUIPlugin:80 - create IPUIPlugin
2024-04-29 12:26:15,808 [INFO] PluginManager:220 - loadIPPluginJar : add usart
2024-04-29 12:26:15,840 [INFO] ThirdPartyUpdaterWithRetryManager:70 - Updater plugin not ready yet. [2/15]
2024-04-29 12:26:15,860 [INFO] IPUIPlugin:80 - create IPUIPlugin
2024-04-29 12:26:15,860 [INFO] PluginManager:220 - loadIPPluginJar : add usbx
2024-04-29 12:26:15,999 [INFO] CADModel:165 - CPN selected for project level
2024-04-29 12:26:15,999 [INFO] CADModel:114 - Register for checkConnection events
2024-04-29 12:26:15,999 [FATAL] Updater:308 - Updater called before beeing initialized
2024-04-29 12:26:15,999 [ERROR] CADModel:125 - Updater not yet initialized, retry later 
2024-04-29 12:26:16,151 [INFO] CADModel:165 - CPN selected for project level
2024-04-29 12:26:16,151 [INFO] CADModel:114 - Register for checkConnection events
2024-04-29 12:26:16,151 [FATAL] Updater:308 - Updater called before beeing initialized
2024-04-29 12:26:16,151 [ERROR] CADModel:125 - Updater not yet initialized, retry later 
2024-04-29 12:26:16,155 [FATAL] Updater:308 - Updater called before beeing initialized
2024-04-29 12:26:16,286 [FATAL] Updater:308 - Updater called before beeing initialized
2024-04-29 12:26:16,299 [INFO] DbMcusAds:53 - JSON generation date=Wed Nov 29 13:52:27 MSK 2023 (1701255147349)
2024-04-29 12:26:16,299 [FATAL] Updater:308 - Updater called before beeing initialized
2024-04-29 12:26:16,392 [WARN] DetailPanel:346 - Failed to get advertising image, set to default
2024-04-29 12:26:16,513 [FATAL] Updater:308 - Updater called before beeing initialized
2024-04-29 12:26:16,516 [FATAL] Updater:308 - Updater called before beeing initialized
2024-04-29 12:26:16,516 [FATAL] Updater:308 - Updater called before beeing initialized
2024-04-29 12:26:16,516 [WARN] DetailPanel:346 - Failed to get advertising image, set to default
2024-04-29 12:26:16,517 [FATAL] Updater:308 - Updater called before beeing initialized
2024-04-29 12:26:16,600 [ERROR] Updater:1120 - MainUpdater not yet initialized. External WinMGr cannot be set.
2024-04-29 12:26:16,613 [INFO] Updater:1056 - Updater Version found : 6.11.0
2024-04-29 12:26:16,637 [INFO] ApplicationProperties:184 - Using Application install path: C:\ST\STM32CubeIDE_1.8.0\STM32CubeIDE\plugins\com.st.stm32cube.common.mx_6.11.0.202403141607
2024-04-29 12:26:17,234 [ERROR] CheckConnectionManager:249 - Problem, Http access forbiden
2024-04-29 12:26:17,238 [INFO] MainUpdater:2873 - connection check result : 22
2024-04-29 12:26:17,239 [INFO] MainUpdater:290 - Updater Check For Update Now.
2024-04-29 12:26:17,239 [INFO] MicroXplorer:498 - Change Database Version : DB.6.0.110
2024-04-29 12:26:17,259 [INFO] McuFinderGlobals:63 - Set McuFinder mode to 2 (CubeIDE integrated)
2024-04-29 12:26:17,276 [INFO] UserAuth:415 - Internet connection configuration mode: 2
2024-04-29 12:26:17,494 [INFO] CheckServerUpdateThread:120 - End of CheckServer Thread
2024-04-29 12:26:19,077 [WARN] PackLoader:240 - Cannot read IP mode file for STMicroelectronics.FP-SNS-MOTENVWB1.1.4.0
2024-04-29 12:26:19,098 [WARN] PackLoader:240 - Cannot read IP mode file for STMicroelectronics.X-CUBE-SMBUS.2.1.0
2024-04-29 12:26:19,116 [WARN] PackLoader:240 - Cannot read IP mode file for STMicroelectronics.X-CUBE-TOUCHGFX.4.23.2
2024-04-29 12:26:19,178 [WARN] PackLoader:240 - Cannot read IP mode file for STMicroelectronics.X-CUBE-AZRTOS-F7.1.1.0
2024-04-29 12:26:19,203 [WARN] PackLoader:240 - Cannot read IP mode file for STMicroelectronics.FP-SNS-FLIGHT1.5.0.2
2024-04-29 12:26:19,229 [WARN] PackLoader:240 - Cannot read IP mode file for STMicroelectronics.X-CUBE-DISPLAY.3.0.0
2024-04-29 12:26:19,259 [WARN] PackLoader:240 - Cannot read IP mode file for STMicroelectronics.X-CUBE-BLE1.7.0.0
2024-04-29 12:26:19,280 [WARN] PackLoader:240 - Cannot read IP mode file for emotas.I-CUBE-CANOPEN.1.3.0
2024-04-29 12:26:19,320 [WARN] PackLoader:240 - Cannot read IP mode file for STMicroelectronics.X-CUBE-BLEMGR.3.1.0
2024-04-29 12:26:19,345 [WARN] PackLoader:240 - Cannot read IP mode file for STMicroelectronics.FP-SNS-SMARTAG2.1.2.0
2024-04-29 12:26:19,377 [INFO] LogOutputStream:77 - [STDOUT_REDIRECT] 1 : Invalid condition id : UX_CORESTACK_Condition cause : null
2024-04-29 12:26:19,378 [INFO] LogOutputStream:77 - [STDOUT_REDIRECT] 1 : Invalid condition id : UX_CORESTACK_Condition cause : null
2024-04-29 12:26:19,380 [INFO] LogOutputStream:77 - [STDOUT_REDIRECT] 1 : Invalid condition id : UX_CORESTACK_Condition cause : null
2024-04-29 12:26:19,382 [INFO] LogOutputStream:77 - [STDOUT_REDIRECT] 1 : Invalid condition id : UX_CORESTACK_Condition cause : null
2024-04-29 12:26:19,385 [INFO] LogOutputStream:77 - [STDOUT_REDIRECT] 1 : Invalid condition id : UX_CORESTACK_Condition cause : null
2024-04-29 12:26:19,391 [WARN] PackLoader:240 - Cannot read IP mode file for STMicroelectronics.X-CUBE-AZRTOS-WL.2.0.0
2024-04-29 12:26:19,416 [WARN] PackLoader:240 - Cannot read IP mode file for STMicroelectronics.FP-SNS-MOTENV1.5.0.0
2024-04-29 12:26:19,444 [WARN] PackLoader:240 - Cannot read IP mode file for WES.I-CUBE-Cesium.1.3.0
2024-04-29 12:26:19,463 [WARN] PackLoader:240 - Cannot read IP mode file for STMicroelectronics.X-CUBE-BLE2.3.3.0
2024-04-29 12:26:19,482 [WARN] PackLoader:240 - Cannot read IP mode file for STMicroelectronics.X-CUBE-TCPP.4.1.0
2024-04-29 12:26:19,505 [WARN] PackLoader:240 - Cannot read IP mode file for STMicroelectronics.X-CUBE-ALGOBUILD.1.3.0
2024-04-29 12:26:19,556 [WARN] PackLoader:240 - Cannot read IP mode file for STMicroelectronics.X-CUBE-AZRTOS-G0.1.1.0
2024-04-29 12:26:19,587 [WARN] PackLoader:240 - Cannot read IP mode file for STMicroelectronics.X-CUBE-SAFEA1.1.2.2
2024-04-29 12:26:19,612 [WARN] PackLoader:240 - Cannot read IP mode file for STMicroelectronics.X-CUBE-NFC4.3.0.0
2024-04-29 12:26:19,637 [WARN] PackLoader:240 - Cannot read IP mode file for wolfSSL.I-CUBE-wolfSSL.5.7.0
2024-04-29 12:26:19,658 [WARN] PackLoader:240 - Cannot read IP mode file for STMicroelectronics.FP-ATR-SIGFOX1.3.2.0
2024-04-29 12:26:19,690 [WARN] PackLoader:240 - Cannot read IP mode file for STMicroelectronics.X-CUBE-EEPRMA1.5.1.0
2024-04-29 12:26:19,721 [WARN] PackLoader:240 - Cannot read IP mode file for ITTIA_DB.I-CUBE-ITTIADB.8.9.0
2024-04-29 12:26:19,795 [WARN] PackLoader:240 - Cannot read IP mode file for SEGGER.I-CUBE-embOS.1.3.1
2024-04-29 12:26:19,904 [WARN] PackLoader:240 - Cannot read IP mode file for STMicroelectronics.X-CUBE-GNSS1.6.0.0
2024-04-29 12:26:19,971 [WARN] PackLoader:240 - Cannot read IP mode file for STMicroelectronics.X-CUBE-AZRTOS-F4.1.1.0
2024-04-29 12:26:20,004 [WARN] PackLoader:240 - Cannot read IP mode file for STMicroelectronics.X-CUBE-FREERTOS.1.2.0
2024-04-29 12:26:20,071 [WARN] PackLoader:240 - Cannot read IP mode file for STMicroelectronics.X-CUBE-AZRTOS-L5.2.0.0
2024-04-29 12:26:20,112 [WARN] PackLoader:240 - Cannot read IP mode file for STMicroelectronics.X-CUBE-NFC6.3.1.0
2024-04-29 12:26:20,144 [WARN] PackLoader:240 - Cannot read IP mode file for STMicroelectronics.X-CUBE-AI.9.0.0
2024-04-29 12:26:20,172 [WARN] PackLoader:240 - Cannot read IP mode file for STMicroelectronics.X-CUBE-NFC7.1.0.1
2024-04-29 12:26:20,196 [WARN] PackLoader:240 - Cannot read IP mode file for STMicroelectronics.X-CUBE-AI.8.1.0
2024-04-29 12:26:20,260 [WARN] ConditionMgr:438 - getConditionDescription Invalid condition id : LAN8742 Phy interface Condition cause : null
2024-04-29 12:26:20,262 [WARN] PackLoader:240 - Cannot read IP mode file for STMicroelectronics.X-CUBE-AZRTOS-L4.2.0.0
2024-04-29 12:26:20,265 [WARN] ConditionMgr:1039 - genDependencies : Invalid condition id : LAN8742 Phy interface Condition cause : null
2024-04-29 12:26:20,265 [WARN] ConditionMgr:1039 - genDependencies : Invalid condition id : LAN8742 Phy interface Condition cause : null
2024-04-29 12:26:20,266 [WARN] ConditionMgr:1039 - genDependencies : Invalid condition id : LAN8742 Phy interface Condition cause : null
2024-04-29 12:26:20,297 [WARN] PackLoader:240 - Cannot read IP mode file for STMicroelectronics.X-CUBE-SFXS2LP1.4.0.0
2024-04-29 12:26:20,349 [WARN] ConditionMgr:438 - getConditionDescription Invalid condition id : UX DEVICE CLASS RTOS Condition cause : null
2024-04-29 12:26:20,350 [WARN] ConditionMgr:438 - getConditionDescription Invalid condition id : UX DEVICE CLASS RTOS Condition cause : null
2024-04-29 12:26:20,354 [WARN] PackLoader:240 - Cannot read IP mode file for STMicroelectronics.X-CUBE-AZRTOS-WB.2.0.0
2024-04-29 12:26:20,355 [WARN] ConditionMgr:1039 - genDependencies : Invalid condition id : UX DEVICE CLASS RTOS Condition cause : null
2024-04-29 12:26:20,355 [WARN] ConditionMgr:1039 - genDependencies : Invalid condition id : UX DEVICE CLASS RTOS Condition cause : null
2024-04-29 12:26:20,356 [WARN] ConditionMgr:1039 - genDependencies : Invalid condition id : UX DEVICE CLASS RTOS Condition cause : null
2024-04-29 12:26:20,357 [WARN] ConditionMgr:1039 - genDependencies : Invalid condition id : UX DEVICE CLASS RTOS Condition cause : null
2024-04-29 12:26:20,357 [WARN] ConditionMgr:1039 - genDependencies : Invalid condition id : UX DEVICE CLASS RTOS Condition cause : null
2024-04-29 12:26:20,405 [WARN] PackLoader:240 - Cannot read IP mode file for STMicroelectronics.X-CUBE-SUBG2.5.0.0
2024-04-29 12:26:20,474 [WARN] PackLoader:240 - Cannot read IP mode file for STMicroelectronics.X-CUBE-AZRTOS-G4.2.0.0
2024-04-29 12:26:20,503 [WARN] PackLoader:240 - Cannot read IP mode file for STMicroelectronics.FP-SNS-MOTENVWB1.1.3.1
2024-04-29 12:26:20,530 [WARN] PackLoader:240 - Cannot read IP mode file for STMicroelectronics.X-CUBE-ISPU.2.0.0
2024-04-29 12:26:20,680 [WARN] PackLoader:240 - Cannot read IP mode file for STMicroelectronics.X-CUBE-MEMS1.10.0.0
2024-04-29 12:26:20,867 [WARN] PackLoader:240 - Cannot read IP mode file for STMicroelectronics.X-CUBE-FREERTOS.1.1.0
2024-04-29 12:26:20,893 [WARN] PackLoader:240 - Cannot read IP mode file for portGmbH.I-Cube-SoM-uGOAL.1.1.0
2024-04-29 12:26:20,915 [WARN] PackLoader:240 - Cannot read IP mode file for STMicroelectronics.X-CUBE-ALS.1.0.1
2024-04-29 12:26:20,977 [WARN] PackLoader:240 - Cannot read IP mode file for STMicroelectronics.X-CUBE-AZRTOS-H7RS.1.0.0
2024-04-29 12:26:21,000 [WARN] PackLoader:240 - Cannot read IP mode file for STMicroelectronics.FP-ATR-ASTRA1.2.0.0
2024-04-29 12:26:21,029 [WARN] PackLoader:240 - Cannot read IP mode file for STMicroelectronics.X-CUBE-TOF1.3.4.1
2024-04-29 12:26:21,091 [WARN] PackLoader:240 - Cannot read IP mode file for STMicroelectronics.X-CUBE-AZRTOS-H7.3.2.0
2024-04-29 12:26:21,135 [WARN] PackLoader:240 - Cannot read IP mode file for Infineon.AIROC-Wi-Fi-Bluetooth-STM32.1.6.0
2024-04-29 12:26:21,140 [INFO] ThirdParty:978 - Integrity check success = true
2024-04-29 12:26:21,140 [INFO] IntegrityCheckThread:100 - exiting critical section [integrity check]
2024-04-29 12:26:21,140 [INFO] IntegrityCheckThread:103 - End integrity checks thread
2024-04-29 15:13:16,025 [INFO] Activator:176 - 


2024-04-29 15:13:16,028 [INFO] Activator:177 - !SESSION log4j initialized
2024-04-29 15:13:23,581 [INFO] LogOutputStream:77 - [STDOUT_REDIRECT] 
2024-04-29 15:13:24,999 [INFO] ApplicationProperties:184 - Using Application install path: C:\ST\STM32CubeIDE_1.8.0\STM32CubeIDE\plugins\com.st.stm32cube.common.mx_6.11.0.202403141607
2024-04-29 15:13:25,021 [INFO] DbMcusXml:78 - Set database path to: C:\ST\STM32CubeIDE_1.8.0\STM32CubeIDE\plugins\com.st.stm32cube.common.mx_6.11.0.202403141607\\db\/mcu/
2024-04-29 15:13:25,021 [INFO] ApiDb:274 - Set plugin database path to: C:\ST\STM32CubeIDE_1.8.0\STM32CubeIDE\plugins\com.st.stm32cube.common.mx_6.11.0.202403141607\\db\/plugins/boardmanager/
2024-04-29 15:13:25,022 [WARN] ApiDb:259 - Overriding images path with different value:  => C:\ST\STM32CubeIDE_1.8.0\STM32CubeIDE\plugins\com.st.stm32cube.common.mx_6.11.0.202403141607\\db\/plugins/mcufinder/images/
2024-04-29 15:13:25,037 [INFO] ApiDb:250 - Set database path to: C:\Users\aordu\.stmcufinder\plugins\mcufinder//mcu/
2024-04-29 15:13:25,038 [INFO] DbMcusAds:125 - Set database path to: C:\Users\aordu\.stmcufinder\plugins\mcufinder//mcu/
2024-04-29 15:13:25,041 [INFO] CrossReferenceDbSqlite:203 - Set database path to: C:\Users\aordu\.stmcufinder\plugins\mcufinder//mcu/cs/
2024-04-29 15:13:25,184 [INFO] RulesReader:64 - Compatibility file has been processed (297 Rules)
2024-04-29 15:13:25,273 [INFO] DbMcusXml:78 - Set database path to: C:\ST\STM32CubeIDE_1.8.0\STM32CubeIDE\plugins\com.st.stm32cube.common.mx_6.11.0.202403141607\\db\/mcu/
2024-04-29 15:13:25,273 [INFO] ApiDb:274 - Set plugin database path to: C:\ST\STM32CubeIDE_1.8.0\STM32CubeIDE\plugins\com.st.stm32cube.common.mx_6.11.0.202403141607\\db\/plugins/boardmanager/
2024-04-29 15:13:25,273 [INFO] ApiDb:261 - Set plugin images path to: C:\ST\STM32CubeIDE_1.8.0\STM32CubeIDE\plugins\com.st.stm32cube.common.mx_6.11.0.202403141607\\db\/plugins/mcufinder/images/
2024-04-29 15:13:25,273 [WARN] DbFile:41 - Overriding database path with different value: C:\Users\aordu\.stmcufinder\plugins\mcufinder/ => C:\Users\aordu\.stmcufinder\plugins\mcufinder
2024-04-29 15:13:25,273 [INFO] ApiDb:250 - Set database path to: C:\Users\aordu\.stmcufinder\plugins\mcufinder//mcu/
2024-04-29 15:13:25,274 [WARN] DbFile:41 - Overriding database path with different value: C:\Users\aordu\.stmcufinder\plugins\mcufinder/ => C:\Users\aordu\.stmcufinder\plugins\mcufinder
2024-04-29 15:13:25,274 [INFO] DbMcusAds:125 - Set database path to: C:\Users\aordu\.stmcufinder\plugins\mcufinder//mcu/
2024-04-29 15:13:25,274 [WARN] DbFile:41 - Overriding database path with different value: C:\Users\aordu\.stmcufinder\plugins\mcufinder/ => C:\Users\aordu\.stmcufinder\plugins\mcufinder
2024-04-29 15:13:25,274 [WARN] DbFile:41 - Overriding database path with different value: C:\Users\aordu\.stmcufinder\plugins\mcufinder/ => C:\Users\aordu\.stmcufinder\plugins\mcufinder
2024-04-29 15:13:25,274 [INFO] CrossReferenceDbSqlite:203 - Set database path to: C:\Users\aordu\.stmcufinder\plugins\mcufinder//mcu/cs/
2024-04-29 15:13:25,355 [INFO] MainPanel:264 - HeapMemory: 268435456
2024-04-29 15:13:25,435 [INFO] DbMcusXml:78 - Set database path to: C:\ST\STM32CubeIDE_1.8.0\STM32CubeIDE\plugins\com.st.stm32cube.common.mx_6.11.0.202403141607\\db\/mcu/
2024-04-29 15:13:25,435 [INFO] ApiDb:274 - Set plugin database path to: C:\ST\STM32CubeIDE_1.8.0\STM32CubeIDE\plugins\com.st.stm32cube.common.mx_6.11.0.202403141607\\db\/plugins/boardmanager/
2024-04-29 15:13:25,435 [INFO] ApiDb:261 - Set plugin images path to: C:\ST\STM32CubeIDE_1.8.0\STM32CubeIDE\plugins\com.st.stm32cube.common.mx_6.11.0.202403141607\\db\/plugins/mcufinder/images/
2024-04-29 15:13:25,435 [WARN] DbFile:41 - Overriding database path with different value: C:\Users\aordu\.stmcufinder\plugins\mcufinder/ => C:\Users\aordu\.stmcufinder\plugins\mcufinder
2024-04-29 15:13:25,436 [INFO] ApiDb:250 - Set database path to: C:\Users\aordu\.stmcufinder\plugins\mcufinder//mcu/
2024-04-29 15:13:25,436 [WARN] DbFile:41 - Overriding database path with different value: C:\Users\aordu\.stmcufinder\plugins\mcufinder/ => C:\Users\aordu\.stmcufinder\plugins\mcufinder
2024-04-29 15:13:25,436 [INFO] DbMcusAds:125 - Set database path to: C:\Users\aordu\.stmcufinder\plugins\mcufinder//mcu/
2024-04-29 15:13:25,436 [WARN] DbFile:41 - Overriding database path with different value: C:\Users\aordu\.stmcufinder\plugins\mcufinder/ => C:\Users\aordu\.stmcufinder\plugins\mcufinder
2024-04-29 15:13:25,436 [WARN] DbFile:41 - Overriding database path with different value: C:\Users\aordu\.stmcufinder\plugins\mcufinder/ => C:\Users\aordu\.stmcufinder\plugins\mcufinder
2024-04-29 15:13:25,436 [INFO] CrossReferenceDbSqlite:203 - Set database path to: C:\Users\aordu\.stmcufinder\plugins\mcufinder//mcu/cs/
2024-04-29 15:13:25,457 [INFO] ApplicationProperties:184 - Using Application install path: C:\ST\STM32CubeIDE_1.8.0\STM32CubeIDE\plugins\com.st.stm32cube.common.mx_6.11.0.202403141607
2024-04-29 15:13:25,459 [INFO] PluginManage:196 - Search for loadable plugins [exclusion list=, ]
2024-04-29 15:13:25,460 [INFO] PluginManage:310 - Check plugin analytics
2024-04-29 15:13:25,665 [INFO] AnalyticsPlugin:253 - Accepted Software Licenses: STM32CubeMX.6.7.0
2024-04-29 15:13:25,666 [INFO] AnalyticsPlugin:255 - Accepted CMSIS Pack Licenses: 
2024-04-29 15:13:25,666 [INFO] AnalyticsPlugin:257 - Accepted Firmware Licenses: FW.G4.1.5.0
2024-04-29 15:13:25,668 [INFO] PluginManage:359 - Loaded plugin analytics (category:tool,tabindex:-1)
2024-04-29 15:13:25,669 [INFO] PluginManage:310 - Check plugin cadmodel
2024-04-29 15:13:25,685 [INFO] CADModel:105 - Init CAD model plugin
2024-04-29 15:13:25,686 [INFO] PluginManage:359 - Loaded plugin cadmodel (category:power,tabindex:5)
2024-04-29 15:13:25,686 [INFO] PluginManage:310 - Check plugin clock
2024-04-29 15:13:25,709 [INFO] PluginManage:359 - Loaded plugin clock (category:base,tabindex:2)
2024-04-29 15:13:25,709 [INFO] PluginManage:310 - Check plugin ddr
2024-04-29 15:13:25,711 [INFO] PluginManage:359 - Loaded plugin ddr (category:tool,tabindex:6)
2024-04-29 15:13:25,712 [INFO] PluginManage:310 - Check plugin filemanager
2024-04-29 15:13:25,884 [INFO] PluginManage:359 - Loaded plugin filemanager (category:base,tabindex:10)
2024-04-29 15:13:25,885 [INFO] PluginManage:310 - Check plugin ipmanager
2024-04-29 15:13:25,893 [INFO] PluginManage:359 - Loaded plugin ipmanager (category:base,tabindex:5)
2024-04-29 15:13:25,893 [INFO] PluginManage:310 - Check plugin lpbam
2024-04-29 15:13:25,913 [INFO] PluginManage:359 - Loaded plugin lpbam (category:base,tabindex:0)
2024-04-29 15:13:25,913 [INFO] PluginManage:310 - Check plugin memorymap
2024-04-29 15:13:25,936 [INFO] PluginManage:359 - Loaded plugin memorymap (category:base,tabindex:4)
2024-04-29 15:13:25,936 [INFO] PluginManage:310 - Check plugin pinoutandconfiguration
2024-04-29 15:13:25,957 [INFO] PluginManage:359 - Loaded plugin pinoutandconfiguration (category:base,tabindex:1)
2024-04-29 15:13:25,957 [INFO] PluginManage:310 - Check plugin pinoutconfig
2024-04-29 15:13:26,055 [WARN] SupportedApi:132 - Cannot load RTOS API schema: s4s-elt-must-match.1: The content of 'definitions' must match (annotation?, (simpleType | complexType)?, (unique | key | keyref)*)). A problem was found starting at: attribute.
2024-04-29 15:13:26,181 [INFO] PluginManage:359 - Loaded plugin pinoutconfig (category:base,tabindex:0)
2024-04-29 15:13:26,181 [INFO] PluginManage:310 - Check plugin power
2024-04-29 15:13:26,199 [INFO] PluginManage:359 - Loaded plugin power (category:power,tabindex:4)
2024-04-29 15:13:26,199 [INFO] PluginManage:310 - Check plugin projectmanager
2024-04-29 15:13:26,216 [INFO] PluginManage:359 - Loaded plugin projectmanager (category:projectmanager,tabindex:3)
2024-04-29 15:13:26,216 [INFO] PluginManage:310 - Check plugin thirdparty
2024-04-29 15:13:26,524 [INFO] PluginManage:359 - Loaded plugin thirdparty (category:base,tabindex:-1)
2024-04-29 15:13:26,524 [INFO] PluginManage:310 - Check plugin tools
2024-04-29 15:13:26,524 [WARN] IntegrityCheckThread:84 - waiting for thirdparty lock release [integrity check]
2024-04-29 15:13:26,524 [INFO] IntegrityCheckThread:86 - entering critical section [integrity check]
2024-04-29 15:13:26,525 [INFO] ThirdPartyUpdaterWithRetryManager:70 - Updater plugin not ready yet. [1/15]
2024-04-29 15:13:26,579 [INFO] PluginManage:359 - Loaded plugin tools (category:base,tabindex:7)
2024-04-29 15:13:26,579 [INFO] PluginManage:310 - Check plugin tutovideos
2024-04-29 15:13:26,788 [INFO] PluginManage:359 - Loaded plugin tutovideos (category:base,tabindex:-1)
2024-04-29 15:13:26,789 [INFO] PluginManage:310 - Check plugin updater
2024-04-29 15:13:26,799 [INFO] PluginManage:359 - Loaded plugin updater (category:base,tabindex:12)
2024-04-29 15:13:26,799 [INFO] PluginManage:310 - Check plugin userauth
2024-04-29 15:13:26,804 [INFO] UserAuth:114 - Init User Auth plugin
2024-04-29 15:13:26,805 [INFO] PluginManage:359 - Loaded plugin userauth (category:base,tabindex:14)
2024-04-29 15:13:26,805 [INFO] PluginManage:283 - PluginManage : Loaded plugins [17]
2024-04-29 15:13:27,030 [INFO] PinOutPanel:1561 - setPackage(No Configuration,No Configuration)
2024-04-29 15:13:27,112 [INFO] CADModel:165 - CPN selected for project level
2024-04-29 15:13:27,113 [INFO] CADModel:114 - Register for checkConnection events
2024-04-29 15:13:27,140 [INFO] IPUIPlugin:80 - create IPUIPlugin
2024-04-29 15:13:27,140 [INFO] PluginManager:220 - loadIPPluginJar : add adc
2024-04-29 15:13:27,182 [INFO] IPUIPlugin:80 - create IPUIPlugin
2024-04-29 15:13:27,182 [INFO] PluginManager:220 - loadIPPluginJar : add aes
2024-04-29 15:13:27,229 [INFO] IPUIPlugin:80 - create IPUIPlugin
2024-04-29 15:13:27,229 [INFO] PluginManager:220 - loadIPPluginJar : add can
2024-04-29 15:13:27,255 [INFO] IPUIPlugin:80 - create IPUIPlugin
2024-04-29 15:13:27,255 [INFO] PluginManager:220 - loadIPPluginJar : add comp
2024-04-29 15:13:27,292 [INFO] IPUIPlugin:80 - create IPUIPlugin
2024-04-29 15:13:27,292 [INFO] PluginManager:220 - loadIPPluginJar : add cryp
2024-04-29 15:13:27,325 [INFO] IPUIPlugin:80 - create IPUIPlugin
2024-04-29 15:13:27,325 [INFO] PluginManager:220 - loadIPPluginJar : add dfsdm
2024-04-29 15:13:27,340 [INFO] IPUIPlugin:80 - create IPUIPlugin
2024-04-29 15:13:27,340 [INFO] PluginManager:220 - loadIPPluginJar : add dma
2024-04-29 15:13:27,389 [INFO] IPUIPlugin:80 - create IPUIPlugin
2024-04-29 15:13:27,389 [INFO] PluginManager:220 - loadIPPluginJar : add dma3
2024-04-29 15:13:27,437 [INFO] IPUIPlugin:80 - create IPUIPlugin
2024-04-29 15:13:27,437 [INFO] PluginManager:220 - loadIPPluginJar : add extmemmanager
2024-04-29 15:13:27,459 [INFO] IPUIPlugin:80 - create IPUIPlugin
2024-04-29 15:13:27,459 [INFO] PluginManager:220 - loadIPPluginJar : add fatfs
2024-04-29 15:13:27,508 [INFO] IPUIPlugin:80 - create IPUIPlugin
2024-04-29 15:13:27,508 [INFO] PluginManager:220 - loadIPPluginJar : add fmc
2024-04-29 15:13:27,524 [INFO] IPUIPlugin:80 - create IPUIPlugin
2024-04-29 15:13:27,524 [INFO] PluginManager:220 - loadIPPluginJar : add freertos
2024-04-29 15:13:27,545 [INFO] IPUIPlugin:80 - create IPUIPlugin
2024-04-29 15:13:27,545 [INFO] PluginManager:220 - loadIPPluginJar : add genericplugin
2024-04-29 15:13:27,645 [INFO] IPUIPlugin:80 - create IPUIPlugin
2024-04-29 15:13:27,645 [INFO] PluginManager:220 - loadIPPluginJar : add gfxmmu
2024-04-29 15:13:27,777 [INFO] IPUIPlugin:80 - create IPUIPlugin
2024-04-29 15:13:27,777 [INFO] PluginManager:220 - loadIPPluginJar : add gic
2024-04-29 15:13:27,789 [INFO] IPUIPlugin:80 - create IPUIPlugin
2024-04-29 15:13:27,789 [INFO] PluginManager:220 - loadIPPluginJar : add gpio
2024-04-29 15:13:27,876 [INFO] IPUIPlugin:80 - create IPUIPlugin
2024-04-29 15:13:27,877 [INFO] PluginManager:220 - loadIPPluginJar : add gtzc
2024-04-29 15:13:27,906 [INFO] IPUIPlugin:80 - create IPUIPlugin
2024-04-29 15:13:27,906 [INFO] PluginManager:220 - loadIPPluginJar : add hash
2024-04-29 15:13:27,958 [INFO] IPUIPlugin:80 - create IPUIPlugin
2024-04-29 15:13:27,958 [INFO] PluginManager:220 - loadIPPluginJar : add i2c
2024-04-29 15:13:27,995 [INFO] IPUIPlugin:80 - create IPUIPlugin
2024-04-29 15:13:27,995 [INFO] PluginManager:220 - loadIPPluginJar : add i2s
2024-04-29 15:13:28,034 [INFO] IPUIPlugin:80 - create IPUIPlugin
2024-04-29 15:13:28,034 [INFO] PluginManager:220 - loadIPPluginJar : add i3c
2024-04-29 15:13:28,129 [INFO] IPUIPlugin:80 - create IPUIPlugin
2024-04-29 15:13:28,129 [INFO] PluginManager:220 - loadIPPluginJar : add ipddr
2024-04-29 15:13:28,213 [INFO] IPUIPlugin:80 - create IPUIPlugin
2024-04-29 15:13:28,213 [INFO] PluginManager:220 - loadIPPluginJar : add linkedlist
2024-04-29 15:13:28,245 [INFO] IPUIPlugin:80 - create IPUIPlugin
2024-04-29 15:13:28,245 [INFO] PluginManager:220 - loadIPPluginJar : add lorawan
2024-04-29 15:13:28,279 [INFO] IPUIPlugin:80 - create IPUIPlugin
2024-04-29 15:13:28,280 [INFO] PluginManager:220 - loadIPPluginJar : add ltdc
2024-04-29 15:13:28,292 [INFO] IPUIPlugin:80 - create IPUIPlugin
2024-04-29 15:13:28,292 [INFO] PluginManager:220 - loadIPPluginJar : add mdma
2024-04-29 15:13:28,303 [INFO] IPUIPlugin:80 - create IPUIPlugin
2024-04-29 15:13:28,303 [INFO] PluginManager:220 - loadIPPluginJar : add nvic
2024-04-29 15:13:28,337 [INFO] IPUIPlugin:80 - create IPUIPlugin
2024-04-29 15:13:28,337 [INFO] PluginManager:220 - loadIPPluginJar : add opamp
2024-04-29 15:13:28,394 [INFO] IPUIPlugin:80 - create IPUIPlugin
2024-04-29 15:13:28,394 [INFO] PluginManager:220 - loadIPPluginJar : add openamp
2024-04-29 15:13:28,432 [INFO] IPUIPlugin:80 - create IPUIPlugin
2024-04-29 15:13:28,432 [INFO] PluginManager:220 - loadIPPluginJar : add pdm2pcm
2024-04-29 15:13:28,445 [INFO] IPUIPlugin:80 - create IPUIPlugin
2024-04-29 15:13:28,447 [INFO] PluginManager:220 - loadIPPluginJar : add plateformsettings
2024-04-29 15:13:28,467 [INFO] IPUIPlugin:80 - create IPUIPlugin
2024-04-29 15:13:28,467 [INFO] PluginManager:220 - loadIPPluginJar : add quadspi
2024-04-29 15:13:28,478 [INFO] IPUIPlugin:80 - create IPUIPlugin
2024-04-29 15:13:28,478 [INFO] PluginManager:220 - loadIPPluginJar : add resmgrutility
2024-04-29 15:13:28,523 [INFO] IPUIPlugin:80 - create IPUIPlugin
2024-04-29 15:13:28,523 [INFO] PluginManager:220 - loadIPPluginJar : add sai
2024-04-29 15:13:28,558 [INFO] IPUIPlugin:80 - create IPUIPlugin
2024-04-29 15:13:28,558 [INFO] PluginManager:220 - loadIPPluginJar : add spi
2024-04-29 15:13:28,621 [INFO] IPUIPlugin:80 - create IPUIPlugin
2024-04-29 15:13:28,621 [INFO] PluginManager:220 - loadIPPluginJar : add stm32_wpan
2024-04-29 15:13:28,642 [INFO] IPUIPlugin:80 - create IPUIPlugin
2024-04-29 15:13:28,642 [INFO] PluginManager:220 - loadIPPluginJar : add tim
2024-04-29 15:13:28,699 [INFO] IPUIPlugin:80 - create IPUIPlugin
2024-04-29 15:13:28,700 [INFO] PluginManager:220 - loadIPPluginJar : add touchsensing
2024-04-29 15:13:28,721 [INFO] IPUIPlugin:80 - create IPUIPlugin
2024-04-29 15:13:28,721 [INFO] PluginManager:220 - loadIPPluginJar : add tracer_emb
2024-04-29 15:13:28,742 [INFO] IPUIPlugin:80 - create IPUIPlugin
2024-04-29 15:13:28,742 [INFO] PluginManager:220 - loadIPPluginJar : add ts
2024-04-29 15:13:28,763 [INFO] IPUIPlugin:80 - create IPUIPlugin
2024-04-29 15:13:28,763 [INFO] PluginManager:220 - loadIPPluginJar : add tsc
2024-04-29 15:13:28,783 [INFO] IPUIPlugin:80 - create IPUIPlugin
2024-04-29 15:13:28,783 [INFO] PluginManager:220 - loadIPPluginJar : add ucpd
2024-04-29 15:13:28,822 [INFO] IPUIPlugin:80 - create IPUIPlugin
2024-04-29 15:13:28,822 [INFO] PluginManager:220 - loadIPPluginJar : add usart
2024-04-29 15:13:28,862 [INFO] IPUIPlugin:80 - create IPUIPlugin
2024-04-29 15:13:28,862 [INFO] PluginManager:220 - loadIPPluginJar : add usbx
2024-04-29 15:13:28,980 [INFO] CADModel:165 - CPN selected for project level
2024-04-29 15:13:28,980 [INFO] CADModel:114 - Register for checkConnection events
2024-04-29 15:13:28,980 [FATAL] Updater:308 - Updater called before beeing initialized
2024-04-29 15:13:28,980 [ERROR] CADModel:125 - Updater not yet initialized, retry later 
2024-04-29 15:13:29,084 [INFO] CADModel:165 - CPN selected for project level
2024-04-29 15:13:29,084 [INFO] CADModel:114 - Register for checkConnection events
2024-04-29 15:13:29,085 [FATAL] Updater:308 - Updater called before beeing initialized
2024-04-29 15:13:29,085 [ERROR] CADModel:125 - Updater not yet initialized, retry later 
2024-04-29 15:13:29,087 [FATAL] Updater:308 - Updater called before beeing initialized
2024-04-29 15:13:29,183 [FATAL] Updater:308 - Updater called before beeing initialized
2024-04-29 15:13:29,193 [INFO] DbMcusAds:53 - JSON generation date=Wed Nov 29 13:52:27 MSK 2023 (1701255147349)
2024-04-29 15:13:29,193 [FATAL] Updater:308 - Updater called before beeing initialized
2024-04-29 15:13:29,270 [WARN] DetailPanel:346 - Failed to get advertising image, set to default
2024-04-29 15:13:29,364 [FATAL] Updater:308 - Updater called before beeing initialized
2024-04-29 15:13:29,366 [FATAL] Updater:308 - Updater called before beeing initialized
2024-04-29 15:13:29,366 [FATAL] Updater:308 - Updater called before beeing initialized
2024-04-29 15:13:29,366 [WARN] DetailPanel:346 - Failed to get advertising image, set to default
2024-04-29 15:13:29,367 [FATAL] Updater:308 - Updater called before beeing initialized
2024-04-29 15:13:29,419 [ERROR] Updater:1120 - MainUpdater not yet initialized. External WinMGr cannot be set.
2024-04-29 15:13:29,429 [INFO] Updater:1056 - Updater Version found : 6.11.0
2024-04-29 15:13:29,445 [INFO] ApplicationProperties:184 - Using Application install path: C:\ST\STM32CubeIDE_1.8.0\STM32CubeIDE\plugins\com.st.stm32cube.common.mx_6.11.0.202403141607
2024-04-29 15:13:29,537 [INFO] ThirdPartyUpdaterWithRetryManager:70 - Updater plugin not ready yet. [2/15]
2024-04-29 15:13:29,799 [ERROR] CheckConnectionManager:249 - Problem, Http access forbiden
2024-04-29 15:13:29,808 [INFO] MainUpdater:2873 - connection check result : 22
2024-04-29 15:13:29,809 [INFO] MainUpdater:290 - Updater Check For Update Now.
2024-04-29 15:13:29,810 [INFO] MicroXplorer:498 - Change Database Version : DB.6.0.110
2024-04-29 15:13:29,828 [INFO] McuFinderGlobals:63 - Set McuFinder mode to 2 (CubeIDE integrated)
2024-04-29 15:13:29,845 [INFO] UserAuth:415 - Internet connection configuration mode: 2
2024-04-29 15:13:30,061 [INFO] CheckServerUpdateThread:120 - End of CheckServer Thread
2024-04-29 15:13:32,667 [WARN] PackLoader:240 - Cannot read IP mode file for STMicroelectronics.FP-SNS-MOTENVWB1.1.4.0
2024-04-29 15:13:32,682 [WARN] PackLoader:240 - Cannot read IP mode file for STMicroelectronics.X-CUBE-SMBUS.2.1.0
2024-04-29 15:13:32,694 [WARN] PackLoader:240 - Cannot read IP mode file for STMicroelectronics.X-CUBE-TOUCHGFX.4.23.2
2024-04-29 15:13:32,729 [WARN] PackLoader:240 - Cannot read IP mode file for STMicroelectronics.X-CUBE-AZRTOS-F7.1.1.0
2024-04-29 15:13:32,745 [WARN] PackLoader:240 - Cannot read IP mode file for STMicroelectronics.FP-SNS-FLIGHT1.5.0.2
2024-04-29 15:13:32,760 [WARN] PackLoader:240 - Cannot read IP mode file for STMicroelectronics.X-CUBE-DISPLAY.3.0.0
2024-04-29 15:13:32,780 [WARN] PackLoader:240 - Cannot read IP mode file for STMicroelectronics.X-CUBE-BLE1.7.0.0
2024-04-29 15:13:32,793 [WARN] PackLoader:240 - Cannot read IP mode file for emotas.I-CUBE-CANOPEN.1.3.0
2024-04-29 15:13:32,809 [WARN] PackLoader:240 - Cannot read IP mode file for STMicroelectronics.X-CUBE-BLEMGR.3.1.0
2024-04-29 15:13:32,821 [WARN] PackLoader:240 - Cannot read IP mode file for STMicroelectronics.FP-SNS-SMARTAG2.1.2.0
2024-04-29 15:13:32,836 [INFO] LogOutputStream:77 - [STDOUT_REDIRECT] 1 : Invalid condition id : UX_CORESTACK_Condition cause : null
2024-04-29 15:13:32,836 [INFO] LogOutputStream:77 - [STDOUT_REDIRECT] 1 : Invalid condition id : UX_CORESTACK_Condition cause : null
2024-04-29 15:13:32,837 [INFO] LogOutputStream:77 - [STDOUT_REDIRECT] 1 : Invalid condition id : UX_CORESTACK_Condition cause : null
2024-04-29 15:13:32,838 [INFO] LogOutputStream:77 - [STDOUT_REDIRECT] 1 : Invalid condition id : UX_CORESTACK_Condition cause : null
2024-04-29 15:13:32,839 [INFO] LogOutputStream:77 - [STDOUT_REDIRECT] 1 : Invalid condition id : UX_CORESTACK_Condition cause : null
2024-04-29 15:13:32,841 [WARN] PackLoader:240 - Cannot read IP mode file for STMicroelectronics.X-CUBE-AZRTOS-WL.2.0.0
2024-04-29 15:13:32,853 [WARN] PackLoader:240 - Cannot read IP mode file for STMicroelectronics.FP-SNS-MOTENV1.5.0.0
2024-04-29 15:13:32,866 [WARN] PackLoader:240 - Cannot read IP mode file for WES.I-CUBE-Cesium.1.3.0
2024-04-29 15:13:32,876 [WARN] PackLoader:240 - Cannot read IP mode file for STMicroelectronics.X-CUBE-BLE2.3.3.0
2024-04-29 15:13:32,886 [WARN] PackLoader:240 - Cannot read IP mode file for STMicroelectronics.X-CUBE-TCPP.4.1.0
2024-04-29 15:13:32,899 [WARN] PackLoader:240 - Cannot read IP mode file for STMicroelectronics.X-CUBE-ALGOBUILD.1.3.0
2024-04-29 15:13:32,925 [WARN] PackLoader:240 - Cannot read IP mode file for STMicroelectronics.X-CUBE-AZRTOS-G0.1.1.0
2024-04-29 15:13:32,947 [WARN] PackLoader:240 - Cannot read IP mode file for STMicroelectronics.X-CUBE-SAFEA1.1.2.2
2024-04-29 15:13:32,960 [WARN] PackLoader:240 - Cannot read IP mode file for STMicroelectronics.X-CUBE-NFC4.3.0.0
2024-04-29 15:13:32,972 [WARN] PackLoader:240 - Cannot read IP mode file for wolfSSL.I-CUBE-wolfSSL.5.7.0
2024-04-29 15:13:32,985 [WARN] PackLoader:240 - Cannot read IP mode file for STMicroelectronics.FP-ATR-SIGFOX1.3.2.0
2024-04-29 15:13:32,998 [WARN] PackLoader:240 - Cannot read IP mode file for STMicroelectronics.X-CUBE-EEPRMA1.5.1.0
2024-04-29 15:13:33,014 [WARN] PackLoader:240 - Cannot read IP mode file for ITTIA_DB.I-CUBE-ITTIADB.8.9.0
2024-04-29 15:13:33,045 [WARN] PackLoader:240 - Cannot read IP mode file for SEGGER.I-CUBE-embOS.1.3.1
2024-04-29 15:13:33,084 [WARN] PackLoader:240 - Cannot read IP mode file for STMicroelectronics.X-CUBE-GNSS1.6.0.0
2024-04-29 15:13:33,111 [WARN] PackLoader:240 - Cannot read IP mode file for STMicroelectronics.X-CUBE-AZRTOS-F4.1.1.0
2024-04-29 15:13:33,128 [WARN] PackLoader:240 - Cannot read IP mode file for STMicroelectronics.X-CUBE-FREERTOS.1.2.0
2024-04-29 15:13:33,155 [WARN] PackLoader:240 - Cannot read IP mode file for STMicroelectronics.X-CUBE-AZRTOS-L5.2.0.0
2024-04-29 15:13:33,170 [WARN] PackLoader:240 - Cannot read IP mode file for STMicroelectronics.X-CUBE-NFC6.3.1.0
2024-04-29 15:13:33,183 [WARN] PackLoader:240 - Cannot read IP mode file for STMicroelectronics.X-CUBE-AI.9.0.0
2024-04-29 15:13:33,194 [WARN] PackLoader:240 - Cannot read IP mode file for STMicroelectronics.X-CUBE-NFC7.1.0.1
2024-04-29 15:13:33,205 [WARN] PackLoader:240 - Cannot read IP mode file for STMicroelectronics.X-CUBE-AI.8.1.0
2024-04-29 15:13:33,229 [WARN] ConditionMgr:438 - getConditionDescription Invalid condition id : LAN8742 Phy interface Condition cause : null
2024-04-29 15:13:33,229 [WARN] PackLoader:240 - Cannot read IP mode file for STMicroelectronics.X-CUBE-AZRTOS-L4.2.0.0
2024-04-29 15:13:33,236 [WARN] ConditionMgr:1039 - genDependencies : Invalid condition id : LAN8742 Phy interface Condition cause : null
2024-04-29 15:13:33,237 [WARN] ConditionMgr:1039 - genDependencies : Invalid condition id : LAN8742 Phy interface Condition cause : null
2024-04-29 15:13:33,238 [WARN] ConditionMgr:1039 - genDependencies : Invalid condition id : LAN8742 Phy interface Condition cause : null
2024-04-29 15:13:33,256 [WARN] PackLoader:240 - Cannot read IP mode file for STMicroelectronics.X-CUBE-SFXS2LP1.4.0.0
2024-04-29 15:13:33,287 [WARN] ConditionMgr:438 - getConditionDescription Invalid condition id : UX DEVICE CLASS RTOS Condition cause : null
2024-04-29 15:13:33,287 [WARN] ConditionMgr:438 - getConditionDescription Invalid condition id : UX DEVICE CLASS RTOS Condition cause : null
2024-04-29 15:13:33,290 [WARN] PackLoader:240 - Cannot read IP mode file for STMicroelectronics.X-CUBE-AZRTOS-WB.2.0.0
2024-04-29 15:13:33,291 [WARN] ConditionMgr:1039 - genDependencies : Invalid condition id : UX DEVICE CLASS RTOS Condition cause : null
2024-04-29 15:13:33,291 [WARN] ConditionMgr:1039 - genDependencies : Invalid condition id : UX DEVICE CLASS RTOS Condition cause : null
2024-04-29 15:13:33,292 [WARN] ConditionMgr:1039 - genDependencies : Invalid condition id : UX DEVICE CLASS RTOS Condition cause : null
2024-04-29 15:13:33,292 [WARN] ConditionMgr:1039 - genDependencies : Invalid condition id : UX DEVICE CLASS RTOS Condition cause : null
2024-04-29 15:13:33,292 [WARN] ConditionMgr:1039 - genDependencies : Invalid condition id : UX DEVICE CLASS RTOS Condition cause : null
2024-04-29 15:13:33,324 [WARN] PackLoader:240 - Cannot read IP mode file for STMicroelectronics.X-CUBE-SUBG2.5.0.0
2024-04-29 15:13:33,365 [WARN] PackLoader:240 - Cannot read IP mode file for STMicroelectronics.X-CUBE-AZRTOS-G4.2.0.0
2024-04-29 15:13:33,381 [WARN] PackLoader:240 - Cannot read IP mode file for STMicroelectronics.FP-SNS-MOTENVWB1.1.3.1
2024-04-29 15:13:33,393 [WARN] PackLoader:240 - Cannot read IP mode file for STMicroelectronics.X-CUBE-ISPU.2.0.0
2024-04-29 15:13:33,435 [WARN] PackLoader:240 - Cannot read IP mode file for STMicroelectronics.X-CUBE-MEMS1.10.0.0
2024-04-29 15:13:33,528 [WARN] PackLoader:240 - Cannot read IP mode file for STMicroelectronics.X-CUBE-FREERTOS.1.1.0
2024-04-29 15:13:33,540 [WARN] PackLoader:240 - Cannot read IP mode file for portGmbH.I-Cube-SoM-uGOAL.1.1.0
2024-04-29 15:13:33,552 [WARN] PackLoader:240 - Cannot read IP mode file for STMicroelectronics.X-CUBE-ALS.1.0.1
2024-04-29 15:13:33,576 [WARN] PackLoader:240 - Cannot read IP mode file for STMicroelectronics.X-CUBE-AZRTOS-H7RS.1.0.0
2024-04-29 15:13:33,589 [WARN] PackLoader:240 - Cannot read IP mode file for STMicroelectronics.FP-ATR-ASTRA1.2.0.0
2024-04-29 15:13:33,605 [WARN] PackLoader:240 - Cannot read IP mode file for STMicroelectronics.X-CUBE-TOF1.3.4.1
2024-04-29 15:13:33,633 [WARN] PackLoader:240 - Cannot read IP mode file for STMicroelectronics.X-CUBE-AZRTOS-H7.3.2.0
2024-04-29 15:13:33,652 [WARN] PackLoader:240 - Cannot read IP mode file for Infineon.AIROC-Wi-Fi-Bluetooth-STM32.1.6.0
2024-04-29 15:13:33,656 [INFO] ThirdParty:978 - Integrity check success = true
2024-04-29 15:13:33,657 [INFO] IntegrityCheckThread:100 - exiting critical section [integrity check]
2024-04-29 15:13:33,657 [INFO] IntegrityCheckThread:103 - End integrity checks thread
