2024-04-27 00:19:25,677 [ERROR] LogOutputStream:75 - [STDERR_REDIRECT] 
2024-04-27 13:40:53,243 [INFO] Activator:176 - 


2024-04-27 13:40:53,247 [INFO] Activator:177 - !SESSION log4j initialized
2024-04-27 13:41:07,369 [INFO] LogOutputStream:77 - [STDOUT_REDIRECT] 
2024-04-27 13:41:12,519 [INFO] ApplicationProperties:184 - Using Application install path: C:\ST\STM32CubeIDE_1.8.0\STM32CubeIDE\plugins\com.st.stm32cube.common.mx_6.11.0.202403141607
2024-04-27 13:41:12,581 [INFO] DbMcusXml:78 - Set database path to: C:\ST\STM32CubeIDE_1.8.0\STM32CubeIDE\plugins\com.st.stm32cube.common.mx_6.11.0.202403141607\\db\/mcu/
2024-04-27 13:41:12,582 [INFO] ApiDb:274 - Set plugin database path to: C:\ST\STM32CubeIDE_1.8.0\STM32CubeIDE\plugins\com.st.stm32cube.common.mx_6.11.0.202403141607\\db\/plugins/boardmanager/
2024-04-27 13:41:12,583 [WARN] ApiDb:259 - Overriding images path with different value:  => C:\ST\STM32CubeIDE_1.8.0\STM32CubeIDE\plugins\com.st.stm32cube.common.mx_6.11.0.202403141607\\db\/plugins/mcufinder/images/
2024-04-27 13:41:12,615 [INFO] ApiDb:250 - Set database path to: C:\Users\aordu\.stmcufinder\plugins\mcufinder//mcu/
2024-04-27 13:41:12,617 [INFO] DbMcusAds:125 - Set database path to: C:\Users\aordu\.stmcufinder\plugins\mcufinder//mcu/
2024-04-27 13:41:12,621 [INFO] CrossReferenceDbSqlite:203 - Set database path to: C:\Users\aordu\.stmcufinder\plugins\mcufinder//mcu/cs/
2024-04-27 13:41:12,880 [INFO] RulesReader:64 - Compatibility file has been processed (297 Rules)
2024-04-27 13:41:13,037 [INFO] DbMcusXml:78 - Set database path to: C:\ST\STM32CubeIDE_1.8.0\STM32CubeIDE\plugins\com.st.stm32cube.common.mx_6.11.0.202403141607\\db\/mcu/
2024-04-27 13:41:13,037 [INFO] ApiDb:274 - Set plugin database path to: C:\ST\STM32CubeIDE_1.8.0\STM32CubeIDE\plugins\com.st.stm32cube.common.mx_6.11.0.202403141607\\db\/plugins/boardmanager/
2024-04-27 13:41:13,038 [INFO] ApiDb:261 - Set plugin images path to: C:\ST\STM32CubeIDE_1.8.0\STM32CubeIDE\plugins\com.st.stm32cube.common.mx_6.11.0.202403141607\\db\/plugins/mcufinder/images/
2024-04-27 13:41:13,038 [WARN] DbFile:41 - Overriding database path with different value: C:\Users\aordu\.stmcufinder\plugins\mcufinder/ => C:\Users\aordu\.stmcufinder\plugins\mcufinder
2024-04-27 13:41:13,039 [INFO] ApiDb:250 - Set database path to: C:\Users\aordu\.stmcufinder\plugins\mcufinder//mcu/
2024-04-27 13:41:13,039 [WARN] DbFile:41 - Overriding database path with different value: C:\Users\aordu\.stmcufinder\plugins\mcufinder/ => C:\Users\aordu\.stmcufinder\plugins\mcufinder
2024-04-27 13:41:13,039 [INFO] DbMcusAds:125 - Set database path to: C:\Users\aordu\.stmcufinder\plugins\mcufinder//mcu/
2024-04-27 13:41:13,039 [WARN] DbFile:41 - Overriding database path with different value: C:\Users\aordu\.stmcufinder\plugins\mcufinder/ => C:\Users\aordu\.stmcufinder\plugins\mcufinder
2024-04-27 13:41:13,039 [WARN] DbFile:41 - Overriding database path with different value: C:\Users\aordu\.stmcufinder\plugins\mcufinder/ => C:\Users\aordu\.stmcufinder\plugins\mcufinder
2024-04-27 13:41:13,040 [INFO] CrossReferenceDbSqlite:203 - Set database path to: C:\Users\aordu\.stmcufinder\plugins\mcufinder//mcu/cs/
2024-04-27 13:41:13,188 [INFO] MainPanel:264 - HeapMemory: 268435456
2024-04-27 13:41:13,344 [INFO] DbMcusXml:78 - Set database path to: C:\ST\STM32CubeIDE_1.8.0\STM32CubeIDE\plugins\com.st.stm32cube.common.mx_6.11.0.202403141607\\db\/mcu/
2024-04-27 13:41:13,345 [INFO] ApiDb:274 - Set plugin database path to: C:\ST\STM32CubeIDE_1.8.0\STM32CubeIDE\plugins\com.st.stm32cube.common.mx_6.11.0.202403141607\\db\/plugins/boardmanager/
2024-04-27 13:41:13,345 [INFO] ApiDb:261 - Set plugin images path to: C:\ST\STM32CubeIDE_1.8.0\STM32CubeIDE\plugins\com.st.stm32cube.common.mx_6.11.0.202403141607\\db\/plugins/mcufinder/images/
2024-04-27 13:41:13,345 [WARN] DbFile:41 - Overriding database path with different value: C:\Users\aordu\.stmcufinder\plugins\mcufinder/ => C:\Users\aordu\.stmcufinder\plugins\mcufinder
2024-04-27 13:41:13,345 [INFO] ApiDb:250 - Set database path to: C:\Users\aordu\.stmcufinder\plugins\mcufinder//mcu/
2024-04-27 13:41:13,346 [WARN] DbFile:41 - Overriding database path with different value: C:\Users\aordu\.stmcufinder\plugins\mcufinder/ => C:\Users\aordu\.stmcufinder\plugins\mcufinder
2024-04-27 13:41:13,346 [INFO] DbMcusAds:125 - Set database path to: C:\Users\aordu\.stmcufinder\plugins\mcufinder//mcu/
2024-04-27 13:41:13,346 [WARN] DbFile:41 - Overriding database path with different value: C:\Users\aordu\.stmcufinder\plugins\mcufinder/ => C:\Users\aordu\.stmcufinder\plugins\mcufinder
2024-04-27 13:41:13,346 [WARN] DbFile:41 - Overriding database path with different value: C:\Users\aordu\.stmcufinder\plugins\mcufinder/ => C:\Users\aordu\.stmcufinder\plugins\mcufinder
2024-04-27 13:41:13,346 [INFO] CrossReferenceDbSqlite:203 - Set database path to: C:\Users\aordu\.stmcufinder\plugins\mcufinder//mcu/cs/
2024-04-27 13:41:13,377 [INFO] ApplicationProperties:184 - Using Application install path: C:\ST\STM32CubeIDE_1.8.0\STM32CubeIDE\plugins\com.st.stm32cube.common.mx_6.11.0.202403141607
2024-04-27 13:41:13,380 [INFO] PluginManage:196 - Search for loadable plugins [exclusion list=, ]
2024-04-27 13:41:13,382 [INFO] PluginManage:310 - Check plugin analytics
2024-04-27 13:41:13,692 [INFO] AnalyticsPlugin:253 - Accepted Software Licenses: STM32CubeMX.6.7.0
2024-04-27 13:41:13,693 [INFO] AnalyticsPlugin:255 - Accepted CMSIS Pack Licenses: 
2024-04-27 13:41:13,693 [INFO] AnalyticsPlugin:257 - Accepted Firmware Licenses: FW.G4.1.5.0
2024-04-27 13:41:13,698 [INFO] PluginManage:359 - Loaded plugin analytics (category:tool,tabindex:-1)
2024-04-27 13:41:13,699 [INFO] PluginManage:310 - Check plugin cadmodel
2024-04-27 13:41:13,725 [INFO] CADModel:105 - Init CAD model plugin
2024-04-27 13:41:13,725 [INFO] PluginManage:359 - Loaded plugin cadmodel (category:power,tabindex:5)
2024-04-27 13:41:13,725 [INFO] PluginManage:310 - Check plugin clock
2024-04-27 13:41:13,756 [INFO] PluginManage:359 - Loaded plugin clock (category:base,tabindex:2)
2024-04-27 13:41:13,756 [INFO] PluginManage:310 - Check plugin ddr
2024-04-27 13:41:13,761 [INFO] PluginManage:359 - Loaded plugin ddr (category:tool,tabindex:6)
2024-04-27 13:41:13,761 [INFO] PluginManage:310 - Check plugin filemanager
2024-04-27 13:41:13,993 [INFO] PluginManage:359 - Loaded plugin filemanager (category:base,tabindex:10)
2024-04-27 13:41:13,993 [INFO] PluginManage:310 - Check plugin ipmanager
2024-04-27 13:41:14,005 [INFO] PluginManage:359 - Loaded plugin ipmanager (category:base,tabindex:5)
2024-04-27 13:41:14,005 [INFO] PluginManage:310 - Check plugin lpbam
2024-04-27 13:41:14,030 [INFO] PluginManage:359 - Loaded plugin lpbam (category:base,tabindex:0)
2024-04-27 13:41:14,030 [INFO] PluginManage:310 - Check plugin memorymap
2024-04-27 13:41:14,070 [INFO] PluginManage:359 - Loaded plugin memorymap (category:base,tabindex:4)
2024-04-27 13:41:14,070 [INFO] PluginManage:310 - Check plugin pinoutandconfiguration
2024-04-27 13:41:14,093 [INFO] PluginManage:359 - Loaded plugin pinoutandconfiguration (category:base,tabindex:1)
2024-04-27 13:41:14,093 [INFO] PluginManage:310 - Check plugin pinoutconfig
2024-04-27 13:41:14,233 [WARN] SupportedApi:132 - Cannot load RTOS API schema: s4s-elt-must-match.1: The content of 'definitions' must match (annotation?, (simpleType | complexType)?, (unique | key | keyref)*)). A problem was found starting at: attribute.
2024-04-27 13:41:14,462 [INFO] PluginManage:359 - Loaded plugin pinoutconfig (category:base,tabindex:0)
2024-04-27 13:41:14,462 [INFO] PluginManage:310 - Check plugin power
2024-04-27 13:41:14,492 [INFO] PluginManage:359 - Loaded plugin power (category:power,tabindex:4)
2024-04-27 13:41:14,493 [INFO] PluginManage:310 - Check plugin projectmanager
2024-04-27 13:41:14,515 [INFO] PluginManage:359 - Loaded plugin projectmanager (category:projectmanager,tabindex:3)
2024-04-27 13:41:14,516 [INFO] PluginManage:310 - Check plugin thirdparty
2024-04-27 13:41:14,946 [INFO] PluginManage:359 - Loaded plugin thirdparty (category:base,tabindex:-1)
2024-04-27 13:41:14,946 [WARN] IntegrityCheckThread:84 - waiting for thirdparty lock release [integrity check]
2024-04-27 13:41:14,946 [INFO] PluginManage:310 - Check plugin tools
2024-04-27 13:41:14,946 [INFO] IntegrityCheckThread:86 - entering critical section [integrity check]
2024-04-27 13:41:14,947 [INFO] ThirdPartyUpdaterWithRetryManager:70 - Updater plugin not ready yet. [1/15]
2024-04-27 13:41:15,006 [INFO] PluginManage:359 - Loaded plugin tools (category:base,tabindex:7)
2024-04-27 13:41:15,006 [INFO] PluginManage:310 - Check plugin tutovideos
2024-04-27 13:41:15,290 [INFO] PluginManage:359 - Loaded plugin tutovideos (category:base,tabindex:-1)
2024-04-27 13:41:15,291 [INFO] PluginManage:310 - Check plugin updater
2024-04-27 13:41:15,307 [INFO] PluginManage:359 - Loaded plugin updater (category:base,tabindex:12)
2024-04-27 13:41:15,307 [INFO] PluginManage:310 - Check plugin userauth
2024-04-27 13:41:15,316 [INFO] UserAuth:114 - Init User Auth plugin
2024-04-27 13:41:15,316 [INFO] PluginManage:359 - Loaded plugin userauth (category:base,tabindex:14)
2024-04-27 13:41:15,317 [INFO] PluginManage:283 - PluginManage : Loaded plugins [17]
2024-04-27 13:41:15,689 [INFO] PinOutPanel:1561 - setPackage(No Configuration,No Configuration)
2024-04-27 13:41:15,817 [INFO] CADModel:165 - CPN selected for project level
2024-04-27 13:41:15,817 [INFO] CADModel:114 - Register for checkConnection events
2024-04-27 13:41:15,866 [INFO] IPUIPlugin:80 - create IPUIPlugin
2024-04-27 13:41:15,867 [INFO] PluginManager:220 - loadIPPluginJar : add adc
2024-04-27 13:41:15,952 [INFO] IPUIPlugin:80 - create IPUIPlugin
2024-04-27 13:41:15,952 [INFO] PluginManager:220 - loadIPPluginJar : add aes
2024-04-27 13:41:16,038 [INFO] IPUIPlugin:80 - create IPUIPlugin
2024-04-27 13:41:16,038 [INFO] PluginManager:220 - loadIPPluginJar : add can
2024-04-27 13:41:16,083 [INFO] IPUIPlugin:80 - create IPUIPlugin
2024-04-27 13:41:16,084 [INFO] PluginManager:220 - loadIPPluginJar : add comp
2024-04-27 13:41:16,150 [INFO] IPUIPlugin:80 - create IPUIPlugin
2024-04-27 13:41:16,151 [INFO] PluginManager:220 - loadIPPluginJar : add cryp
2024-04-27 13:41:16,203 [INFO] IPUIPlugin:80 - create IPUIPlugin
2024-04-27 13:41:16,203 [INFO] PluginManager:220 - loadIPPluginJar : add dfsdm
2024-04-27 13:41:16,228 [INFO] IPUIPlugin:80 - create IPUIPlugin
2024-04-27 13:41:16,228 [INFO] PluginManager:220 - loadIPPluginJar : add dma
2024-04-27 13:41:16,300 [INFO] IPUIPlugin:80 - create IPUIPlugin
2024-04-27 13:41:16,300 [INFO] PluginManager:220 - loadIPPluginJar : add dma3
2024-04-27 13:41:16,372 [INFO] IPUIPlugin:80 - create IPUIPlugin
2024-04-27 13:41:16,372 [INFO] PluginManager:220 - loadIPPluginJar : add extmemmanager
2024-04-27 13:41:16,402 [INFO] IPUIPlugin:80 - create IPUIPlugin
2024-04-27 13:41:16,402 [INFO] PluginManager:220 - loadIPPluginJar : add fatfs
2024-04-27 13:41:16,479 [INFO] IPUIPlugin:80 - create IPUIPlugin
2024-04-27 13:41:16,480 [INFO] PluginManager:220 - loadIPPluginJar : add fmc
2024-04-27 13:41:16,503 [INFO] IPUIPlugin:80 - create IPUIPlugin
2024-04-27 13:41:16,504 [INFO] PluginManager:220 - loadIPPluginJar : add freertos
2024-04-27 13:41:16,540 [INFO] IPUIPlugin:80 - create IPUIPlugin
2024-04-27 13:41:16,541 [INFO] PluginManager:220 - loadIPPluginJar : add genericplugin
2024-04-27 13:41:16,695 [INFO] IPUIPlugin:80 - create IPUIPlugin
2024-04-27 13:41:16,695 [INFO] PluginManager:220 - loadIPPluginJar : add gfxmmu
2024-04-27 13:41:16,883 [INFO] IPUIPlugin:80 - create IPUIPlugin
2024-04-27 13:41:16,883 [INFO] PluginManager:220 - loadIPPluginJar : add gic
2024-04-27 13:41:16,899 [INFO] IPUIPlugin:80 - create IPUIPlugin
2024-04-27 13:41:16,899 [INFO] PluginManager:220 - loadIPPluginJar : add gpio
2024-04-27 13:41:17,019 [INFO] IPUIPlugin:80 - create IPUIPlugin
2024-04-27 13:41:17,019 [INFO] PluginManager:220 - loadIPPluginJar : add gtzc
2024-04-27 13:41:17,061 [INFO] IPUIPlugin:80 - create IPUIPlugin
2024-04-27 13:41:17,062 [INFO] PluginManager:220 - loadIPPluginJar : add hash
2024-04-27 13:41:17,130 [INFO] IPUIPlugin:80 - create IPUIPlugin
2024-04-27 13:41:17,130 [INFO] PluginManager:220 - loadIPPluginJar : add i2c
2024-04-27 13:41:17,178 [INFO] IPUIPlugin:80 - create IPUIPlugin
2024-04-27 13:41:17,178 [INFO] PluginManager:220 - loadIPPluginJar : add i2s
2024-04-27 13:41:17,227 [INFO] IPUIPlugin:80 - create IPUIPlugin
2024-04-27 13:41:17,228 [INFO] PluginManager:220 - loadIPPluginJar : add i3c
2024-04-27 13:41:17,358 [INFO] IPUIPlugin:80 - create IPUIPlugin
2024-04-27 13:41:17,358 [INFO] PluginManager:220 - loadIPPluginJar : add ipddr
2024-04-27 13:41:17,488 [INFO] IPUIPlugin:80 - create IPUIPlugin
2024-04-27 13:41:17,488 [INFO] PluginManager:220 - loadIPPluginJar : add linkedlist
2024-04-27 13:41:17,529 [INFO] IPUIPlugin:80 - create IPUIPlugin
2024-04-27 13:41:17,530 [INFO] PluginManager:220 - loadIPPluginJar : add lorawan
2024-04-27 13:41:17,574 [INFO] IPUIPlugin:80 - create IPUIPlugin
2024-04-27 13:41:17,574 [INFO] PluginManager:220 - loadIPPluginJar : add ltdc
2024-04-27 13:41:17,590 [INFO] IPUIPlugin:80 - create IPUIPlugin
2024-04-27 13:41:17,590 [INFO] PluginManager:220 - loadIPPluginJar : add mdma
2024-04-27 13:41:17,604 [INFO] IPUIPlugin:80 - create IPUIPlugin
2024-04-27 13:41:17,604 [INFO] PluginManager:220 - loadIPPluginJar : add nvic
2024-04-27 13:41:17,646 [INFO] IPUIPlugin:80 - create IPUIPlugin
2024-04-27 13:41:17,646 [INFO] PluginManager:220 - loadIPPluginJar : add opamp
2024-04-27 13:41:17,726 [INFO] IPUIPlugin:80 - create IPUIPlugin
2024-04-27 13:41:17,726 [INFO] PluginManager:220 - loadIPPluginJar : add openamp
2024-04-27 13:41:17,784 [INFO] IPUIPlugin:80 - create IPUIPlugin
2024-04-27 13:41:17,784 [INFO] PluginManager:220 - loadIPPluginJar : add pdm2pcm
2024-04-27 13:41:17,801 [INFO] IPUIPlugin:80 - create IPUIPlugin
2024-04-27 13:41:17,804 [INFO] PluginManager:220 - loadIPPluginJar : add plateformsettings
2024-04-27 13:41:17,831 [INFO] IPUIPlugin:80 - create IPUIPlugin
2024-04-27 13:41:17,831 [INFO] PluginManager:220 - loadIPPluginJar : add quadspi
2024-04-27 13:41:17,846 [INFO] IPUIPlugin:80 - create IPUIPlugin
2024-04-27 13:41:17,846 [INFO] PluginManager:220 - loadIPPluginJar : add resmgrutility
2024-04-27 13:41:17,905 [INFO] IPUIPlugin:80 - create IPUIPlugin
2024-04-27 13:41:17,905 [INFO] PluginManager:220 - loadIPPluginJar : add sai
2024-04-27 13:41:17,948 [INFO] ThirdPartyUpdaterWithRetryManager:70 - Updater plugin not ready yet. [2/15]
2024-04-27 13:41:17,955 [INFO] IPUIPlugin:80 - create IPUIPlugin
2024-04-27 13:41:17,955 [INFO] PluginManager:220 - loadIPPluginJar : add spi
2024-04-27 13:41:18,083 [INFO] IPUIPlugin:80 - create IPUIPlugin
2024-04-27 13:41:18,083 [INFO] PluginManager:220 - loadIPPluginJar : add stm32_wpan
2024-04-27 13:41:18,119 [INFO] IPUIPlugin:80 - create IPUIPlugin
2024-04-27 13:41:18,119 [INFO] PluginManager:220 - loadIPPluginJar : add tim
2024-04-27 13:41:18,203 [INFO] IPUIPlugin:80 - create IPUIPlugin
2024-04-27 13:41:18,203 [INFO] PluginManager:220 - loadIPPluginJar : add touchsensing
2024-04-27 13:41:18,234 [INFO] IPUIPlugin:80 - create IPUIPlugin
2024-04-27 13:41:18,234 [INFO] PluginManager:220 - loadIPPluginJar : add tracer_emb
2024-04-27 13:41:18,264 [INFO] IPUIPlugin:80 - create IPUIPlugin
2024-04-27 13:41:18,264 [INFO] PluginManager:220 - loadIPPluginJar : add ts
2024-04-27 13:41:18,292 [INFO] IPUIPlugin:80 - create IPUIPlugin
2024-04-27 13:41:18,293 [INFO] PluginManager:220 - loadIPPluginJar : add tsc
2024-04-27 13:41:18,321 [INFO] IPUIPlugin:80 - create IPUIPlugin
2024-04-27 13:41:18,321 [INFO] PluginManager:220 - loadIPPluginJar : add ucpd
2024-04-27 13:41:18,374 [INFO] IPUIPlugin:80 - create IPUIPlugin
2024-04-27 13:41:18,375 [INFO] PluginManager:220 - loadIPPluginJar : add usart
2024-04-27 13:41:18,432 [INFO] IPUIPlugin:80 - create IPUIPlugin
2024-04-27 13:41:18,432 [INFO] PluginManager:220 - loadIPPluginJar : add usbx
2024-04-27 13:41:18,587 [INFO] CADModel:165 - CPN selected for project level
2024-04-27 13:41:18,587 [INFO] CADModel:114 - Register for checkConnection events
2024-04-27 13:41:18,588 [FATAL] Updater:308 - Updater called before beeing initialized
2024-04-27 13:41:18,588 [ERROR] CADModel:125 - Updater not yet initialized, retry later 
2024-04-27 13:41:18,764 [INFO] CADModel:165 - CPN selected for project level
2024-04-27 13:41:18,764 [INFO] CADModel:114 - Register for checkConnection events
2024-04-27 13:41:18,764 [FATAL] Updater:308 - Updater called before beeing initialized
2024-04-27 13:41:18,764 [ERROR] CADModel:125 - Updater not yet initialized, retry later 
2024-04-27 13:41:18,769 [FATAL] Updater:308 - Updater called before beeing initialized
2024-04-27 13:41:18,920 [FATAL] Updater:308 - Updater called before beeing initialized
2024-04-27 13:41:18,932 [INFO] DbMcusAds:53 - JSON generation date=Wed Nov 29 13:52:27 MSK 2023 (1701255147349)
2024-04-27 13:41:18,933 [FATAL] Updater:308 - Updater called before beeing initialized
2024-04-27 13:41:19,062 [WARN] DetailPanel:346 - Failed to get advertising image, set to default
2024-04-27 13:41:19,214 [FATAL] Updater:308 - Updater called before beeing initialized
2024-04-27 13:41:19,218 [FATAL] Updater:308 - Updater called before beeing initialized
2024-04-27 13:41:19,218 [FATAL] Updater:308 - Updater called before beeing initialized
2024-04-27 13:41:19,218 [WARN] DetailPanel:346 - Failed to get advertising image, set to default
2024-04-27 13:41:19,219 [FATAL] Updater:308 - Updater called before beeing initialized
2024-04-27 13:41:19,303 [ERROR] Updater:1120 - MainUpdater not yet initialized. External WinMGr cannot be set.
2024-04-27 13:41:19,323 [INFO] Updater:1056 - Updater Version found : 6.11.0
2024-04-27 13:41:19,354 [INFO] ApplicationProperties:184 - Using Application install path: C:\ST\STM32CubeIDE_1.8.0\STM32CubeIDE\plugins\com.st.stm32cube.common.mx_6.11.0.202403141607
2024-04-27 13:41:20,097 [ERROR] CheckConnectionManager:249 - Problem, Http access forbiden
2024-04-27 13:41:20,101 [INFO] MainUpdater:2873 - connection check result : 22
2024-04-27 13:41:20,102 [INFO] MainUpdater:290 - Updater Check For Update Now.
2024-04-27 13:41:20,102 [INFO] MicroXplorer:498 - Change Database Version : DB.6.0.110
2024-04-27 13:41:20,128 [INFO] McuFinderGlobals:63 - Set McuFinder mode to 2 (CubeIDE integrated)
2024-04-27 13:41:20,146 [INFO] UserAuth:415 - Internet connection configuration mode: 2
2024-04-27 13:41:20,384 [INFO] CheckServerUpdateThread:120 - End of CheckServer Thread
2024-04-27 13:41:21,432 [WARN] PackLoader:240 - Cannot read IP mode file for STMicroelectronics.FP-SNS-MOTENVWB1.1.4.0
2024-04-27 13:41:21,470 [WARN] PackLoader:240 - Cannot read IP mode file for STMicroelectronics.X-CUBE-SMBUS.2.1.0
2024-04-27 13:41:21,498 [WARN] PackLoader:240 - Cannot read IP mode file for STMicroelectronics.X-CUBE-TOUCHGFX.4.23.2
2024-04-27 13:41:21,599 [WARN] PackLoader:240 - Cannot read IP mode file for STMicroelectronics.X-CUBE-AZRTOS-F7.1.1.0
2024-04-27 13:41:21,636 [WARN] PackLoader:240 - Cannot read IP mode file for STMicroelectronics.FP-SNS-FLIGHT1.5.0.2
2024-04-27 13:41:21,677 [WARN] PackLoader:240 - Cannot read IP mode file for STMicroelectronics.X-CUBE-DISPLAY.3.0.0
2024-04-27 13:41:21,725 [WARN] PackLoader:240 - Cannot read IP mode file for STMicroelectronics.X-CUBE-BLE1.7.0.0
2024-04-27 13:41:21,755 [WARN] PackLoader:240 - Cannot read IP mode file for emotas.I-CUBE-CANOPEN.1.3.0
2024-04-27 13:41:21,799 [WARN] PackLoader:240 - Cannot read IP mode file for STMicroelectronics.X-CUBE-BLEMGR.3.1.0
2024-04-27 13:41:21,832 [WARN] PackLoader:240 - Cannot read IP mode file for STMicroelectronics.FP-SNS-SMARTAG2.1.2.0
2024-04-27 13:41:21,876 [INFO] LogOutputStream:77 - [STDOUT_REDIRECT] 1 : Invalid condition id : UX_CORESTACK_Condition cause : null
2024-04-27 13:41:21,876 [INFO] LogOutputStream:77 - [STDOUT_REDIRECT] 1 : Invalid condition id : UX_CORESTACK_Condition cause : null
2024-04-27 13:41:21,879 [INFO] LogOutputStream:77 - [STDOUT_REDIRECT] 1 : Invalid condition id : UX_CORESTACK_Condition cause : null
2024-04-27 13:41:21,882 [INFO] LogOutputStream:77 - [STDOUT_REDIRECT] 1 : Invalid condition id : UX_CORESTACK_Condition cause : null
2024-04-27 13:41:21,884 [INFO] LogOutputStream:77 - [STDOUT_REDIRECT] 1 : Invalid condition id : UX_CORESTACK_Condition cause : null
2024-04-27 13:41:21,892 [WARN] PackLoader:240 - Cannot read IP mode file for STMicroelectronics.X-CUBE-AZRTOS-WL.2.0.0
2024-04-27 13:41:21,923 [WARN] PackLoader:240 - Cannot read IP mode file for STMicroelectronics.FP-SNS-MOTENV1.5.0.0
2024-04-27 13:41:21,953 [WARN] PackLoader:240 - Cannot read IP mode file for WES.I-CUBE-Cesium.1.3.0
2024-04-27 13:41:21,978 [WARN] PackLoader:240 - Cannot read IP mode file for STMicroelectronics.X-CUBE-BLE2.3.3.0
2024-04-27 13:41:22,004 [WARN] PackLoader:240 - Cannot read IP mode file for STMicroelectronics.X-CUBE-TCPP.4.1.0
2024-04-27 13:41:22,034 [WARN] PackLoader:240 - Cannot read IP mode file for STMicroelectronics.X-CUBE-ALGOBUILD.1.3.0
2024-04-27 13:41:22,109 [WARN] PackLoader:240 - Cannot read IP mode file for STMicroelectronics.X-CUBE-AZRTOS-G0.1.1.0
2024-04-27 13:41:22,148 [WARN] PackLoader:240 - Cannot read IP mode file for STMicroelectronics.X-CUBE-SAFEA1.1.2.2
2024-04-27 13:41:22,183 [WARN] PackLoader:240 - Cannot read IP mode file for STMicroelectronics.X-CUBE-NFC4.3.0.0
2024-04-27 13:41:22,217 [WARN] PackLoader:240 - Cannot read IP mode file for wolfSSL.I-CUBE-wolfSSL.5.7.0
2024-04-27 13:41:22,242 [WARN] PackLoader:240 - Cannot read IP mode file for STMicroelectronics.FP-ATR-SIGFOX1.3.2.0
2024-04-27 13:41:22,271 [WARN] PackLoader:240 - Cannot read IP mode file for STMicroelectronics.X-CUBE-EEPRMA1.5.1.0
2024-04-27 13:41:22,305 [WARN] PackLoader:240 - Cannot read IP mode file for ITTIA_DB.I-CUBE-ITTIADB.8.9.0
2024-04-27 13:41:22,390 [WARN] PackLoader:240 - Cannot read IP mode file for SEGGER.I-CUBE-embOS.1.3.1
2024-04-27 13:41:22,507 [WARN] PackLoader:240 - Cannot read IP mode file for STMicroelectronics.X-CUBE-GNSS1.6.0.0
2024-04-27 13:41:22,569 [WARN] PackLoader:240 - Cannot read IP mode file for STMicroelectronics.X-CUBE-AZRTOS-F4.1.1.0
2024-04-27 13:41:22,603 [WARN] PackLoader:240 - Cannot read IP mode file for STMicroelectronics.X-CUBE-FREERTOS.1.2.0
2024-04-27 13:41:22,730 [WARN] PackLoader:240 - Cannot read IP mode file for STMicroelectronics.X-CUBE-AZRTOS-L5.2.0.0
2024-04-27 13:41:22,796 [WARN] PackLoader:240 - Cannot read IP mode file for STMicroelectronics.X-CUBE-NFC6.3.1.0
2024-04-27 13:41:22,843 [WARN] PackLoader:240 - Cannot read IP mode file for STMicroelectronics.X-CUBE-AI.9.0.0
2024-04-27 13:41:22,876 [WARN] PackLoader:240 - Cannot read IP mode file for STMicroelectronics.X-CUBE-NFC7.1.0.1
2024-04-27 13:41:22,902 [WARN] PackLoader:240 - Cannot read IP mode file for STMicroelectronics.X-CUBE-AI.8.1.0
2024-04-27 13:41:22,984 [WARN] ConditionMgr:438 - getConditionDescription Invalid condition id : LAN8742 Phy interface Condition cause : null
2024-04-27 13:41:22,986 [WARN] PackLoader:240 - Cannot read IP mode file for STMicroelectronics.X-CUBE-AZRTOS-L4.2.0.0
2024-04-27 13:41:22,988 [WARN] ConditionMgr:1039 - genDependencies : Invalid condition id : LAN8742 Phy interface Condition cause : null
2024-04-27 13:41:22,989 [WARN] ConditionMgr:1039 - genDependencies : Invalid condition id : LAN8742 Phy interface Condition cause : null
2024-04-27 13:41:22,990 [WARN] ConditionMgr:1039 - genDependencies : Invalid condition id : LAN8742 Phy interface Condition cause : null
2024-04-27 13:41:23,027 [WARN] PackLoader:240 - Cannot read IP mode file for STMicroelectronics.X-CUBE-SFXS2LP1.4.0.0
2024-04-27 13:41:23,095 [WARN] ConditionMgr:438 - getConditionDescription Invalid condition id : UX DEVICE CLASS RTOS Condition cause : null
2024-04-27 13:41:23,096 [WARN] ConditionMgr:438 - getConditionDescription Invalid condition id : UX DEVICE CLASS RTOS Condition cause : null
2024-04-27 13:41:23,101 [WARN] PackLoader:240 - Cannot read IP mode file for STMicroelectronics.X-CUBE-AZRTOS-WB.2.0.0
2024-04-27 13:41:23,102 [WARN] ConditionMgr:1039 - genDependencies : Invalid condition id : UX DEVICE CLASS RTOS Condition cause : null
2024-04-27 13:41:23,102 [WARN] ConditionMgr:1039 - genDependencies : Invalid condition id : UX DEVICE CLASS RTOS Condition cause : null
2024-04-27 13:41:23,103 [WARN] ConditionMgr:1039 - genDependencies : Invalid condition id : UX DEVICE CLASS RTOS Condition cause : null
2024-04-27 13:41:23,104 [WARN] ConditionMgr:1039 - genDependencies : Invalid condition id : UX DEVICE CLASS RTOS Condition cause : null
2024-04-27 13:41:23,104 [WARN] ConditionMgr:1039 - genDependencies : Invalid condition id : UX DEVICE CLASS RTOS Condition cause : null
2024-04-27 13:41:23,153 [WARN] PackLoader:240 - Cannot read IP mode file for STMicroelectronics.X-CUBE-SUBG2.5.0.0
2024-04-27 13:41:23,227 [WARN] PackLoader:240 - Cannot read IP mode file for STMicroelectronics.X-CUBE-AZRTOS-G4.2.0.0
2024-04-27 13:41:23,251 [WARN] PackLoader:240 - Cannot read IP mode file for STMicroelectronics.FP-SNS-MOTENVWB1.1.3.1
2024-04-27 13:41:23,277 [WARN] PackLoader:240 - Cannot read IP mode file for STMicroelectronics.X-CUBE-ISPU.2.0.0
2024-04-27 13:41:23,382 [WARN] PackLoader:240 - Cannot read IP mode file for STMicroelectronics.X-CUBE-MEMS1.10.0.0
2024-04-27 13:41:23,619 [WARN] PackLoader:240 - Cannot read IP mode file for STMicroelectronics.X-CUBE-FREERTOS.1.1.0
2024-04-27 13:41:23,648 [WARN] PackLoader:240 - Cannot read IP mode file for portGmbH.I-Cube-SoM-uGOAL.1.1.0
2024-04-27 13:41:23,681 [WARN] PackLoader:240 - Cannot read IP mode file for STMicroelectronics.X-CUBE-ALS.1.0.1
2024-04-27 13:41:23,744 [WARN] PackLoader:240 - Cannot read IP mode file for STMicroelectronics.X-CUBE-AZRTOS-H7RS.1.0.0
2024-04-27 13:41:23,774 [WARN] PackLoader:240 - Cannot read IP mode file for STMicroelectronics.FP-ATR-ASTRA1.2.0.0
2024-04-27 13:41:23,819 [WARN] PackLoader:240 - Cannot read IP mode file for STMicroelectronics.X-CUBE-TOF1.3.4.1
2024-04-27 13:41:23,909 [WARN] PackLoader:240 - Cannot read IP mode file for STMicroelectronics.X-CUBE-AZRTOS-H7.3.2.0
2024-04-27 13:41:23,968 [WARN] PackLoader:240 - Cannot read IP mode file for Infineon.AIROC-Wi-Fi-Bluetooth-STM32.1.6.0
2024-04-27 13:41:23,979 [INFO] ThirdParty:978 - Integrity check success = true
2024-04-27 13:41:23,980 [INFO] IntegrityCheckThread:100 - exiting critical section [integrity check]
2024-04-27 13:41:23,980 [INFO] IntegrityCheckThread:103 - End integrity checks thread
2024-04-27 13:51:02,507 [INFO] McuFinderGlobals:63 - Set McuFinder mode to 2 (CubeIDE integrated)
2024-04-27 13:51:02,731 [ERROR] CheckConnectionManager:249 - Problem, Http access forbiden
2024-04-27 13:51:02,732 [INFO] MainUpdater:2873 - connection check result : 22
2024-04-27 13:51:02,791 [ERROR] CheckConnectionManager:249 - Problem, Http access forbiden
2024-04-27 13:51:02,794 [INFO] MainUpdater:2873 - connection check result : 22
2024-04-27 13:51:06,936 [INFO] MicroXplorer:468 - Change Database Path : 
2024-04-27 13:51:06,936 [INFO] MicroXplorer:498 - Change Database Version : DB.6.0.110
2024-04-27 13:51:06,949 [WARN] ThirdParty:871 - waiting for thirdparty lock release [close project]
2024-04-27 13:51:06,949 [INFO] ThirdParty:873 - entering critical section [close project]
2024-04-27 13:51:06,967 [INFO] ThirdParty:883 - exiting critical section [close project]
2024-04-27 13:51:06,969 [INFO] PinOutPanel:1561 - setPackage(No Configuration,No Configuration)
2024-04-27 13:51:06,972 [INFO] UtilMem:75 - Begin LoadConfig() Used Memory: 218203296 Bytes (477102080)
2024-04-27 13:51:06,973 [INFO] MicroXplorer:468 - Change Database Path : 
2024-04-27 13:51:06,973 [INFO] MicroXplorer:498 - Change Database Version : DB.6.0.110
2024-04-27 13:51:06,973 [INFO] OpenFileManager:312 - Change cursor
2024-04-27 13:51:07,003 [INFO] Mcu:2021 - Initializing MCU STM32G431C(6-8-B)Ux STM32G431CBUx STM32G431CBU6
2024-04-27 13:51:09,662 [INFO] Context:663 - Trying to add GPIOservice into a context  which must be forbidden
2024-04-27 13:51:10,419 [INFO] RtosManager:555 - Registered RTOS mode: class=CMSIS, group=RTOS, mode=CMSIS_V1, owner=FREERTOS
2024-04-27 13:51:10,419 [INFO] RtosManager:555 - Registered RTOS mode: class=CMSIS, group=RTOS2, mode=CMSIS_V2, owner=FREERTOS
2024-04-27 13:51:10,419 [INFO] RtosManager:555 - Registered RTOS mode: class=RTOS, group=Core, mode=CMSIS_V1, owner=FREERTOS
2024-04-27 13:51:10,419 [INFO] RtosManager:555 - Registered RTOS mode: class=RTOS, group=Core, mode=CMSIS_V2, owner=FREERTOS
2024-04-27 13:51:10,420 [WARN] ModelIntegratedComponent:184 - Missing modes for component STMicroelectronics:FreeRTOS:0.0.1:STMicroelectronics:RTOS:FreeRTOS:Core:::10.2.0:
2024-04-27 13:51:10,437 [WARN] ModelIntegratedComponent:63 - No mode defined for component null
2024-04-27 13:51:10,437 [WARN] ModelIntegratedComponent:63 - No mode defined for component null
2024-04-27 13:51:10,437 [WARN] ModelIntegratedComponent:63 - No mode defined for component null
2024-04-27 13:51:10,437 [WARN] ModelIntegratedComponent:63 - No mode defined for component null
2024-04-27 13:51:10,437 [WARN] ModelIntegratedComponent:63 - No mode defined for component null
2024-04-27 13:51:10,437 [WARN] ModelIntegratedComponent:63 - No mode defined for component null
2024-04-27 13:51:10,437 [WARN] ModelIntegratedComponent:63 - No mode defined for component null
2024-04-27 13:51:10,437 [WARN] ModelIntegratedComponent:63 - No mode defined for component null
2024-04-27 13:51:10,437 [WARN] ModelIntegratedComponent:63 - No mode defined for component null
2024-04-27 13:51:10,437 [WARN] ModelIntegratedComponent:63 - No mode defined for component null
2024-04-27 13:51:10,438 [WARN] ModelIntegratedComponent:63 - No mode defined for component null
2024-04-27 13:51:10,438 [WARN] ModelIntegratedComponent:63 - No mode defined for component null
2024-04-27 13:51:10,438 [WARN] ModelIntegratedComponent:63 - No mode defined for component null
2024-04-27 13:51:10,438 [WARN] ModelIntegratedComponent:63 - No mode defined for component null
2024-04-27 13:51:10,438 [WARN] ModelIntegratedComponent:63 - No mode defined for component null
2024-04-27 13:51:10,438 [WARN] ModelIntegratedComponent:63 - No mode defined for component null
2024-04-27 13:51:10,438 [WARN] ModelIntegratedComponent:63 - No mode defined for component null
2024-04-27 13:51:10,438 [WARN] ModelIntegratedComponent:63 - No mode defined for component null
2024-04-27 13:51:10,438 [WARN] ModelIntegratedComponent:63 - No mode defined for component null
2024-04-27 13:51:10,438 [WARN] ModelIntegratedComponent:63 - No mode defined for component null
2024-04-27 13:51:10,438 [WARN] ModelIntegratedComponent:63 - No mode defined for component null
2024-04-27 13:51:10,438 [WARN] ModelIntegratedComponent:63 - No mode defined for component null
2024-04-27 13:51:10,438 [WARN] ModelIntegratedComponent:63 - No mode defined for component null
2024-04-27 13:51:10,438 [WARN] ModelIntegratedComponent:63 - No mode defined for component null
2024-04-27 13:51:10,438 [WARN] ModelIntegratedComponent:63 - No mode defined for component null
2024-04-27 13:51:10,438 [WARN] ModelIntegratedComponent:63 - No mode defined for component null
2024-04-27 13:51:10,438 [WARN] ModelIntegratedComponent:63 - No mode defined for component null
2024-04-27 13:51:10,439 [WARN] ModelIntegratedComponent:63 - No mode defined for component null
2024-04-27 13:51:10,439 [WARN] ModelIntegratedComponent:63 - No mode defined for component null
2024-04-27 13:51:10,439 [WARN] ModelIntegratedComponent:63 - No mode defined for component null
2024-04-27 13:51:10,439 [WARN] ModelIntegratedComponent:63 - No mode defined for component null
2024-04-27 13:51:10,439 [WARN] ModelIntegratedComponent:63 - No mode defined for component null
2024-04-27 13:51:10,439 [WARN] ModelIntegratedComponent:63 - No mode defined for component null
2024-04-27 13:51:10,439 [WARN] ModelIntegratedComponent:63 - No mode defined for component null
2024-04-27 13:51:10,573 [INFO] ThirdPartyModel:298 - Start build external matchings
2024-04-27 13:51:10,863 [INFO] ThirdPartyModel:316 - End build external matchings
2024-04-27 13:51:10,877 [INFO] ImportTextPane:194 - (OptionalMessage_ERROR) IP (RCC) : Invalid parameter (FamilyName)
2024-04-27 13:51:10,879 [INFO] ImportTextPane:194 - (OptionalMessage_ERROR) IP (RCC) : Parameter (RNGFreq_Value) has invalid value (64000000)
2024-04-27 13:51:10,880 [INFO] ImportTextPane:194 - (OptionalMessage_ERROR) IP (RCC) : Parameter (USBFreq_Value) has invalid value (64000000)
2024-04-27 13:51:11,416 [INFO] ApiDb:581 - Connected to CubeFinder SQLite database (C:\Users\aordu\.stmcufinder\plugins\mcufinder\mcu\cube-finder-db.db)
2024-04-27 13:51:11,530 [INFO] ApiDb:668 - CubeFinder database Data Model version=2.1
2024-04-27 13:51:11,530 [INFO] ApiDb:669 - CubeFinder database Configuration version=3.0.39
2024-04-27 13:51:11,530 [INFO] ApiDb:670 - CubeFinder database generation date=2024-04-15 (1713193726)
2024-04-27 13:51:11,531 [INFO] ApiDb:671 - CubeFinder database FW Pack versions=[FP-ATR-ASTRA1_V2.0.0, FP-SNS-FLIGHT1_V5.0.1, FP-SNS-FLIGHT1_V5.0.2, FP-SNS-MOTENV1_V4.3.1, FP-SNS-MOTENV1_V4.3.2, FP-SNS-MOTENVWB1_V1.3.1, FP-SNS-SMARTAG2_V1.2.0, STM32Cube_FW_C0_V1.1.0, STM32Cube_FW_F4_V1.28.0, STM32Cube_FW_F7_V1.17.0, STM32Cube_FW_G0_V1.6.2, STM32Cube_FW_G4_V1.5.2, STM32Cube_FW_H5_V0.5.1, STM32Cube_FW_H5_V1.1.1, STM32Cube_FW_H5_V1.2.0, STM32Cube_FW_H5_V1.2.0RC4, STM32Cube_FW_H7RS_V1.0.0, STM32Cube_FW_H7RS_V1.0.0RC4, STM32Cube_FW_H7_V1.11.0, STM32Cube_FW_L0_V1.12.2, STM32Cube_FW_L5_V1.5.1, STM32Cube_FW_U0_V1.0.0, STM32Cube_FW_U0_V1.0.0RC1, STM32Cube_FW_U5_V1.3.0RC4, STM32Cube_FW_U5_V1.5.0, STM32Cube_FW_U5_V1.5.0RC1, STM32Cube_FW_WBA_V1.0.0RC1, STM32Cube_FW_WBA_V1.2.0, STM32Cube_FW_WBA_V1.2.0RC2, STM32Cube_FW_WBA_V1.3.0, STM32Cube_FW_WBA_V1.3.0RC1, STM32Cube_FW_WB_V1.15.0RC1, STM32Cube_FW_WB_V1.16.0, STM32Cube_FW_WB_V1.16.0RC2, STM32Cube_FW_WB_V1.18.0, STM32Cube_FW_WB_V1.19.0, STM32Cube_FW_WL_V1.3.0, X-CUBE-ALGOBUILD_V1.3.0, X-CUBE-ALS_V1.0.1, X-CUBE-AZRTOS-F4_V1.1.0, X-CUBE-AZRTOS-F7_V1.1.0, X-CUBE-AZRTOS-G0_V1.1.0, X-CUBE-AZRTOS-G4_V2.0.0, X-CUBE-AZRTOS-H7_V3.2.0, X-CUBE-AZRTOS-L4_V1.0.0, X-CUBE-AZRTOS-L4_V2.0.0, X-CUBE-AZRTOS-L5_V1.1.0, X-CUBE-AZRTOS-WB_V2.0.0, X-CUBE-AZRTOS-WL_V2.0.0, X-CUBE-BLE1_V7.0.0, X-CUBE-BLE2_V3.3.0, X-CUBE-BLEMGR_V3.1.0, X-CUBE-EEPRMA1_V4.1.0, X-CUBE-EEPRMA1_V5.1.0, X-CUBE-FREERTOS_V1.1.0, X-CUBE-GNSS1_V6.0.0, X-CUBE-MEMS1_V10.0.0, X-CUBE-MEMS1_V9.1.0, X-CUBE-MEMS1_V9.4.0, X-CUBE-MEMS1_V9.6.0, X-CUBE-NFC4_V3.0.0, X-CUBE-NFC7_V1.0.1, X-CUBE-SFXS2LP1_V4.0.0, X-CUBE-SUBG2_V5.0.0, X-CUBE-TOF1_V3.4.0]
2024-04-27 13:51:11,692 [INFO] DbBoardsSqlite:226 - include board P-NUCLEO-WB55-NUCLEO as a kit item of type 'Nucleo-64'
2024-04-27 13:51:11,692 [INFO] DbBoardsSqlite:226 - include board P-NUCLEO-WB55-USBDONGLE as a kit item of type 'Nucleo USB Dongle'
2024-04-27 13:51:11,694 [INFO] DbBoardsSqlite:226 - include board STEVAL-IDP005V1 as a kit item of type 'Evaluation Board'
2024-04-27 13:51:11,694 [INFO] DbBoardsSqlite:226 - include board STEVAL-IDP005V2 as a kit item of type 'Evaluation Board'
2024-04-27 13:51:12,049 [INFO] ApiDb:240 - Found 483 in-development CPN: [B-G473E-ZEST1S, B-WB1M-WPAN1, B-WL5M-SUBG1, NUCLEO-C031C6, NUCLEO-H503RB, NUCLEO-H533RE, NUCLEO-H563ZI, NUCLEO-H7S3L8, NUCLEO-U031R8, NUCLEO-U083RC, NUCLEO-U545RE-Q, NUCLEO-U5A5ZJ-Q, NUCLEO-WBA52CG, NUCLEO-WBA55CG, STEVAL-PROTEUS1, STEVAL-SMARTAG2, STEVAL-STWINBX1, STM320518-EVAL, STM32C0116-DK, STM32C011D6Y3TR, STM32C011D6Y6TR, STM32C011F4P3, STM32C011F4P6, STM32C011F4U3, STM32C011F4U6TR, STM32C011F6P3, STM32C011F6P6, STM32C011F6U3, STM32C011F6U6TR, STM32C011J4M3, STM32C011J4M6, STM32C011J6M3, STM32C011J6M6, STM32C0316-DK, STM32C031C4T3, STM32C031C4T6, STM32C031C4U3, STM32C031C4U6, STM32C031C6T3, STM32C031C6T6, STM32C031C6U3, STM32C031C6U6, STM32C031F4P3, STM32C031F4P6, STM32C031F6P3, STM32C031F6P6, STM32C031G4U3, STM32C031G4U6, STM32C031G6U3, STM32C031G6U6, STM32C031K4T3, STM32C031K4T6, STM32C031K4U3, STM32C031K4U6, STM32C031K6T3, STM32C031K6T6, STM32C031K6U3, STM32C031K6U6, STM32G071K8TXN, STM32G071K8UXN, STM32G081GBU6N, STM32G081KBT6N, STM32G081KBUXN, STM32G0B1CCT6N, STM32G0B1KCT6, STM32G0B1NEY6TR, STM32G0B1RCT6N, STM32G0C1CCT6, STM32G0C1CCT6N, STM32G0C1CCU6N, STM32G0C1CET6N, STM32G0C1CEU6N, STM32G0C1KCT6, STM32G0C1NEY6TR, STM32G0C1RCI6N, STM32G0C1RCT6N, STM32G0C1REI6N, STM32G0C1RET6N, STM32G0C1VCI6, STM32G0C1VEI6, STM32G471CCT6, STM32G471CCU6, STM32G471CET3, STM32G471CET6, STM32G471CEU3, STM32G471CEU6, STM32G471MCT6, STM32G471MET3, STM32G471MET6, STM32G471MEY6TR, STM32G471QCT6, STM32G471QET3, STM32G471RCT6, STM32G471RET3, STM32G471RET6, STM32G471VCH6, STM32G471VCI6, STM32G471VCT6, STM32G471VEH3, STM32G471VEH6, STM32G471VEI3, STM32G471VEI6, STM32G471VET3, STM32G471VET6, STM32G474CCT6, STM32H503CBT6, STM32H503CBU6, STM32H503EBY6TR, STM32H503KBU6, STM32H503RBT6, STM32H523CCT6, STM32H523CCU6, STM32H523CET6, STM32H523CEU6, STM32H523HEY6TR, STM32H523RCT6, STM32H523RET6, STM32H523VCI6, STM32H523VCT6, STM32H523VEI6, STM32H523VET6, STM32H523ZCJ6, STM32H523ZCT6, STM32H523ZEJ6, STM32H523ZET6, STM32H533CET6, STM32H533CEU6, STM32H533HEY6TR, STM32H533RET6, STM32H533VEI6, STM32H533VET6, STM32H533ZEJ6, STM32H533ZET6, STM32H562AGI6, STM32H562AII6, STM32H562IGK6, STM32H562IGT6, STM32H562IIK6, STM32H562IIT6, STM32H562RGT6, STM32H562RGV6, STM32H562RIT6, STM32H562RIV6, STM32H562VGT6, STM32H562VIT6, STM32H562ZGT6, STM32H562ZIT6, STM32H563AGI6, STM32H563AII3Q, STM32H563AII6, STM32H563IGK6, STM32H563IGT6, STM32H563IIK3Q, STM32H563IIK6, STM32H563IIT3Q, STM32H563IIT6, STM32H563MIY3QTR, STM32H563RGT6, STM32H563RGV6, STM32H563RIT6, STM32H563RIV6, STM32H563VGT6, STM32H563VIT3Q, STM32H563VIT6, STM32H563ZGT6, STM32H563ZIT3Q, STM32H563ZIT6, STM32H573AII3Q, STM32H573AII6, STM32H573I-DK, STM32H573IIK3Q, STM32H573IIK6, STM32H573IIT3Q, STM32H573IIT6, STM32H573MIY3QTR, STM32H573RIT6, STM32H573RIV6, STM32H573VIT3Q, STM32H573VIT6, STM32H573ZIT3Q, STM32H573ZIT6, STM32H7R3A8I6, STM32H7R3I8K6, STM32H7R3I8T6, STM32H7R3L8H6, STM32H7R3L8H6H, STM32H7R3R8V6, STM32H7R3V8H6, STM32H7R3V8T6, STM32H7R3V8Y6, STM32H7R3Z8J6, STM32H7R3Z8T6, STM32H7R7A8I6, STM32H7R7I8K6, STM32H7R7I8T6, STM32H7R7L8H6, STM32H7R7L8H6H, STM32H7R7Z8J6, STM32H7S3A8I6, STM32H7S3I8K6, STM32H7S3I8T6, STM32H7S3L8H6, STM32H7S3L8H6H, STM32H7S3R8V6, STM32H7S3V8H6, STM32H7S3V8T6, STM32H7S3V8Y6, STM32H7S3Z8J6, STM32H7S3Z8T6, STM32H7S78-DK, STM32H7S7A8I6, STM32H7S7I8K6, STM32H7S7I8T6, STM32H7S7L8H6, STM32H7S7L8H6H, STM32H7S7Z8J6, STM32L4R5QGI6STR, STM32MP131AAE3, STM32MP131AAF3, STM32MP131AAG3, STM32MP131CAE3, STM32MP131CAF3, STM32MP131CAG3, STM32MP131DAE7, STM32MP131DAF7, STM32MP131DAG7, STM32MP131FAE7, STM32MP131FAF7, STM32MP131FAG7, STM32MP133AAE3, STM32MP133AAF3, STM32MP133AAG3, STM32MP133CAE3, STM32MP133CAF3, STM32MP133CAG3, STM32MP133DAE7, STM32MP133DAF7, STM32MP133DAG7, STM32MP133FAE7, STM32MP133FAF7, STM32MP133FAG7, STM32MP135AAE3, STM32MP135AAF3, STM32MP135AAG3, STM32MP135CAE3, STM32MP135CAF3, STM32MP135CAG3, STM32MP135DAE7, STM32MP135DAF7, STM32MP135DAG7, STM32MP135F-DK, STM32MP135FAE7, STM32MP135FAF7, STM32MP135FAF7T, STM32MP135FAF7U, STM32MP135FAG7, STM32U031C6T6, STM32U031C6U6, STM32U031C8T6, STM32U031C8U6, STM32U031F4P6, STM32U031F6P6, STM32U031F8P6, STM32U031G6Y6TR, STM32U031G8Y6TR, STM32U031K4U6, STM32U031K6U6, STM32U031K8U6, STM32U031R6I6, STM32U031R6T6, STM32U031R8I6, STM32U031R8T6, STM32U073C8T6, STM32U073C8U6, STM32U073CBT6, STM32U073CBU6, STM32U073CCT6, STM32U073CCU6, STM32U073H8Y6TR, STM32U073HBY6TR, STM32U073HCY6TR, STM32U073K8U6, STM32U073KBU6, STM32U073KCU6, STM32U073M8I6, STM32U073M8T6, STM32U073MBI6, STM32U073MBT6, STM32U073MCI6, STM32U073MCT6, STM32U073R8I6, STM32U073R8T6, STM32U073RBI6, STM32U073RBT6, STM32U073RCI6, STM32U073RCT6, STM32U083C-DK, STM32U083CCT6, STM32U083CCU6, STM32U083HCY6TR, STM32U083KCU6, STM32U083MCI6, STM32U083MCT6, STM32U083RCI6, STM32U083RCT6, STM32U535CBT6, STM32U535CBT6Q, STM32U535CBU6, STM32U535CBU6Q, STM32U535CCT6, STM32U535CCT6Q, STM32U535CCU6, STM32U535CCU6Q, STM32U535CET6, STM32U535CET6Q, STM32U535CEU6, STM32U535CEU6Q, STM32U535JEY6QTR, STM32U535NCY6QTR, STM32U535NEY6QTR, STM32U535RBI6, STM32U535RBI6Q, STM32U535RBT6, STM32U535RBT6Q, STM32U535RCI6, STM32U535RCI6Q, STM32U535RCT6, STM32U535RCT6Q, STM32U535REI6, STM32U535REI6Q, STM32U535RET6, STM32U535RET6Q, STM32U535VCI6, STM32U535VCI6Q, STM32U535VCT6, STM32U535VCT6Q, STM32U535VEI6, STM32U535VEI6Q, STM32U535VET6, STM32U535VET6Q, STM32U545CET6, STM32U545CET6Q, STM32U545CEU6, STM32U545CEU6Q, STM32U545JEY6QTR, STM32U545NEY6QTR, STM32U545REI6, STM32U545REI6Q, STM32U545RET6, STM32U545RET6Q, STM32U545VEI6, STM32U545VEI6Q, STM32U545VET6, STM32U545VET6Q, STM32U595AIH6, STM32U595AIH6Q, STM32U595AJH6, STM32U595AJH6Q, STM32U595QII6, STM32U595QII6Q, STM32U595QJI6, STM32U595QJI6Q, STM32U595RIT6, STM32U595RIT6Q, STM32U595RJT6, STM32U595RJT6Q, STM32U595VIT6, STM32U595VIT6Q, STM32U595VJT6, STM32U595VJT6Q, STM32U595ZIT6, STM32U595ZIT6Q, STM32U595ZIY6QTR, STM32U595ZJT6, STM32U595ZJT6Q, STM32U595ZJY6QTR, STM32U599BJY6QTR, STM32U599NIH6Q, STM32U599NJH6Q, STM32U599VIT6Q, STM32U599VJT6, STM32U599VJT6Q, STM32U599ZIT6Q, STM32U599ZIY6QTR, STM32U599ZJT6Q, STM32U599ZJY6QTR, STM32U5A5AJH6, STM32U5A5AJH6Q, STM32U5A5QII3Q , STM32U5A5QJI6, STM32U5A5QJI6Q, STM32U5A5RJT6, STM32U5A5RJT6Q, STM32U5A5VJT6, STM32U5A5VJT6Q, STM32U5A5ZJT6, STM32U5A5ZJT6Q, STM32U5A5ZJY6QTR, STM32U5A9BJY6QTR, STM32U5A9J-DK, STM32U5A9NJH6Q, STM32U5A9VJT6Q, STM32U5A9ZJT6Q, STM32U5A9ZJY6QTR, STM32U5F7VIT6, STM32U5F7VIT6Q, STM32U5F7VJT6, STM32U5F7VJT6Q, STM32U5F9BJY6QTR, STM32U5F9NJH6Q, STM32U5F9VIT6Q, STM32U5F9VJT6Q, STM32U5F9ZIJ6QTR, STM32U5F9ZIT6Q, STM32U5F9ZJJ6QTR, STM32U5F9ZJT6Q, STM32U5G7VJT6, STM32U5G7VJT6Q, STM32U5G9BJY6QTR, STM32U5G9J-DK1, STM32U5G9J-DK2, STM32U5G9NJH6Q, STM32U5G9VJT6Q, STM32U5G9ZJJ6QTR, STM32U5G9ZJT6Q, STM32WB1MMCH6, STM32WBA50KEU6, STM32WBA50KEU6TR, STM32WBA50KGU6, STM32WBA50KGU6TR, STM32WBA52CEU6, STM32WBA52CEU6TR, STM32WBA52CEU7, STM32WBA52CEU7TR, STM32WBA52CGU6, STM32WBA52CGU6TR, STM32WBA52CGU6U, STM32WBA52CGU7, STM32WBA52CGU7TR, STM32WBA52KEU6, STM32WBA52KEU6TR, STM32WBA52KGU6, STM32WBA52KGU6TR, STM32WBA54CEU6, STM32WBA54CEU6TR, STM32WBA54CEU7, STM32WBA54CEU7TR, STM32WBA54CGU6, STM32WBA54CGU6TR, STM32WBA54CGU7, STM32WBA54CGU7TR, STM32WBA54KEU6, STM32WBA54KEU6TR, STM32WBA54KEU7, STM32WBA54KEU7TR, STM32WBA54KGU6, STM32WBA54KGU6TR, STM32WBA54KGU7, STM32WBA54KGU7TR, STM32WBA55CEU6, STM32WBA55CEU6TR, STM32WBA55CEU7, STM32WBA55CEU7TR, STM32WBA55CGU6, STM32WBA55CGU6TR, STM32WBA55CGU6U, STM32WBA55CGU7, STM32WBA55CGU7TR, STM32WBA55G-DK1, STM32WBA55HEF6, STM32WBA55HEF7, STM32WBA55HGF6, STM32WBA55HGF7, STM32WBA55UEI6, STM32WBA55UEI6TR, STM32WBA55UEI7, STM32WBA55UEI7TR, STM32WBA55UGI6, STM32WBA55UGI6TR, STM32WBA55UGI7, STM32WBA55UGI7TR, STM32WL5MOCH6, STM32WL5MOCH6TR]
2024-04-27 13:51:12,188 [INFO] BoardInfo:889 - No configuration file found for board P-NUCLEO-WB55
2024-04-27 13:51:12,188 [INFO] DbBoards:161 - Kit is not supported: P-NUCLEO-WB55
2024-04-27 13:51:12,194 [INFO] BoardInfo:889 - No configuration file found for board STEVAL-BFA001V1B
2024-04-27 13:51:12,194 [INFO] DbBoards:161 - Kit is not supported: STEVAL-BFA001V1B
2024-04-27 13:51:12,195 [INFO] BoardInfo:889 - No configuration file found for board STEVAL-BFA001V2B
2024-04-27 13:51:12,195 [INFO] DbBoards:161 - Kit is not supported: STEVAL-BFA001V2B
2024-04-27 13:51:12,330 [INFO] DbBoards:168 - Found 199 boards, 196 are supported
2024-04-27 13:51:12,330 [INFO] DbBoards:169 - Found 199 boards, 8 of them is supported for  Bsp
2024-04-27 13:51:12,334 [INFO] ApiDb:668 - CubeFinder database Data Model version=2.1
2024-04-27 13:51:12,334 [INFO] ApiDb:669 - CubeFinder database Configuration version=3.0.39
2024-04-27 13:51:12,334 [INFO] ApiDb:670 - CubeFinder database generation date=2024-04-15 (1713193726)
2024-04-27 13:51:12,334 [INFO] ApiDb:671 - CubeFinder database FW Pack versions=[FP-ATR-ASTRA1_V2.0.0, FP-SNS-FLIGHT1_V5.0.1, FP-SNS-FLIGHT1_V5.0.2, FP-SNS-MOTENV1_V4.3.1, FP-SNS-MOTENV1_V4.3.2, FP-SNS-MOTENVWB1_V1.3.1, FP-SNS-SMARTAG2_V1.2.0, STM32Cube_FW_C0_V1.1.0, STM32Cube_FW_F4_V1.28.0, STM32Cube_FW_F7_V1.17.0, STM32Cube_FW_G0_V1.6.2, STM32Cube_FW_G4_V1.5.2, STM32Cube_FW_H5_V0.5.1, STM32Cube_FW_H5_V1.1.1, STM32Cube_FW_H5_V1.2.0, STM32Cube_FW_H5_V1.2.0RC4, STM32Cube_FW_H7RS_V1.0.0, STM32Cube_FW_H7RS_V1.0.0RC4, STM32Cube_FW_H7_V1.11.0, STM32Cube_FW_L0_V1.12.2, STM32Cube_FW_L5_V1.5.1, STM32Cube_FW_U0_V1.0.0, STM32Cube_FW_U0_V1.0.0RC1, STM32Cube_FW_U5_V1.3.0RC4, STM32Cube_FW_U5_V1.5.0, STM32Cube_FW_U5_V1.5.0RC1, STM32Cube_FW_WBA_V1.0.0RC1, STM32Cube_FW_WBA_V1.2.0, STM32Cube_FW_WBA_V1.2.0RC2, STM32Cube_FW_WBA_V1.3.0, STM32Cube_FW_WBA_V1.3.0RC1, STM32Cube_FW_WB_V1.15.0RC1, STM32Cube_FW_WB_V1.16.0, STM32Cube_FW_WB_V1.16.0RC2, STM32Cube_FW_WB_V1.18.0, STM32Cube_FW_WB_V1.19.0, STM32Cube_FW_WL_V1.3.0, X-CUBE-ALGOBUILD_V1.3.0, X-CUBE-ALS_V1.0.1, X-CUBE-AZRTOS-F4_V1.1.0, X-CUBE-AZRTOS-F7_V1.1.0, X-CUBE-AZRTOS-G0_V1.1.0, X-CUBE-AZRTOS-G4_V2.0.0, X-CUBE-AZRTOS-H7_V3.2.0, X-CUBE-AZRTOS-L4_V1.0.0, X-CUBE-AZRTOS-L4_V2.0.0, X-CUBE-AZRTOS-L5_V1.1.0, X-CUBE-AZRTOS-WB_V2.0.0, X-CUBE-AZRTOS-WL_V2.0.0, X-CUBE-BLE1_V7.0.0, X-CUBE-BLE2_V3.3.0, X-CUBE-BLEMGR_V3.1.0, X-CUBE-EEPRMA1_V4.1.0, X-CUBE-EEPRMA1_V5.1.0, X-CUBE-FREERTOS_V1.1.0, X-CUBE-GNSS1_V6.0.0, X-CUBE-MEMS1_V10.0.0, X-CUBE-MEMS1_V9.1.0, X-CUBE-MEMS1_V9.4.0, X-CUBE-MEMS1_V9.6.0, X-CUBE-NFC4_V3.0.0, X-CUBE-NFC7_V1.0.1, X-CUBE-SFXS2LP1_V4.0.0, X-CUBE-SUBG2_V5.0.0, X-CUBE-TOF1_V3.4.0]
2024-04-27 13:51:14,260 [INFO] ApiDb:240 - Found 483 in-development CPN: [B-G473E-ZEST1S, B-WB1M-WPAN1, B-WL5M-SUBG1, NUCLEO-C031C6, NUCLEO-H503RB, NUCLEO-H533RE, NUCLEO-H563ZI, NUCLEO-H7S3L8, NUCLEO-U031R8, NUCLEO-U083RC, NUCLEO-U545RE-Q, NUCLEO-U5A5ZJ-Q, NUCLEO-WBA52CG, NUCLEO-WBA55CG, STEVAL-PROTEUS1, STEVAL-SMARTAG2, STEVAL-STWINBX1, STM320518-EVAL, STM32C0116-DK, STM32C011D6Y3TR, STM32C011D6Y6TR, STM32C011F4P3, STM32C011F4P6, STM32C011F4U3, STM32C011F4U6TR, STM32C011F6P3, STM32C011F6P6, STM32C011F6U3, STM32C011F6U6TR, STM32C011J4M3, STM32C011J4M6, STM32C011J6M3, STM32C011J6M6, STM32C0316-DK, STM32C031C4T3, STM32C031C4T6, STM32C031C4U3, STM32C031C4U6, STM32C031C6T3, STM32C031C6T6, STM32C031C6U3, STM32C031C6U6, STM32C031F4P3, STM32C031F4P6, STM32C031F6P3, STM32C031F6P6, STM32C031G4U3, STM32C031G4U6, STM32C031G6U3, STM32C031G6U6, STM32C031K4T3, STM32C031K4T6, STM32C031K4U3, STM32C031K4U6, STM32C031K6T3, STM32C031K6T6, STM32C031K6U3, STM32C031K6U6, STM32G071K8TXN, STM32G071K8UXN, STM32G081GBU6N, STM32G081KBT6N, STM32G081KBUXN, STM32G0B1CCT6N, STM32G0B1KCT6, STM32G0B1NEY6TR, STM32G0B1RCT6N, STM32G0C1CCT6, STM32G0C1CCT6N, STM32G0C1CCU6N, STM32G0C1CET6N, STM32G0C1CEU6N, STM32G0C1KCT6, STM32G0C1NEY6TR, STM32G0C1RCI6N, STM32G0C1RCT6N, STM32G0C1REI6N, STM32G0C1RET6N, STM32G0C1VCI6, STM32G0C1VEI6, STM32G471CCT6, STM32G471CCU6, STM32G471CET3, STM32G471CET6, STM32G471CEU3, STM32G471CEU6, STM32G471MCT6, STM32G471MET3, STM32G471MET6, STM32G471MEY6TR, STM32G471QCT6, STM32G471QET3, STM32G471RCT6, STM32G471RET3, STM32G471RET6, STM32G471VCH6, STM32G471VCI6, STM32G471VCT6, STM32G471VEH3, STM32G471VEH6, STM32G471VEI3, STM32G471VEI6, STM32G471VET3, STM32G471VET6, STM32G474CCT6, STM32H503CBT6, STM32H503CBU6, STM32H503EBY6TR, STM32H503KBU6, STM32H503RBT6, STM32H523CCT6, STM32H523CCU6, STM32H523CET6, STM32H523CEU6, STM32H523HEY6TR, STM32H523RCT6, STM32H523RET6, STM32H523VCI6, STM32H523VCT6, STM32H523VEI6, STM32H523VET6, STM32H523ZCJ6, STM32H523ZCT6, STM32H523ZEJ6, STM32H523ZET6, STM32H533CET6, STM32H533CEU6, STM32H533HEY6TR, STM32H533RET6, STM32H533VEI6, STM32H533VET6, STM32H533ZEJ6, STM32H533ZET6, STM32H562AGI6, STM32H562AII6, STM32H562IGK6, STM32H562IGT6, STM32H562IIK6, STM32H562IIT6, STM32H562RGT6, STM32H562RGV6, STM32H562RIT6, STM32H562RIV6, STM32H562VGT6, STM32H562VIT6, STM32H562ZGT6, STM32H562ZIT6, STM32H563AGI6, STM32H563AII3Q, STM32H563AII6, STM32H563IGK6, STM32H563IGT6, STM32H563IIK3Q, STM32H563IIK6, STM32H563IIT3Q, STM32H563IIT6, STM32H563MIY3QTR, STM32H563RGT6, STM32H563RGV6, STM32H563RIT6, STM32H563RIV6, STM32H563VGT6, STM32H563VIT3Q, STM32H563VIT6, STM32H563ZGT6, STM32H563ZIT3Q, STM32H563ZIT6, STM32H573AII3Q, STM32H573AII6, STM32H573I-DK, STM32H573IIK3Q, STM32H573IIK6, STM32H573IIT3Q, STM32H573IIT6, STM32H573MIY3QTR, STM32H573RIT6, STM32H573RIV6, STM32H573VIT3Q, STM32H573VIT6, STM32H573ZIT3Q, STM32H573ZIT6, STM32H7R3A8I6, STM32H7R3I8K6, STM32H7R3I8T6, STM32H7R3L8H6, STM32H7R3L8H6H, STM32H7R3R8V6, STM32H7R3V8H6, STM32H7R3V8T6, STM32H7R3V8Y6, STM32H7R3Z8J6, STM32H7R3Z8T6, STM32H7R7A8I6, STM32H7R7I8K6, STM32H7R7I8T6, STM32H7R7L8H6, STM32H7R7L8H6H, STM32H7R7Z8J6, STM32H7S3A8I6, STM32H7S3I8K6, STM32H7S3I8T6, STM32H7S3L8H6, STM32H7S3L8H6H, STM32H7S3R8V6, STM32H7S3V8H6, STM32H7S3V8T6, STM32H7S3V8Y6, STM32H7S3Z8J6, STM32H7S3Z8T6, STM32H7S78-DK, STM32H7S7A8I6, STM32H7S7I8K6, STM32H7S7I8T6, STM32H7S7L8H6, STM32H7S7L8H6H, STM32H7S7Z8J6, STM32L4R5QGI6STR, STM32MP131AAE3, STM32MP131AAF3, STM32MP131AAG3, STM32MP131CAE3, STM32MP131CAF3, STM32MP131CAG3, STM32MP131DAE7, STM32MP131DAF7, STM32MP131DAG7, STM32MP131FAE7, STM32MP131FAF7, STM32MP131FAG7, STM32MP133AAE3, STM32MP133AAF3, STM32MP133AAG3, STM32MP133CAE3, STM32MP133CAF3, STM32MP133CAG3, STM32MP133DAE7, STM32MP133DAF7, STM32MP133DAG7, STM32MP133FAE7, STM32MP133FAF7, STM32MP133FAG7, STM32MP135AAE3, STM32MP135AAF3, STM32MP135AAG3, STM32MP135CAE3, STM32MP135CAF3, STM32MP135CAG3, STM32MP135DAE7, STM32MP135DAF7, STM32MP135DAG7, STM32MP135F-DK, STM32MP135FAE7, STM32MP135FAF7, STM32MP135FAF7T, STM32MP135FAF7U, STM32MP135FAG7, STM32U031C6T6, STM32U031C6U6, STM32U031C8T6, STM32U031C8U6, STM32U031F4P6, STM32U031F6P6, STM32U031F8P6, STM32U031G6Y6TR, STM32U031G8Y6TR, STM32U031K4U6, STM32U031K6U6, STM32U031K8U6, STM32U031R6I6, STM32U031R6T6, STM32U031R8I6, STM32U031R8T6, STM32U073C8T6, STM32U073C8U6, STM32U073CBT6, STM32U073CBU6, STM32U073CCT6, STM32U073CCU6, STM32U073H8Y6TR, STM32U073HBY6TR, STM32U073HCY6TR, STM32U073K8U6, STM32U073KBU6, STM32U073KCU6, STM32U073M8I6, STM32U073M8T6, STM32U073MBI6, STM32U073MBT6, STM32U073MCI6, STM32U073MCT6, STM32U073R8I6, STM32U073R8T6, STM32U073RBI6, STM32U073RBT6, STM32U073RCI6, STM32U073RCT6, STM32U083C-DK, STM32U083CCT6, STM32U083CCU6, STM32U083HCY6TR, STM32U083KCU6, STM32U083MCI6, STM32U083MCT6, STM32U083RCI6, STM32U083RCT6, STM32U535CBT6, STM32U535CBT6Q, STM32U535CBU6, STM32U535CBU6Q, STM32U535CCT6, STM32U535CCT6Q, STM32U535CCU6, STM32U535CCU6Q, STM32U535CET6, STM32U535CET6Q, STM32U535CEU6, STM32U535CEU6Q, STM32U535JEY6QTR, STM32U535NCY6QTR, STM32U535NEY6QTR, STM32U535RBI6, STM32U535RBI6Q, STM32U535RBT6, STM32U535RBT6Q, STM32U535RCI6, STM32U535RCI6Q, STM32U535RCT6, STM32U535RCT6Q, STM32U535REI6, STM32U535REI6Q, STM32U535RET6, STM32U535RET6Q, STM32U535VCI6, STM32U535VCI6Q, STM32U535VCT6, STM32U535VCT6Q, STM32U535VEI6, STM32U535VEI6Q, STM32U535VET6, STM32U535VET6Q, STM32U545CET6, STM32U545CET6Q, STM32U545CEU6, STM32U545CEU6Q, STM32U545JEY6QTR, STM32U545NEY6QTR, STM32U545REI6, STM32U545REI6Q, STM32U545RET6, STM32U545RET6Q, STM32U545VEI6, STM32U545VEI6Q, STM32U545VET6, STM32U545VET6Q, STM32U595AIH6, STM32U595AIH6Q, STM32U595AJH6, STM32U595AJH6Q, STM32U595QII6, STM32U595QII6Q, STM32U595QJI6, STM32U595QJI6Q, STM32U595RIT6, STM32U595RIT6Q, STM32U595RJT6, STM32U595RJT6Q, STM32U595VIT6, STM32U595VIT6Q, STM32U595VJT6, STM32U595VJT6Q, STM32U595ZIT6, STM32U595ZIT6Q, STM32U595ZIY6QTR, STM32U595ZJT6, STM32U595ZJT6Q, STM32U595ZJY6QTR, STM32U599BJY6QTR, STM32U599NIH6Q, STM32U599NJH6Q, STM32U599VIT6Q, STM32U599VJT6, STM32U599VJT6Q, STM32U599ZIT6Q, STM32U599ZIY6QTR, STM32U599ZJT6Q, STM32U599ZJY6QTR, STM32U5A5AJH6, STM32U5A5AJH6Q, STM32U5A5QII3Q , STM32U5A5QJI6, STM32U5A5QJI6Q, STM32U5A5RJT6, STM32U5A5RJT6Q, STM32U5A5VJT6, STM32U5A5VJT6Q, STM32U5A5ZJT6, STM32U5A5ZJT6Q, STM32U5A5ZJY6QTR, STM32U5A9BJY6QTR, STM32U5A9J-DK, STM32U5A9NJH6Q, STM32U5A9VJT6Q, STM32U5A9ZJT6Q, STM32U5A9ZJY6QTR, STM32U5F7VIT6, STM32U5F7VIT6Q, STM32U5F7VJT6, STM32U5F7VJT6Q, STM32U5F9BJY6QTR, STM32U5F9NJH6Q, STM32U5F9VIT6Q, STM32U5F9VJT6Q, STM32U5F9ZIJ6QTR, STM32U5F9ZIT6Q, STM32U5F9ZJJ6QTR, STM32U5F9ZJT6Q, STM32U5G7VJT6, STM32U5G7VJT6Q, STM32U5G9BJY6QTR, STM32U5G9J-DK1, STM32U5G9J-DK2, STM32U5G9NJH6Q, STM32U5G9VJT6Q, STM32U5G9ZJJ6QTR, STM32U5G9ZJT6Q, STM32WB1MMCH6, STM32WBA50KEU6, STM32WBA50KEU6TR, STM32WBA50KGU6, STM32WBA50KGU6TR, STM32WBA52CEU6, STM32WBA52CEU6TR, STM32WBA52CEU7, STM32WBA52CEU7TR, STM32WBA52CGU6, STM32WBA52CGU6TR, STM32WBA52CGU6U, STM32WBA52CGU7, STM32WBA52CGU7TR, STM32WBA52KEU6, STM32WBA52KEU6TR, STM32WBA52KGU6, STM32WBA52KGU6TR, STM32WBA54CEU6, STM32WBA54CEU6TR, STM32WBA54CEU7, STM32WBA54CEU7TR, STM32WBA54CGU6, STM32WBA54CGU6TR, STM32WBA54CGU7, STM32WBA54CGU7TR, STM32WBA54KEU6, STM32WBA54KEU6TR, STM32WBA54KEU7, STM32WBA54KEU7TR, STM32WBA54KGU6, STM32WBA54KGU6TR, STM32WBA54KGU7, STM32WBA54KGU7TR, STM32WBA55CEU6, STM32WBA55CEU6TR, STM32WBA55CEU7, STM32WBA55CEU7TR, STM32WBA55CGU6, STM32WBA55CGU6TR, STM32WBA55CGU6U, STM32WBA55CGU7, STM32WBA55CGU7TR, STM32WBA55G-DK1, STM32WBA55HEF6, STM32WBA55HEF7, STM32WBA55HGF6, STM32WBA55HGF7, STM32WBA55UEI6, STM32WBA55UEI6TR, STM32WBA55UEI7, STM32WBA55UEI7TR, STM32WBA55UGI6, STM32WBA55UGI6TR, STM32WBA55UGI7, STM32WBA55UGI7TR, STM32WL5MOCH6, STM32WL5MOCH6TR]
2024-04-27 13:51:14,263 [INFO] DbMcus:218 - Found 4096 MCUs, 4096 are supported
2024-04-27 13:51:14,269 [INFO] ApiDb:423 - Load user favorites file C:\Users\aordu/.stm32cubeide/favorites.mcus.txt: 4 item(s)
2024-04-27 13:51:14,269 [INFO] ApiDb:427 - User favorites MCUs=[STM32F401CCU6, STM32F767ZIT6, STM32G431CBU6, STM32L152RCT6]
2024-04-27 13:51:14,269 [INFO] DbMcus:224 - Set 4 / 4 favorites MCUs
2024-04-27 13:51:14,573 [INFO] ApiDb:423 - Load user favorites file C:\Users\aordu/.stm32cubeide/favorites.boards.txt: 0 item(s)
2024-04-27 13:51:14,573 [INFO] ApiDb:427 - User favorites Boards=[]
2024-04-27 13:51:14,574 [INFO] DbBoards:198 - Set 0 / 0 favorites Boards
2024-04-27 13:51:14,636 [INFO] UtilMem:75 - End LoadConfig() Used Memory: 493412384 Bytes (620756992)
2024-04-27 13:51:14,780 [WARN] ThirdParty:833 - waiting for thirdparty lock release [change project]
2024-04-27 13:51:14,780 [INFO] ThirdParty:835 - entering critical section [change project]
2024-04-27 13:51:14,780 [INFO] ThirdParty:1030 - CMSIS Pack Vendor :STMicroelectronics USBPD 4.1
2024-04-27 13:51:14,780 [INFO] ThirdParty:1030 - CMSIS Pack Vendor :STMicroelectronics X-CUBE-GNSS1 6.0.0
2024-04-27 13:51:14,780 [INFO] ThirdParty:1030 - CMSIS Pack Vendor :STMicroelectronics USB_HOST 2.0.0
2024-04-27 13:51:14,780 [INFO] ThirdParty:1030 - CMSIS Pack Vendor :STMicroelectronics FP-SNS-MOTENVWB1 1.4.0
2024-04-27 13:51:14,780 [INFO] ThirdParty:1030 - CMSIS Pack Vendor :STMicroelectronics X-CUBE-AZRTOS-F4 1.1.0
2024-04-27 13:51:14,780 [INFO] ThirdParty:1030 - CMSIS Pack Vendor :STMicroelectronics LIBJPEG 8.0.0
2024-04-27 13:51:14,781 [INFO] ThirdParty:1030 - CMSIS Pack Vendor :STMicroelectronics X-CUBE-SMBUS 2.1.0
2024-04-27 13:51:14,781 [INFO] ThirdParty:1030 - CMSIS Pack Vendor :STMicroelectronics USB_DEVICE 3.0.0
2024-04-27 13:51:14,781 [INFO] ThirdParty:1030 - CMSIS Pack Vendor :STMicroelectronics X-CUBE-TCPP 4.1.0
2024-04-27 13:51:14,781 [INFO] ThirdParty:1030 - CMSIS Pack Vendor :STMicroelectronics X-CUBE-FREERTOS 1.2.0
2024-04-27 13:51:14,781 [INFO] ThirdParty:1030 - CMSIS Pack Vendor :STMicroelectronics X-CUBE-AZRTOS-WB 2.0.0
2024-04-27 13:51:14,781 [INFO] ThirdParty:1030 - CMSIS Pack Vendor :STMicroelectronics X-CUBE-TOUCHGFX 4.23.2
2024-04-27 13:51:14,781 [INFO] ThirdParty:1030 - CMSIS Pack Vendor :STMicroelectronics X-CUBE-AZRTOS-F7 1.1.0
2024-04-27 13:51:14,781 [INFO] ThirdParty:1030 - CMSIS Pack Vendor :STMicroelectronics X-CUBE-AZRTOS-L5 2.0.0
2024-04-27 13:51:14,781 [INFO] ThirdParty:1030 - CMSIS Pack Vendor :STMicroelectronics USB_DEVICE 2.0.0
2024-04-27 13:51:14,781 [INFO] ThirdParty:1030 - CMSIS Pack Vendor :STMicroelectronics X-CUBE-NFC6 3.1.0
2024-04-27 13:51:14,781 [INFO] ThirdParty:1030 - CMSIS Pack Vendor :STMicroelectronics X-CUBE-ALGOBUILD 1.3.0
2024-04-27 13:51:14,781 [INFO] ThirdParty:1030 - CMSIS Pack Vendor :STMicroelectronics FreeRTOS 0.0.1
2024-04-27 13:51:14,781 [INFO] ThirdParty:1030 - CMSIS Pack Vendor :STMicroelectronics X-CUBE-AZRTOS-G0 1.1.0
2024-04-27 13:51:14,781 [INFO] ThirdParty:1030 - CMSIS Pack Vendor :STMicroelectronics X-CUBE-SAFEA1 1.2.2
2024-04-27 13:51:14,781 [INFO] ThirdParty:1030 - CMSIS Pack Vendor :STMicroelectronics X-CUBE-NFC4 3.0.0
2024-04-27 13:51:14,781 [INFO] ThirdParty:1030 - CMSIS Pack Vendor :STMicroelectronics X-CUBE-SUBG2 5.0.0
2024-04-27 13:51:14,781 [INFO] ThirdParty:1030 - CMSIS Pack Vendor :STMicroelectronics STM32_WPAN 1.0.0
2024-04-27 13:51:14,781 [INFO] ThirdParty:1030 - CMSIS Pack Vendor :STMicroelectronics lwIP 2.0.3
2024-04-27 13:51:14,782 [INFO] ThirdParty:1030 - CMSIS Pack Vendor :STMicroelectronics FP-SNS-FLIGHT1 5.0.2
2024-04-27 13:51:14,782 [INFO] ThirdParty:1030 - CMSIS Pack Vendor :STMicroelectronics USB_HOST 1.0.0
2024-04-27 13:51:14,782 [INFO] ThirdParty:1030 - CMSIS Pack Vendor :STMicroelectronics X-CUBE-AI 9.0.0
2024-04-27 13:51:14,782 [INFO] ThirdParty:1030 - CMSIS Pack Vendor :STMicroelectronics X-CUBE-AZRTOS-G4 2.0.0
2024-04-27 13:51:14,782 [INFO] ThirdParty:1030 - CMSIS Pack Vendor :STMicroelectronics PDM2PCM 3.1.0
2024-04-27 13:51:14,782 [INFO] ThirdParty:1030 - CMSIS Pack Vendor :STMicroelectronics PDM2PCM 3.3.0
2024-04-27 13:51:14,782 [INFO] ThirdParty:1030 - CMSIS Pack Vendor :STMicroelectronics X-CUBE-DISPLAY 3.0.0
2024-04-27 13:51:14,782 [INFO] ThirdParty:1030 - CMSIS Pack Vendor :wolfSSL I-CUBE-wolfSSL 5.7.0
2024-04-27 13:51:14,782 [INFO] ThirdParty:1030 - CMSIS Pack Vendor :STMicroelectronics FP-SNS-MOTENVWB1 1.3.1
2024-04-27 13:51:14,782 [INFO] ThirdParty:1030 - CMSIS Pack Vendor :STMicroelectronics X-CUBE-BLE1 7.0.0
2024-04-27 13:51:14,782 [INFO] ThirdParty:1030 - CMSIS Pack Vendor :STMicroelectronics FP-ATR-SIGFOX1 3.2.0
2024-04-27 13:51:14,782 [INFO] ThirdParty:1030 - CMSIS Pack Vendor :STMicroelectronics X-CUBE-ISPU 2.0.0
2024-04-27 13:51:14,782 [INFO] ThirdParty:1030 - CMSIS Pack Vendor :STMicroelectronics X-CUBE-EEPRMA1 5.1.0
2024-04-27 13:51:14,782 [INFO] ThirdParty:1030 - CMSIS Pack Vendor :STMicroelectronics HAL Drivers 0.0.0
2024-04-27 13:51:14,782 [INFO] ThirdParty:1030 - CMSIS Pack Vendor :STMicroelectronics MBEDTLS 2.16.2
2024-04-27 13:51:14,782 [INFO] ThirdParty:1030 - CMSIS Pack Vendor :emotas I-CUBE-CANOPEN 1.3.0
2024-04-27 13:51:14,782 [INFO] ThirdParty:1030 - CMSIS Pack Vendor :STMicroelectronics X-CUBE-MEMS1 10.0.0
2024-04-27 13:51:14,782 [INFO] ThirdParty:1030 - CMSIS Pack Vendor :STMicroelectronics X-CUBE-FREERTOS 1.1.0
2024-04-27 13:51:14,782 [INFO] ThirdParty:1030 - CMSIS Pack Vendor :STMicroelectronics X-CUBE-NFC7 1.0.1
2024-04-27 13:51:14,782 [INFO] ThirdParty:1030 - CMSIS Pack Vendor :STMicroelectronics MBEDTLS 2.14.1
2024-04-27 13:51:14,782 [INFO] ThirdParty:1030 - CMSIS Pack Vendor :ITTIA_DB I-CUBE-ITTIADB 8.9.0
2024-04-27 13:51:14,782 [INFO] ThirdParty:1030 - CMSIS Pack Vendor :portGmbH I-Cube-SoM-uGOAL 1.1.0
2024-04-27 13:51:14,782 [INFO] ThirdParty:1030 - CMSIS Pack Vendor :STMicroelectronics X-CUBE-ALS 1.0.1
2024-04-27 13:51:14,782 [INFO] ThirdParty:1030 - CMSIS Pack Vendor :STMicroelectronics X-CUBE-BLEMGR 3.1.0
2024-04-27 13:51:14,783 [INFO] ThirdParty:1030 - CMSIS Pack Vendor :STMicroelectronics ThreadX 1.0.0
2024-04-27 13:51:14,783 [INFO] ThirdParty:1030 - CMSIS Pack Vendor :STMicroelectronics FP-SNS-SMARTAG2 1.2.0
2024-04-27 13:51:14,783 [INFO] ThirdParty:1030 - CMSIS Pack Vendor :STMicroelectronics X-CUBE-AZRTOS-WL 2.0.0
2024-04-27 13:51:14,783 [INFO] ThirdParty:1030 - CMSIS Pack Vendor :SEGGER I-CUBE-embOS 1.3.1
2024-04-27 13:51:14,783 [INFO] ThirdParty:1030 - CMSIS Pack Vendor :STMicroelectronics FP-SNS-MOTENV1 5.0.0
2024-04-27 13:51:14,783 [INFO] ThirdParty:1030 - CMSIS Pack Vendor :STMicroelectronics USB_DEVICE 1.0.0
2024-04-27 13:51:14,783 [INFO] ThirdParty:1030 - CMSIS Pack Vendor :STMicroelectronics X-CUBE-AI 8.1.0
2024-04-27 13:51:14,783 [INFO] ThirdParty:1030 - CMSIS Pack Vendor :STMicroelectronics X-CUBE-AZRTOS-H7RS 1.0.0
2024-04-27 13:51:14,783 [INFO] ThirdParty:1030 - CMSIS Pack Vendor :STMicroelectronics X-CUBE-AZRTOS-L4 2.0.0
2024-04-27 13:51:14,783 [INFO] ThirdParty:1030 - CMSIS Pack Vendor :STMicroelectronics ThreadX 0.0.2
2024-04-27 13:51:14,783 [INFO] ThirdParty:1030 - CMSIS Pack Vendor :WES I-CUBE-Cesium 1.3.0
2024-04-27 13:51:14,783 [INFO] ThirdParty:1030 - CMSIS Pack Vendor :STMicroelectronics FP-ATR-ASTRA1 2.0.0
2024-04-27 13:51:14,783 [INFO] ThirdParty:1030 - CMSIS Pack Vendor :STMicroelectronics lwIP 2.1.2
2024-04-27 13:51:14,783 [INFO] ThirdParty:1030 - CMSIS Pack Vendor :STMicroelectronics X-CUBE-SFXS2LP1 4.0.0
2024-04-27 13:51:14,783 [INFO] ThirdParty:1030 - CMSIS Pack Vendor :STMicroelectronics X-CUBE-BLE2 3.3.0
2024-04-27 13:51:14,783 [INFO] ThirdParty:1030 - CMSIS Pack Vendor :STMicroelectronics X-CUBE-TOF1 3.4.1
2024-04-27 13:51:14,783 [INFO] ThirdParty:1030 - CMSIS Pack Vendor :STMicroelectronics X-CUBE-AZRTOS-H7 3.2.0
2024-04-27 13:51:14,783 [INFO] ThirdParty:1030 - CMSIS Pack Vendor :Infineon AIROC-Wi-Fi-Bluetooth-STM32 1.6.0
2024-04-27 13:51:14,783 [INFO] ThirdParty:1030 - CMSIS Pack Vendor :STMicroelectronics PDM2PCM 3.2.0
2024-04-27 13:51:14,783 [INFO] ThirdParty:841 - exiting critical section [change project]
2024-04-27 13:51:15,339 [INFO] PinOutPanel:1561 - setPackage(No Configuration,No Configuration)
2024-04-27 13:51:15,342 [INFO] PinOutPanel:1561 - setPackage(STM32G431CBUx,UFQFPN48)
2024-04-27 13:51:16,091 [INFO] UtilMem:75 - Before build in PCC Used Memory: 439761144 Bytes (620756992)
2024-04-27 13:51:17,765 [INFO] UtilMem:75 - After build in PCC Used Memory: 314819784 Bytes (620756992)
2024-04-27 13:51:17,823 [INFO] IPUIPlugin:80 - create IPUIPlugin
2024-04-27 13:51:17,824 [INFO] IPUIPlugin:80 - create IPUIPlugin
2024-04-27 13:51:17,824 [INFO] IPUIPlugin:80 - create IPUIPlugin
2024-04-27 13:51:17,824 [INFO] IPUIPlugin:80 - create IPUIPlugin
2024-04-27 13:51:17,824 [INFO] IPUIPlugin:80 - create IPUIPlugin
2024-04-27 13:51:17,824 [INFO] IPUIPlugin:80 - create IPUIPlugin
2024-04-27 13:51:17,825 [INFO] IPUIPlugin:80 - create IPUIPlugin
2024-04-27 13:51:17,825 [INFO] IPUIPlugin:80 - create IPUIPlugin
2024-04-27 13:51:17,826 [INFO] IPUIPlugin:80 - create IPUIPlugin
2024-04-27 13:51:17,826 [INFO] IPUIPlugin:80 - create IPUIPlugin
2024-04-27 13:51:17,826 [INFO] IPUIPlugin:80 - create IPUIPlugin
2024-04-27 13:51:17,826 [INFO] IPUIPlugin:80 - create IPUIPlugin
2024-04-27 13:51:17,827 [INFO] IPUIPlugin:80 - create IPUIPlugin
2024-04-27 13:51:17,827 [INFO] IPUIPlugin:80 - create IPUIPlugin
2024-04-27 13:51:17,827 [INFO] IPUIPlugin:80 - create IPUIPlugin
2024-04-27 13:51:17,827 [INFO] IPUIPlugin:80 - create IPUIPlugin
2024-04-27 13:51:17,828 [INFO] IPUIPlugin:80 - create IPUIPlugin
2024-04-27 13:51:17,828 [INFO] IPUIPlugin:80 - create IPUIPlugin
2024-04-27 13:51:17,828 [INFO] IPUIPlugin:80 - create IPUIPlugin
2024-04-27 13:51:17,828 [INFO] IPUIPlugin:80 - create IPUIPlugin
2024-04-27 13:51:17,829 [INFO] IPUIPlugin:80 - create IPUIPlugin
2024-04-27 13:51:17,829 [INFO] IPUIPlugin:80 - create IPUIPlugin
2024-04-27 13:51:17,829 [INFO] IPUIPlugin:80 - create IPUIPlugin
2024-04-27 13:51:17,830 [INFO] IPUIPlugin:80 - create IPUIPlugin
2024-04-27 13:51:17,831 [INFO] IPUIPlugin:80 - create IPUIPlugin
2024-04-27 13:51:17,831 [INFO] IPUIPlugin:80 - create IPUIPlugin
2024-04-27 13:51:17,832 [INFO] IPUIPlugin:80 - create IPUIPlugin
2024-04-27 13:51:17,832 [INFO] IPUIPlugin:80 - create IPUIPlugin
2024-04-27 13:51:17,832 [INFO] IPUIPlugin:80 - create IPUIPlugin
2024-04-27 13:51:17,832 [INFO] IPUIPlugin:80 - create IPUIPlugin
2024-04-27 13:51:17,833 [INFO] IPUIPlugin:80 - create IPUIPlugin
2024-04-27 13:51:17,833 [INFO] IPUIPlugin:80 - create IPUIPlugin
2024-04-27 13:51:17,834 [INFO] IPUIPlugin:80 - create IPUIPlugin
2024-04-27 13:51:17,834 [INFO] IPUIPlugin:80 - create IPUIPlugin
2024-04-27 13:51:17,834 [INFO] IPUIPlugin:80 - create IPUIPlugin
2024-04-27 13:51:17,835 [INFO] IPUIPlugin:80 - create IPUIPlugin
2024-04-27 13:51:17,835 [INFO] IPUIPlugin:80 - create IPUIPlugin
2024-04-27 13:51:17,836 [INFO] IPUIPlugin:80 - create IPUIPlugin
2024-04-27 13:51:17,837 [INFO] IPUIPlugin:80 - create IPUIPlugin
2024-04-27 13:51:17,837 [INFO] IPUIPlugin:80 - create IPUIPlugin
2024-04-27 13:51:17,838 [INFO] IPUIPlugin:80 - create IPUIPlugin
2024-04-27 13:51:17,839 [INFO] IPUIPlugin:80 - create IPUIPlugin
2024-04-27 13:51:17,839 [INFO] IPUIPlugin:80 - create IPUIPlugin
2024-04-27 13:51:17,840 [INFO] IPUIPlugin:80 - create IPUIPlugin
2024-04-27 13:51:17,840 [INFO] IPUIPlugin:80 - create IPUIPlugin
2024-04-27 13:51:17,841 [INFO] IPUIPlugin:80 - create IPUIPlugin
2024-04-27 13:51:17,842 [INFO] IPUIPlugin:80 - create IPUIPlugin
2024-04-27 13:51:17,842 [INFO] IPUIPlugin:80 - create IPUIPlugin
2024-04-27 13:51:17,843 [INFO] IPUIPlugin:80 - create IPUIPlugin
2024-04-27 13:51:17,844 [INFO] IPUIPlugin:80 - create IPUIPlugin
2024-04-27 13:51:17,844 [INFO] IPUIPlugin:80 - create IPUIPlugin
2024-04-27 13:51:17,845 [INFO] IPUIPlugin:80 - create IPUIPlugin
2024-04-27 13:51:17,846 [INFO] IPUIPlugin:80 - create IPUIPlugin
2024-04-27 13:51:17,847 [INFO] IPUIPlugin:80 - create IPUIPlugin
2024-04-27 13:51:17,847 [INFO] IPUIPlugin:80 - create IPUIPlugin
2024-04-27 13:51:17,849 [INFO] IPUIPlugin:80 - create IPUIPlugin
2024-04-27 13:51:17,850 [INFO] IPUIPlugin:80 - create IPUIPlugin
2024-04-27 13:51:17,851 [INFO] IPUIPlugin:80 - create IPUIPlugin
2024-04-27 13:51:18,221 [INFO] CADModel:165 - CPN selected for project levelSTM32G431CBU6
2024-04-27 13:51:18,222 [INFO] CADModel:114 - Register for checkConnection events
2024-04-27 13:51:18,301 [INFO] OpenFileManager:343 - Restore cursor
2024-04-27 13:51:29,330 [INFO] Gpio:277 - dependency for GPIO [RCC, SYS, USART2]
2024-04-27 13:53:26,206 [INFO] UtilMem:75 - End SaveConfig() Used Memory: 509303928 Bytes (801112064)
2024-04-27 13:53:26,407 [INFO] UtilMem:75 - End SaveConfig() Used Memory: 544532624 Bytes (801112064)
2024-04-27 13:53:26,786 [INFO] BlockDiagram:2759 - set Specific Code input for plugin: SYS
2024-04-27 13:53:26,786 [INFO] BlockDiagram:2759 - set Specific Code input for plugin: RCC
2024-04-27 13:53:26,787 [INFO] BlockDiagram:2759 - set Specific Code input for plugin: NVIC
2024-04-27 13:53:26,787 [INFO] BlockDiagram:2759 - set Specific Code input for plugin: USART
2024-04-27 13:53:26,787 [INFO] BlockDiagram:2759 - set Specific Code input for plugin: GPIO
2024-04-27 13:53:26,789 [INFO] CodeGenerator:807 - code generatio: config db path: C:\ST\STM32CubeIDE_1.8.0\STM32CubeIDE\plugins\com.st.stm32cube.common.mx_6.11.0.202403141607\\db\
2024-04-27 13:53:26,948 [INFO] CodeEngine:255 - oldGeneratedFile, C:\Users\aordu\STM32CubeIDE\workspace_1.8.0\EMSC\test_1\MXTmpFiles\license.tmp_save
2024-04-27 13:53:27,260 [INFO] CodeEngine:279 - Generated code: C:\Users\aordu\STM32CubeIDE\workspace_1.8.0\EMSC\test_1\MXTmpFiles\license.tmp
2024-04-27 13:53:27,369 [INFO] CodeEngine:255 - oldGeneratedFile, C:\Users\aordu\STM32CubeIDE\workspace_1.8.0\EMSC\test_1\MXTmpFiles\gpio.tmp_save
2024-04-27 13:53:27,513 [INFO] CodeEngine:279 - Generated code: C:\Users\aordu\STM32CubeIDE\workspace_1.8.0\EMSC\test_1\MXTmpFiles\gpio.tmp
2024-04-27 13:53:27,740 [INFO] CodeEngine:255 - oldGeneratedFile, C:\Users\aordu\STM32CubeIDE\workspace_1.8.0\EMSC\test_1\Core\Src\stm32g4xx_it.c_save
2024-04-27 13:53:27,888 [INFO] CodeEngine:279 - Generated code: C:\Users\aordu\STM32CubeIDE\workspace_1.8.0\EMSC\test_1\Core\Src\stm32g4xx_it.c
2024-04-27 13:53:27,912 [INFO] CodeEngine:255 - oldGeneratedFile, C:\Users\aordu\STM32CubeIDE\workspace_1.8.0\EMSC\test_1\Core\Inc\stm32g4xx_it.h_save
2024-04-27 13:53:28,003 [INFO] CodeEngine:279 - Generated code: C:\Users\aordu\STM32CubeIDE\workspace_1.8.0\EMSC\test_1\Core\Inc\stm32g4xx_it.h
2024-04-27 13:53:28,042 [INFO] CodeEngine:255 - oldGeneratedFile, C:\Users\aordu\STM32CubeIDE\workspace_1.8.0\EMSC\test_1\Core\Src\stm32g4xx_hal_msp.c_save
2024-04-27 13:53:28,170 [INFO] CodeEngine:279 - Generated code: C:\Users\aordu\STM32CubeIDE\workspace_1.8.0\EMSC\test_1\Core\Src\stm32g4xx_hal_msp.c
2024-04-27 13:53:28,180 [INFO] CodeEngine:255 - oldGeneratedFile, C:\Users\aordu\STM32CubeIDE\workspace_1.8.0\EMSC\test_1\MXTmpFiles\system.tmp_save
2024-04-27 13:53:28,238 [INFO] CodeEngine:279 - Generated code: C:\Users\aordu\STM32CubeIDE\workspace_1.8.0\EMSC\test_1\MXTmpFiles\system.tmp
2024-04-27 13:53:28,269 [INFO] CodeEngine:311 - oldGeneratedFile, C:\Users\aordu\STM32CubeIDE\workspace_1.8.0\EMSC\test_1\Core\Inc\stm32g4xx_hal_conf.h_save
2024-04-27 13:53:28,347 [INFO] CodeEngine:335 - Generated code: C:\Users\aordu\STM32CubeIDE\workspace_1.8.0\EMSC\test_1\Core\Inc\stm32g4xx_hal_conf.h
2024-04-27 13:53:28,371 [WARN] IPConfigManager:2982 - Warning: the RefConfig RCC_CommonPeriphClockConfig is not available in your config.xml file
2024-04-27 13:53:28,403 [INFO] CodeEngine:255 - oldGeneratedFile, C:\Users\aordu\STM32CubeIDE\workspace_1.8.0\EMSC\test_1\Core\Inc\main.h_save
2024-04-27 13:53:28,486 [INFO] CodeEngine:279 - Generated code: C:\Users\aordu\STM32CubeIDE\workspace_1.8.0\EMSC\test_1\Core\Inc\main.h
2024-04-27 13:53:28,506 [INFO] CodeEngine:255 - oldGeneratedFile, C:\Users\aordu\STM32CubeIDE\workspace_1.8.0\EMSC\test_1\Core\Src\main.c_save
2024-04-27 13:53:28,653 [INFO] CodeEngine:279 - Generated code: C:\Users\aordu\STM32CubeIDE\workspace_1.8.0\EMSC\test_1\Core\Src\main.c
2024-04-27 13:53:29,068 [INFO] ProjectBuilder:3163 - Time for Copy HAL[1] : 182mS.
2024-04-27 13:53:29,072 [INFO] ProjectBuilder:4736 - Project Generator version: 4.3.0-B58
2024-04-27 13:53:29,148 [INFO] ConfigFileManager:1503 - The Die is : DIE468
2024-04-27 13:53:29,164 [INFO] ApiDbMcu:508 - Load IP Config File for FATFS
2024-04-27 13:53:29,175 [INFO] ApiDbMcu:508 - Load IP Config File for FREERTOS
2024-04-27 13:53:29,187 [INFO] ApiDbMcu:508 - Load IP Config File for USBPD
2024-04-27 13:53:29,200 [INFO] ApiDbMcu:508 - Load IP Config File for USB_Device
2024-04-27 13:53:29,772 [INFO] LogOutputStream:77 - [STDOUT_REDIRECT] 
2024-04-27 13:53:31,449 [INFO] ProjectBuilder:5002 - Time for Generating toolchain IDE Files: 2377mS.
2024-04-27 13:53:31,450 [INFO] ProjectBuilder:3034 - Time for Copy CMSIS : 0mS.
2024-04-27 13:53:31,453 [INFO] ProjectBuilder:3034 - Time for Copy CMSIS : 0mS.
2024-04-27 13:58:00,042 [INFO] Gpio:277 - dependency for GPIO [RCC, SYS, USART2]
2024-04-27 13:58:01,316 [INFO] NvicIntPanel:101 - NVIC parent = com.st.microxplorer.plugins.ip.nvic.MultiNvicIntPanel[,2,46,310x252,layout=javax.swing.BoxLayout,alignmentX=0.0,alignmentY=0.0,border=,flags=9,maximumSize=,minimumSize=,preferredSize=]
2024-04-27 13:58:02,689 [INFO] Gpio:277 - dependency for GPIO [RCC, SYS, USART2]
2024-04-27 13:58:21,007 [INFO] Gpio:277 - dependency for GPIO [RCC, SYS, USART2]
2024-04-27 13:58:33,574 [INFO] Gpio:277 - dependency for GPIO [RCC, SYS, USART2]
2024-04-27 13:58:58,499 [INFO] UtilMem:75 - End SaveConfig() Used Memory: 313674784 Bytes (801112064)
2024-04-27 13:59:03,389 [INFO] UtilMem:75 - End SaveConfig() Used Memory: 430593056 Bytes (801112064)
2024-04-27 13:59:03,515 [INFO] BlockDiagram:2759 - set Specific Code input for plugin: SYS
2024-04-27 13:59:03,515 [INFO] BlockDiagram:2759 - set Specific Code input for plugin: RCC
2024-04-27 13:59:03,515 [INFO] BlockDiagram:2759 - set Specific Code input for plugin: NVIC
2024-04-27 13:59:03,515 [INFO] BlockDiagram:2759 - set Specific Code input for plugin: USART
2024-04-27 13:59:03,515 [INFO] BlockDiagram:2759 - set Specific Code input for plugin: GPIO
2024-04-27 13:59:03,517 [INFO] CodeGenerator:807 - code generatio: config db path: C:\ST\STM32CubeIDE_1.8.0\STM32CubeIDE\plugins\com.st.stm32cube.common.mx_6.11.0.202403141607\\db\
2024-04-27 13:59:03,577 [INFO] CodeEngine:255 - oldGeneratedFile, C:\Users\aordu\STM32CubeIDE\workspace_1.8.0\EMSC\test_1\MXTmpFiles\license.tmp_save
2024-04-27 13:59:03,651 [INFO] CodeEngine:279 - Generated code: C:\Users\aordu\STM32CubeIDE\workspace_1.8.0\EMSC\test_1\MXTmpFiles\license.tmp
2024-04-27 13:59:03,677 [INFO] CodeEngine:255 - oldGeneratedFile, C:\Users\aordu\STM32CubeIDE\workspace_1.8.0\EMSC\test_1\MXTmpFiles\gpio.tmp_save
2024-04-27 13:59:03,763 [INFO] CodeEngine:279 - Generated code: C:\Users\aordu\STM32CubeIDE\workspace_1.8.0\EMSC\test_1\MXTmpFiles\gpio.tmp
2024-04-27 13:59:03,834 [INFO] CodeEngine:255 - oldGeneratedFile, C:\Users\aordu\STM32CubeIDE\workspace_1.8.0\EMSC\test_1\Core\Src\stm32g4xx_it.c_save
2024-04-27 13:59:03,913 [INFO] CodeEngine:279 - Generated code: C:\Users\aordu\STM32CubeIDE\workspace_1.8.0\EMSC\test_1\Core\Src\stm32g4xx_it.c
2024-04-27 13:59:03,920 [INFO] CodeEngine:255 - oldGeneratedFile, C:\Users\aordu\STM32CubeIDE\workspace_1.8.0\EMSC\test_1\Core\Inc\stm32g4xx_it.h_save
2024-04-27 13:59:03,977 [INFO] CodeEngine:279 - Generated code: C:\Users\aordu\STM32CubeIDE\workspace_1.8.0\EMSC\test_1\Core\Inc\stm32g4xx_it.h
2024-04-27 13:59:04,000 [INFO] CodeEngine:255 - oldGeneratedFile, C:\Users\aordu\STM32CubeIDE\workspace_1.8.0\EMSC\test_1\Core\Src\stm32g4xx_hal_msp.c_save
2024-04-27 13:59:04,094 [INFO] CodeEngine:279 - Generated code: C:\Users\aordu\STM32CubeIDE\workspace_1.8.0\EMSC\test_1\Core\Src\stm32g4xx_hal_msp.c
2024-04-27 13:59:04,099 [INFO] CodeEngine:255 - oldGeneratedFile, C:\Users\aordu\STM32CubeIDE\workspace_1.8.0\EMSC\test_1\MXTmpFiles\system.tmp_save
2024-04-27 13:59:04,151 [INFO] CodeEngine:279 - Generated code: C:\Users\aordu\STM32CubeIDE\workspace_1.8.0\EMSC\test_1\MXTmpFiles\system.tmp
2024-04-27 13:59:04,165 [INFO] CodeEngine:311 - oldGeneratedFile, C:\Users\aordu\STM32CubeIDE\workspace_1.8.0\EMSC\test_1\Core\Inc\stm32g4xx_hal_conf.h_save
2024-04-27 13:59:04,242 [INFO] CodeEngine:335 - Generated code: C:\Users\aordu\STM32CubeIDE\workspace_1.8.0\EMSC\test_1\Core\Inc\stm32g4xx_hal_conf.h
2024-04-27 13:59:04,262 [WARN] IPConfigManager:2982 - Warning: the RefConfig RCC_CommonPeriphClockConfig is not available in your config.xml file
2024-04-27 13:59:04,281 [INFO] CodeEngine:255 - oldGeneratedFile, C:\Users\aordu\STM32CubeIDE\workspace_1.8.0\EMSC\test_1\Core\Inc\main.h_save
2024-04-27 13:59:04,349 [INFO] CodeEngine:279 - Generated code: C:\Users\aordu\STM32CubeIDE\workspace_1.8.0\EMSC\test_1\Core\Inc\main.h
2024-04-27 13:59:04,361 [INFO] CodeEngine:255 - oldGeneratedFile, C:\Users\aordu\STM32CubeIDE\workspace_1.8.0\EMSC\test_1\Core\Src\main.c_save
2024-04-27 13:59:04,439 [INFO] CodeEngine:279 - Generated code: C:\Users\aordu\STM32CubeIDE\workspace_1.8.0\EMSC\test_1\Core\Src\main.c
2024-04-27 13:59:04,664 [INFO] ProjectBuilder:3163 - Time for Copy HAL[1] : 112mS.
2024-04-27 13:59:04,667 [INFO] ProjectBuilder:4736 - Project Generator version: 4.3.0-B58
2024-04-27 13:59:04,725 [INFO] ConfigFileManager:1503 - The Die is : DIE468
2024-04-27 13:59:05,490 [INFO] ProjectBuilder:5002 - Time for Generating toolchain IDE Files: 823mS.
2024-04-27 13:59:05,490 [INFO] ProjectBuilder:3034 - Time for Copy CMSIS : 0mS.
2024-04-27 13:59:05,494 [INFO] ProjectBuilder:3034 - Time for Copy CMSIS : 0mS.
2024-04-27 14:01:38,891 [INFO] UtilMem:75 - End SaveConfig() Used Memory: 333188832 Bytes (801112064)
2024-04-27 14:01:39,108 [INFO] UtilMem:75 - End SaveConfig() Used Memory: 362548960 Bytes (801112064)
2024-04-27 14:01:39,262 [INFO] UtilMem:75 - End SaveConfig() Used Memory: 397151968 Bytes (801112064)
2024-04-27 14:01:39,378 [INFO] BlockDiagram:2759 - set Specific Code input for plugin: SYS
2024-04-27 14:01:39,378 [INFO] BlockDiagram:2759 - set Specific Code input for plugin: RCC
2024-04-27 14:01:39,378 [INFO] BlockDiagram:2759 - set Specific Code input for plugin: NVIC
2024-04-27 14:01:39,378 [INFO] BlockDiagram:2759 - set Specific Code input for plugin: USART
2024-04-27 14:01:39,378 [INFO] BlockDiagram:2759 - set Specific Code input for plugin: GPIO
2024-04-27 14:01:39,379 [INFO] CodeGenerator:807 - code generatio: config db path: C:\ST\STM32CubeIDE_1.8.0\STM32CubeIDE\plugins\com.st.stm32cube.common.mx_6.11.0.202403141607\\db\
2024-04-27 14:01:39,432 [INFO] CodeEngine:255 - oldGeneratedFile, C:\Users\aordu\STM32CubeIDE\workspace_1.8.0\EMSC\test_1\MXTmpFiles\license.tmp_save
2024-04-27 14:01:39,492 [INFO] CodeEngine:279 - Generated code: C:\Users\aordu\STM32CubeIDE\workspace_1.8.0\EMSC\test_1\MXTmpFiles\license.tmp
2024-04-27 14:01:39,509 [INFO] CodeEngine:255 - oldGeneratedFile, C:\Users\aordu\STM32CubeIDE\workspace_1.8.0\EMSC\test_1\MXTmpFiles\gpio.tmp_save
2024-04-27 14:01:39,581 [INFO] CodeEngine:279 - Generated code: C:\Users\aordu\STM32CubeIDE\workspace_1.8.0\EMSC\test_1\MXTmpFiles\gpio.tmp
2024-04-27 14:01:39,654 [INFO] CodeEngine:255 - oldGeneratedFile, C:\Users\aordu\STM32CubeIDE\workspace_1.8.0\EMSC\test_1\Core\Src\stm32g4xx_it.c_save
2024-04-27 14:01:39,723 [INFO] CodeEngine:279 - Generated code: C:\Users\aordu\STM32CubeIDE\workspace_1.8.0\EMSC\test_1\Core\Src\stm32g4xx_it.c
2024-04-27 14:01:39,729 [INFO] CodeEngine:255 - oldGeneratedFile, C:\Users\aordu\STM32CubeIDE\workspace_1.8.0\EMSC\test_1\Core\Inc\stm32g4xx_it.h_save
2024-04-27 14:01:39,780 [INFO] CodeEngine:279 - Generated code: C:\Users\aordu\STM32CubeIDE\workspace_1.8.0\EMSC\test_1\Core\Inc\stm32g4xx_it.h
2024-04-27 14:01:39,800 [INFO] CodeEngine:255 - oldGeneratedFile, C:\Users\aordu\STM32CubeIDE\workspace_1.8.0\EMSC\test_1\Core\Src\stm32g4xx_hal_msp.c_save
2024-04-27 14:01:39,870 [INFO] CodeEngine:279 - Generated code: C:\Users\aordu\STM32CubeIDE\workspace_1.8.0\EMSC\test_1\Core\Src\stm32g4xx_hal_msp.c
2024-04-27 14:01:39,874 [INFO] CodeEngine:255 - oldGeneratedFile, C:\Users\aordu\STM32CubeIDE\workspace_1.8.0\EMSC\test_1\MXTmpFiles\system.tmp_save
2024-04-27 14:01:39,915 [INFO] CodeEngine:279 - Generated code: C:\Users\aordu\STM32CubeIDE\workspace_1.8.0\EMSC\test_1\MXTmpFiles\system.tmp
2024-04-27 14:01:39,932 [INFO] CodeEngine:311 - oldGeneratedFile, C:\Users\aordu\STM32CubeIDE\workspace_1.8.0\EMSC\test_1\Core\Inc\stm32g4xx_hal_conf.h_save
2024-04-27 14:01:40,002 [INFO] CodeEngine:335 - Generated code: C:\Users\aordu\STM32CubeIDE\workspace_1.8.0\EMSC\test_1\Core\Inc\stm32g4xx_hal_conf.h
2024-04-27 14:01:40,019 [WARN] IPConfigManager:2982 - Warning: the RefConfig RCC_CommonPeriphClockConfig is not available in your config.xml file
2024-04-27 14:01:40,035 [INFO] CodeEngine:255 - oldGeneratedFile, C:\Users\aordu\STM32CubeIDE\workspace_1.8.0\EMSC\test_1\Core\Inc\main.h_save
2024-04-27 14:01:40,090 [INFO] CodeEngine:279 - Generated code: C:\Users\aordu\STM32CubeIDE\workspace_1.8.0\EMSC\test_1\Core\Inc\main.h
2024-04-27 14:01:40,102 [INFO] CodeEngine:255 - oldGeneratedFile, C:\Users\aordu\STM32CubeIDE\workspace_1.8.0\EMSC\test_1\Core\Src\main.c_save
2024-04-27 14:01:40,187 [INFO] CodeEngine:279 - Generated code: C:\Users\aordu\STM32CubeIDE\workspace_1.8.0\EMSC\test_1\Core\Src\main.c
2024-04-27 14:01:40,421 [INFO] ProjectBuilder:3163 - Time for Copy HAL[1] : 115mS.
2024-04-27 14:01:40,424 [INFO] ProjectBuilder:4736 - Project Generator version: 4.3.0-B58
2024-04-27 14:01:40,502 [INFO] ConfigFileManager:1503 - The Die is : DIE468
2024-04-27 14:01:41,121 [INFO] ProjectBuilder:5002 - Time for Generating toolchain IDE Files: 696mS.
2024-04-27 14:01:41,122 [INFO] ProjectBuilder:3034 - Time for Copy CMSIS : 0mS.
2024-04-27 14:01:41,125 [INFO] ProjectBuilder:3034 - Time for Copy CMSIS : 0mS.
2024-04-27 14:02:04,612 [INFO] UtilMem:75 - End SaveConfig() Used Memory: 549412072 Bytes (801112064)
2024-04-27 14:02:04,852 [INFO] UtilMem:75 - End SaveConfig() Used Memory: 579397024 Bytes (801112064)
2024-04-27 14:02:05,011 [INFO] UtilMem:75 - End SaveConfig() Used Memory: 613375264 Bytes (801112064)
2024-04-27 14:02:05,137 [INFO] BlockDiagram:2759 - set Specific Code input for plugin: SYS
2024-04-27 14:02:05,137 [INFO] BlockDiagram:2759 - set Specific Code input for plugin: RCC
2024-04-27 14:02:05,137 [INFO] BlockDiagram:2759 - set Specific Code input for plugin: NVIC
2024-04-27 14:02:05,137 [INFO] BlockDiagram:2759 - set Specific Code input for plugin: USART
2024-04-27 14:02:05,137 [INFO] BlockDiagram:2759 - set Specific Code input for plugin: GPIO
2024-04-27 14:02:05,138 [INFO] CodeGenerator:807 - code generatio: config db path: C:\ST\STM32CubeIDE_1.8.0\STM32CubeIDE\plugins\com.st.stm32cube.common.mx_6.11.0.202403141607\\db\
2024-04-27 14:02:05,192 [INFO] CodeEngine:255 - oldGeneratedFile, C:\Users\aordu\STM32CubeIDE\workspace_1.8.0\EMSC\test_1\MXTmpFiles\license.tmp_save
2024-04-27 14:02:05,249 [INFO] CodeEngine:279 - Generated code: C:\Users\aordu\STM32CubeIDE\workspace_1.8.0\EMSC\test_1\MXTmpFiles\license.tmp
2024-04-27 14:02:05,271 [INFO] CodeEngine:255 - oldGeneratedFile, C:\Users\aordu\STM32CubeIDE\workspace_1.8.0\EMSC\test_1\MXTmpFiles\gpio.tmp_save
2024-04-27 14:02:05,360 [INFO] CodeEngine:279 - Generated code: C:\Users\aordu\STM32CubeIDE\workspace_1.8.0\EMSC\test_1\MXTmpFiles\gpio.tmp
2024-04-27 14:02:05,426 [INFO] CodeEngine:255 - oldGeneratedFile, C:\Users\aordu\STM32CubeIDE\workspace_1.8.0\EMSC\test_1\Core\Src\stm32g4xx_it.c_save
2024-04-27 14:02:05,493 [INFO] CodeEngine:279 - Generated code: C:\Users\aordu\STM32CubeIDE\workspace_1.8.0\EMSC\test_1\Core\Src\stm32g4xx_it.c
2024-04-27 14:02:05,498 [INFO] CodeEngine:255 - oldGeneratedFile, C:\Users\aordu\STM32CubeIDE\workspace_1.8.0\EMSC\test_1\Core\Inc\stm32g4xx_it.h_save
2024-04-27 14:02:05,542 [INFO] CodeEngine:279 - Generated code: C:\Users\aordu\STM32CubeIDE\workspace_1.8.0\EMSC\test_1\Core\Inc\stm32g4xx_it.h
2024-04-27 14:02:05,561 [INFO] CodeEngine:255 - oldGeneratedFile, C:\Users\aordu\STM32CubeIDE\workspace_1.8.0\EMSC\test_1\Core\Src\stm32g4xx_hal_msp.c_save
2024-04-27 14:02:05,624 [INFO] CodeEngine:279 - Generated code: C:\Users\aordu\STM32CubeIDE\workspace_1.8.0\EMSC\test_1\Core\Src\stm32g4xx_hal_msp.c
2024-04-27 14:02:05,628 [INFO] CodeEngine:255 - oldGeneratedFile, C:\Users\aordu\STM32CubeIDE\workspace_1.8.0\EMSC\test_1\MXTmpFiles\system.tmp_save
2024-04-27 14:02:05,669 [INFO] CodeEngine:279 - Generated code: C:\Users\aordu\STM32CubeIDE\workspace_1.8.0\EMSC\test_1\MXTmpFiles\system.tmp
2024-04-27 14:02:05,685 [INFO] CodeEngine:311 - oldGeneratedFile, C:\Users\aordu\STM32CubeIDE\workspace_1.8.0\EMSC\test_1\Core\Inc\stm32g4xx_hal_conf.h_save
2024-04-27 14:02:05,752 [INFO] CodeEngine:335 - Generated code: C:\Users\aordu\STM32CubeIDE\workspace_1.8.0\EMSC\test_1\Core\Inc\stm32g4xx_hal_conf.h
2024-04-27 14:02:05,770 [WARN] IPConfigManager:2982 - Warning: the RefConfig RCC_CommonPeriphClockConfig is not available in your config.xml file
2024-04-27 14:02:05,785 [INFO] CodeEngine:255 - oldGeneratedFile, C:\Users\aordu\STM32CubeIDE\workspace_1.8.0\EMSC\test_1\Core\Inc\main.h_save
2024-04-27 14:02:05,838 [INFO] CodeEngine:279 - Generated code: C:\Users\aordu\STM32CubeIDE\workspace_1.8.0\EMSC\test_1\Core\Inc\main.h
2024-04-27 14:02:05,850 [INFO] CodeEngine:255 - oldGeneratedFile, C:\Users\aordu\STM32CubeIDE\workspace_1.8.0\EMSC\test_1\Core\Src\main.c_save
2024-04-27 14:02:05,936 [INFO] CodeEngine:279 - Generated code: C:\Users\aordu\STM32CubeIDE\workspace_1.8.0\EMSC\test_1\Core\Src\main.c
2024-04-27 14:02:06,246 [INFO] ProjectBuilder:3163 - Time for Copy HAL[1] : 165mS.
2024-04-27 14:02:06,250 [INFO] ProjectBuilder:4736 - Project Generator version: 4.3.0-B58
2024-04-27 14:02:06,316 [INFO] ConfigFileManager:1503 - The Die is : DIE468
2024-04-27 14:02:06,935 [INFO] ProjectBuilder:5002 - Time for Generating toolchain IDE Files: 685mS.
2024-04-27 14:02:06,936 [INFO] ProjectBuilder:3034 - Time for Copy CMSIS : 1mS.
2024-04-27 14:02:06,939 [INFO] ProjectBuilder:3034 - Time for Copy CMSIS : 0mS.
