2024-04-23 22:08:30,118 [INFO] Activator:176 - 


2024-04-23 22:08:30,124 [INFO] Activator:177 - !SESSION log4j initialized
2024-04-23 22:08:33,750 [INFO] LogOutputStream:77 - [STDOUT_REDIRECT] 
2024-04-23 22:08:36,189 [INFO] ApplicationProperties:184 - Using Application install path: C:\ST\STM32CubeIDE_1.8.0\STM32CubeIDE\plugins\com.st.stm32cube.common.mx_6.11.0.202403141607
2024-04-23 22:08:36,208 [INFO] DbMcusXml:78 - Set database path to: C:\ST\STM32CubeIDE_1.8.0\STM32CubeIDE\plugins\com.st.stm32cube.common.mx_6.11.0.202403141607\\db\/mcu/
2024-04-23 22:08:36,209 [INFO] ApiDb:274 - Set plugin database path to: C:\ST\STM32CubeIDE_1.8.0\STM32CubeIDE\plugins\com.st.stm32cube.common.mx_6.11.0.202403141607\\db\/plugins/boardmanager/
2024-04-23 22:08:36,209 [WARN] ApiDb:259 - Overriding images path with different value:  => C:\ST\STM32CubeIDE_1.8.0\STM32CubeIDE\plugins\com.st.stm32cube.common.mx_6.11.0.202403141607\\db\/plugins/mcufinder/images/
2024-04-23 22:08:36,225 [INFO] ApiDb:250 - Set database path to: C:\Users\aordu\.stmcufinder\plugins\mcufinder//mcu/
2024-04-23 22:08:36,227 [INFO] DbMcusAds:125 - Set database path to: C:\Users\aordu\.stmcufinder\plugins\mcufinder//mcu/
2024-04-23 22:08:36,229 [INFO] CrossReferenceDbSqlite:203 - Set database path to: C:\Users\aordu\.stmcufinder\plugins\mcufinder//mcu/cs/
2024-04-23 22:08:36,360 [INFO] RulesReader:64 - Compatibility file has been processed (297 Rules)
2024-04-23 22:08:36,466 [INFO] DbMcusXml:78 - Set database path to: C:\ST\STM32CubeIDE_1.8.0\STM32CubeIDE\plugins\com.st.stm32cube.common.mx_6.11.0.202403141607\\db\/mcu/
2024-04-23 22:08:36,467 [INFO] ApiDb:274 - Set plugin database path to: C:\ST\STM32CubeIDE_1.8.0\STM32CubeIDE\plugins\com.st.stm32cube.common.mx_6.11.0.202403141607\\db\/plugins/boardmanager/
2024-04-23 22:08:36,467 [INFO] ApiDb:261 - Set plugin images path to: C:\ST\STM32CubeIDE_1.8.0\STM32CubeIDE\plugins\com.st.stm32cube.common.mx_6.11.0.202403141607\\db\/plugins/mcufinder/images/
2024-04-23 22:08:36,467 [WARN] DbFile:41 - Overriding database path with different value: C:\Users\aordu\.stmcufinder\plugins\mcufinder/ => C:\Users\aordu\.stmcufinder\plugins\mcufinder
2024-04-23 22:08:36,468 [INFO] ApiDb:250 - Set database path to: C:\Users\aordu\.stmcufinder\plugins\mcufinder//mcu/
2024-04-23 22:08:36,468 [WARN] DbFile:41 - Overriding database path with different value: C:\Users\aordu\.stmcufinder\plugins\mcufinder/ => C:\Users\aordu\.stmcufinder\plugins\mcufinder
2024-04-23 22:08:36,468 [INFO] DbMcusAds:125 - Set database path to: C:\Users\aordu\.stmcufinder\plugins\mcufinder//mcu/
2024-04-23 22:08:36,468 [WARN] DbFile:41 - Overriding database path with different value: C:\Users\aordu\.stmcufinder\plugins\mcufinder/ => C:\Users\aordu\.stmcufinder\plugins\mcufinder
2024-04-23 22:08:36,468 [WARN] DbFile:41 - Overriding database path with different value: C:\Users\aordu\.stmcufinder\plugins\mcufinder/ => C:\Users\aordu\.stmcufinder\plugins\mcufinder
2024-04-23 22:08:36,468 [INFO] CrossReferenceDbSqlite:203 - Set database path to: C:\Users\aordu\.stmcufinder\plugins\mcufinder//mcu/cs/
2024-04-23 22:08:36,548 [INFO] MainPanel:264 - HeapMemory: 268435456
2024-04-23 22:08:36,637 [INFO] DbMcusXml:78 - Set database path to: C:\ST\STM32CubeIDE_1.8.0\STM32CubeIDE\plugins\com.st.stm32cube.common.mx_6.11.0.202403141607\\db\/mcu/
2024-04-23 22:08:36,637 [INFO] ApiDb:274 - Set plugin database path to: C:\ST\STM32CubeIDE_1.8.0\STM32CubeIDE\plugins\com.st.stm32cube.common.mx_6.11.0.202403141607\\db\/plugins/boardmanager/
2024-04-23 22:08:36,637 [INFO] ApiDb:261 - Set plugin images path to: C:\ST\STM32CubeIDE_1.8.0\STM32CubeIDE\plugins\com.st.stm32cube.common.mx_6.11.0.202403141607\\db\/plugins/mcufinder/images/
2024-04-23 22:08:36,637 [WARN] DbFile:41 - Overriding database path with different value: C:\Users\aordu\.stmcufinder\plugins\mcufinder/ => C:\Users\aordu\.stmcufinder\plugins\mcufinder
2024-04-23 22:08:36,637 [INFO] ApiDb:250 - Set database path to: C:\Users\aordu\.stmcufinder\plugins\mcufinder//mcu/
2024-04-23 22:08:36,637 [WARN] DbFile:41 - Overriding database path with different value: C:\Users\aordu\.stmcufinder\plugins\mcufinder/ => C:\Users\aordu\.stmcufinder\plugins\mcufinder
2024-04-23 22:08:36,637 [INFO] DbMcusAds:125 - Set database path to: C:\Users\aordu\.stmcufinder\plugins\mcufinder//mcu/
2024-04-23 22:08:36,638 [WARN] DbFile:41 - Overriding database path with different value: C:\Users\aordu\.stmcufinder\plugins\mcufinder/ => C:\Users\aordu\.stmcufinder\plugins\mcufinder
2024-04-23 22:08:36,638 [WARN] DbFile:41 - Overriding database path with different value: C:\Users\aordu\.stmcufinder\plugins\mcufinder/ => C:\Users\aordu\.stmcufinder\plugins\mcufinder
2024-04-23 22:08:36,638 [INFO] CrossReferenceDbSqlite:203 - Set database path to: C:\Users\aordu\.stmcufinder\plugins\mcufinder//mcu/cs/
2024-04-23 22:08:36,657 [INFO] ApplicationProperties:184 - Using Application install path: C:\ST\STM32CubeIDE_1.8.0\STM32CubeIDE\plugins\com.st.stm32cube.common.mx_6.11.0.202403141607
2024-04-23 22:08:36,658 [INFO] PluginManage:196 - Search for loadable plugins [exclusion list=, ]
2024-04-23 22:08:36,659 [INFO] PluginManage:310 - Check plugin analytics
2024-04-23 22:08:36,843 [INFO] AnalyticsPlugin:253 - Accepted Software Licenses: STM32CubeMX.6.7.0
2024-04-23 22:08:36,843 [INFO] AnalyticsPlugin:255 - Accepted CMSIS Pack Licenses: 
2024-04-23 22:08:36,843 [INFO] AnalyticsPlugin:257 - Accepted Firmware Licenses: FW.G4.1.5.0
2024-04-23 22:08:36,846 [INFO] PluginManage:359 - Loaded plugin analytics (category:tool,tabindex:-1)
2024-04-23 22:08:36,846 [INFO] PluginManage:310 - Check plugin cadmodel
2024-04-23 22:08:36,864 [INFO] CADModel:105 - Init CAD model plugin
2024-04-23 22:08:36,864 [INFO] PluginManage:359 - Loaded plugin cadmodel (category:power,tabindex:5)
2024-04-23 22:08:36,864 [INFO] PluginManage:310 - Check plugin clock
2024-04-23 22:08:36,883 [INFO] PluginManage:359 - Loaded plugin clock (category:base,tabindex:2)
2024-04-23 22:08:36,883 [INFO] PluginManage:310 - Check plugin ddr
2024-04-23 22:08:36,887 [INFO] PluginManage:359 - Loaded plugin ddr (category:tool,tabindex:6)
2024-04-23 22:08:36,887 [INFO] PluginManage:310 - Check plugin filemanager
2024-04-23 22:08:37,033 [INFO] PluginManage:359 - Loaded plugin filemanager (category:base,tabindex:10)
2024-04-23 22:08:37,033 [INFO] PluginManage:310 - Check plugin ipmanager
2024-04-23 22:08:37,043 [INFO] PluginManage:359 - Loaded plugin ipmanager (category:base,tabindex:5)
2024-04-23 22:08:37,043 [INFO] PluginManage:310 - Check plugin lpbam
2024-04-23 22:08:37,058 [INFO] PluginManage:359 - Loaded plugin lpbam (category:base,tabindex:0)
2024-04-23 22:08:37,058 [INFO] PluginManage:310 - Check plugin memorymap
2024-04-23 22:08:37,078 [INFO] PluginManage:359 - Loaded plugin memorymap (category:base,tabindex:4)
2024-04-23 22:08:37,079 [INFO] PluginManage:310 - Check plugin pinoutandconfiguration
2024-04-23 22:08:37,094 [INFO] PluginManage:359 - Loaded plugin pinoutandconfiguration (category:base,tabindex:1)
2024-04-23 22:08:37,094 [INFO] PluginManage:310 - Check plugin pinoutconfig
2024-04-23 22:08:37,176 [WARN] SupportedApi:132 - Cannot load RTOS API schema: s4s-elt-must-match.1: The content of 'definitions' must match (annotation?, (simpleType | complexType)?, (unique | key | keyref)*)). A problem was found starting at: attribute.
2024-04-23 22:08:37,291 [INFO] PluginManage:359 - Loaded plugin pinoutconfig (category:base,tabindex:0)
2024-04-23 22:08:37,291 [INFO] PluginManage:310 - Check plugin power
2024-04-23 22:08:37,312 [INFO] PluginManage:359 - Loaded plugin power (category:power,tabindex:4)
2024-04-23 22:08:37,312 [INFO] PluginManage:310 - Check plugin projectmanager
2024-04-23 22:08:37,326 [INFO] PluginManage:359 - Loaded plugin projectmanager (category:projectmanager,tabindex:3)
2024-04-23 22:08:37,326 [INFO] PluginManage:310 - Check plugin thirdparty
2024-04-23 22:08:37,594 [INFO] PluginManage:359 - Loaded plugin thirdparty (category:base,tabindex:-1)
2024-04-23 22:08:37,594 [WARN] IntegrityCheckThread:84 - waiting for thirdparty lock release [integrity check]
2024-04-23 22:08:37,594 [INFO] PluginManage:310 - Check plugin tools
2024-04-23 22:08:37,594 [INFO] IntegrityCheckThread:86 - entering critical section [integrity check]
2024-04-23 22:08:37,594 [INFO] ThirdPartyUpdaterWithRetryManager:70 - Updater plugin not ready yet. [1/15]
2024-04-23 22:08:37,628 [INFO] PluginManage:359 - Loaded plugin tools (category:base,tabindex:7)
2024-04-23 22:08:37,628 [INFO] PluginManage:310 - Check plugin tutovideos
2024-04-23 22:08:37,817 [INFO] PluginManage:359 - Loaded plugin tutovideos (category:base,tabindex:-1)
2024-04-23 22:08:37,817 [INFO] PluginManage:310 - Check plugin updater
2024-04-23 22:08:37,829 [INFO] PluginManage:359 - Loaded plugin updater (category:base,tabindex:12)
2024-04-23 22:08:37,829 [INFO] PluginManage:310 - Check plugin userauth
2024-04-23 22:08:37,835 [INFO] UserAuth:114 - Init User Auth plugin
2024-04-23 22:08:37,835 [INFO] PluginManage:359 - Loaded plugin userauth (category:base,tabindex:14)
2024-04-23 22:08:37,836 [INFO] PluginManage:283 - PluginManage : Loaded plugins [17]
2024-04-23 22:08:38,081 [INFO] PinOutPanel:1561 - setPackage(No Configuration,No Configuration)
2024-04-23 22:08:38,174 [INFO] CADModel:165 - CPN selected for project level
2024-04-23 22:08:38,174 [INFO] CADModel:114 - Register for checkConnection events
2024-04-23 22:08:38,206 [INFO] IPUIPlugin:80 - create IPUIPlugin
2024-04-23 22:08:38,206 [INFO] PluginManager:220 - loadIPPluginJar : add adc
2024-04-23 22:08:38,247 [INFO] IPUIPlugin:80 - create IPUIPlugin
2024-04-23 22:08:38,247 [INFO] PluginManager:220 - loadIPPluginJar : add aes
2024-04-23 22:08:38,291 [INFO] IPUIPlugin:80 - create IPUIPlugin
2024-04-23 22:08:38,291 [INFO] PluginManager:220 - loadIPPluginJar : add can
2024-04-23 22:08:38,313 [INFO] IPUIPlugin:80 - create IPUIPlugin
2024-04-23 22:08:38,313 [INFO] PluginManager:220 - loadIPPluginJar : add comp
2024-04-23 22:08:38,349 [INFO] IPUIPlugin:80 - create IPUIPlugin
2024-04-23 22:08:38,350 [INFO] PluginManager:220 - loadIPPluginJar : add cryp
2024-04-23 22:08:38,379 [INFO] IPUIPlugin:80 - create IPUIPlugin
2024-04-23 22:08:38,379 [INFO] PluginManager:220 - loadIPPluginJar : add dfsdm
2024-04-23 22:08:38,392 [INFO] IPUIPlugin:80 - create IPUIPlugin
2024-04-23 22:08:38,392 [INFO] PluginManager:220 - loadIPPluginJar : add dma
2024-04-23 22:08:38,434 [INFO] IPUIPlugin:80 - create IPUIPlugin
2024-04-23 22:08:38,434 [INFO] PluginManager:220 - loadIPPluginJar : add dma3
2024-04-23 22:08:38,484 [INFO] IPUIPlugin:80 - create IPUIPlugin
2024-04-23 22:08:38,484 [INFO] PluginManager:220 - loadIPPluginJar : add extmemmanager
2024-04-23 22:08:38,502 [INFO] IPUIPlugin:80 - create IPUIPlugin
2024-04-23 22:08:38,502 [INFO] PluginManager:220 - loadIPPluginJar : add fatfs
2024-04-23 22:08:38,546 [INFO] IPUIPlugin:80 - create IPUIPlugin
2024-04-23 22:08:38,546 [INFO] PluginManager:220 - loadIPPluginJar : add fmc
2024-04-23 22:08:38,560 [INFO] IPUIPlugin:80 - create IPUIPlugin
2024-04-23 22:08:38,560 [INFO] PluginManager:220 - loadIPPluginJar : add freertos
2024-04-23 22:08:38,580 [INFO] IPUIPlugin:80 - create IPUIPlugin
2024-04-23 22:08:38,580 [INFO] PluginManager:220 - loadIPPluginJar : add genericplugin
2024-04-23 22:08:38,680 [INFO] IPUIPlugin:80 - create IPUIPlugin
2024-04-23 22:08:38,681 [INFO] PluginManager:220 - loadIPPluginJar : add gfxmmu
2024-04-23 22:08:38,823 [INFO] IPUIPlugin:80 - create IPUIPlugin
2024-04-23 22:08:38,823 [INFO] PluginManager:220 - loadIPPluginJar : add gic
2024-04-23 22:08:38,836 [INFO] IPUIPlugin:80 - create IPUIPlugin
2024-04-23 22:08:38,836 [INFO] PluginManager:220 - loadIPPluginJar : add gpio
2024-04-23 22:08:38,930 [INFO] IPUIPlugin:80 - create IPUIPlugin
2024-04-23 22:08:38,930 [INFO] PluginManager:220 - loadIPPluginJar : add gtzc
2024-04-23 22:08:38,961 [INFO] IPUIPlugin:80 - create IPUIPlugin
2024-04-23 22:08:38,962 [INFO] PluginManager:220 - loadIPPluginJar : add hash
2024-04-23 22:08:39,014 [INFO] IPUIPlugin:80 - create IPUIPlugin
2024-04-23 22:08:39,014 [INFO] PluginManager:220 - loadIPPluginJar : add i2c
2024-04-23 22:08:39,056 [INFO] IPUIPlugin:80 - create IPUIPlugin
2024-04-23 22:08:39,056 [INFO] PluginManager:220 - loadIPPluginJar : add i2s
2024-04-23 22:08:39,098 [INFO] IPUIPlugin:80 - create IPUIPlugin
2024-04-23 22:08:39,098 [INFO] PluginManager:220 - loadIPPluginJar : add i3c
2024-04-23 22:08:39,195 [INFO] IPUIPlugin:80 - create IPUIPlugin
2024-04-23 22:08:39,195 [INFO] PluginManager:220 - loadIPPluginJar : add ipddr
2024-04-23 22:08:39,295 [INFO] IPUIPlugin:80 - create IPUIPlugin
2024-04-23 22:08:39,295 [INFO] PluginManager:220 - loadIPPluginJar : add linkedlist
2024-04-23 22:08:39,332 [INFO] IPUIPlugin:80 - create IPUIPlugin
2024-04-23 22:08:39,332 [INFO] PluginManager:220 - loadIPPluginJar : add lorawan
2024-04-23 22:08:39,370 [INFO] IPUIPlugin:80 - create IPUIPlugin
2024-04-23 22:08:39,370 [INFO] PluginManager:220 - loadIPPluginJar : add ltdc
2024-04-23 22:08:39,388 [INFO] IPUIPlugin:80 - create IPUIPlugin
2024-04-23 22:08:39,388 [INFO] PluginManager:220 - loadIPPluginJar : add mdma
2024-04-23 22:08:39,406 [INFO] IPUIPlugin:80 - create IPUIPlugin
2024-04-23 22:08:39,406 [INFO] PluginManager:220 - loadIPPluginJar : add nvic
2024-04-23 22:08:39,461 [INFO] IPUIPlugin:80 - create IPUIPlugin
2024-04-23 22:08:39,461 [INFO] PluginManager:220 - loadIPPluginJar : add opamp
2024-04-23 22:08:39,534 [INFO] IPUIPlugin:80 - create IPUIPlugin
2024-04-23 22:08:39,535 [INFO] PluginManager:220 - loadIPPluginJar : add openamp
2024-04-23 22:08:39,582 [INFO] IPUIPlugin:80 - create IPUIPlugin
2024-04-23 22:08:39,582 [INFO] PluginManager:220 - loadIPPluginJar : add pdm2pcm
2024-04-23 22:08:39,595 [INFO] IPUIPlugin:80 - create IPUIPlugin
2024-04-23 22:08:39,597 [INFO] PluginManager:220 - loadIPPluginJar : add plateformsettings
2024-04-23 22:08:39,619 [INFO] IPUIPlugin:80 - create IPUIPlugin
2024-04-23 22:08:39,619 [INFO] PluginManager:220 - loadIPPluginJar : add quadspi
2024-04-23 22:08:39,631 [INFO] IPUIPlugin:80 - create IPUIPlugin
2024-04-23 22:08:39,631 [INFO] PluginManager:220 - loadIPPluginJar : add resmgrutility
2024-04-23 22:08:39,675 [INFO] IPUIPlugin:80 - create IPUIPlugin
2024-04-23 22:08:39,675 [INFO] PluginManager:220 - loadIPPluginJar : add sai
2024-04-23 22:08:39,709 [INFO] IPUIPlugin:80 - create IPUIPlugin
2024-04-23 22:08:39,710 [INFO] PluginManager:220 - loadIPPluginJar : add spi
2024-04-23 22:08:39,776 [INFO] IPUIPlugin:80 - create IPUIPlugin
2024-04-23 22:08:39,776 [INFO] PluginManager:220 - loadIPPluginJar : add stm32_wpan
2024-04-23 22:08:39,797 [INFO] IPUIPlugin:80 - create IPUIPlugin
2024-04-23 22:08:39,797 [INFO] PluginManager:220 - loadIPPluginJar : add tim
2024-04-23 22:08:39,859 [INFO] IPUIPlugin:80 - create IPUIPlugin
2024-04-23 22:08:39,859 [INFO] PluginManager:220 - loadIPPluginJar : add touchsensing
2024-04-23 22:08:39,879 [INFO] IPUIPlugin:80 - create IPUIPlugin
2024-04-23 22:08:39,879 [INFO] PluginManager:220 - loadIPPluginJar : add tracer_emb
2024-04-23 22:08:39,900 [INFO] IPUIPlugin:80 - create IPUIPlugin
2024-04-23 22:08:39,900 [INFO] PluginManager:220 - loadIPPluginJar : add ts
2024-04-23 22:08:39,919 [INFO] IPUIPlugin:80 - create IPUIPlugin
2024-04-23 22:08:39,920 [INFO] PluginManager:220 - loadIPPluginJar : add tsc
2024-04-23 22:08:39,942 [INFO] IPUIPlugin:80 - create IPUIPlugin
2024-04-23 22:08:39,942 [INFO] PluginManager:220 - loadIPPluginJar : add ucpd
2024-04-23 22:08:39,985 [INFO] IPUIPlugin:80 - create IPUIPlugin
2024-04-23 22:08:39,985 [INFO] PluginManager:220 - loadIPPluginJar : add usart
2024-04-23 22:08:40,029 [INFO] IPUIPlugin:80 - create IPUIPlugin
2024-04-23 22:08:40,029 [INFO] PluginManager:220 - loadIPPluginJar : add usbx
2024-04-23 22:08:40,157 [INFO] CADModel:165 - CPN selected for project level
2024-04-23 22:08:40,157 [INFO] CADModel:114 - Register for checkConnection events
2024-04-23 22:08:40,157 [FATAL] Updater:308 - Updater called before beeing initialized
2024-04-23 22:08:40,157 [ERROR] CADModel:125 - Updater not yet initialized, retry later 
2024-04-23 22:08:40,286 [INFO] CADModel:165 - CPN selected for project level
2024-04-23 22:08:40,286 [INFO] CADModel:114 - Register for checkConnection events
2024-04-23 22:08:40,286 [FATAL] Updater:308 - Updater called before beeing initialized
2024-04-23 22:08:40,286 [ERROR] CADModel:125 - Updater not yet initialized, retry later 
2024-04-23 22:08:40,289 [FATAL] Updater:308 - Updater called before beeing initialized
2024-04-23 22:08:40,394 [FATAL] Updater:308 - Updater called before beeing initialized
2024-04-23 22:08:40,403 [INFO] DbMcusAds:53 - JSON generation date=Wed Nov 29 13:52:27 MSK 2023 (1701255147349)
2024-04-23 22:08:40,403 [FATAL] Updater:308 - Updater called before beeing initialized
2024-04-23 22:08:40,476 [WARN] DetailPanel:346 - Failed to get advertising image, set to default
2024-04-23 22:08:40,558 [FATAL] Updater:308 - Updater called before beeing initialized
2024-04-23 22:08:40,560 [FATAL] Updater:308 - Updater called before beeing initialized
2024-04-23 22:08:40,561 [FATAL] Updater:308 - Updater called before beeing initialized
2024-04-23 22:08:40,561 [WARN] DetailPanel:346 - Failed to get advertising image, set to default
2024-04-23 22:08:40,561 [FATAL] Updater:308 - Updater called before beeing initialized
2024-04-23 22:08:40,596 [INFO] ThirdPartyUpdaterWithRetryManager:70 - Updater plugin not ready yet. [2/15]
2024-04-23 22:08:40,627 [ERROR] Updater:1120 - MainUpdater not yet initialized. External WinMGr cannot be set.
2024-04-23 22:08:40,636 [INFO] Updater:1056 - Updater Version found : 6.11.0
2024-04-23 22:08:40,655 [INFO] ApplicationProperties:184 - Using Application install path: C:\ST\STM32CubeIDE_1.8.0\STM32CubeIDE\plugins\com.st.stm32cube.common.mx_6.11.0.202403141607
2024-04-23 22:08:41,072 [ERROR] CheckConnectionManager:249 - Problem, Http access forbiden
2024-04-23 22:08:41,076 [INFO] MainUpdater:2873 - connection check result : 22
2024-04-23 22:08:41,077 [INFO] MainUpdater:290 - Updater Check For Update Now.
2024-04-23 22:08:41,077 [INFO] MicroXplorer:498 - Change Database Version : DB.6.0.110
2024-04-23 22:08:41,095 [INFO] McuFinderGlobals:63 - Set McuFinder mode to 2 (CubeIDE integrated)
2024-04-23 22:08:41,109 [INFO] UserAuth:415 - Internet connection configuration mode: 2
2024-04-23 22:08:41,326 [INFO] CheckServerUpdateThread:120 - End of CheckServer Thread
2024-04-23 22:08:43,364 [INFO] McuFinderGlobals:63 - Set McuFinder mode to 2 (CubeIDE integrated)
2024-04-23 22:08:43,445 [ERROR] CheckConnectionManager:249 - Problem, Http access forbiden
2024-04-23 22:08:43,447 [INFO] MainUpdater:2873 - connection check result : 22
2024-04-23 22:08:43,818 [WARN] PackLoader:240 - Cannot read IP mode file for STMicroelectronics.X-CUBE-SMBUS.2.1.0
2024-04-23 22:08:43,833 [WARN] PackLoader:240 - Cannot read IP mode file for STMicroelectronics.X-CUBE-TOUCHGFX.4.23.2
2024-04-23 22:08:43,891 [WARN] PackLoader:240 - Cannot read IP mode file for STMicroelectronics.X-CUBE-AZRTOS-F7.1.1.0
2024-04-23 22:08:43,914 [WARN] PackLoader:240 - Cannot read IP mode file for STMicroelectronics.FP-SNS-FLIGHT1.5.0.2
2024-04-23 22:08:43,939 [WARN] PackLoader:240 - Cannot read IP mode file for STMicroelectronics.X-CUBE-DISPLAY.3.0.0
2024-04-23 22:08:43,963 [WARN] PackLoader:240 - Cannot read IP mode file for STMicroelectronics.X-CUBE-BLE1.7.0.0
2024-04-23 22:08:43,980 [WARN] PackLoader:240 - Cannot read IP mode file for emotas.I-CUBE-CANOPEN.1.3.0
2024-04-23 22:08:44,012 [WARN] PackLoader:240 - Cannot read IP mode file for STMicroelectronics.X-CUBE-BLEMGR.3.1.0
2024-04-23 22:08:44,032 [WARN] PackLoader:240 - Cannot read IP mode file for STMicroelectronics.FP-SNS-SMARTAG2.1.2.0
2024-04-23 22:08:44,059 [INFO] LogOutputStream:77 - [STDOUT_REDIRECT] 1 : Invalid condition id : UX_CORESTACK_Condition cause : null
2024-04-23 22:08:44,060 [INFO] LogOutputStream:77 - [STDOUT_REDIRECT] 1 : Invalid condition id : UX_CORESTACK_Condition cause : null
2024-04-23 22:08:44,062 [INFO] LogOutputStream:77 - [STDOUT_REDIRECT] 1 : Invalid condition id : UX_CORESTACK_Condition cause : null
2024-04-23 22:08:44,063 [INFO] LogOutputStream:77 - [STDOUT_REDIRECT] 1 : Invalid condition id : UX_CORESTACK_Condition cause : null
2024-04-23 22:08:44,065 [INFO] LogOutputStream:77 - [STDOUT_REDIRECT] 1 : Invalid condition id : UX_CORESTACK_Condition cause : null
2024-04-23 22:08:44,070 [WARN] PackLoader:240 - Cannot read IP mode file for STMicroelectronics.X-CUBE-AZRTOS-WL.2.0.0
2024-04-23 22:08:44,088 [WARN] PackLoader:240 - Cannot read IP mode file for STMicroelectronics.FP-SNS-MOTENV1.5.0.0
2024-04-23 22:08:44,106 [WARN] PackLoader:240 - Cannot read IP mode file for WES.I-CUBE-Cesium.1.3.0
2024-04-23 22:08:44,121 [WARN] PackLoader:240 - Cannot read IP mode file for STMicroelectronics.X-CUBE-BLE2.3.3.0
2024-04-23 22:08:44,135 [WARN] PackLoader:240 - Cannot read IP mode file for STMicroelectronics.X-CUBE-TCPP.4.1.0
2024-04-23 22:08:44,154 [WARN] PackLoader:240 - Cannot read IP mode file for STMicroelectronics.X-CUBE-ALGOBUILD.1.3.0
2024-04-23 22:08:44,180 [WARN] PackLoader:240 - Cannot read IP mode file for STMicroelectronics.X-CUBE-AZRTOS-G0.1.1.0
2024-04-23 22:08:44,202 [WARN] PackLoader:240 - Cannot read IP mode file for STMicroelectronics.X-CUBE-SAFEA1.1.2.2
2024-04-23 22:08:44,216 [WARN] PackLoader:240 - Cannot read IP mode file for STMicroelectronics.X-CUBE-NFC4.3.0.0
2024-04-23 22:08:44,234 [WARN] PackLoader:240 - Cannot read IP mode file for wolfSSL.I-CUBE-wolfSSL.5.7.0
2024-04-23 22:08:44,247 [WARN] PackLoader:240 - Cannot read IP mode file for STMicroelectronics.FP-ATR-SIGFOX1.3.2.0
2024-04-23 22:08:44,265 [WARN] PackLoader:240 - Cannot read IP mode file for STMicroelectronics.X-CUBE-EEPRMA1.5.1.0
2024-04-23 22:08:44,285 [WARN] PackLoader:240 - Cannot read IP mode file for ITTIA_DB.I-CUBE-ITTIADB.8.9.0
2024-04-23 22:08:44,325 [WARN] PackLoader:240 - Cannot read IP mode file for SEGGER.I-CUBE-embOS.1.3.1
2024-04-23 22:08:44,387 [WARN] PackLoader:240 - Cannot read IP mode file for STMicroelectronics.X-CUBE-GNSS1.6.0.0
2024-04-23 22:08:44,426 [WARN] PackLoader:240 - Cannot read IP mode file for STMicroelectronics.X-CUBE-AZRTOS-F4.1.1.0
2024-04-23 22:08:44,499 [WARN] PackLoader:240 - Cannot read IP mode file for STMicroelectronics.X-CUBE-AZRTOS-L5.2.0.0
2024-04-23 22:08:44,520 [WARN] PackLoader:240 - Cannot read IP mode file for STMicroelectronics.X-CUBE-NFC6.3.1.0
2024-04-23 22:08:44,541 [WARN] PackLoader:240 - Cannot read IP mode file for STMicroelectronics.X-CUBE-NFC7.1.0.1
2024-04-23 22:08:44,557 [WARN] PackLoader:240 - Cannot read IP mode file for STMicroelectronics.X-CUBE-AI.8.1.0
2024-04-23 22:08:44,590 [WARN] ConditionMgr:438 - getConditionDescription Invalid condition id : LAN8742 Phy interface Condition cause : null
2024-04-23 22:08:44,590 [WARN] PackLoader:240 - Cannot read IP mode file for STMicroelectronics.X-CUBE-AZRTOS-L4.2.0.0
2024-04-23 22:08:44,592 [WARN] ConditionMgr:1039 - genDependencies : Invalid condition id : LAN8742 Phy interface Condition cause : null
2024-04-23 22:08:44,592 [WARN] ConditionMgr:1039 - genDependencies : Invalid condition id : LAN8742 Phy interface Condition cause : null
2024-04-23 22:08:44,593 [WARN] ConditionMgr:1039 - genDependencies : Invalid condition id : LAN8742 Phy interface Condition cause : null
2024-04-23 22:08:44,611 [WARN] PackLoader:240 - Cannot read IP mode file for STMicroelectronics.X-CUBE-SFXS2LP1.4.0.0
2024-04-23 22:08:44,639 [WARN] ConditionMgr:438 - getConditionDescription Invalid condition id : UX DEVICE CLASS RTOS Condition cause : null
2024-04-23 22:08:44,640 [WARN] ConditionMgr:438 - getConditionDescription Invalid condition id : UX DEVICE CLASS RTOS Condition cause : null
2024-04-23 22:08:44,641 [WARN] PackLoader:240 - Cannot read IP mode file for STMicroelectronics.X-CUBE-AZRTOS-WB.2.0.0
2024-04-23 22:08:44,641 [WARN] ConditionMgr:1039 - genDependencies : Invalid condition id : UX DEVICE CLASS RTOS Condition cause : null
2024-04-23 22:08:44,641 [WARN] ConditionMgr:1039 - genDependencies : Invalid condition id : UX DEVICE CLASS RTOS Condition cause : null
2024-04-23 22:08:44,642 [WARN] ConditionMgr:1039 - genDependencies : Invalid condition id : UX DEVICE CLASS RTOS Condition cause : null
2024-04-23 22:08:44,642 [WARN] ConditionMgr:1039 - genDependencies : Invalid condition id : UX DEVICE CLASS RTOS Condition cause : null
2024-04-23 22:08:44,642 [WARN] ConditionMgr:1039 - genDependencies : Invalid condition id : UX DEVICE CLASS RTOS Condition cause : null
2024-04-23 22:08:44,665 [WARN] PackLoader:240 - Cannot read IP mode file for STMicroelectronics.X-CUBE-SUBG2.5.0.0
2024-04-23 22:08:44,697 [WARN] PackLoader:240 - Cannot read IP mode file for STMicroelectronics.X-CUBE-AZRTOS-G4.2.0.0
2024-04-23 22:08:44,715 [WARN] PackLoader:240 - Cannot read IP mode file for STMicroelectronics.FP-SNS-MOTENVWB1.1.3.1
2024-04-23 22:08:44,727 [WARN] PackLoader:240 - Cannot read IP mode file for STMicroelectronics.X-CUBE-ISPU.2.0.0
2024-04-23 22:08:44,787 [WARN] PackLoader:240 - Cannot read IP mode file for STMicroelectronics.X-CUBE-MEMS1.10.0.0
2024-04-23 22:08:44,910 [WARN] PackLoader:240 - Cannot read IP mode file for STMicroelectronics.X-CUBE-FREERTOS.1.1.0
2024-04-23 22:08:44,929 [WARN] PackLoader:240 - Cannot read IP mode file for portGmbH.I-Cube-SoM-uGOAL.1.1.0
2024-04-23 22:08:44,945 [WARN] PackLoader:240 - Cannot read IP mode file for STMicroelectronics.X-CUBE-ALS.1.0.1
2024-04-23 22:08:44,961 [WARN] PackLoader:240 - Cannot read IP mode file for STMicroelectronics.FP-ATR-ASTRA1.2.0.0
2024-04-23 22:08:44,989 [WARN] PackLoader:240 - Cannot read IP mode file for STMicroelectronics.X-CUBE-TOF1.3.4.1
2024-04-23 22:08:45,039 [WARN] PackLoader:240 - Cannot read IP mode file for STMicroelectronics.X-CUBE-AZRTOS-H7.3.2.0
2024-04-23 22:08:45,073 [WARN] PackLoader:240 - Cannot read IP mode file for Infineon.AIROC-Wi-Fi-Bluetooth-STM32.1.6.0
2024-04-23 22:08:45,078 [INFO] ThirdParty:978 - Integrity check success = true
2024-04-23 22:08:45,079 [INFO] IntegrityCheckThread:100 - exiting critical section [integrity check]
2024-04-23 22:08:45,079 [INFO] IntegrityCheckThread:103 - End integrity checks thread
2024-04-23 22:08:46,527 [INFO] ApiDb:581 - Connected to CubeFinder SQLite database (C:\Users\aordu\.stmcufinder\plugins\mcufinder\mcu\cube-finder-db.db)
2024-04-23 22:08:46,612 [INFO] ApiDb:668 - CubeFinder database Data Model version=2.1
2024-04-23 22:08:46,612 [INFO] ApiDb:669 - CubeFinder database Configuration version=3.0.39
2024-04-23 22:08:46,612 [INFO] ApiDb:670 - CubeFinder database generation date=2024-03-25 (1711369621)
2024-04-23 22:08:46,612 [INFO] ApiDb:671 - CubeFinder database FW Pack versions=[FP-ATR-ASTRA1_V2.0.0, FP-SNS-FLIGHT1_V5.0.1, FP-SNS-FLIGHT1_V5.0.2, FP-SNS-MOTENV1_V4.3.1, FP-SNS-MOTENV1_V4.3.2, FP-SNS-MOTENVWB1_V1.3.1, FP-SNS-SMARTAG2_V1.2.0, STM32Cube_FW_C0_V1.1.0, STM32Cube_FW_F4_V1.28.0, STM32Cube_FW_F7_V1.17.0, STM32Cube_FW_G0_V1.6.2, STM32Cube_FW_G4_V1.5.2, STM32Cube_FW_H5_V0.5.1, STM32Cube_FW_H5_V1.1.1, STM32Cube_FW_H5_V1.2.0, STM32Cube_FW_H5_V1.2.0RC4, STM32Cube_FW_H7RS_V1.0.0, STM32Cube_FW_H7RS_V1.0.0RC4, STM32Cube_FW_H7_V1.11.0, STM32Cube_FW_L0_V1.12.2, STM32Cube_FW_L5_V1.5.1, STM32Cube_FW_U0_V1.0.0, STM32Cube_FW_U0_V1.0.0RC1, STM32Cube_FW_U5_V1.3.0RC4, STM32Cube_FW_U5_V1.5.0, STM32Cube_FW_U5_V1.5.0RC1, STM32Cube_FW_WBA_V1.0.0RC1, STM32Cube_FW_WBA_V1.2.0, STM32Cube_FW_WBA_V1.2.0RC2, STM32Cube_FW_WBA_V1.3.0, STM32Cube_FW_WBA_V1.3.0RC1, STM32Cube_FW_WB_V1.15.0RC1, STM32Cube_FW_WB_V1.16.0, STM32Cube_FW_WB_V1.16.0RC2, STM32Cube_FW_WB_V1.18.0, STM32Cube_FW_WB_V1.19.0, STM32Cube_FW_WL_V1.3.0, X-CUBE-ALGOBUILD_V1.3.0, X-CUBE-ALS_V1.0.1, X-CUBE-AZRTOS-F4_V1.1.0, X-CUBE-AZRTOS-F7_V1.1.0, X-CUBE-AZRTOS-G0_V1.1.0, X-CUBE-AZRTOS-G4_V2.0.0, X-CUBE-AZRTOS-H7_V3.2.0, X-CUBE-AZRTOS-L4_V1.0.0, X-CUBE-AZRTOS-L4_V2.0.0, X-CUBE-AZRTOS-L5_V1.1.0, X-CUBE-AZRTOS-WB_V2.0.0, X-CUBE-AZRTOS-WL_V2.0.0, X-CUBE-BLE1_V7.0.0, X-CUBE-BLE2_V3.3.0, X-CUBE-BLEMGR_V3.1.0, X-CUBE-EEPRMA1_V4.1.0, X-CUBE-EEPRMA1_V5.1.0, X-CUBE-FREERTOS_V1.1.0, X-CUBE-GNSS1_V6.0.0, X-CUBE-MEMS1_V10.0.0, X-CUBE-MEMS1_V9.1.0, X-CUBE-MEMS1_V9.4.0, X-CUBE-MEMS1_V9.6.0, X-CUBE-NFC4_V3.0.0, X-CUBE-NFC7_V1.0.1, X-CUBE-SFXS2LP1_V4.0.0, X-CUBE-SUBG2_V5.0.0, X-CUBE-TOF1_V3.4.0]
2024-04-23 22:08:46,730 [INFO] DbBoardsSqlite:226 - include board P-NUCLEO-WB55-NUCLEO as a kit item of type 'Nucleo-64'
2024-04-23 22:08:46,730 [INFO] DbBoardsSqlite:226 - include board P-NUCLEO-WB55-USBDONGLE as a kit item of type 'Nucleo USB Dongle'
2024-04-23 22:08:46,731 [INFO] DbBoardsSqlite:226 - include board STEVAL-IDP005V1 as a kit item of type 'Evaluation Board'
2024-04-23 22:08:46,731 [INFO] DbBoardsSqlite:226 - include board STEVAL-IDP005V2 as a kit item of type 'Evaluation Board'
2024-04-23 22:08:47,043 [INFO] ApiDb:240 - Found 483 in-development CPN: [B-G473E-ZEST1S, B-WB1M-WPAN1, B-WL5M-SUBG1, NUCLEO-C031C6, NUCLEO-H503RB, NUCLEO-H533RE, NUCLEO-H563ZI, NUCLEO-H7S3L8, NUCLEO-U031R8, NUCLEO-U083RC, NUCLEO-U545RE-Q, NUCLEO-U5A5ZJ-Q, NUCLEO-WBA52CG, NUCLEO-WBA55CG, STEVAL-PROTEUS1, STEVAL-SMARTAG2, STEVAL-STWINBX1, STM320518-EVAL, STM32C0116-DK, STM32C011D6Y3TR, STM32C011D6Y6TR, STM32C011F4P3, STM32C011F4P6, STM32C011F4U3, STM32C011F4U6TR, STM32C011F6P3, STM32C011F6P6, STM32C011F6U3, STM32C011F6U6TR, STM32C011J4M3, STM32C011J4M6, STM32C011J6M3, STM32C011J6M6, STM32C0316-DK, STM32C031C4T3, STM32C031C4T6, STM32C031C4U3, STM32C031C4U6, STM32C031C6T3, STM32C031C6T6, STM32C031C6U3, STM32C031C6U6, STM32C031F4P3, STM32C031F4P6, STM32C031F6P3, STM32C031F6P6, STM32C031G4U3, STM32C031G4U6, STM32C031G6U3, STM32C031G6U6, STM32C031K4T3, STM32C031K4T6, STM32C031K4U3, STM32C031K4U6, STM32C031K6T3, STM32C031K6T6, STM32C031K6U3, STM32C031K6U6, STM32G071K8TXN, STM32G071K8UXN, STM32G081GBU6N, STM32G081KBT6N, STM32G081KBUXN, STM32G0B1CCT6N, STM32G0B1KCT6, STM32G0B1NEY6TR, STM32G0B1RCT6N, STM32G0C1CCT6, STM32G0C1CCT6N, STM32G0C1CCU6N, STM32G0C1CET6N, STM32G0C1CEU6N, STM32G0C1KCT6, STM32G0C1NEY6TR, STM32G0C1RCI6N, STM32G0C1RCT6N, STM32G0C1REI6N, STM32G0C1RET6N, STM32G0C1VCI6, STM32G0C1VEI6, STM32G471CCT6, STM32G471CCU6, STM32G471CET3, STM32G471CET6, STM32G471CEU3, STM32G471CEU6, STM32G471MCT6, STM32G471MET3, STM32G471MET6, STM32G471MEY6TR, STM32G471QCT6, STM32G471QET3, STM32G471RCT6, STM32G471RET3, STM32G471RET6, STM32G471VCH6, STM32G471VCI6, STM32G471VCT6, STM32G471VEH3, STM32G471VEH6, STM32G471VEI3, STM32G471VEI6, STM32G471VET3, STM32G471VET6, STM32G474CCT6, STM32H503CBT6, STM32H503CBU6, STM32H503EBY6TR, STM32H503KBU6, STM32H503RBT6, STM32H523CCT6, STM32H523CCU6, STM32H523CET6, STM32H523CEU6, STM32H523HEY6TR, STM32H523RCT6, STM32H523RET6, STM32H523VCI6, STM32H523VCT6, STM32H523VEI6, STM32H523VET6, STM32H523ZCJ6, STM32H523ZCT6, STM32H523ZEJ6, STM32H523ZET6, STM32H533CET6, STM32H533CEU6, STM32H533HEY6TR, STM32H533RET6, STM32H533VEI6, STM32H533VET6, STM32H533ZEJ6, STM32H533ZET6, STM32H562AGI6, STM32H562AII6, STM32H562IGK6, STM32H562IGT6, STM32H562IIK6, STM32H562IIT6, STM32H562RGT6, STM32H562RGV6, STM32H562RIT6, STM32H562RIV6, STM32H562VGT6, STM32H562VIT6, STM32H562ZGT6, STM32H562ZIT6, STM32H563AGI6, STM32H563AII3Q, STM32H563AII6, STM32H563IGK6, STM32H563IGT6, STM32H563IIK3Q, STM32H563IIK6, STM32H563IIT3Q, STM32H563IIT6, STM32H563MIY3QTR, STM32H563RGT6, STM32H563RGV6, STM32H563RIT6, STM32H563RIV6, STM32H563VGT6, STM32H563VIT3Q, STM32H563VIT6, STM32H563ZGT6, STM32H563ZIT3Q, STM32H563ZIT6, STM32H573AII3Q, STM32H573AII6, STM32H573I-DK, STM32H573IIK3Q, STM32H573IIK6, STM32H573IIT3Q, STM32H573IIT6, STM32H573MIY3QTR, STM32H573RIT6, STM32H573RIV6, STM32H573VIT3Q, STM32H573VIT6, STM32H573ZIT3Q, STM32H573ZIT6, STM32H7R3A8I6, STM32H7R3I8K6, STM32H7R3I8T6, STM32H7R3L8H6, STM32H7R3L8H6H, STM32H7R3R8V6, STM32H7R3V8H6, STM32H7R3V8T6, STM32H7R3V8Y6, STM32H7R3Z8J6, STM32H7R3Z8T6, STM32H7R7A8I6, STM32H7R7I8K6, STM32H7R7I8T6, STM32H7R7L8H6, STM32H7R7L8H6H, STM32H7R7Z8J6, STM32H7S3A8I6, STM32H7S3I8K6, STM32H7S3I8T6, STM32H7S3L8H6, STM32H7S3L8H6H, STM32H7S3R8V6, STM32H7S3V8H6, STM32H7S3V8T6, STM32H7S3V8Y6, STM32H7S3Z8J6, STM32H7S3Z8T6, STM32H7S78-DK, STM32H7S7A8I6, STM32H7S7I8K6, STM32H7S7I8T6, STM32H7S7L8H6, STM32H7S7L8H6H, STM32H7S7Z8J6, STM32L4R5QGI6STR, STM32MP131AAE3, STM32MP131AAF3, STM32MP131AAG3, STM32MP131CAE3, STM32MP131CAF3, STM32MP131CAG3, STM32MP131DAE7, STM32MP131DAF7, STM32MP131DAG7, STM32MP131FAE7, STM32MP131FAF7, STM32MP131FAG7, STM32MP133AAE3, STM32MP133AAF3, STM32MP133AAG3, STM32MP133CAE3, STM32MP133CAF3, STM32MP133CAG3, STM32MP133DAE7, STM32MP133DAF7, STM32MP133DAG7, STM32MP133FAE7, STM32MP133FAF7, STM32MP133FAG7, STM32MP135AAE3, STM32MP135AAF3, STM32MP135AAG3, STM32MP135CAE3, STM32MP135CAF3, STM32MP135CAG3, STM32MP135DAE7, STM32MP135DAF7, STM32MP135DAG7, STM32MP135F-DK, STM32MP135FAE7, STM32MP135FAF7, STM32MP135FAF7T, STM32MP135FAF7U, STM32MP135FAG7, STM32U031C6T6, STM32U031C6U6, STM32U031C8T6, STM32U031C8U6, STM32U031F4P6, STM32U031F6P6, STM32U031F8P6, STM32U031G6Y6TR, STM32U031G8Y6TR, STM32U031K4U6, STM32U031K6U6, STM32U031K8U6, STM32U031R6I6, STM32U031R6T6, STM32U031R8I6, STM32U031R8T6, STM32U073C8T6, STM32U073C8U6, STM32U073CBT6, STM32U073CBU6, STM32U073CCT6, STM32U073CCU6, STM32U073H8Y6TR, STM32U073HBY6TR, STM32U073HCY6TR, STM32U073K8U6, STM32U073KBU6, STM32U073KCU6, STM32U073M8I6, STM32U073M8T6, STM32U073MBI6, STM32U073MBT6, STM32U073MCI6, STM32U073MCT6, STM32U073R8I6, STM32U073R8T6, STM32U073RBI6, STM32U073RBT6, STM32U073RCI6, STM32U073RCT6, STM32U083C-DK, STM32U083CCT6, STM32U083CCU6, STM32U083HCY6TR, STM32U083KCU6, STM32U083MCI6, STM32U083MCT6, STM32U083RCI6, STM32U083RCT6, STM32U535CBT6, STM32U535CBT6Q, STM32U535CBU6, STM32U535CBU6Q, STM32U535CCT6, STM32U535CCT6Q, STM32U535CCU6, STM32U535CCU6Q, STM32U535CET6, STM32U535CET6Q, STM32U535CEU6, STM32U535CEU6Q, STM32U535JEY6QTR, STM32U535NCY6QTR, STM32U535NEY6QTR, STM32U535RBI6, STM32U535RBI6Q, STM32U535RBT6, STM32U535RBT6Q, STM32U535RCI6, STM32U535RCI6Q, STM32U535RCT6, STM32U535RCT6Q, STM32U535REI6, STM32U535REI6Q, STM32U535RET6, STM32U535RET6Q, STM32U535VCI6, STM32U535VCI6Q, STM32U535VCT6, STM32U535VCT6Q, STM32U535VEI6, STM32U535VEI6Q, STM32U535VET6, STM32U535VET6Q, STM32U545CET6, STM32U545CET6Q, STM32U545CEU6, STM32U545CEU6Q, STM32U545JEY6QTR, STM32U545NEY6QTR, STM32U545REI6, STM32U545REI6Q, STM32U545RET6, STM32U545RET6Q, STM32U545VEI6, STM32U545VEI6Q, STM32U545VET6, STM32U545VET6Q, STM32U595AIH6, STM32U595AIH6Q, STM32U595AJH6, STM32U595AJH6Q, STM32U595QII6, STM32U595QII6Q, STM32U595QJI6, STM32U595QJI6Q, STM32U595RIT6, STM32U595RIT6Q, STM32U595RJT6, STM32U595RJT6Q, STM32U595VIT6, STM32U595VIT6Q, STM32U595VJT6, STM32U595VJT6Q, STM32U595ZIT6, STM32U595ZIT6Q, STM32U595ZIY6QTR, STM32U595ZJT6, STM32U595ZJT6Q, STM32U595ZJY6QTR, STM32U599BJY6QTR, STM32U599NIH6Q, STM32U599NJH6Q, STM32U599VIT6Q, STM32U599VJT6, STM32U599VJT6Q, STM32U599ZIT6Q, STM32U599ZIY6QTR, STM32U599ZJT6Q, STM32U599ZJY6QTR, STM32U5A5AJH6, STM32U5A5AJH6Q, STM32U5A5QII3Q , STM32U5A5QJI6, STM32U5A5QJI6Q, STM32U5A5RJT6, STM32U5A5RJT6Q, STM32U5A5VJT6, STM32U5A5VJT6Q, STM32U5A5ZJT6, STM32U5A5ZJT6Q, STM32U5A5ZJY6QTR, STM32U5A9BJY6QTR, STM32U5A9J-DK, STM32U5A9NJH6Q, STM32U5A9VJT6Q, STM32U5A9ZJT6Q, STM32U5A9ZJY6QTR, STM32U5F7VIT6, STM32U5F7VIT6Q, STM32U5F7VJT6, STM32U5F7VJT6Q, STM32U5F9BJY6QTR, STM32U5F9NJH6Q, STM32U5F9VIT6Q, STM32U5F9VJT6Q, STM32U5F9ZIJ6QTR, STM32U5F9ZIT6Q, STM32U5F9ZJJ6QTR, STM32U5F9ZJT6Q, STM32U5G7VJT6, STM32U5G7VJT6Q, STM32U5G9BJY6QTR, STM32U5G9J-DK1, STM32U5G9J-DK2, STM32U5G9NJH6Q, STM32U5G9VJT6Q, STM32U5G9ZJJ6QTR, STM32U5G9ZJT6Q, STM32WB1MMCH6, STM32WBA50KEU6, STM32WBA50KEU6TR, STM32WBA50KGU6, STM32WBA50KGU6TR, STM32WBA52CEU6, STM32WBA52CEU6TR, STM32WBA52CEU7, STM32WBA52CEU7TR, STM32WBA52CGU6, STM32WBA52CGU6TR, STM32WBA52CGU6U, STM32WBA52CGU7, STM32WBA52CGU7TR, STM32WBA52KEU6, STM32WBA52KEU6TR, STM32WBA52KGU6, STM32WBA52KGU6TR, STM32WBA54CEU6, STM32WBA54CEU6TR, STM32WBA54CEU7, STM32WBA54CEU7TR, STM32WBA54CGU6, STM32WBA54CGU6TR, STM32WBA54CGU7, STM32WBA54CGU7TR, STM32WBA54KEU6, STM32WBA54KEU6TR, STM32WBA54KEU7, STM32WBA54KEU7TR, STM32WBA54KGU6, STM32WBA54KGU6TR, STM32WBA54KGU7, STM32WBA54KGU7TR, STM32WBA55CEU6, STM32WBA55CEU6TR, STM32WBA55CEU7, STM32WBA55CEU7TR, STM32WBA55CGU6, STM32WBA55CGU6TR, STM32WBA55CGU6U, STM32WBA55CGU7, STM32WBA55CGU7TR, STM32WBA55G-DK1, STM32WBA55HEF6, STM32WBA55HEF7, STM32WBA55HGF6, STM32WBA55HGF7, STM32WBA55UEI6, STM32WBA55UEI6TR, STM32WBA55UEI7, STM32WBA55UEI7TR, STM32WBA55UGI6, STM32WBA55UGI6TR, STM32WBA55UGI7, STM32WBA55UGI7TR, STM32WL5MOCH6, STM32WL5MOCH6TR]
2024-04-23 22:08:47,200 [INFO] BoardInfo:889 - No configuration file found for board P-NUCLEO-WB55
2024-04-23 22:08:47,200 [INFO] DbBoards:161 - Kit is not supported: P-NUCLEO-WB55
2024-04-23 22:08:47,207 [INFO] BoardInfo:889 - No configuration file found for board STEVAL-BFA001V1B
2024-04-23 22:08:47,207 [INFO] DbBoards:161 - Kit is not supported: STEVAL-BFA001V1B
2024-04-23 22:08:47,209 [INFO] BoardInfo:889 - No configuration file found for board STEVAL-BFA001V2B
2024-04-23 22:08:47,209 [INFO] DbBoards:161 - Kit is not supported: STEVAL-BFA001V2B
2024-04-23 22:08:47,384 [INFO] DbBoards:168 - Found 199 boards, 196 are supported
2024-04-23 22:08:47,384 [INFO] DbBoards:169 - Found 199 boards, 8 of them is supported for  Bsp
2024-04-23 22:08:47,388 [INFO] ApiDb:668 - CubeFinder database Data Model version=2.1
2024-04-23 22:08:47,389 [INFO] ApiDb:669 - CubeFinder database Configuration version=3.0.39
2024-04-23 22:08:47,389 [INFO] ApiDb:670 - CubeFinder database generation date=2024-03-25 (1711369621)
2024-04-23 22:08:47,389 [INFO] ApiDb:671 - CubeFinder database FW Pack versions=[FP-ATR-ASTRA1_V2.0.0, FP-SNS-FLIGHT1_V5.0.1, FP-SNS-FLIGHT1_V5.0.2, FP-SNS-MOTENV1_V4.3.1, FP-SNS-MOTENV1_V4.3.2, FP-SNS-MOTENVWB1_V1.3.1, FP-SNS-SMARTAG2_V1.2.0, STM32Cube_FW_C0_V1.1.0, STM32Cube_FW_F4_V1.28.0, STM32Cube_FW_F7_V1.17.0, STM32Cube_FW_G0_V1.6.2, STM32Cube_FW_G4_V1.5.2, STM32Cube_FW_H5_V0.5.1, STM32Cube_FW_H5_V1.1.1, STM32Cube_FW_H5_V1.2.0, STM32Cube_FW_H5_V1.2.0RC4, STM32Cube_FW_H7RS_V1.0.0, STM32Cube_FW_H7RS_V1.0.0RC4, STM32Cube_FW_H7_V1.11.0, STM32Cube_FW_L0_V1.12.2, STM32Cube_FW_L5_V1.5.1, STM32Cube_FW_U0_V1.0.0, STM32Cube_FW_U0_V1.0.0RC1, STM32Cube_FW_U5_V1.3.0RC4, STM32Cube_FW_U5_V1.5.0, STM32Cube_FW_U5_V1.5.0RC1, STM32Cube_FW_WBA_V1.0.0RC1, STM32Cube_FW_WBA_V1.2.0, STM32Cube_FW_WBA_V1.2.0RC2, STM32Cube_FW_WBA_V1.3.0, STM32Cube_FW_WBA_V1.3.0RC1, STM32Cube_FW_WB_V1.15.0RC1, STM32Cube_FW_WB_V1.16.0, STM32Cube_FW_WB_V1.16.0RC2, STM32Cube_FW_WB_V1.18.0, STM32Cube_FW_WB_V1.19.0, STM32Cube_FW_WL_V1.3.0, X-CUBE-ALGOBUILD_V1.3.0, X-CUBE-ALS_V1.0.1, X-CUBE-AZRTOS-F4_V1.1.0, X-CUBE-AZRTOS-F7_V1.1.0, X-CUBE-AZRTOS-G0_V1.1.0, X-CUBE-AZRTOS-G4_V2.0.0, X-CUBE-AZRTOS-H7_V3.2.0, X-CUBE-AZRTOS-L4_V1.0.0, X-CUBE-AZRTOS-L4_V2.0.0, X-CUBE-AZRTOS-L5_V1.1.0, X-CUBE-AZRTOS-WB_V2.0.0, X-CUBE-AZRTOS-WL_V2.0.0, X-CUBE-BLE1_V7.0.0, X-CUBE-BLE2_V3.3.0, X-CUBE-BLEMGR_V3.1.0, X-CUBE-EEPRMA1_V4.1.0, X-CUBE-EEPRMA1_V5.1.0, X-CUBE-FREERTOS_V1.1.0, X-CUBE-GNSS1_V6.0.0, X-CUBE-MEMS1_V10.0.0, X-CUBE-MEMS1_V9.1.0, X-CUBE-MEMS1_V9.4.0, X-CUBE-MEMS1_V9.6.0, X-CUBE-NFC4_V3.0.0, X-CUBE-NFC7_V1.0.1, X-CUBE-SFXS2LP1_V4.0.0, X-CUBE-SUBG2_V5.0.0, X-CUBE-TOF1_V3.4.0]
2024-04-23 22:08:49,293 [INFO] ApiDb:240 - Found 483 in-development CPN: [B-G473E-ZEST1S, B-WB1M-WPAN1, B-WL5M-SUBG1, NUCLEO-C031C6, NUCLEO-H503RB, NUCLEO-H533RE, NUCLEO-H563ZI, NUCLEO-H7S3L8, NUCLEO-U031R8, NUCLEO-U083RC, NUCLEO-U545RE-Q, NUCLEO-U5A5ZJ-Q, NUCLEO-WBA52CG, NUCLEO-WBA55CG, STEVAL-PROTEUS1, STEVAL-SMARTAG2, STEVAL-STWINBX1, STM320518-EVAL, STM32C0116-DK, STM32C011D6Y3TR, STM32C011D6Y6TR, STM32C011F4P3, STM32C011F4P6, STM32C011F4U3, STM32C011F4U6TR, STM32C011F6P3, STM32C011F6P6, STM32C011F6U3, STM32C011F6U6TR, STM32C011J4M3, STM32C011J4M6, STM32C011J6M3, STM32C011J6M6, STM32C0316-DK, STM32C031C4T3, STM32C031C4T6, STM32C031C4U3, STM32C031C4U6, STM32C031C6T3, STM32C031C6T6, STM32C031C6U3, STM32C031C6U6, STM32C031F4P3, STM32C031F4P6, STM32C031F6P3, STM32C031F6P6, STM32C031G4U3, STM32C031G4U6, STM32C031G6U3, STM32C031G6U6, STM32C031K4T3, STM32C031K4T6, STM32C031K4U3, STM32C031K4U6, STM32C031K6T3, STM32C031K6T6, STM32C031K6U3, STM32C031K6U6, STM32G071K8TXN, STM32G071K8UXN, STM32G081GBU6N, STM32G081KBT6N, STM32G081KBUXN, STM32G0B1CCT6N, STM32G0B1KCT6, STM32G0B1NEY6TR, STM32G0B1RCT6N, STM32G0C1CCT6, STM32G0C1CCT6N, STM32G0C1CCU6N, STM32G0C1CET6N, STM32G0C1CEU6N, STM32G0C1KCT6, STM32G0C1NEY6TR, STM32G0C1RCI6N, STM32G0C1RCT6N, STM32G0C1REI6N, STM32G0C1RET6N, STM32G0C1VCI6, STM32G0C1VEI6, STM32G471CCT6, STM32G471CCU6, STM32G471CET3, STM32G471CET6, STM32G471CEU3, STM32G471CEU6, STM32G471MCT6, STM32G471MET3, STM32G471MET6, STM32G471MEY6TR, STM32G471QCT6, STM32G471QET3, STM32G471RCT6, STM32G471RET3, STM32G471RET6, STM32G471VCH6, STM32G471VCI6, STM32G471VCT6, STM32G471VEH3, STM32G471VEH6, STM32G471VEI3, STM32G471VEI6, STM32G471VET3, STM32G471VET6, STM32G474CCT6, STM32H503CBT6, STM32H503CBU6, STM32H503EBY6TR, STM32H503KBU6, STM32H503RBT6, STM32H523CCT6, STM32H523CCU6, STM32H523CET6, STM32H523CEU6, STM32H523HEY6TR, STM32H523RCT6, STM32H523RET6, STM32H523VCI6, STM32H523VCT6, STM32H523VEI6, STM32H523VET6, STM32H523ZCJ6, STM32H523ZCT6, STM32H523ZEJ6, STM32H523ZET6, STM32H533CET6, STM32H533CEU6, STM32H533HEY6TR, STM32H533RET6, STM32H533VEI6, STM32H533VET6, STM32H533ZEJ6, STM32H533ZET6, STM32H562AGI6, STM32H562AII6, STM32H562IGK6, STM32H562IGT6, STM32H562IIK6, STM32H562IIT6, STM32H562RGT6, STM32H562RGV6, STM32H562RIT6, STM32H562RIV6, STM32H562VGT6, STM32H562VIT6, STM32H562ZGT6, STM32H562ZIT6, STM32H563AGI6, STM32H563AII3Q, STM32H563AII6, STM32H563IGK6, STM32H563IGT6, STM32H563IIK3Q, STM32H563IIK6, STM32H563IIT3Q, STM32H563IIT6, STM32H563MIY3QTR, STM32H563RGT6, STM32H563RGV6, STM32H563RIT6, STM32H563RIV6, STM32H563VGT6, STM32H563VIT3Q, STM32H563VIT6, STM32H563ZGT6, STM32H563ZIT3Q, STM32H563ZIT6, STM32H573AII3Q, STM32H573AII6, STM32H573I-DK, STM32H573IIK3Q, STM32H573IIK6, STM32H573IIT3Q, STM32H573IIT6, STM32H573MIY3QTR, STM32H573RIT6, STM32H573RIV6, STM32H573VIT3Q, STM32H573VIT6, STM32H573ZIT3Q, STM32H573ZIT6, STM32H7R3A8I6, STM32H7R3I8K6, STM32H7R3I8T6, STM32H7R3L8H6, STM32H7R3L8H6H, STM32H7R3R8V6, STM32H7R3V8H6, STM32H7R3V8T6, STM32H7R3V8Y6, STM32H7R3Z8J6, STM32H7R3Z8T6, STM32H7R7A8I6, STM32H7R7I8K6, STM32H7R7I8T6, STM32H7R7L8H6, STM32H7R7L8H6H, STM32H7R7Z8J6, STM32H7S3A8I6, STM32H7S3I8K6, STM32H7S3I8T6, STM32H7S3L8H6, STM32H7S3L8H6H, STM32H7S3R8V6, STM32H7S3V8H6, STM32H7S3V8T6, STM32H7S3V8Y6, STM32H7S3Z8J6, STM32H7S3Z8T6, STM32H7S78-DK, STM32H7S7A8I6, STM32H7S7I8K6, STM32H7S7I8T6, STM32H7S7L8H6, STM32H7S7L8H6H, STM32H7S7Z8J6, STM32L4R5QGI6STR, STM32MP131AAE3, STM32MP131AAF3, STM32MP131AAG3, STM32MP131CAE3, STM32MP131CAF3, STM32MP131CAG3, STM32MP131DAE7, STM32MP131DAF7, STM32MP131DAG7, STM32MP131FAE7, STM32MP131FAF7, STM32MP131FAG7, STM32MP133AAE3, STM32MP133AAF3, STM32MP133AAG3, STM32MP133CAE3, STM32MP133CAF3, STM32MP133CAG3, STM32MP133DAE7, STM32MP133DAF7, STM32MP133DAG7, STM32MP133FAE7, STM32MP133FAF7, STM32MP133FAG7, STM32MP135AAE3, STM32MP135AAF3, STM32MP135AAG3, STM32MP135CAE3, STM32MP135CAF3, STM32MP135CAG3, STM32MP135DAE7, STM32MP135DAF7, STM32MP135DAG7, STM32MP135F-DK, STM32MP135FAE7, STM32MP135FAF7, STM32MP135FAF7T, STM32MP135FAF7U, STM32MP135FAG7, STM32U031C6T6, STM32U031C6U6, STM32U031C8T6, STM32U031C8U6, STM32U031F4P6, STM32U031F6P6, STM32U031F8P6, STM32U031G6Y6TR, STM32U031G8Y6TR, STM32U031K4U6, STM32U031K6U6, STM32U031K8U6, STM32U031R6I6, STM32U031R6T6, STM32U031R8I6, STM32U031R8T6, STM32U073C8T6, STM32U073C8U6, STM32U073CBT6, STM32U073CBU6, STM32U073CCT6, STM32U073CCU6, STM32U073H8Y6TR, STM32U073HBY6TR, STM32U073HCY6TR, STM32U073K8U6, STM32U073KBU6, STM32U073KCU6, STM32U073M8I6, STM32U073M8T6, STM32U073MBI6, STM32U073MBT6, STM32U073MCI6, STM32U073MCT6, STM32U073R8I6, STM32U073R8T6, STM32U073RBI6, STM32U073RBT6, STM32U073RCI6, STM32U073RCT6, STM32U083C-DK, STM32U083CCT6, STM32U083CCU6, STM32U083HCY6TR, STM32U083KCU6, STM32U083MCI6, STM32U083MCT6, STM32U083RCI6, STM32U083RCT6, STM32U535CBT6, STM32U535CBT6Q, STM32U535CBU6, STM32U535CBU6Q, STM32U535CCT6, STM32U535CCT6Q, STM32U535CCU6, STM32U535CCU6Q, STM32U535CET6, STM32U535CET6Q, STM32U535CEU6, STM32U535CEU6Q, STM32U535JEY6QTR, STM32U535NCY6QTR, STM32U535NEY6QTR, STM32U535RBI6, STM32U535RBI6Q, STM32U535RBT6, STM32U535RBT6Q, STM32U535RCI6, STM32U535RCI6Q, STM32U535RCT6, STM32U535RCT6Q, STM32U535REI6, STM32U535REI6Q, STM32U535RET6, STM32U535RET6Q, STM32U535VCI6, STM32U535VCI6Q, STM32U535VCT6, STM32U535VCT6Q, STM32U535VEI6, STM32U535VEI6Q, STM32U535VET6, STM32U535VET6Q, STM32U545CET6, STM32U545CET6Q, STM32U545CEU6, STM32U545CEU6Q, STM32U545JEY6QTR, STM32U545NEY6QTR, STM32U545REI6, STM32U545REI6Q, STM32U545RET6, STM32U545RET6Q, STM32U545VEI6, STM32U545VEI6Q, STM32U545VET6, STM32U545VET6Q, STM32U595AIH6, STM32U595AIH6Q, STM32U595AJH6, STM32U595AJH6Q, STM32U595QII6, STM32U595QII6Q, STM32U595QJI6, STM32U595QJI6Q, STM32U595RIT6, STM32U595RIT6Q, STM32U595RJT6, STM32U595RJT6Q, STM32U595VIT6, STM32U595VIT6Q, STM32U595VJT6, STM32U595VJT6Q, STM32U595ZIT6, STM32U595ZIT6Q, STM32U595ZIY6QTR, STM32U595ZJT6, STM32U595ZJT6Q, STM32U595ZJY6QTR, STM32U599BJY6QTR, STM32U599NIH6Q, STM32U599NJH6Q, STM32U599VIT6Q, STM32U599VJT6, STM32U599VJT6Q, STM32U599ZIT6Q, STM32U599ZIY6QTR, STM32U599ZJT6Q, STM32U599ZJY6QTR, STM32U5A5AJH6, STM32U5A5AJH6Q, STM32U5A5QII3Q , STM32U5A5QJI6, STM32U5A5QJI6Q, STM32U5A5RJT6, STM32U5A5RJT6Q, STM32U5A5VJT6, STM32U5A5VJT6Q, STM32U5A5ZJT6, STM32U5A5ZJT6Q, STM32U5A5ZJY6QTR, STM32U5A9BJY6QTR, STM32U5A9J-DK, STM32U5A9NJH6Q, STM32U5A9VJT6Q, STM32U5A9ZJT6Q, STM32U5A9ZJY6QTR, STM32U5F7VIT6, STM32U5F7VIT6Q, STM32U5F7VJT6, STM32U5F7VJT6Q, STM32U5F9BJY6QTR, STM32U5F9NJH6Q, STM32U5F9VIT6Q, STM32U5F9VJT6Q, STM32U5F9ZIJ6QTR, STM32U5F9ZIT6Q, STM32U5F9ZJJ6QTR, STM32U5F9ZJT6Q, STM32U5G7VJT6, STM32U5G7VJT6Q, STM32U5G9BJY6QTR, STM32U5G9J-DK1, STM32U5G9J-DK2, STM32U5G9NJH6Q, STM32U5G9VJT6Q, STM32U5G9ZJJ6QTR, STM32U5G9ZJT6Q, STM32WB1MMCH6, STM32WBA50KEU6, STM32WBA50KEU6TR, STM32WBA50KGU6, STM32WBA50KGU6TR, STM32WBA52CEU6, STM32WBA52CEU6TR, STM32WBA52CEU7, STM32WBA52CEU7TR, STM32WBA52CGU6, STM32WBA52CGU6TR, STM32WBA52CGU6U, STM32WBA52CGU7, STM32WBA52CGU7TR, STM32WBA52KEU6, STM32WBA52KEU6TR, STM32WBA52KGU6, STM32WBA52KGU6TR, STM32WBA54CEU6, STM32WBA54CEU6TR, STM32WBA54CEU7, STM32WBA54CEU7TR, STM32WBA54CGU6, STM32WBA54CGU6TR, STM32WBA54CGU7, STM32WBA54CGU7TR, STM32WBA54KEU6, STM32WBA54KEU6TR, STM32WBA54KEU7, STM32WBA54KEU7TR, STM32WBA54KGU6, STM32WBA54KGU6TR, STM32WBA54KGU7, STM32WBA54KGU7TR, STM32WBA55CEU6, STM32WBA55CEU6TR, STM32WBA55CEU7, STM32WBA55CEU7TR, STM32WBA55CGU6, STM32WBA55CGU6TR, STM32WBA55CGU6U, STM32WBA55CGU7, STM32WBA55CGU7TR, STM32WBA55G-DK1, STM32WBA55HEF6, STM32WBA55HEF7, STM32WBA55HGF6, STM32WBA55HGF7, STM32WBA55UEI6, STM32WBA55UEI6TR, STM32WBA55UEI7, STM32WBA55UEI7TR, STM32WBA55UGI6, STM32WBA55UGI6TR, STM32WBA55UGI7, STM32WBA55UGI7TR, STM32WL5MOCH6, STM32WL5MOCH6TR]
2024-04-23 22:08:49,300 [INFO] DbMcus:218 - Found 4094 MCUs, 4094 are supported
2024-04-23 22:08:49,306 [INFO] ApiDb:423 - Load user favorites file C:\Users\aordu/.stm32cubeide/favorites.mcus.txt: 3 item(s)
2024-04-23 22:08:49,306 [INFO] ApiDb:427 - User favorites MCUs=[STM32F401CCU6, STM32F767ZIT6, STM32L152RCT6]
2024-04-23 22:08:49,306 [INFO] DbMcus:224 - Set 3 / 3 favorites MCUs
2024-04-23 22:08:49,630 [INFO] ApiDb:423 - Load user favorites file C:\Users\aordu/.stm32cubeide/favorites.boards.txt: 0 item(s)
2024-04-23 22:08:49,630 [INFO] ApiDb:427 - User favorites Boards=[]
2024-04-23 22:08:49,630 [INFO] DbBoards:198 - Set 0 / 0 favorites Boards
2024-04-23 22:08:49,630 [INFO] McuFinderGlobals:76 - Set McuFinderConnectedMode to false
2024-04-23 22:08:49,637 [INFO] MultiScanPanel:200 - Auto-refresh data requested => check proxy status ongoing
2024-04-23 22:08:49,637 [INFO] MultiScanPanel:204 - Proxy status is invalid
2024-04-23 22:08:49,640 [INFO] FinderPluginLoader:95 - Searching for filters in installed packs
2024-04-23 22:08:50,907 [INFO] DetailPanel:341 - Set advertising image to C:/Users/aordu/STM32Cube/Repository/\en.prom-stm32wl3-mcu-finder.jpg
2024-04-23 22:13:33,511 [ERROR] McuDetailPanel:497 - No block diagram available for MCU STM32F411CEU6
2024-04-23 22:13:33,512 [INFO] McuAction:173 - Block Diagram
2024-04-23 22:13:34,420 [INFO] McuAction:51 - Features
2024-04-23 22:14:07,821 [INFO] McuFinderGlobals:76 - Set McuFinderConnectedMode to true
2024-04-23 22:14:07,825 [INFO] ApiDb:448 - Save user favorites file C:\Users\aordu/.stm32cubeide/favorites.mcus.txt: 3 item(s)
2024-04-23 22:14:07,825 [INFO] ApiDb:452 - User favorites MCUs=[STM32F401CCU6, STM32F767ZIT6, STM32L152RCT6]
2024-04-23 22:14:14,659 [ERROR] CheckConnectionManager:249 - Problem, Http access forbiden
2024-04-23 22:14:14,661 [INFO] MainUpdater:2873 - connection check result : 22
2024-04-23 22:14:27,830 [INFO] McuFinderGlobals:76 - Set McuFinderConnectedMode to false
2024-04-23 22:14:27,831 [INFO] MultiScanPanel:200 - Auto-refresh data requested => check proxy status ongoing
2024-04-23 22:14:27,831 [INFO] MultiScanPanel:204 - Proxy status is invalid
2024-04-23 22:14:27,831 [INFO] FinderPluginLoader:95 - Searching for filters in installed packs
2024-04-23 22:14:28,297 [INFO] DetailPanel:341 - Set advertising image to C:/Users/aordu/STM32Cube/Repository/\en.prom-stm32wl3-mcu-finder.jpg
2024-04-23 22:54:55,315 [INFO] McuFinderGlobals:76 - Set McuFinderConnectedMode to true
2024-04-23 22:54:55,318 [INFO] ApiDb:448 - Save user favorites file C:\Users\aordu/.stm32cubeide/favorites.mcus.txt: 3 item(s)
2024-04-23 22:54:55,318 [INFO] ApiDb:452 - User favorites MCUs=[STM32F401CCU6, STM32F767ZIT6, STM32L152RCT6]
